

Microchip MPLAB XC8 Assembler V2.41 build 20230208172133 
                                                                                               Thu Sep 07 18:42:11 2023

Microchip MPLAB XC8 C Compiler v2.41 (Free license) build 20230208172133 Og1 
     1                           	processor	16F1939
     2                           	pagewidth 120
     3                           	opt	flic
     4                           	psect	cinit,global,class=CODE,merge=1,delta=2
     5                           	psect	cstackCOMMON,global,class=COMMON,space=1,delta=1,noexec
     6                           	psect	maintext,global,class=CODE,merge=1,split=1,delta=2
     7                           	psect	text1,local,class=CODE,merge=1,delta=2
     8                           	psect	config,global,abs,ovrld,class=CONFIG,space=4,delta=2,noexec
     9                           	dabs	1,0x7E,2
    10     0000                     
    11                           ; Generated 06/07/2023 GMT
    12                           ; 
    13                           ; Copyright © 2023, Microchip Technology Inc. and its subsidiaries ("Microchip")
    14                           ; All rights reserved.
    15                           ; 
    16                           ; This software is developed by Microchip Technology Inc. and its subsidiaries ("Microch
      +                          ip").
    17                           ; 
    18                           ; Redistribution and use in source and binary forms, with or without modification, are
    19                           ; permitted provided that the following conditions are met:
    20                           ; 
    21                           ;     1. Redistributions of source code must retain the above copyright notice, this lis
      +                          t of
    22                           ;        conditions and the following disclaimer.
    23                           ; 
    24                           ;     2. Redistributions in binary form must reproduce the above copyright notice, this 
      +                          list
    25                           ;        of conditions and the following disclaimer in the documentation and/or other
    26                           ;        materials provided with the distribution. Publication is not required when
    27                           ;        this file is used in an embedded application.
    28                           ; 
    29                           ;     3. Microchip's name may not be used to endorse or promote products derived from th
      +                          is
    30                           ;        software without specific prior written permission.
    31                           ; 
    32                           ; THIS SOFTWARE IS PROVIDED BY MICROCHIP "AS IS" AND ANY EXPRESS OR IMPLIED WARRANTIES,
    33                           ; INCLUDING, BUT NOT LIMITED TO, THE IMPLIED WARRANTIES OF MERCHANTABILITY AND FITNESS F
      +                          OR
    34                           ; PURPOSE ARE DISCLAIMED.  IN NO EVENT SHALL MICROCHIP BE LIABLE FOR ANY DIRECT, INDIREC
      +                          T,
    35                           ; INCIDENTAL, SPECIAL, EXEMPLARY, OR CONSEQUENTIAL DAMAGES (INCLUDING BUT NOT LIMITED TO
    36                           ; PROCUREMENT OF SUBSTITUTE GOODS OR SERVICES; LOSS OF USE, DATA OR PROFITS; OR BUSINESS
    37                           ; INTERRUPTION) HOWSOEVER CAUSED AND ON ANY THEORY OF LIABILITY, WHETHER IN CONTRACT, ST
      +                          RICT
    38                           ; LIABILITY, OR TORT (INCLUDING NEGLIGENCE OR OTHERWISE) ARISING IN ANY WAY OUT OF THE U
      +                          SE OF
    39                           ; THIS SOFTWARE, EVEN IF ADVISED OF THE POSSIBILITY OF SUCH DAMAGE.
    40                           ; 
    41                           ; 
    42                           ; Code-generator required, PIC16F1939 Definitions
    43                           ; 
    44                           ; SFR Addresses
    45     0000                     	;# 
    46     0001                     	;# 
    47     0002                     	;# 
    48     0003                     	;# 
    49     0004                     	;# 
    50     0005                     	;# 
    51     0006                     	;# 
    52     0007                     	;# 
    53     0008                     	;# 
    54     0009                     	;# 
    55     000A                     	;# 
    56     000B                     	;# 
    57     000C                     	;# 
    58     000D                     	;# 
    59     000E                     	;# 
    60     000F                     	;# 
    61     0010                     	;# 
    62     0011                     	;# 
    63     0012                     	;# 
    64     0013                     	;# 
    65     0015                     	;# 
    66     0016                     	;# 
    67     0016                     	;# 
    68     0017                     	;# 
    69     0018                     	;# 
    70     0019                     	;# 
    71     001A                     	;# 
    72     001B                     	;# 
    73     001C                     	;# 
    74     001E                     	;# 
    75     001F                     	;# 
    76     008C                     	;# 
    77     008D                     	;# 
    78     008E                     	;# 
    79     008F                     	;# 
    80     0090                     	;# 
    81     0091                     	;# 
    82     0092                     	;# 
    83     0093                     	;# 
    84     0095                     	;# 
    85     0096                     	;# 
    86     0097                     	;# 
    87     0098                     	;# 
    88     0099                     	;# 
    89     009A                     	;# 
    90     009B                     	;# 
    91     009B                     	;# 
    92     009C                     	;# 
    93     009D                     	;# 
    94     009E                     	;# 
    95     010C                     	;# 
    96     010D                     	;# 
    97     010E                     	;# 
    98     010F                     	;# 
    99     0110                     	;# 
   100     0111                     	;# 
   101     0112                     	;# 
   102     0113                     	;# 
   103     0114                     	;# 
   104     0115                     	;# 
   105     0116                     	;# 
   106     0117                     	;# 
   107     0118                     	;# 
   108     0119                     	;# 
   109     011A                     	;# 
   110     011B                     	;# 
   111     011D                     	;# 
   112     018C                     	;# 
   113     018D                     	;# 
   114     018F                     	;# 
   115     0190                     	;# 
   116     0191                     	;# 
   117     0191                     	;# 
   118     0192                     	;# 
   119     0193                     	;# 
   120     0193                     	;# 
   121     0193                     	;# 
   122     0194                     	;# 
   123     0195                     	;# 
   124     0196                     	;# 
   125     0199                     	;# 
   126     019A                     	;# 
   127     019B                     	;# 
   128     019B                     	;# 
   129     019B                     	;# 
   130     019B                     	;# 
   131     019C                     	;# 
   132     019C                     	;# 
   133     019D                     	;# 
   134     019E                     	;# 
   135     019F                     	;# 
   136     020D                     	;# 
   137     0210                     	;# 
   138     0211                     	;# 
   139     0212                     	;# 
   140     0213                     	;# 
   141     0214                     	;# 
   142     0215                     	;# 
   143     0215                     	;# 
   144     0216                     	;# 
   145     0217                     	;# 
   146     0291                     	;# 
   147     0291                     	;# 
   148     0292                     	;# 
   149     0293                     	;# 
   150     0294                     	;# 
   151     0295                     	;# 
   152     0295                     	;# 
   153     0296                     	;# 
   154     0298                     	;# 
   155     0298                     	;# 
   156     0299                     	;# 
   157     029A                     	;# 
   158     029B                     	;# 
   159     029C                     	;# 
   160     029C                     	;# 
   161     029D                     	;# 
   162     029E                     	;# 
   163     029F                     	;# 
   164     0311                     	;# 
   165     0311                     	;# 
   166     0312                     	;# 
   167     0313                     	;# 
   168     0314                     	;# 
   169     0315                     	;# 
   170     0315                     	;# 
   171     0316                     	;# 
   172     0318                     	;# 
   173     0318                     	;# 
   174     0319                     	;# 
   175     031A                     	;# 
   176     031C                     	;# 
   177     031C                     	;# 
   178     031D                     	;# 
   179     031E                     	;# 
   180     0394                     	;# 
   181     0395                     	;# 
   182     0396                     	;# 
   183     0415                     	;# 
   184     0416                     	;# 
   185     0417                     	;# 
   186     041C                     	;# 
   187     041D                     	;# 
   188     041E                     	;# 
   189     0791                     	;# 
   190     0792                     	;# 
   191     0793                     	;# 
   192     0794                     	;# 
   193     0795                     	;# 
   194     0798                     	;# 
   195     0799                     	;# 
   196     079A                     	;# 
   197     07A0                     	;# 
   198     07A1                     	;# 
   199     07A2                     	;# 
   200     07A3                     	;# 
   201     07A4                     	;# 
   202     07A5                     	;# 
   203     07A6                     	;# 
   204     07A7                     	;# 
   205     07A8                     	;# 
   206     07A9                     	;# 
   207     07AA                     	;# 
   208     07AB                     	;# 
   209     0FE4                     	;# 
   210     0FE5                     	;# 
   211     0FE6                     	;# 
   212     0FE7                     	;# 
   213     0FE8                     	;# 
   214     0FE9                     	;# 
   215     0FEA                     	;# 
   216     0FEB                     	;# 
   217     0FED                     	;# 
   218     0FEE                     	;# 
   219     0FEF                     	;# 
   220     0000                     	;# 
   221     0001                     	;# 
   222     0002                     	;# 
   223     0003                     	;# 
   224     0004                     	;# 
   225     0005                     	;# 
   226     0006                     	;# 
   227     0007                     	;# 
   228     0008                     	;# 
   229     0009                     	;# 
   230     000A                     	;# 
   231     000B                     	;# 
   232     000C                     	;# 
   233     000D                     	;# 
   234     000E                     	;# 
   235     000F                     	;# 
   236     0010                     	;# 
   237     0011                     	;# 
   238     0012                     	;# 
   239     0013                     	;# 
   240     0015                     	;# 
   241     0016                     	;# 
   242     0016                     	;# 
   243     0017                     	;# 
   244     0018                     	;# 
   245     0019                     	;# 
   246     001A                     	;# 
   247     001B                     	;# 
   248     001C                     	;# 
   249     001E                     	;# 
   250     001F                     	;# 
   251     008C                     	;# 
   252     008D                     	;# 
   253     008E                     	;# 
   254     008F                     	;# 
   255     0090                     	;# 
   256     0091                     	;# 
   257     0092                     	;# 
   258     0093                     	;# 
   259     0095                     	;# 
   260     0096                     	;# 
   261     0097                     	;# 
   262     0098                     	;# 
   263     0099                     	;# 
   264     009A                     	;# 
   265     009B                     	;# 
   266     009B                     	;# 
   267     009C                     	;# 
   268     009D                     	;# 
   269     009E                     	;# 
   270     010C                     	;# 
   271     010D                     	;# 
   272     010E                     	;# 
   273     010F                     	;# 
   274     0110                     	;# 
   275     0111                     	;# 
   276     0112                     	;# 
   277     0113                     	;# 
   278     0114                     	;# 
   279     0115                     	;# 
   280     0116                     	;# 
   281     0117                     	;# 
   282     0118                     	;# 
   283     0119                     	;# 
   284     011A                     	;# 
   285     011B                     	;# 
   286     011D                     	;# 
   287     018C                     	;# 
   288     018D                     	;# 
   289     018F                     	;# 
   290     0190                     	;# 
   291     0191                     	;# 
   292     0191                     	;# 
   293     0192                     	;# 
   294     0193                     	;# 
   295     0193                     	;# 
   296     0193                     	;# 
   297     0194                     	;# 
   298     0195                     	;# 
   299     0196                     	;# 
   300     0199                     	;# 
   301     019A                     	;# 
   302     019B                     	;# 
   303     019B                     	;# 
   304     019B                     	;# 
   305     019B                     	;# 
   306     019C                     	;# 
   307     019C                     	;# 
   308     019D                     	;# 
   309     019E                     	;# 
   310     019F                     	;# 
   311     020D                     	;# 
   312     0210                     	;# 
   313     0211                     	;# 
   314     0212                     	;# 
   315     0213                     	;# 
   316     0214                     	;# 
   317     0215                     	;# 
   318     0215                     	;# 
   319     0216                     	;# 
   320     0217                     	;# 
   321     0291                     	;# 
   322     0291                     	;# 
   323     0292                     	;# 
   324     0293                     	;# 
   325     0294                     	;# 
   326     0295                     	;# 
   327     0295                     	;# 
   328     0296                     	;# 
   329     0298                     	;# 
   330     0298                     	;# 
   331     0299                     	;# 
   332     029A                     	;# 
   333     029B                     	;# 
   334     029C                     	;# 
   335     029C                     	;# 
   336     029D                     	;# 
   337     029E                     	;# 
   338     029F                     	;# 
   339     0311                     	;# 
   340     0311                     	;# 
   341     0312                     	;# 
   342     0313                     	;# 
   343     0314                     	;# 
   344     0315                     	;# 
   345     0315                     	;# 
   346     0316                     	;# 
   347     0318                     	;# 
   348     0318                     	;# 
   349     0319                     	;# 
   350     031A                     	;# 
   351     031C                     	;# 
   352     031C                     	;# 
   353     031D                     	;# 
   354     031E                     	;# 
   355     0394                     	;# 
   356     0395                     	;# 
   357     0396                     	;# 
   358     0415                     	;# 
   359     0416                     	;# 
   360     0417                     	;# 
   361     041C                     	;# 
   362     041D                     	;# 
   363     041E                     	;# 
   364     0791                     	;# 
   365     0792                     	;# 
   366     0793                     	;# 
   367     0794                     	;# 
   368     0795                     	;# 
   369     0798                     	;# 
   370     0799                     	;# 
   371     079A                     	;# 
   372     07A0                     	;# 
   373     07A1                     	;# 
   374     07A2                     	;# 
   375     07A3                     	;# 
   376     07A4                     	;# 
   377     07A5                     	;# 
   378     07A6                     	;# 
   379     07A7                     	;# 
   380     07A8                     	;# 
   381     07A9                     	;# 
   382     07AA                     	;# 
   383     07AB                     	;# 
   384     0FE4                     	;# 
   385     0FE5                     	;# 
   386     0FE6                     	;# 
   387     0FE7                     	;# 
   388     0FE8                     	;# 
   389     0FE9                     	;# 
   390     0FEA                     	;# 
   391     0FEB                     	;# 
   392     0FED                     	;# 
   393     0FEE                     	;# 
   394     0FEF                     	;# 
   395     0000                     	;# 
   396     0001                     	;# 
   397     0002                     	;# 
   398     0003                     	;# 
   399     0004                     	;# 
   400     0005                     	;# 
   401     0006                     	;# 
   402     0007                     	;# 
   403     0008                     	;# 
   404     0009                     	;# 
   405     000A                     	;# 
   406     000B                     	;# 
   407     000C                     	;# 
   408     000D                     	;# 
   409     000E                     	;# 
   410     000F                     	;# 
   411     0010                     	;# 
   412     0011                     	;# 
   413     0012                     	;# 
   414     0013                     	;# 
   415     0015                     	;# 
   416     0016                     	;# 
   417     0016                     	;# 
   418     0017                     	;# 
   419     0018                     	;# 
   420     0019                     	;# 
   421     001A                     	;# 
   422     001B                     	;# 
   423     001C                     	;# 
   424     001E                     	;# 
   425     001F                     	;# 
   426     008C                     	;# 
   427     008D                     	;# 
   428     008E                     	;# 
   429     008F                     	;# 
   430     0090                     	;# 
   431     0091                     	;# 
   432     0092                     	;# 
   433     0093                     	;# 
   434     0095                     	;# 
   435     0096                     	;# 
   436     0097                     	;# 
   437     0098                     	;# 
   438     0099                     	;# 
   439     009A                     	;# 
   440     009B                     	;# 
   441     009B                     	;# 
   442     009C                     	;# 
   443     009D                     	;# 
   444     009E                     	;# 
   445     010C                     	;# 
   446     010D                     	;# 
   447     010E                     	;# 
   448     010F                     	;# 
   449     0110                     	;# 
   450     0111                     	;# 
   451     0112                     	;# 
   452     0113                     	;# 
   453     0114                     	;# 
   454     0115                     	;# 
   455     0116                     	;# 
   456     0117                     	;# 
   457     0118                     	;# 
   458     0119                     	;# 
   459     011A                     	;# 
   460     011B                     	;# 
   461     011D                     	;# 
   462     018C                     	;# 
   463     018D                     	;# 
   464     018F                     	;# 
   465     0190                     	;# 
   466     0191                     	;# 
   467     0191                     	;# 
   468     0192                     	;# 
   469     0193                     	;# 
   470     0193                     	;# 
   471     0193                     	;# 
   472     0194                     	;# 
   473     0195                     	;# 
   474     0196                     	;# 
   475     0199                     	;# 
   476     019A                     	;# 
   477     019B                     	;# 
   478     019B                     	;# 
   479     019B                     	;# 
   480     019B                     	;# 
   481     019C                     	;# 
   482     019C                     	;# 
   483     019D                     	;# 
   484     019E                     	;# 
   485     019F                     	;# 
   486     020D                     	;# 
   487     0210                     	;# 
   488     0211                     	;# 
   489     0212                     	;# 
   490     0213                     	;# 
   491     0214                     	;# 
   492     0215                     	;# 
   493     0215                     	;# 
   494     0216                     	;# 
   495     0217                     	;# 
   496     0291                     	;# 
   497     0291                     	;# 
   498     0292                     	;# 
   499     0293                     	;# 
   500     0294                     	;# 
   501     0295                     	;# 
   502     0295                     	;# 
   503     0296                     	;# 
   504     0298                     	;# 
   505     0298                     	;# 
   506     0299                     	;# 
   507     029A                     	;# 
   508     029B                     	;# 
   509     029C                     	;# 
   510     029C                     	;# 
   511     029D                     	;# 
   512     029E                     	;# 
   513     029F                     	;# 
   514     0311                     	;# 
   515     0311                     	;# 
   516     0312                     	;# 
   517     0313                     	;# 
   518     0314                     	;# 
   519     0315                     	;# 
   520     0315                     	;# 
   521     0316                     	;# 
   522     0318                     	;# 
   523     0318                     	;# 
   524     0319                     	;# 
   525     031A                     	;# 
   526     031C                     	;# 
   527     031C                     	;# 
   528     031D                     	;# 
   529     031E                     	;# 
   530     0394                     	;# 
   531     0395                     	;# 
   532     0396                     	;# 
   533     0415                     	;# 
   534     0416                     	;# 
   535     0417                     	;# 
   536     041C                     	;# 
   537     041D                     	;# 
   538     041E                     	;# 
   539     0791                     	;# 
   540     0792                     	;# 
   541     0793                     	;# 
   542     0794                     	;# 
   543     0795                     	;# 
   544     0798                     	;# 
   545     0799                     	;# 
   546     079A                     	;# 
   547     07A0                     	;# 
   548     07A1                     	;# 
   549     07A2                     	;# 
   550     07A3                     	;# 
   551     07A4                     	;# 
   552     07A5                     	;# 
   553     07A6                     	;# 
   554     07A7                     	;# 
   555     07A8                     	;# 
   556     07A9                     	;# 
   557     07AA                     	;# 
   558     07AB                     	;# 
   559     0FE4                     	;# 
   560     0FE5                     	;# 
   561     0FE6                     	;# 
   562     0FE7                     	;# 
   563     0FE8                     	;# 
   564     0FE9                     	;# 
   565     0FEA                     	;# 
   566     0FEB                     	;# 
   567     0FED                     	;# 
   568     0FEE                     	;# 
   569     0FEF                     	;# 
   570     008F                     _TRISD	set	143
   571     008E                     _TRISC	set	142
   572     010F                     _LATDbits	set	271
   573     010E                     _LATCbits	set	270
   574                           
   575                           	psect	cinit
   576     07FD                     start_initialization:	
   577                           ; #config settings
   578                           
   579     07FD                     __initialization:
   580     07FD                     end_of_initialization:	
   581                           ;End of C runtime variable initialization code
   582                           
   583     07FD                     __end_of__initialization:
   584     07FD  0020               	movlb	0
   585     07FE  3187  2F3B         	ljmp	_main	;jump to C main() function
   586                           
   587                           	psect	cstackCOMMON
   588     0070                     __pcstackCOMMON:
   589     0070                     ?_init_punto6:
   590     0070                     ??_init_punto6:	
   591                           ; 1 bytes @ 0x0
   592                           
   593     0070                     ?_main:	
   594                           ; 1 bytes @ 0x0
   595                           
   596     0070                     ??_main:	
   597                           ; 1 bytes @ 0x0
   598                           
   599                           
   600                           ; 1 bytes @ 0x0
   601     0070                     	ds	2
   602                           
   603                           	psect	maintext
   604     073B                     __pmaintext:	
   605 ;;
   606 ;;Main: autosize = 0, tempsize = 2, incstack = 0, save=0
   607 ;;
   608 ;; *************** function _main *****************
   609 ;; Defined at:
   610 ;;		line 4 in file "main.c"
   611 ;; Parameters:    Size  Location     Type
   612 ;;		None
   613 ;; Auto vars:     Size  Location     Type
   614 ;;		None
   615 ;; Return value:  Size  Location     Type
   616 ;;                  1    wreg      void 
   617 ;; Registers used:
   618 ;;		wreg, status,2, status,0, pclath, cstack
   619 ;; Tracked objects:
   620 ;;		On entry : B1F/0
   621 ;;		On exit  : 0/0
   622 ;;		Unchanged: 0/0
   623 ;; Data sizes:     COMMON   BANK0   BANK1   BANK2   BANK3   BANK4   BANK5   BANK6   BANK7   BANK8   BANK9  BANK10  BANK1
      +1  BANK12
   624 ;;      Params:         0       0       0       0       0       0       0       0       0       0       0       0       
      +0       0
   625 ;;      Locals:         0       0       0       0       0       0       0       0       0       0       0       0       
      +0       0
   626 ;;      Temps:          2       0       0       0       0       0       0       0       0       0       0       0       
      +0       0
   627 ;;      Totals:         2       0       0       0       0       0       0       0       0       0       0       0       
      +0       0
   628 ;;Total ram usage:        2 bytes
   629 ;; Hardware stack levels required when called: 1
   630 ;; This function calls:
   631 ;;		_init_punto6
   632 ;; This function is called by:
   633 ;;		Startup code after reset
   634 ;; This function uses a non-reentrant model
   635 ;;
   636                           
   637     073B                     _main:	
   638                           ;psect for function _main
   639                           
   640     073B                     l655:	
   641                           ;incstack = 0
   642                           ; Regs used in _main: [wreg+status,2+status,0+pclath+cstack]
   643                           
   644                           
   645                           ;main.c: 5:     init_punto6();
   646     073B  3187  272D  3187   	fcall	_init_punto6
   647     073E                     l657:
   648                           
   649                           ;main.c: 7:         _delay((unsigned long)((5000)*(20000000/4000.0)));
   650     073E  307F               	movlw	127
   651     073F  00F1               	movwf	??_main+1
   652     0740  30D4               	movlw	212
   653     0741  00F0               	movwf	??_main
   654     0742  3032               	movlw	50
   655     0743                     u17:
   656     0743  0B89               	decfsz	9,f
   657     0744  2F43               	goto	u17
   658     0745  0BF0               	decfsz	??_main,f
   659     0746  2F43               	goto	u17
   660     0747  0BF1               	decfsz	??_main+1,f
   661     0748  2F43               	goto	u17
   662     0749                     l659:
   663                           
   664                           ;main.c: 8:         LATCbits.LATC3 = 0;
   665     0749  0022               	movlb	2	; select bank2
   666     074A  118E               	bcf	14,3	;volatile
   667     074B                     l661:
   668                           
   669                           ;main.c: 9:         LATCbits.LATC1 = 1;
   670     074B  148E               	bsf	14,1	;volatile
   671     074C                     l663:
   672                           
   673                           ;main.c: 10:         _delay((unsigned long)((500)*(20000000/4000.0)));
   674     074C  300D               	movlw	13
   675     074D  00F1               	movwf	??_main+1
   676     074E  30AF               	movlw	175
   677     074F  00F0               	movwf	??_main
   678     0750  30B6               	movlw	182
   679     0751                     u27:
   680     0751  0B89               	decfsz	9,f
   681     0752  2F51               	goto	u27
   682     0753  0BF0               	decfsz	??_main,f
   683     0754  2F51               	goto	u27
   684     0755  0BF1               	decfsz	??_main+1,f
   685     0756  2F51               	goto	u27
   686     0757  3200               	nop2
   687     0758                     l665:
   688                           
   689                           ;main.c: 11:         LATCbits.LATC1 = 0;
   690     0758  0022               	movlb	2	; select bank2
   691     0759  108E               	bcf	14,1	;volatile
   692     075A                     l667:
   693                           
   694                           ;main.c: 12:         LATCbits.LATC0 = 1;
   695     075A  140E               	bsf	14,0	;volatile
   696     075B                     l669:
   697                           
   698                           ;main.c: 13:         _delay((unsigned long)((1000)*(20000000/4000.0)));
   699     075B  301A               	movlw	26
   700     075C  00F1               	movwf	??_main+1
   701     075D  305E               	movlw	94
   702     075E  00F0               	movwf	??_main
   703     075F  306E               	movlw	110
   704     0760                     u37:
   705     0760  0B89               	decfsz	9,f
   706     0761  2F60               	goto	u37
   707     0762  0BF0               	decfsz	??_main,f
   708     0763  2F60               	goto	u37
   709     0764  0BF1               	decfsz	??_main+1,f
   710     0765  2F60               	goto	u37
   711     0766  3200               	nop2
   712     0767                     l671:
   713                           
   714                           ;main.c: 14:         LATCbits.LATC5 = 1;
   715     0767  0022               	movlb	2	; select bank2
   716     0768  168E               	bsf	14,5	;volatile
   717     0769                     l673:
   718                           
   719                           ;main.c: 15:         _delay((unsigned long)((500)*(20000000/4000.0)));
   720     0769  300D               	movlw	13
   721     076A  00F1               	movwf	??_main+1
   722     076B  30AF               	movlw	175
   723     076C  00F0               	movwf	??_main
   724     076D  30B6               	movlw	182
   725     076E                     u47:
   726     076E  0B89               	decfsz	9,f
   727     076F  2F6E               	goto	u47
   728     0770  0BF0               	decfsz	??_main,f
   729     0771  2F6E               	goto	u47
   730     0772  0BF1               	decfsz	??_main+1,f
   731     0773  2F6E               	goto	u47
   732     0774  3200               	nop2
   733     0775                     l675:
   734                           
   735                           ;main.c: 16:         LATCbits.LATC4 = 0;
   736     0775  0022               	movlb	2	; select bank2
   737     0776  120E               	bcf	14,4	;volatile
   738     0777                     l677:
   739                           
   740                           ;main.c: 17:         LATCbits.LATC5 = 0;
   741     0777  128E               	bcf	14,5	;volatile
   742     0778                     l679:
   743                           
   744                           ;main.c: 18:         LATCbits.LATC6 = 1;
   745     0778  170E               	bsf	14,6	;volatile
   746     0779                     l681:
   747                           
   748                           ;main.c: 19:         _delay((unsigned long)((5000)*(20000000/4000.0)));
   749     0779  307F               	movlw	127
   750     077A  00F1               	movwf	??_main+1
   751     077B  30D4               	movlw	212
   752     077C  00F0               	movwf	??_main
   753     077D  3032               	movlw	50
   754     077E                     u57:
   755     077E  0B89               	decfsz	9,f
   756     077F  2F7E               	goto	u57
   757     0780  0BF0               	decfsz	??_main,f
   758     0781  2F7E               	goto	u57
   759     0782  0BF1               	decfsz	??_main+1,f
   760     0783  2F7E               	goto	u57
   761     0784                     l683:
   762                           
   763                           ;main.c: 21:         LATCbits.LATC6 = 0;
   764     0784  0022               	movlb	2	; select bank2
   765     0785  130E               	bcf	14,6	;volatile
   766     0786                     l685:
   767                           
   768                           ;main.c: 22:         LATCbits.LATC5 = 1;
   769     0786  168E               	bsf	14,5	;volatile
   770     0787                     l687:
   771                           
   772                           ;main.c: 23:         _delay((unsigned long)((500)*(20000000/4000.0)));
   773     0787  300D               	movlw	13
   774     0788  00F1               	movwf	??_main+1
   775     0789  30AF               	movlw	175
   776     078A  00F0               	movwf	??_main
   777     078B  30B6               	movlw	182
   778     078C                     u67:
   779     078C  0B89               	decfsz	9,f
   780     078D  2F8C               	goto	u67
   781     078E  0BF0               	decfsz	??_main,f
   782     078F  2F8C               	goto	u67
   783     0790  0BF1               	decfsz	??_main+1,f
   784     0791  2F8C               	goto	u67
   785     0792  3200               	nop2
   786     0793                     l689:
   787                           
   788                           ;main.c: 24:         LATCbits.LATC5 = 0;
   789     0793  0022               	movlb	2	; select bank2
   790     0794  128E               	bcf	14,5	;volatile
   791     0795                     l691:
   792                           
   793                           ;main.c: 25:         LATCbits.LATC4 = 1;
   794     0795  160E               	bsf	14,4	;volatile
   795     0796                     l693:
   796                           
   797                           ;main.c: 26:         _delay((unsigned long)((1000)*(20000000/4000.0)));
   798     0796  301A               	movlw	26
   799     0797  00F1               	movwf	??_main+1
   800     0798  305E               	movlw	94
   801     0799  00F0               	movwf	??_main
   802     079A  306E               	movlw	110
   803     079B                     u77:
   804     079B  0B89               	decfsz	9,f
   805     079C  2F9B               	goto	u77
   806     079D  0BF0               	decfsz	??_main,f
   807     079E  2F9B               	goto	u77
   808     079F  0BF1               	decfsz	??_main+1,f
   809     07A0  2F9B               	goto	u77
   810     07A1  3200               	nop2
   811     07A2                     l695:
   812                           
   813                           ;main.c: 27:         LATDbits.LATD1 = 1;
   814     07A2  0022               	movlb	2	; select bank2
   815     07A3  148F               	bsf	15,1	;volatile
   816     07A4                     l697:
   817                           
   818                           ;main.c: 28:         _delay((unsigned long)((500)*(20000000/4000.0)));
   819     07A4  300D               	movlw	13
   820     07A5  00F1               	movwf	??_main+1
   821     07A6  30AF               	movlw	175
   822     07A7  00F0               	movwf	??_main
   823     07A8  30B6               	movlw	182
   824     07A9                     u87:
   825     07A9  0B89               	decfsz	9,f
   826     07AA  2FA9               	goto	u87
   827     07AB  0BF0               	decfsz	??_main,f
   828     07AC  2FA9               	goto	u87
   829     07AD  0BF1               	decfsz	??_main+1,f
   830     07AE  2FA9               	goto	u87
   831     07AF  3200               	nop2
   832     07B0                     l699:
   833                           
   834                           ;main.c: 29:         LATDbits.LATD0 = 0;
   835     07B0  0022               	movlb	2	; select bank2
   836     07B1  100F               	bcf	15,0	;volatile
   837     07B2                     l701:
   838                           
   839                           ;main.c: 30:         LATDbits.LATD1 = 0;
   840     07B2  108F               	bcf	15,1	;volatile
   841     07B3                     l703:
   842                           
   843                           ;main.c: 31:         LATDbits.LATD3 = 1;
   844     07B3  158F               	bsf	15,3	;volatile
   845     07B4                     l705:
   846                           
   847                           ;main.c: 32:         _delay((unsigned long)((5000)*(20000000/4000.0)));
   848     07B4  307F               	movlw	127
   849     07B5  00F1               	movwf	??_main+1
   850     07B6  30D4               	movlw	212
   851     07B7  00F0               	movwf	??_main
   852     07B8  3032               	movlw	50
   853     07B9                     u97:
   854     07B9  0B89               	decfsz	9,f
   855     07BA  2FB9               	goto	u97
   856     07BB  0BF0               	decfsz	??_main,f
   857     07BC  2FB9               	goto	u97
   858     07BD  0BF1               	decfsz	??_main+1,f
   859     07BE  2FB9               	goto	u97
   860     07BF                     l707:
   861                           
   862                           ;main.c: 34:         LATDbits.LATD3 = 0;
   863     07BF  0022               	movlb	2	; select bank2
   864     07C0  118F               	bcf	15,3	;volatile
   865     07C1                     l709:
   866                           
   867                           ;main.c: 35:         LATDbits.LATD1 = 1;
   868     07C1  148F               	bsf	15,1	;volatile
   869     07C2                     l711:
   870                           
   871                           ;main.c: 36:         _delay((unsigned long)((500)*(20000000/4000.0)));
   872     07C2  300D               	movlw	13
   873     07C3  00F1               	movwf	??_main+1
   874     07C4  30AF               	movlw	175
   875     07C5  00F0               	movwf	??_main
   876     07C6  30B6               	movlw	182
   877     07C7                     u107:
   878     07C7  0B89               	decfsz	9,f
   879     07C8  2FC7               	goto	u107
   880     07C9  0BF0               	decfsz	??_main,f
   881     07CA  2FC7               	goto	u107
   882     07CB  0BF1               	decfsz	??_main+1,f
   883     07CC  2FC7               	goto	u107
   884     07CD  3200               	nop2
   885     07CE                     l713:
   886                           
   887                           ;main.c: 37:         LATDbits.LATD1 = 0;
   888     07CE  0022               	movlb	2	; select bank2
   889     07CF  108F               	bcf	15,1	;volatile
   890     07D0                     l715:
   891                           
   892                           ;main.c: 38:         LATDbits.LATD0 = 1;
   893     07D0  140F               	bsf	15,0	;volatile
   894     07D1                     l717:
   895                           
   896                           ;main.c: 39:         _delay((unsigned long)((1000)*(20000000/4000.0)));
   897     07D1  301A               	movlw	26
   898     07D2  00F1               	movwf	??_main+1
   899     07D3  305E               	movlw	94
   900     07D4  00F0               	movwf	??_main
   901     07D5  306E               	movlw	110
   902     07D6                     u117:
   903     07D6  0B89               	decfsz	9,f
   904     07D7  2FD6               	goto	u117
   905     07D8  0BF0               	decfsz	??_main,f
   906     07D9  2FD6               	goto	u117
   907     07DA  0BF1               	decfsz	??_main+1,f
   908     07DB  2FD6               	goto	u117
   909     07DC  3200               	nop2
   910     07DD                     l719:
   911                           
   912                           ;main.c: 40:         LATCbits.LATC1 = 1;
   913     07DD  0022               	movlb	2	; select bank2
   914     07DE  148E               	bsf	14,1	;volatile
   915     07DF                     l721:
   916                           
   917                           ;main.c: 41:         _delay((unsigned long)((500)*(20000000/4000.0)));
   918     07DF  300D               	movlw	13
   919     07E0  00F1               	movwf	??_main+1
   920     07E1  30AF               	movlw	175
   921     07E2  00F0               	movwf	??_main
   922     07E3  30B6               	movlw	182
   923     07E4                     u127:
   924     07E4  0B89               	decfsz	9,f
   925     07E5  2FE4               	goto	u127
   926     07E6  0BF0               	decfsz	??_main,f
   927     07E7  2FE4               	goto	u127
   928     07E8  0BF1               	decfsz	??_main+1,f
   929     07E9  2FE4               	goto	u127
   930     07EA  3200               	nop2
   931     07EB                     l723:
   932                           
   933                           ;main.c: 42:         LATCbits.LATC0 = 0;
   934     07EB  0022               	movlb	2	; select bank2
   935     07EC  100E               	bcf	14,0	;volatile
   936     07ED                     l725:
   937                           
   938                           ;main.c: 43:         LATCbits.LATC1 = 0;
   939     07ED  108E               	bcf	14,1	;volatile
   940     07EE                     l727:
   941                           
   942                           ;main.c: 44:         LATCbits.LATC3 = 1;
   943     07EE  158E               	bsf	14,3	;volatile
   944     07EF                     l729:
   945                           
   946                           ;main.c: 45:         _delay((unsigned long)((5000)*(20000000/4000.0)));
   947     07EF  307F               	movlw	127
   948     07F0  00F1               	movwf	??_main+1
   949     07F1  30D4               	movlw	212
   950     07F2  00F0               	movwf	??_main
   951     07F3  3032               	movlw	50
   952     07F4                     u137:
   953     07F4  0B89               	decfsz	9,f
   954     07F5  2FF4               	goto	u137
   955     07F6  0BF0               	decfsz	??_main,f
   956     07F7  2FF4               	goto	u137
   957     07F8  0BF1               	decfsz	??_main+1,f
   958     07F9  2FF4               	goto	u137
   959     07FA  2F3E               	goto	l657
   960     07FB  3180  2802         	ljmp	start
   961     07FD                     __end_of_main:
   962                           
   963                           	psect	text1
   964     072D                     __ptext1:	
   965 ;; *************** function _init_punto6 *****************
   966 ;; Defined at:
   967 ;;		line 30 in file "config.c"
   968 ;; Parameters:    Size  Location     Type
   969 ;;		None
   970 ;; Auto vars:     Size  Location     Type
   971 ;;		None
   972 ;; Return value:  Size  Location     Type
   973 ;;                  1    wreg      void 
   974 ;; Registers used:
   975 ;;		status,2
   976 ;; Tracked objects:
   977 ;;		On entry : 0/0
   978 ;;		On exit  : 0/0
   979 ;;		Unchanged: 0/0
   980 ;; Data sizes:     COMMON   BANK0   BANK1   BANK2   BANK3   BANK4   BANK5   BANK6   BANK7   BANK8   BANK9  BANK10  BANK1
      +1  BANK12
   981 ;;      Params:         0       0       0       0       0       0       0       0       0       0       0       0       
      +0       0
   982 ;;      Locals:         0       0       0       0       0       0       0       0       0       0       0       0       
      +0       0
   983 ;;      Temps:          0       0       0       0       0       0       0       0       0       0       0       0       
      +0       0
   984 ;;      Totals:         0       0       0       0       0       0       0       0       0       0       0       0       
      +0       0
   985 ;;Total ram usage:        0 bytes
   986 ;; Hardware stack levels used: 1
   987 ;; This function calls:
   988 ;;		Nothing
   989 ;; This function is called by:
   990 ;;		_main
   991 ;; This function uses a non-reentrant model
   992 ;;
   993                           
   994     072D                     _init_punto6:	
   995                           ;psect for function _init_punto6
   996                           
   997     072D                     l635:	
   998                           ;incstack = 0
   999                           ; Regs used in _init_punto6: [status,2]
  1000                           
  1001                           
  1002                           ;config.c: 31:     TRISC = 0x00;
  1003     072D  0021               	movlb	1	; select bank1
  1004     072E  018E               	clrf	14	;volatile
  1005                           
  1006                           ;config.c: 32:     TRISD = 0x00;
  1007     072F  018F               	clrf	15	;volatile
  1008     0730                     l637:
  1009                           
  1010                           ;config.c: 34:     LATCbits.LATC0 = 0;
  1011     0730  0022               	movlb	2	; select bank2
  1012     0731  100E               	bcf	14,0	;volatile
  1013     0732                     l639:
  1014                           
  1015                           ;config.c: 35:     LATCbits.LATC4 = 1;
  1016     0732  160E               	bsf	14,4	;volatile
  1017     0733                     l641:
  1018                           
  1019                           ;config.c: 36:     LATDbits.LATD0 = 1;
  1020     0733  140F               	bsf	15,0	;volatile
  1021     0734                     l643:
  1022                           
  1023                           ;config.c: 38:     LATCbits.LATC1 = 0;
  1024     0734  108E               	bcf	14,1	;volatile
  1025     0735                     l645:
  1026                           
  1027                           ;config.c: 39:     LATCbits.LATC5 = 0;
  1028     0735  128E               	bcf	14,5	;volatile
  1029     0736                     l647:
  1030                           
  1031                           ;config.c: 40:     LATDbits.LATD1 = 0;
  1032     0736  108F               	bcf	15,1	;volatile
  1033     0737                     l649:
  1034                           
  1035                           ;config.c: 42:     LATCbits.LATC3 = 1;
  1036     0737  158E               	bsf	14,3	;volatile
  1037     0738                     l651:
  1038                           
  1039                           ;config.c: 43:     LATCbits.LATC6 = 0;
  1040     0738  130E               	bcf	14,6	;volatile
  1041     0739                     l653:
  1042                           
  1043                           ;config.c: 44:     LATDbits.LATD3 = 0;
  1044     0739  118F               	bcf	15,3	;volatile
  1045     073A                     l11:
  1046     073A  0008               	return
  1047     073B                     __end_of_init_punto6:
  1048     007E                     btemp	set	126	;btemp
  1049     007E                     wtemp0	set	126
  1050                           
  1051                           	psect	config
  1052                           
  1053                           ;Config register CONFIG1 @ 0x8007
  1054                           ;	Oscillator Selection
  1055                           ;	FOSC = HS, HS Oscillator, High-speed crystal/resonator connected between OSC1 and OSC2
      +                           pins
  1056                           ;	Watchdog Timer Enable
  1057                           ;	WDTE = OFF, WDT disabled
  1058                           ;	Power-up Timer Enable
  1059                           ;	PWRTE = OFF, PWRT disabled
  1060                           ;	MCLR Pin Function Select
  1061                           ;	MCLRE = ON, MCLR/VPP pin function is MCLR
  1062                           ;	Flash Program Memory Code Protection
  1063                           ;	CP = OFF, Program memory code protection is disabled
  1064                           ;	Data Memory Code Protection
  1065                           ;	CPD = OFF, Data memory code protection is disabled
  1066                           ;	Brown-out Reset Enable
  1067                           ;	BOREN = ON, Brown-out Reset enabled
  1068                           ;	Clock Out Enable
  1069                           ;	CLKOUTEN = OFF, CLKOUT function is disabled. I/O or oscillator function on the CLKOUT 
      +                          pin
  1070                           ;	Internal/External Switchover
  1071                           ;	IESO = ON, Internal/External Switchover mode is enabled
  1072                           ;	Fail-Safe Clock Monitor Enable
  1073                           ;	FCMEN = ON, Fail-Safe Clock Monitor is enabled
  1074     8007                     	org	32775
  1075     8007  3FE2               	dw	16354
  1076                           
  1077                           ;Config register CONFIG2 @ 0x8008
  1078                           ;	Flash Memory Self-Write Protection
  1079                           ;	WRT = OFF, Write protection off
  1080                           ;	Voltage Regulator Capacitor Enable
  1081                           ;	VCAPEN = OFF, All VCAP pin functionality is disabled
  1082                           ;	PLL Enable
  1083                           ;	PLLEN = OFF, 4x PLL disabled
  1084                           ;	Stack Overflow/Underflow Reset Enable
  1085                           ;	STVREN = ON, Stack Overflow or Underflow will cause a Reset
  1086                           ;	Brown-out Reset Voltage Selection
  1087                           ;	BORV = LO, Brown-out Reset Voltage (Vbor), low trip point selected.
  1088                           ;	Low-Voltage Programming Enable
  1089                           ;	LVP = ON, Low-voltage programming enabled
  1090     8008                     	org	32776
  1091     8008  3EFF               	dw	16127

Data Sizes:
    Strings     0
    Constant    0
    Data        0
    BSS         0
    Persistent  32
    Stack       0

Auto Spaces:
    Space          Size  Autos    Used
    COMMON           14      2       2
    BANK0            80      0       0
    BANK1            80      0       0
    BANK2            80      0       0
    BANK3            80      0       0
    BANK4            80      0       0
    BANK5            80      0       0
    BANK6            80      0       0
    BANK7            80      0       0
    BANK8            80      0       0
    BANK9            80      0       0
    BANK10           80      0       0
    BANK11           80      0       0
    BANK12           48      0       0

Pointer List with Targets:

    None.

Critical Paths under _main in COMMON

    None.

Critical Paths under _main in BANK0

    None.

Critical Paths under _main in BANK1

    None.

Critical Paths under _main in BANK2

    None.

Critical Paths under _main in BANK3

    None.

Critical Paths under _main in BANK4

    None.

Critical Paths under _main in BANK5

    None.

Critical Paths under _main in BANK6

    None.

Critical Paths under _main in BANK7

    None.

Critical Paths under _main in BANK8

    None.

Critical Paths under _main in BANK9

    None.

Critical Paths under _main in BANK10

    None.

Critical Paths under _main in BANK11

    None.

Critical Paths under _main in BANK12

    None.

Call Graph Tables:

 ---------------------------------------------------------------------------------
 (Depth) Function   	        Calls       Base Space   Used Autos Params    Refs
 ---------------------------------------------------------------------------------
 (0) _main                                                 2     2      0       0
                                              0 COMMON     2     2      0
                        _init_punto6
 ---------------------------------------------------------------------------------
 (1) _init_punto6                                          0     0      0       0
 ---------------------------------------------------------------------------------
 Estimated maximum stack depth 1
 ---------------------------------------------------------------------------------

 Call Graph Graphs:

 _main (ROOT)
   _init_punto6

 Address spaces:
Name               Size   Autos  Total    Cost      Usage
BIGRAM             3F0      0       0       0        0.0%
EEDATA             100      0       0       0        0.0%
NULL                 0      0       0       0        0.0%
CODE                 0      0       0       0        0.0%
BITCOMMON            E      0       0       1        0.0%
BITSFR0              0      0       0       1        0.0%
SFR0                 0      0       0       1        0.0%
COMMON               E      2       2       2       14.3%
BITSFR1              0      0       0       2        0.0%
SFR1                 0      0       0       2        0.0%
BITSFR2              0      0       0       3        0.0%
SFR2                 0      0       0       3        0.0%
STACK                0      0       0       3        0.0%
BITBANK0            50      0       0       4        0.0%
BITSFR3              0      0       0       4        0.0%
SFR3                 0      0       0       4        0.0%
BANK0               50      0       0       5        0.0%
BITSFR4              0      0       0       5        0.0%
SFR4                 0      0       0       5        0.0%
BITBANK1            50      0       0       6        0.0%
BITSFR5              0      0       0       6        0.0%
SFR5                 0      0       0       6        0.0%
BANK1               50      0       0       7        0.0%
BITSFR6              0      0       0       7        0.0%
SFR6                 0      0       0       7        0.0%
BITBANK2            50      0       0       8        0.0%
BITSFR7              0      0       0       8        0.0%
SFR7                 0      0       0       8        0.0%
BANK2               50      0       0       9        0.0%
BITSFR8              0      0       0       9        0.0%
SFR8                 0      0       0       9        0.0%
BITBANK3            50      0       0      10        0.0%
BITSFR9              0      0       0      10        0.0%
SFR9                 0      0       0      10        0.0%
BANK3               50      0       0      11        0.0%
BITSFR10             0      0       0      11        0.0%
SFR10                0      0       0      11        0.0%
BITBANK4            50      0       0      12        0.0%
BITSFR11             0      0       0      12        0.0%
SFR11                0      0       0      12        0.0%
BANK4               50      0       0      13        0.0%
BITSFR12             0      0       0      13        0.0%
SFR12                0      0       0      13        0.0%
BITBANK5            50      0       0      14        0.0%
BITSFR13             0      0       0      14        0.0%
SFR13                0      0       0      14        0.0%
BANK5               50      0       0      15        0.0%
BITSFR14             0      0       0      15        0.0%
SFR14                0      0       0      15        0.0%
BITBANK6            50      0       0      16        0.0%
BITSFR15             0      0       0      16        0.0%
SFR15                0      0       0      16        0.0%
BANK6               50      0       0      17        0.0%
BITSFR16             0      0       0      17        0.0%
SFR16                0      0       0      17        0.0%
BITBANK7            50      0       0      18        0.0%
BITSFR17             0      0       0      18        0.0%
SFR17                0      0       0      18        0.0%
BANK7               50      0       0      19        0.0%
BITSFR18             0      0       0      19        0.0%
SFR18                0      0       0      19        0.0%
BITSFR19             0      0       0      20        0.0%
SFR19                0      0       0      20        0.0%
ABS                  0      0       0      20        0.0%
BITBANK8            50      0       0      21        0.0%
BITSFR20             0      0       0      21        0.0%
SFR20                0      0       0      21        0.0%
BANK8               50      0       0      22        0.0%
BITSFR21             0      0       0      22        0.0%
SFR21                0      0       0      22        0.0%
BITBANK9            50      0       0      23        0.0%
BITSFR22             0      0       0      23        0.0%
SFR22                0      0       0      23        0.0%
BANK9               50      0       0      24        0.0%
BITSFR23             0      0       0      24        0.0%
SFR23                0      0       0      24        0.0%
BITBANK10           50      0       0      25        0.0%
BITSFR24             0      0       0      25        0.0%
SFR24                0      0       0      25        0.0%
BANK10              50      0       0      26        0.0%
BITSFR25             0      0       0      26        0.0%
SFR25                0      0       0      26        0.0%
BITBANK11           50      0       0      27        0.0%
BITSFR26             0      0       0      27        0.0%
SFR26                0      0       0      27        0.0%
BANK11              50      0       0      28        0.0%
BITSFR27             0      0       0      28        0.0%
SFR27                0      0       0      28        0.0%
BITBANK12           30      0       0      29        0.0%
BITSFR28             0      0       0      29        0.0%
SFR28                0      0       0      29        0.0%
BANK12              30      0       0      30        0.0%
BITSFR29             0      0       0      30        0.0%
SFR29                0      0       0      30        0.0%
BITSFR30             0      0       0      31        0.0%
SFR30                0      0       0      31        0.0%
DATA                 0      0       0      31        0.0%
BITSFR31             0      0       0      32        0.0%
SFR31                0      0       0      32        0.0%


Microchip Technology PIC Macro Assembler V2.41 build 20230208172133 
Symbol Table                                                                                   Thu Sep 07 18:42:11 2023

                     l11 073A                       u17 0743                       u27 0751  
                     u37 0760                       u47 076E                       u57 077E  
                     u67 078C                       u77 079B                       u87 07A9  
                     u97 07B9                      l701 07B2                      l711 07C2  
                    l703 07B3                      l641 0733                      l721 07DF  
                    l713 07CE                      l705 07B4                      l651 0738  
                    l643 0734                      l635 072D                      l723 07EB  
                    l715 07D0                      l707 07BF                      l653 0739  
                    l645 0735                      l637 0730                      l725 07ED  
                    l717 07D1                      l709 07C1                      l661 074B  
                    l647 0736                      l639 0732                      l727 07EE  
                    l719 07DD                      l671 0767                      l663 074C  
                    l655 073B                      l649 0737                      l729 07EF  
                    l681 0779                      l673 0769                      l665 0758  
                    l657 073E                      l691 0795                      l683 0784  
                    l675 0775                      l667 075A                      l659 0749  
                    l693 0796                      l685 0786                      l677 0777  
                    l669 075B                      l695 07A2                      l687 0787  
                    l679 0778                      l697 07A4                      l689 0793  
                    l699 07B0                      u107 07C7                      u117 07D6  
                    u127 07E4                      u137 07F4                      wreg 0009  
                   _main 073B                     btemp 007E                     start 0002  
                  ?_main 0070                    _TRISC 008E                    _TRISD 008F  
           ?_init_punto6 0070                    wtemp0 007E          __initialization 07FD  
           __end_of_main 07FD                   ??_main 0070  __end_of__initialization 07FD  
         __pcstackCOMMON 0070               __pmaintext 073B                  __ptext1 072D  
   end_of_initialization 07FD      start_initialization 07FD                ___latbits 0003  
          ??_init_punto6 0070      __end_of_init_punto6 073B                 _LATCbits 010E  
               _LATDbits 010F              _init_punto6 072D  
