

Microchip MPLAB XC8 Assembler V2.41 build 20230208172133 
                                                                                               Wed Aug 30 20:15:25 2023

Microchip MPLAB XC8 C Compiler v2.41 (Free license) build 20230208172133 Og1 
     1                           	processor	16F1939
     2                           	pagewidth 120
     3                           	opt	flic
     4                           	psect	nvCOMMON,global,class=COMMON,space=1,delta=1,noexec
     5                           	psect	cinit,global,class=CODE,merge=1,delta=2
     6                           	psect	bssCOMMON,global,class=COMMON,space=1,delta=1,noexec
     7                           	psect	cstackCOMMON,global,class=COMMON,space=1,delta=1,noexec
     8                           	psect	maintext,global,class=CODE,merge=1,split=1,delta=2
     9                           	psect	text1,local,class=CODE,merge=1,delta=2
    10                           	psect	text2,local,class=CODE,merge=1,delta=2,group=1
    11                           	psect	text3,local,class=CODE,merge=1,delta=2,group=1
    12                           	psect	config,global,abs,ovrld,class=CONFIG,space=4,delta=2,noexec
    13                           	dabs	1,0x7E,2
    14     0000                     
    15                           ; Generated 06/07/2023 GMT
    16                           ; 
    17                           ; Copyright © 2023, Microchip Technology Inc. and its subsidiaries ("Microchip")
    18                           ; All rights reserved.
    19                           ; 
    20                           ; This software is developed by Microchip Technology Inc. and its subsidiaries ("Microch
      +                          ip").
    21                           ; 
    22                           ; Redistribution and use in source and binary forms, with or without modification, are
    23                           ; permitted provided that the following conditions are met:
    24                           ; 
    25                           ;     1. Redistributions of source code must retain the above copyright notice, this lis
      +                          t of
    26                           ;        conditions and the following disclaimer.
    27                           ; 
    28                           ;     2. Redistributions in binary form must reproduce the above copyright notice, this 
      +                          list
    29                           ;        of conditions and the following disclaimer in the documentation and/or other
    30                           ;        materials provided with the distribution. Publication is not required when
    31                           ;        this file is used in an embedded application.
    32                           ; 
    33                           ;     3. Microchip's name may not be used to endorse or promote products derived from th
      +                          is
    34                           ;        software without specific prior written permission.
    35                           ; 
    36                           ; THIS SOFTWARE IS PROVIDED BY MICROCHIP "AS IS" AND ANY EXPRESS OR IMPLIED WARRANTIES,
    37                           ; INCLUDING, BUT NOT LIMITED TO, THE IMPLIED WARRANTIES OF MERCHANTABILITY AND FITNESS F
      +                          OR
    38                           ; PURPOSE ARE DISCLAIMED.  IN NO EVENT SHALL MICROCHIP BE LIABLE FOR ANY DIRECT, INDIREC
      +                          T,
    39                           ; INCIDENTAL, SPECIAL, EXEMPLARY, OR CONSEQUENTIAL DAMAGES (INCLUDING BUT NOT LIMITED TO
    40                           ; PROCUREMENT OF SUBSTITUTE GOODS OR SERVICES; LOSS OF USE, DATA OR PROFITS; OR BUSINESS
    41                           ; INTERRUPTION) HOWSOEVER CAUSED AND ON ANY THEORY OF LIABILITY, WHETHER IN CONTRACT, ST
      +                          RICT
    42                           ; LIABILITY, OR TORT (INCLUDING NEGLIGENCE OR OTHERWISE) ARISING IN ANY WAY OUT OF THE U
      +                          SE OF
    43                           ; THIS SOFTWARE, EVEN IF ADVISED OF THE POSSIBILITY OF SUCH DAMAGE.
    44                           ; 
    45                           ; 
    46                           ; Code-generator required, PIC16F1939 Definitions
    47                           ; 
    48                           ; SFR Addresses
    49     0000                     	;# 
    50     0001                     	;# 
    51     0002                     	;# 
    52     0003                     	;# 
    53     0004                     	;# 
    54     0005                     	;# 
    55     0006                     	;# 
    56     0007                     	;# 
    57     0008                     	;# 
    58     0009                     	;# 
    59     000A                     	;# 
    60     000B                     	;# 
    61     000C                     	;# 
    62     000D                     	;# 
    63     000E                     	;# 
    64     000F                     	;# 
    65     0010                     	;# 
    66     0011                     	;# 
    67     0012                     	;# 
    68     0013                     	;# 
    69     0015                     	;# 
    70     0016                     	;# 
    71     0016                     	;# 
    72     0017                     	;# 
    73     0018                     	;# 
    74     0019                     	;# 
    75     001A                     	;# 
    76     001B                     	;# 
    77     001C                     	;# 
    78     001E                     	;# 
    79     001F                     	;# 
    80     008C                     	;# 
    81     008D                     	;# 
    82     008E                     	;# 
    83     008F                     	;# 
    84     0090                     	;# 
    85     0091                     	;# 
    86     0092                     	;# 
    87     0093                     	;# 
    88     0095                     	;# 
    89     0096                     	;# 
    90     0097                     	;# 
    91     0098                     	;# 
    92     0099                     	;# 
    93     009A                     	;# 
    94     009B                     	;# 
    95     009B                     	;# 
    96     009C                     	;# 
    97     009D                     	;# 
    98     009E                     	;# 
    99     010C                     	;# 
   100     010D                     	;# 
   101     010E                     	;# 
   102     010F                     	;# 
   103     0110                     	;# 
   104     0111                     	;# 
   105     0112                     	;# 
   106     0113                     	;# 
   107     0114                     	;# 
   108     0115                     	;# 
   109     0116                     	;# 
   110     0117                     	;# 
   111     0118                     	;# 
   112     0119                     	;# 
   113     011A                     	;# 
   114     011B                     	;# 
   115     011D                     	;# 
   116     018C                     	;# 
   117     018D                     	;# 
   118     018F                     	;# 
   119     0190                     	;# 
   120     0191                     	;# 
   121     0191                     	;# 
   122     0192                     	;# 
   123     0193                     	;# 
   124     0193                     	;# 
   125     0193                     	;# 
   126     0194                     	;# 
   127     0195                     	;# 
   128     0196                     	;# 
   129     0199                     	;# 
   130     019A                     	;# 
   131     019B                     	;# 
   132     019B                     	;# 
   133     019B                     	;# 
   134     019B                     	;# 
   135     019C                     	;# 
   136     019C                     	;# 
   137     019D                     	;# 
   138     019E                     	;# 
   139     019F                     	;# 
   140     020D                     	;# 
   141     0210                     	;# 
   142     0211                     	;# 
   143     0212                     	;# 
   144     0213                     	;# 
   145     0214                     	;# 
   146     0215                     	;# 
   147     0215                     	;# 
   148     0216                     	;# 
   149     0217                     	;# 
   150     0291                     	;# 
   151     0291                     	;# 
   152     0292                     	;# 
   153     0293                     	;# 
   154     0294                     	;# 
   155     0295                     	;# 
   156     0295                     	;# 
   157     0296                     	;# 
   158     0298                     	;# 
   159     0298                     	;# 
   160     0299                     	;# 
   161     029A                     	;# 
   162     029B                     	;# 
   163     029C                     	;# 
   164     029C                     	;# 
   165     029D                     	;# 
   166     029E                     	;# 
   167     029F                     	;# 
   168     0311                     	;# 
   169     0311                     	;# 
   170     0312                     	;# 
   171     0313                     	;# 
   172     0314                     	;# 
   173     0315                     	;# 
   174     0315                     	;# 
   175     0316                     	;# 
   176     0318                     	;# 
   177     0318                     	;# 
   178     0319                     	;# 
   179     031A                     	;# 
   180     031C                     	;# 
   181     031C                     	;# 
   182     031D                     	;# 
   183     031E                     	;# 
   184     0394                     	;# 
   185     0395                     	;# 
   186     0396                     	;# 
   187     0415                     	;# 
   188     0416                     	;# 
   189     0417                     	;# 
   190     041C                     	;# 
   191     041D                     	;# 
   192     041E                     	;# 
   193     0791                     	;# 
   194     0792                     	;# 
   195     0793                     	;# 
   196     0794                     	;# 
   197     0795                     	;# 
   198     0798                     	;# 
   199     0799                     	;# 
   200     079A                     	;# 
   201     07A0                     	;# 
   202     07A1                     	;# 
   203     07A2                     	;# 
   204     07A3                     	;# 
   205     07A4                     	;# 
   206     07A5                     	;# 
   207     07A6                     	;# 
   208     07A7                     	;# 
   209     07A8                     	;# 
   210     07A9                     	;# 
   211     07AA                     	;# 
   212     07AB                     	;# 
   213     0FE4                     	;# 
   214     0FE5                     	;# 
   215     0FE6                     	;# 
   216     0FE7                     	;# 
   217     0FE8                     	;# 
   218     0FE9                     	;# 
   219     0FEA                     	;# 
   220     0FEB                     	;# 
   221     0FED                     	;# 
   222     0FEE                     	;# 
   223     0FEF                     	;# 
   224     0000                     	;# 
   225     0001                     	;# 
   226     0002                     	;# 
   227     0003                     	;# 
   228     0004                     	;# 
   229     0005                     	;# 
   230     0006                     	;# 
   231     0007                     	;# 
   232     0008                     	;# 
   233     0009                     	;# 
   234     000A                     	;# 
   235     000B                     	;# 
   236     000C                     	;# 
   237     000D                     	;# 
   238     000E                     	;# 
   239     000F                     	;# 
   240     0010                     	;# 
   241     0011                     	;# 
   242     0012                     	;# 
   243     0013                     	;# 
   244     0015                     	;# 
   245     0016                     	;# 
   246     0016                     	;# 
   247     0017                     	;# 
   248     0018                     	;# 
   249     0019                     	;# 
   250     001A                     	;# 
   251     001B                     	;# 
   252     001C                     	;# 
   253     001E                     	;# 
   254     001F                     	;# 
   255     008C                     	;# 
   256     008D                     	;# 
   257     008E                     	;# 
   258     008F                     	;# 
   259     0090                     	;# 
   260     0091                     	;# 
   261     0092                     	;# 
   262     0093                     	;# 
   263     0095                     	;# 
   264     0096                     	;# 
   265     0097                     	;# 
   266     0098                     	;# 
   267     0099                     	;# 
   268     009A                     	;# 
   269     009B                     	;# 
   270     009B                     	;# 
   271     009C                     	;# 
   272     009D                     	;# 
   273     009E                     	;# 
   274     010C                     	;# 
   275     010D                     	;# 
   276     010E                     	;# 
   277     010F                     	;# 
   278     0110                     	;# 
   279     0111                     	;# 
   280     0112                     	;# 
   281     0113                     	;# 
   282     0114                     	;# 
   283     0115                     	;# 
   284     0116                     	;# 
   285     0117                     	;# 
   286     0118                     	;# 
   287     0119                     	;# 
   288     011A                     	;# 
   289     011B                     	;# 
   290     011D                     	;# 
   291     018C                     	;# 
   292     018D                     	;# 
   293     018F                     	;# 
   294     0190                     	;# 
   295     0191                     	;# 
   296     0191                     	;# 
   297     0192                     	;# 
   298     0193                     	;# 
   299     0193                     	;# 
   300     0193                     	;# 
   301     0194                     	;# 
   302     0195                     	;# 
   303     0196                     	;# 
   304     0199                     	;# 
   305     019A                     	;# 
   306     019B                     	;# 
   307     019B                     	;# 
   308     019B                     	;# 
   309     019B                     	;# 
   310     019C                     	;# 
   311     019C                     	;# 
   312     019D                     	;# 
   313     019E                     	;# 
   314     019F                     	;# 
   315     020D                     	;# 
   316     0210                     	;# 
   317     0211                     	;# 
   318     0212                     	;# 
   319     0213                     	;# 
   320     0214                     	;# 
   321     0215                     	;# 
   322     0215                     	;# 
   323     0216                     	;# 
   324     0217                     	;# 
   325     0291                     	;# 
   326     0291                     	;# 
   327     0292                     	;# 
   328     0293                     	;# 
   329     0294                     	;# 
   330     0295                     	;# 
   331     0295                     	;# 
   332     0296                     	;# 
   333     0298                     	;# 
   334     0298                     	;# 
   335     0299                     	;# 
   336     029A                     	;# 
   337     029B                     	;# 
   338     029C                     	;# 
   339     029C                     	;# 
   340     029D                     	;# 
   341     029E                     	;# 
   342     029F                     	;# 
   343     0311                     	;# 
   344     0311                     	;# 
   345     0312                     	;# 
   346     0313                     	;# 
   347     0314                     	;# 
   348     0315                     	;# 
   349     0315                     	;# 
   350     0316                     	;# 
   351     0318                     	;# 
   352     0318                     	;# 
   353     0319                     	;# 
   354     031A                     	;# 
   355     031C                     	;# 
   356     031C                     	;# 
   357     031D                     	;# 
   358     031E                     	;# 
   359     0394                     	;# 
   360     0395                     	;# 
   361     0396                     	;# 
   362     0415                     	;# 
   363     0416                     	;# 
   364     0417                     	;# 
   365     041C                     	;# 
   366     041D                     	;# 
   367     041E                     	;# 
   368     0791                     	;# 
   369     0792                     	;# 
   370     0793                     	;# 
   371     0794                     	;# 
   372     0795                     	;# 
   373     0798                     	;# 
   374     0799                     	;# 
   375     079A                     	;# 
   376     07A0                     	;# 
   377     07A1                     	;# 
   378     07A2                     	;# 
   379     07A3                     	;# 
   380     07A4                     	;# 
   381     07A5                     	;# 
   382     07A6                     	;# 
   383     07A7                     	;# 
   384     07A8                     	;# 
   385     07A9                     	;# 
   386     07AA                     	;# 
   387     07AB                     	;# 
   388     0FE4                     	;# 
   389     0FE5                     	;# 
   390     0FE6                     	;# 
   391     0FE7                     	;# 
   392     0FE8                     	;# 
   393     0FE9                     	;# 
   394     0FEA                     	;# 
   395     0FEB                     	;# 
   396     0FED                     	;# 
   397     0FEE                     	;# 
   398     0FEF                     	;# 
   399     0000                     	;# 
   400     0001                     	;# 
   401     0002                     	;# 
   402     0003                     	;# 
   403     0004                     	;# 
   404     0005                     	;# 
   405     0006                     	;# 
   406     0007                     	;# 
   407     0008                     	;# 
   408     0009                     	;# 
   409     000A                     	;# 
   410     000B                     	;# 
   411     000C                     	;# 
   412     000D                     	;# 
   413     000E                     	;# 
   414     000F                     	;# 
   415     0010                     	;# 
   416     0011                     	;# 
   417     0012                     	;# 
   418     0013                     	;# 
   419     0015                     	;# 
   420     0016                     	;# 
   421     0016                     	;# 
   422     0017                     	;# 
   423     0018                     	;# 
   424     0019                     	;# 
   425     001A                     	;# 
   426     001B                     	;# 
   427     001C                     	;# 
   428     001E                     	;# 
   429     001F                     	;# 
   430     008C                     	;# 
   431     008D                     	;# 
   432     008E                     	;# 
   433     008F                     	;# 
   434     0090                     	;# 
   435     0091                     	;# 
   436     0092                     	;# 
   437     0093                     	;# 
   438     0095                     	;# 
   439     0096                     	;# 
   440     0097                     	;# 
   441     0098                     	;# 
   442     0099                     	;# 
   443     009A                     	;# 
   444     009B                     	;# 
   445     009B                     	;# 
   446     009C                     	;# 
   447     009D                     	;# 
   448     009E                     	;# 
   449     010C                     	;# 
   450     010D                     	;# 
   451     010E                     	;# 
   452     010F                     	;# 
   453     0110                     	;# 
   454     0111                     	;# 
   455     0112                     	;# 
   456     0113                     	;# 
   457     0114                     	;# 
   458     0115                     	;# 
   459     0116                     	;# 
   460     0117                     	;# 
   461     0118                     	;# 
   462     0119                     	;# 
   463     011A                     	;# 
   464     011B                     	;# 
   465     011D                     	;# 
   466     018C                     	;# 
   467     018D                     	;# 
   468     018F                     	;# 
   469     0190                     	;# 
   470     0191                     	;# 
   471     0191                     	;# 
   472     0192                     	;# 
   473     0193                     	;# 
   474     0193                     	;# 
   475     0193                     	;# 
   476     0194                     	;# 
   477     0195                     	;# 
   478     0196                     	;# 
   479     0199                     	;# 
   480     019A                     	;# 
   481     019B                     	;# 
   482     019B                     	;# 
   483     019B                     	;# 
   484     019B                     	;# 
   485     019C                     	;# 
   486     019C                     	;# 
   487     019D                     	;# 
   488     019E                     	;# 
   489     019F                     	;# 
   490     020D                     	;# 
   491     0210                     	;# 
   492     0211                     	;# 
   493     0212                     	;# 
   494     0213                     	;# 
   495     0214                     	;# 
   496     0215                     	;# 
   497     0215                     	;# 
   498     0216                     	;# 
   499     0217                     	;# 
   500     0291                     	;# 
   501     0291                     	;# 
   502     0292                     	;# 
   503     0293                     	;# 
   504     0294                     	;# 
   505     0295                     	;# 
   506     0295                     	;# 
   507     0296                     	;# 
   508     0298                     	;# 
   509     0298                     	;# 
   510     0299                     	;# 
   511     029A                     	;# 
   512     029B                     	;# 
   513     029C                     	;# 
   514     029C                     	;# 
   515     029D                     	;# 
   516     029E                     	;# 
   517     029F                     	;# 
   518     0311                     	;# 
   519     0311                     	;# 
   520     0312                     	;# 
   521     0313                     	;# 
   522     0314                     	;# 
   523     0315                     	;# 
   524     0315                     	;# 
   525     0316                     	;# 
   526     0318                     	;# 
   527     0318                     	;# 
   528     0319                     	;# 
   529     031A                     	;# 
   530     031C                     	;# 
   531     031C                     	;# 
   532     031D                     	;# 
   533     031E                     	;# 
   534     0394                     	;# 
   535     0395                     	;# 
   536     0396                     	;# 
   537     0415                     	;# 
   538     0416                     	;# 
   539     0417                     	;# 
   540     041C                     	;# 
   541     041D                     	;# 
   542     041E                     	;# 
   543     0791                     	;# 
   544     0792                     	;# 
   545     0793                     	;# 
   546     0794                     	;# 
   547     0795                     	;# 
   548     0798                     	;# 
   549     0799                     	;# 
   550     079A                     	;# 
   551     07A0                     	;# 
   552     07A1                     	;# 
   553     07A2                     	;# 
   554     07A3                     	;# 
   555     07A4                     	;# 
   556     07A5                     	;# 
   557     07A6                     	;# 
   558     07A7                     	;# 
   559     07A8                     	;# 
   560     07A9                     	;# 
   561     07AA                     	;# 
   562     07AB                     	;# 
   563     0FE4                     	;# 
   564     0FE5                     	;# 
   565     0FE6                     	;# 
   566     0FE7                     	;# 
   567     0FE8                     	;# 
   568     0FE9                     	;# 
   569     0FEA                     	;# 
   570     0FEB                     	;# 
   571     0FED                     	;# 
   572     0FEE                     	;# 
   573     0FEF                     	;# 
   574     0000                     	;# 
   575     0001                     	;# 
   576     0002                     	;# 
   577     0003                     	;# 
   578     0004                     	;# 
   579     0005                     	;# 
   580     0006                     	;# 
   581     0007                     	;# 
   582     0008                     	;# 
   583     0009                     	;# 
   584     000A                     	;# 
   585     000B                     	;# 
   586     000C                     	;# 
   587     000D                     	;# 
   588     000E                     	;# 
   589     000F                     	;# 
   590     0010                     	;# 
   591     0011                     	;# 
   592     0012                     	;# 
   593     0013                     	;# 
   594     0015                     	;# 
   595     0016                     	;# 
   596     0016                     	;# 
   597     0017                     	;# 
   598     0018                     	;# 
   599     0019                     	;# 
   600     001A                     	;# 
   601     001B                     	;# 
   602     001C                     	;# 
   603     001E                     	;# 
   604     001F                     	;# 
   605     008C                     	;# 
   606     008D                     	;# 
   607     008E                     	;# 
   608     008F                     	;# 
   609     0090                     	;# 
   610     0091                     	;# 
   611     0092                     	;# 
   612     0093                     	;# 
   613     0095                     	;# 
   614     0096                     	;# 
   615     0097                     	;# 
   616     0098                     	;# 
   617     0099                     	;# 
   618     009A                     	;# 
   619     009B                     	;# 
   620     009B                     	;# 
   621     009C                     	;# 
   622     009D                     	;# 
   623     009E                     	;# 
   624     010C                     	;# 
   625     010D                     	;# 
   626     010E                     	;# 
   627     010F                     	;# 
   628     0110                     	;# 
   629     0111                     	;# 
   630     0112                     	;# 
   631     0113                     	;# 
   632     0114                     	;# 
   633     0115                     	;# 
   634     0116                     	;# 
   635     0117                     	;# 
   636     0118                     	;# 
   637     0119                     	;# 
   638     011A                     	;# 
   639     011B                     	;# 
   640     011D                     	;# 
   641     018C                     	;# 
   642     018D                     	;# 
   643     018F                     	;# 
   644     0190                     	;# 
   645     0191                     	;# 
   646     0191                     	;# 
   647     0192                     	;# 
   648     0193                     	;# 
   649     0193                     	;# 
   650     0193                     	;# 
   651     0194                     	;# 
   652     0195                     	;# 
   653     0196                     	;# 
   654     0199                     	;# 
   655     019A                     	;# 
   656     019B                     	;# 
   657     019B                     	;# 
   658     019B                     	;# 
   659     019B                     	;# 
   660     019C                     	;# 
   661     019C                     	;# 
   662     019D                     	;# 
   663     019E                     	;# 
   664     019F                     	;# 
   665     020D                     	;# 
   666     0210                     	;# 
   667     0211                     	;# 
   668     0212                     	;# 
   669     0213                     	;# 
   670     0214                     	;# 
   671     0215                     	;# 
   672     0215                     	;# 
   673     0216                     	;# 
   674     0217                     	;# 
   675     0291                     	;# 
   676     0291                     	;# 
   677     0292                     	;# 
   678     0293                     	;# 
   679     0294                     	;# 
   680     0295                     	;# 
   681     0295                     	;# 
   682     0296                     	;# 
   683     0298                     	;# 
   684     0298                     	;# 
   685     0299                     	;# 
   686     029A                     	;# 
   687     029B                     	;# 
   688     029C                     	;# 
   689     029C                     	;# 
   690     029D                     	;# 
   691     029E                     	;# 
   692     029F                     	;# 
   693     0311                     	;# 
   694     0311                     	;# 
   695     0312                     	;# 
   696     0313                     	;# 
   697     0314                     	;# 
   698     0315                     	;# 
   699     0315                     	;# 
   700     0316                     	;# 
   701     0318                     	;# 
   702     0318                     	;# 
   703     0319                     	;# 
   704     031A                     	;# 
   705     031C                     	;# 
   706     031C                     	;# 
   707     031D                     	;# 
   708     031E                     	;# 
   709     0394                     	;# 
   710     0395                     	;# 
   711     0396                     	;# 
   712     0415                     	;# 
   713     0416                     	;# 
   714     0417                     	;# 
   715     041C                     	;# 
   716     041D                     	;# 
   717     041E                     	;# 
   718     0791                     	;# 
   719     0792                     	;# 
   720     0793                     	;# 
   721     0794                     	;# 
   722     0795                     	;# 
   723     0798                     	;# 
   724     0799                     	;# 
   725     079A                     	;# 
   726     07A0                     	;# 
   727     07A1                     	;# 
   728     07A2                     	;# 
   729     07A3                     	;# 
   730     07A4                     	;# 
   731     07A5                     	;# 
   732     07A6                     	;# 
   733     07A7                     	;# 
   734     07A8                     	;# 
   735     07A9                     	;# 
   736     07AA                     	;# 
   737     07AB                     	;# 
   738     0FE4                     	;# 
   739     0FE5                     	;# 
   740     0FE6                     	;# 
   741     0FE7                     	;# 
   742     0FE8                     	;# 
   743     0FE9                     	;# 
   744     0FEA                     	;# 
   745     0FEB                     	;# 
   746     0FED                     	;# 
   747     0FEE                     	;# 
   748     0FEF                     	;# 
   749                           
   750                           	psect	nvCOMMON
   751     0076                     __pnvCOMMON:
   752     0076                     _nibble2:
   753     0076                     	ds	1
   754     0077                     _nibble1:
   755     0077                     	ds	1
   756     000C                     _PORTAbits	set	12
   757     000D                     _PORTB	set	13
   758     008C                     _TRISAbits	set	140
   759     008F                     _TRISD	set	143
   760     008D                     _TRISB	set	141
   761     010F                     _LATD	set	271
   762     018C                     _ANSELAbits	set	396
   763     018D                     _ANSELB	set	397
   764                           
   765                           	psect	cinit
   766     07FC                     start_initialization:	
   767                           ; #config settings
   768                           
   769     07FC                     __initialization:
   770                           
   771                           ; Clear objects allocated to COMMON
   772     07FC  01F8               	clrf	__pbssCOMMON& (0+127)
   773     07FD                     end_of_initialization:	
   774                           ;End of C runtime variable initialization code
   775                           
   776     07FD                     __end_of__initialization:
   777     07FD  0020               	movlb	0
   778     07FE  3187  2F7C         	ljmp	_main	;jump to C main() function
   779                           
   780                           	psect	bssCOMMON
   781     0078                     __pbssCOMMON:
   782     0078                     _resultado:
   783     0078                     	ds	1
   784                           
   785                           	psect	cstackCOMMON
   786     0070                     __pcstackCOMMON:
   787     0070                     ?_init_punto12:
   788     0070                     ??_init_punto12:	
   789                           ; 1 bytes @ 0x0
   790                           
   791     0070                     ?_main:	
   792                           ; 1 bytes @ 0x0
   793                           
   794     0070                     ?___bmul:	
   795                           ; 1 bytes @ 0x0
   796                           
   797     0070                     ?___lbdiv:	
   798                           ; 1 bytes @ 0x0
   799                           
   800     0070                     ___bmul@multiplicand:	
   801                           ; 1 bytes @ 0x0
   802                           
   803     0070                     ___lbdiv@divisor:	
   804                           ; 1 bytes @ 0x0
   805                           
   806                           
   807                           ; 1 bytes @ 0x0
   808     0070                     	ds	1
   809     0071                     ??___bmul:
   810     0071                     ??___lbdiv:	
   811                           ; 1 bytes @ 0x1
   812                           
   813                           
   814                           ; 1 bytes @ 0x1
   815     0071                     	ds	1
   816     0072                     ___bmul@product:
   817     0072                     ___lbdiv@dividend:	
   818                           ; 1 bytes @ 0x2
   819                           
   820                           
   821                           ; 1 bytes @ 0x2
   822     0072                     	ds	1
   823     0073                     ___bmul@multiplier:
   824     0073                     ___lbdiv@counter:	
   825                           ; 1 bytes @ 0x3
   826                           
   827                           
   828                           ; 1 bytes @ 0x3
   829     0073                     	ds	1
   830     0074                     ___lbdiv@quotient:
   831                           
   832                           ; 1 bytes @ 0x4
   833     0074                     	ds	1
   834     0075                     ??_main:
   835                           
   836                           ; 1 bytes @ 0x5
   837     0075                     	ds	1
   838                           
   839                           	psect	maintext
   840     077C                     __pmaintext:	
   841 ;;
   842 ;;Main: autosize = 0, tempsize = 1, incstack = 0, save=0
   843 ;;
   844 ;; *************** function _main *****************
   845 ;; Defined at:
   846 ;;		line 7 in file "main.c"
   847 ;; Parameters:    Size  Location     Type
   848 ;;		None
   849 ;; Auto vars:     Size  Location     Type
   850 ;;		None
   851 ;; Return value:  Size  Location     Type
   852 ;;                  1    wreg      void 
   853 ;; Registers used:
   854 ;;		wreg, status,2, status,0, pclath, cstack
   855 ;; Tracked objects:
   856 ;;		On entry : B1F/0
   857 ;;		On exit  : 0/0
   858 ;;		Unchanged: 0/0
   859 ;; Data sizes:     COMMON   BANK0   BANK1   BANK2   BANK3   BANK4   BANK5   BANK6   BANK7   BANK8   BANK9  BANK10  BANK1
      +1  BANK12
   860 ;;      Params:         0       0       0       0       0       0       0       0       0       0       0       0       
      +0       0
   861 ;;      Locals:         0       0       0       0       0       0       0       0       0       0       0       0       
      +0       0
   862 ;;      Temps:          1       0       0       0       0       0       0       0       0       0       0       0       
      +0       0
   863 ;;      Totals:         1       0       0       0       0       0       0       0       0       0       0       0       
      +0       0
   864 ;;Total ram usage:        1 bytes
   865 ;; Hardware stack levels required when called: 1
   866 ;; This function calls:
   867 ;;		___bmul
   868 ;;		___lbdiv
   869 ;;		_init_punto12
   870 ;; This function is called by:
   871 ;;		Startup code after reset
   872 ;; This function uses a non-reentrant model
   873 ;;
   874                           
   875     077C                     _main:	
   876                           ;psect for function _main
   877                           
   878     077C                     l809:	
   879                           ;incstack = 0
   880                           ; Regs used in _main: [wreg+status,2+status,0+pclath+cstack]
   881                           
   882                           
   883                           ;main.c: 8:     init_punto12();
   884     077C  3187  272C  3187   	fcall	_init_punto12
   885     077F                     l811:
   886                           
   887                           ;main.c: 10:         nibble1 = PORTB & 0x0F;
   888     077F  0020               	movlb	0	; select bank0
   889     0780  080D               	movf	13,w	;volatile
   890     0781  390F               	andlw	15
   891     0782  00F7               	movwf	_nibble1
   892     0783                     l813:
   893                           
   894                           ;main.c: 11:         nibble2 = (PORTB & 0xF0)>>4;
   895     0783  080D               	movf	13,w	;volatile
   896     0784  00F5               	movwf	??_main
   897     0785  3004               	movlw	4
   898     0786                     u285:
   899     0786  36F5               	lsrf	??_main,f
   900     0787  0B89               	decfsz	9,f
   901     0788  2F86               	goto	u285
   902     0789  0875               	movf	??_main,w
   903     078A  390F               	andlw	15
   904     078B  00F6               	movwf	_nibble2
   905     078C                     l815:
   906                           
   907                           ;main.c: 12:         if(PORTAbits.RA0 == 0 && PORTAbits.RA1 == 0 && PORTAbits.RA2 == 0){
   908     078C  180C               	btfsc	12,0	;volatile
   909     078D  2F8F               	goto	u291
   910     078E  2F90               	goto	u290
   911     078F                     u291:
   912     078F  2F9E               	goto	l825
   913     0790                     u290:
   914     0790                     l817:
   915     0790  188C               	btfsc	12,1	;volatile
   916     0791  2F93               	goto	u301
   917     0792  2F94               	goto	u300
   918     0793                     u301:
   919     0793  2F9E               	goto	l825
   920     0794                     u300:
   921     0794                     l819:
   922     0794  190C               	btfsc	12,2	;volatile
   923     0795  2F97               	goto	u311
   924     0796  2F98               	goto	u310
   925     0797                     u311:
   926     0797  2F9E               	goto	l825
   927     0798                     u310:
   928     0798                     l821:
   929                           
   930                           ;main.c: 13:             resultado = nibble1 + nibble2;
   931     0798  0877               	movf	_nibble1,w
   932     0799  0776               	addwf	_nibble2,w
   933     079A  00F8               	movwf	_resultado
   934     079B                     l823:
   935                           
   936                           ;main.c: 14:             LATD = resultado;
   937     079B  0878               	movf	_resultado,w
   938     079C  0022               	movlb	2	; select bank2
   939     079D  008F               	movwf	15	;volatile
   940     079E                     l825:
   941                           
   942                           ;main.c: 16:         if(PORTAbits.RA0 == 0 && PORTAbits.RA1 == 1 && PORTAbits.RA2 == 0){
   943     079E  0020               	movlb	0	; select bank0
   944     079F  180C               	btfsc	12,0	;volatile
   945     07A0  2FA2               	goto	u321
   946     07A1  2FA3               	goto	u320
   947     07A2                     u321:
   948     07A2  2FBB               	goto	l839
   949     07A3                     u320:
   950     07A3                     l827:
   951     07A3  1C8C               	btfss	12,1	;volatile
   952     07A4  2FA6               	goto	u331
   953     07A5  2FA7               	goto	u330
   954     07A6                     u331:
   955     07A6  2FBB               	goto	l839
   956     07A7                     u330:
   957     07A7                     l829:
   958     07A7  190C               	btfsc	12,2	;volatile
   959     07A8  2FAA               	goto	u341
   960     07A9  2FAB               	goto	u340
   961     07AA                     u341:
   962     07AA  2FBB               	goto	l839
   963     07AB                     u340:
   964     07AB                     l831:
   965                           
   966                           ;main.c: 17:             if(nibble1 > nibble2){
   967     07AB  0877               	movf	_nibble1,w
   968     07AC  0276               	subwf	_nibble2,w
   969     07AD  1803               	skipnc
   970     07AE  2FB0               	goto	u351
   971     07AF  2FB1               	goto	u350
   972     07B0                     u351:
   973     07B0  2FB5               	goto	l835
   974     07B1                     u350:
   975     07B1                     l833:
   976                           
   977                           ;main.c: 18:                 resultado = nibble1 - nibble2;
   978     07B1  0876               	movf	_nibble2,w
   979     07B2  0277               	subwf	_nibble1,w
   980     07B3  00F8               	movwf	_resultado
   981                           
   982                           ;main.c: 19:             }else{
   983     07B4  2FB8               	goto	l837
   984     07B5                     l835:
   985                           
   986                           ;main.c: 20:                 resultado = nibble2 - nibble1;
   987     07B5  0877               	movf	_nibble1,w
   988     07B6  0276               	subwf	_nibble2,w
   989     07B7  00F8               	movwf	_resultado
   990     07B8                     l837:
   991                           
   992                           ;main.c: 22:             LATD = resultado;
   993     07B8  0878               	movf	_resultado,w
   994     07B9  0022               	movlb	2	; select bank2
   995     07BA  008F               	movwf	15	;volatile
   996     07BB                     l839:
   997                           
   998                           ;main.c: 24:         if(PORTAbits.RA0 == 1 && PORTAbits.RA1 == 0 && PORTAbits.RA2 == 0){
   999     07BB  0020               	movlb	0	; select bank0
  1000     07BC  1C0C               	btfss	12,0	;volatile
  1001     07BD  2FBF               	goto	u361
  1002     07BE  2FC0               	goto	u360
  1003     07BF                     u361:
  1004     07BF  2FD2               	goto	l849
  1005     07C0                     u360:
  1006     07C0                     l841:
  1007     07C0  188C               	btfsc	12,1	;volatile
  1008     07C1  2FC3               	goto	u371
  1009     07C2  2FC4               	goto	u370
  1010     07C3                     u371:
  1011     07C3  2FD2               	goto	l849
  1012     07C4                     u370:
  1013     07C4                     l843:
  1014     07C4  190C               	btfsc	12,2	;volatile
  1015     07C5  2FC7               	goto	u381
  1016     07C6  2FC8               	goto	u380
  1017     07C7                     u381:
  1018     07C7  2FD2               	goto	l849
  1019     07C8                     u380:
  1020     07C8                     l845:
  1021                           
  1022                           ;main.c: 25:             resultado = nibble1 * nibble2;
  1023     07C8  0876               	movf	_nibble2,w
  1024     07C9  00F0               	movwf	___bmul@multiplicand
  1025     07CA  0877               	movf	_nibble1,w
  1026     07CB  3187  273E  3187   	fcall	___bmul
  1027     07CE  00F8               	movwf	_resultado
  1028     07CF                     l847:
  1029                           
  1030                           ;main.c: 26:             LATD = resultado;
  1031     07CF  0878               	movf	_resultado,w
  1032     07D0  0022               	movlb	2	; select bank2
  1033     07D1  008F               	movwf	15	;volatile
  1034     07D2                     l849:
  1035                           
  1036                           ;main.c: 28:         if(PORTAbits.RA0 == 1 && PORTAbits.RA1 == 1 && PORTAbits.RA2 == 0){
  1037     07D2  0020               	movlb	0	; select bank0
  1038     07D3  1C0C               	btfss	12,0	;volatile
  1039     07D4  2FD6               	goto	u391
  1040     07D5  2FD7               	goto	u390
  1041     07D6                     u391:
  1042     07D6  2F7F               	goto	l811
  1043     07D7                     u390:
  1044     07D7                     l851:
  1045     07D7  1C8C               	btfss	12,1	;volatile
  1046     07D8  2FDA               	goto	u401
  1047     07D9  2FDB               	goto	u400
  1048     07DA                     u401:
  1049     07DA  2F7F               	goto	l811
  1050     07DB                     u400:
  1051     07DB                     l853:
  1052     07DB  190C               	btfsc	12,2	;volatile
  1053     07DC  2FDE               	goto	u411
  1054     07DD  2FDF               	goto	u410
  1055     07DE                     u411:
  1056     07DE  2F7F               	goto	l811
  1057     07DF                     u410:
  1058     07DF                     l855:
  1059                           
  1060                           ;main.c: 29:             if(nibble1 > nibble2){
  1061     07DF  0877               	movf	_nibble1,w
  1062     07E0  0276               	subwf	_nibble2,w
  1063     07E1  1803               	skipnc
  1064     07E2  2FE4               	goto	u421
  1065     07E3  2FE5               	goto	u420
  1066     07E4                     u421:
  1067     07E4  2FED               	goto	l859
  1068     07E5                     u420:
  1069     07E5                     l857:
  1070                           
  1071                           ;main.c: 30:                 resultado = nibble1 / nibble2;
  1072     07E5  0876               	movf	_nibble2,w
  1073     07E6  00F0               	movwf	___lbdiv@divisor
  1074     07E7  0877               	movf	_nibble1,w
  1075     07E8  3187  2753  3187   	fcall	___lbdiv
  1076     07EB  00F8               	movwf	_resultado
  1077                           
  1078                           ;main.c: 31:             }else{
  1079     07EC  2FF4               	goto	l861
  1080     07ED                     l859:
  1081                           
  1082                           ;main.c: 32:                 resultado = nibble2 / nibble1;
  1083     07ED  0877               	movf	_nibble1,w
  1084     07EE  00F0               	movwf	___lbdiv@divisor
  1085     07EF  0876               	movf	_nibble2,w
  1086     07F0  3187  2753  3187   	fcall	___lbdiv
  1087     07F3  00F8               	movwf	_resultado
  1088     07F4                     l861:
  1089                           
  1090                           ;main.c: 34:             LATD = resultado;
  1091     07F4  0878               	movf	_resultado,w
  1092     07F5  0022               	movlb	2	; select bank2
  1093     07F6  008F               	movwf	15	;volatile
  1094     07F7                     l863:
  1095                           
  1096                           ;main.c: 35:             LATD = resultado;
  1097     07F7  0878               	movf	_resultado,w
  1098     07F8  008F               	movwf	15	;volatile
  1099     07F9  2F7F               	goto	l811
  1100     07FA  3180  2802         	ljmp	start
  1101     07FC                     __end_of_main:
  1102                           
  1103                           	psect	text1
  1104     072C                     __ptext1:	
  1105 ;; *************** function _init_punto12 *****************
  1106 ;; Defined at:
  1107 ;;		line 5 in file "punto12.c"
  1108 ;; Parameters:    Size  Location     Type
  1109 ;;		None
  1110 ;; Auto vars:     Size  Location     Type
  1111 ;;		None
  1112 ;; Return value:  Size  Location     Type
  1113 ;;                  1    wreg      void 
  1114 ;; Registers used:
  1115 ;;		wreg, status,2
  1116 ;; Tracked objects:
  1117 ;;		On entry : 0/0
  1118 ;;		On exit  : 0/0
  1119 ;;		Unchanged: 0/0
  1120 ;; Data sizes:     COMMON   BANK0   BANK1   BANK2   BANK3   BANK4   BANK5   BANK6   BANK7   BANK8   BANK9  BANK10  BANK1
      +1  BANK12
  1121 ;;      Params:         0       0       0       0       0       0       0       0       0       0       0       0       
      +0       0
  1122 ;;      Locals:         0       0       0       0       0       0       0       0       0       0       0       0       
      +0       0
  1123 ;;      Temps:          0       0       0       0       0       0       0       0       0       0       0       0       
      +0       0
  1124 ;;      Totals:         0       0       0       0       0       0       0       0       0       0       0       0       
      +0       0
  1125 ;;Total ram usage:        0 bytes
  1126 ;; Hardware stack levels used: 1
  1127 ;; This function calls:
  1128 ;;		Nothing
  1129 ;; This function is called by:
  1130 ;;		_main
  1131 ;; This function uses a non-reentrant model
  1132 ;;
  1133                           
  1134     072C                     _init_punto12:	
  1135                           ;psect for function _init_punto12
  1136                           
  1137     072C                     l653:	
  1138                           ;incstack = 0
  1139                           ; Regs used in _init_punto12: [wreg+status,2]
  1140                           
  1141                           
  1142                           ;punto12.c: 6:     TRISB = 0xFF;
  1143     072C  30FF               	movlw	255
  1144     072D  0021               	movlb	1	; select bank1
  1145     072E  008D               	movwf	13	;volatile
  1146     072F                     l655:
  1147                           
  1148                           ;punto12.c: 7:     ANSELB = 0x00;
  1149     072F  0023               	movlb	3	; select bank3
  1150     0730  018D               	clrf	13	;volatile
  1151     0731                     l657:
  1152                           
  1153                           ;punto12.c: 9:     TRISD = 0x00;
  1154     0731  0021               	movlb	1	; select bank1
  1155     0732  018F               	clrf	15	;volatile
  1156     0733                     l659:
  1157                           
  1158                           ;punto12.c: 10:     LATD = 0x00;
  1159     0733  0022               	movlb	2	; select bank2
  1160     0734  018F               	clrf	15	;volatile
  1161     0735                     l661:
  1162                           
  1163                           ;punto12.c: 12:     TRISAbits.TRISA0 = 1;
  1164     0735  0021               	movlb	1	; select bank1
  1165     0736  140C               	bsf	12,0	;volatile
  1166     0737                     l663:
  1167                           
  1168                           ;punto12.c: 13:     TRISAbits.TRISA1 = 1;
  1169     0737  148C               	bsf	12,1	;volatile
  1170     0738                     l665:
  1171                           
  1172                           ;punto12.c: 14:     TRISAbits.TRISA2 = 1;
  1173     0738  150C               	bsf	12,2	;volatile
  1174     0739                     l667:
  1175                           
  1176                           ;punto12.c: 16:     ANSELAbits.ANSA0 = 0;
  1177     0739  0023               	movlb	3	; select bank3
  1178     073A  100C               	bcf	12,0	;volatile
  1179     073B                     l669:
  1180                           
  1181                           ;punto12.c: 17:     ANSELAbits.ANSA1 = 0;
  1182     073B  108C               	bcf	12,1	;volatile
  1183     073C                     l671:
  1184                           
  1185                           ;punto12.c: 18:     ANSELAbits.ANSA2 = 0;
  1186     073C  110C               	bcf	12,2	;volatile
  1187     073D                     l15:
  1188     073D  0008               	return
  1189     073E                     __end_of_init_punto12:
  1190                           
  1191                           	psect	text2
  1192     0753                     __ptext2:	
  1193 ;; *************** function ___lbdiv *****************
  1194 ;; Defined at:
  1195 ;;		line 4 in file "C:\Program Files\Microchip\xc8\v2.41\pic\sources\c99\common\lbdiv.c"
  1196 ;; Parameters:    Size  Location     Type
  1197 ;;  dividend        1    wreg     unsigned char 
  1198 ;;  divisor         1    0[COMMON] unsigned char 
  1199 ;; Auto vars:     Size  Location     Type
  1200 ;;  dividend        1    2[COMMON] unsigned char 
  1201 ;;  quotient        1    4[COMMON] unsigned char 
  1202 ;;  counter         1    3[COMMON] unsigned char 
  1203 ;; Return value:  Size  Location     Type
  1204 ;;                  1    wreg      unsigned char 
  1205 ;; Registers used:
  1206 ;;		wreg, status,2, status,0
  1207 ;; Tracked objects:
  1208 ;;		On entry : 0/0
  1209 ;;		On exit  : 0/0
  1210 ;;		Unchanged: 0/0
  1211 ;; Data sizes:     COMMON   BANK0   BANK1   BANK2   BANK3   BANK4   BANK5   BANK6   BANK7   BANK8   BANK9  BANK10  BANK1
      +1  BANK12
  1212 ;;      Params:         1       0       0       0       0       0       0       0       0       0       0       0       
      +0       0
  1213 ;;      Locals:         3       0       0       0       0       0       0       0       0       0       0       0       
      +0       0
  1214 ;;      Temps:          1       0       0       0       0       0       0       0       0       0       0       0       
      +0       0
  1215 ;;      Totals:         5       0       0       0       0       0       0       0       0       0       0       0       
      +0       0
  1216 ;;Total ram usage:        5 bytes
  1217 ;; Hardware stack levels used: 1
  1218 ;; This function calls:
  1219 ;;		Nothing
  1220 ;; This function is called by:
  1221 ;;		_main
  1222 ;; This function uses a non-reentrant model
  1223 ;;
  1224                           
  1225     0753                     ___lbdiv:	
  1226                           ;psect for function ___lbdiv
  1227                           
  1228                           
  1229                           ;incstack = 0
  1230                           ; Regs used in ___lbdiv: [wreg+status,2+status,0]
  1231                           ;___lbdiv@dividend stored from wreg
  1232     0753  00F2               	movwf	___lbdiv@dividend
  1233     0754                     l783:
  1234     0754  01F4               	clrf	___lbdiv@quotient
  1235     0755                     l785:
  1236     0755  0870               	movf	___lbdiv@divisor,w
  1237     0756  1903               	btfsc	3,2
  1238     0757  2F59               	goto	u241
  1239     0758  2F5A               	goto	u240
  1240     0759                     u241:
  1241     0759  2F7A               	goto	l805
  1242     075A                     u240:
  1243     075A                     l787:
  1244     075A  01F3               	clrf	___lbdiv@counter
  1245     075B  0AF3               	incf	___lbdiv@counter,f
  1246     075C  2F63               	goto	l793
  1247     075D                     l789:
  1248     075D  1003               	clrc
  1249     075E  0DF0               	rlf	___lbdiv@divisor,f
  1250     075F                     l791:
  1251     075F  3001               	movlw	1
  1252     0760  00F1               	movwf	??___lbdiv
  1253     0761  0871               	movf	??___lbdiv,w
  1254     0762  07F3               	addwf	___lbdiv@counter,f
  1255     0763                     l793:
  1256     0763  1FF0               	btfss	___lbdiv@divisor,7
  1257     0764  2F66               	goto	u251
  1258     0765  2F67               	goto	u250
  1259     0766                     u251:
  1260     0766  2F5D               	goto	l789
  1261     0767                     u250:
  1262     0767                     l795:
  1263     0767  1003               	clrc
  1264     0768  0DF4               	rlf	___lbdiv@quotient,f
  1265     0769  0870               	movf	___lbdiv@divisor,w
  1266     076A  0272               	subwf	___lbdiv@dividend,w
  1267     076B  1C03               	skipc
  1268     076C  2F6E               	goto	u261
  1269     076D  2F6F               	goto	u260
  1270     076E                     u261:
  1271     076E  2F72               	goto	l801
  1272     076F                     u260:
  1273     076F                     l797:
  1274     076F  0870               	movf	___lbdiv@divisor,w
  1275     0770  02F2               	subwf	___lbdiv@dividend,f
  1276     0771                     l799:
  1277     0771  1474               	bsf	___lbdiv@quotient,0
  1278     0772                     l801:
  1279     0772  1003               	clrc
  1280     0773  0CF0               	rrf	___lbdiv@divisor,f
  1281     0774                     l803:
  1282     0774  3001               	movlw	1
  1283     0775  02F3               	subwf	___lbdiv@counter,f
  1284     0776  1D03               	btfss	3,2
  1285     0777  2F79               	goto	u271
  1286     0778  2F7A               	goto	u270
  1287     0779                     u271:
  1288     0779  2F67               	goto	l795
  1289     077A                     u270:
  1290     077A                     l805:
  1291     077A  0874               	movf	___lbdiv@quotient,w
  1292     077B                     l409:
  1293     077B  0008               	return
  1294     077C                     __end_of___lbdiv:
  1295                           
  1296                           	psect	text3
  1297     073E                     __ptext3:	
  1298 ;; *************** function ___bmul *****************
  1299 ;; Defined at:
  1300 ;;		line 4 in file "C:\Program Files\Microchip\xc8\v2.41\pic\sources\c99\common\Umul8.c"
  1301 ;; Parameters:    Size  Location     Type
  1302 ;;  multiplier      1    wreg     unsigned char 
  1303 ;;  multiplicand    1    0[COMMON] unsigned char 
  1304 ;; Auto vars:     Size  Location     Type
  1305 ;;  multiplier      1    3[COMMON] unsigned char 
  1306 ;;  product         1    2[COMMON] unsigned char 
  1307 ;; Return value:  Size  Location     Type
  1308 ;;                  1    wreg      unsigned char 
  1309 ;; Registers used:
  1310 ;;		wreg, status,2, status,0
  1311 ;; Tracked objects:
  1312 ;;		On entry : 0/0
  1313 ;;		On exit  : 0/0
  1314 ;;		Unchanged: 0/0
  1315 ;; Data sizes:     COMMON   BANK0   BANK1   BANK2   BANK3   BANK4   BANK5   BANK6   BANK7   BANK8   BANK9  BANK10  BANK1
      +1  BANK12
  1316 ;;      Params:         1       0       0       0       0       0       0       0       0       0       0       0       
      +0       0
  1317 ;;      Locals:         2       0       0       0       0       0       0       0       0       0       0       0       
      +0       0
  1318 ;;      Temps:          1       0       0       0       0       0       0       0       0       0       0       0       
      +0       0
  1319 ;;      Totals:         4       0       0       0       0       0       0       0       0       0       0       0       
      +0       0
  1320 ;;Total ram usage:        4 bytes
  1321 ;; Hardware stack levels used: 1
  1322 ;; This function calls:
  1323 ;;		Nothing
  1324 ;; This function is called by:
  1325 ;;		_main
  1326 ;; This function uses a non-reentrant model
  1327 ;;
  1328                           
  1329     073E                     ___bmul:	
  1330                           ;psect for function ___bmul
  1331                           
  1332                           
  1333                           ;incstack = 0
  1334                           ; Regs used in ___bmul: [wreg+status,2+status,0]
  1335                           ;___bmul@multiplier stored from wreg
  1336     073E  00F3               	movwf	___bmul@multiplier
  1337     073F                     l769:
  1338     073F  01F2               	clrf	___bmul@product
  1339     0740                     l771:
  1340     0740  1C73               	btfss	___bmul@multiplier,0
  1341     0741  2F43               	goto	u221
  1342     0742  2F44               	goto	u220
  1343     0743                     u221:
  1344     0743  2F48               	goto	l775
  1345     0744                     u220:
  1346     0744                     l773:
  1347     0744  0870               	movf	___bmul@multiplicand,w
  1348     0745  00F1               	movwf	??___bmul
  1349     0746  0871               	movf	??___bmul,w
  1350     0747  07F2               	addwf	___bmul@product,f
  1351     0748                     l775:
  1352     0748  1003               	clrc
  1353     0749  0DF0               	rlf	___bmul@multiplicand,f
  1354     074A                     l777:
  1355     074A  1003               	clrc
  1356     074B  0CF3               	rrf	___bmul@multiplier,f
  1357     074C  0873               	movf	___bmul@multiplier,w
  1358     074D  1D03               	btfss	3,2
  1359     074E  2F50               	goto	u231
  1360     074F  2F51               	goto	u230
  1361     0750                     u231:
  1362     0750  2F40               	goto	l771
  1363     0751                     u230:
  1364     0751                     l779:
  1365     0751  0872               	movf	___bmul@product,w
  1366     0752                     l221:
  1367     0752  0008               	return
  1368     0753                     __end_of___bmul:
  1369     007E                     btemp	set	126	;btemp
  1370     007E                     wtemp0	set	126
  1371                           
  1372                           	psect	config
  1373                           
  1374                           ;Config register CONFIG1 @ 0x8007
  1375                           ;	Oscillator Selection
  1376                           ;	FOSC = HS, HS Oscillator, High-speed crystal/resonator connected between OSC1 and OSC2
      +                           pins
  1377                           ;	Watchdog Timer Enable
  1378                           ;	WDTE = OFF, WDT disabled
  1379                           ;	Power-up Timer Enable
  1380                           ;	PWRTE = OFF, PWRT disabled
  1381                           ;	MCLR Pin Function Select
  1382                           ;	MCLRE = ON, MCLR/VPP pin function is MCLR
  1383                           ;	Flash Program Memory Code Protection
  1384                           ;	CP = OFF, Program memory code protection is disabled
  1385                           ;	Data Memory Code Protection
  1386                           ;	CPD = OFF, Data memory code protection is disabled
  1387                           ;	Brown-out Reset Enable
  1388                           ;	BOREN = ON, Brown-out Reset enabled
  1389                           ;	Clock Out Enable
  1390                           ;	CLKOUTEN = OFF, CLKOUT function is disabled. I/O or oscillator function on the CLKOUT 
      +                          pin
  1391                           ;	Internal/External Switchover
  1392                           ;	IESO = ON, Internal/External Switchover mode is enabled
  1393                           ;	Fail-Safe Clock Monitor Enable
  1394                           ;	FCMEN = ON, Fail-Safe Clock Monitor is enabled
  1395     8007                     	org	32775
  1396     8007  3FE2               	dw	16354
  1397                           
  1398                           ;Config register CONFIG2 @ 0x8008
  1399                           ;	Flash Memory Self-Write Protection
  1400                           ;	WRT = OFF, Write protection off
  1401                           ;	Voltage Regulator Capacitor Enable
  1402                           ;	VCAPEN = OFF, All VCAP pin functionality is disabled
  1403                           ;	PLL Enable
  1404                           ;	PLLEN = OFF, 4x PLL disabled
  1405                           ;	Stack Overflow/Underflow Reset Enable
  1406                           ;	STVREN = ON, Stack Overflow or Underflow will cause a Reset
  1407                           ;	Brown-out Reset Voltage Selection
  1408                           ;	BORV = LO, Brown-out Reset Voltage (Vbor), low trip point selected.
  1409                           ;	Low-Voltage Programming Enable
  1410                           ;	LVP = ON, Low-voltage programming enabled
  1411     8008                     	org	32776
  1412     8008  3EFF               	dw	16127

Data Sizes:
    Strings     0
    Constant    0
    Data        0
    BSS         1
    Persistent  34
    Stack       0

Auto Spaces:
    Space          Size  Autos    Used
    COMMON           14      6       9
    BANK0            80      0       0
    BANK1            80      0       0
    BANK2            80      0       0
    BANK3            80      0       0
    BANK4            80      0       0
    BANK5            80      0       0
    BANK6            80      0       0
    BANK7            80      0       0
    BANK8            80      0       0
    BANK9            80      0       0
    BANK10           80      0       0
    BANK11           80      0       0
    BANK12           48      0       0

Pointer List with Targets:

    None.

Critical Paths under _main in COMMON

    _main->___lbdiv

Critical Paths under _main in BANK0

    None.

Critical Paths under _main in BANK1

    None.

Critical Paths under _main in BANK2

    None.

Critical Paths under _main in BANK3

    None.

Critical Paths under _main in BANK4

    None.

Critical Paths under _main in BANK5

    None.

Critical Paths under _main in BANK6

    None.

Critical Paths under _main in BANK7

    None.

Critical Paths under _main in BANK8

    None.

Critical Paths under _main in BANK9

    None.

Critical Paths under _main in BANK10

    None.

Critical Paths under _main in BANK11

    None.

Critical Paths under _main in BANK12

    None.

Call Graph Tables:

 ---------------------------------------------------------------------------------
 (Depth) Function   	        Calls       Base Space   Used Autos Params    Refs
 ---------------------------------------------------------------------------------
 (0) _main                                                 1     1      0     482
                                              5 COMMON     1     1      0
                             ___bmul
                            ___lbdiv
                       _init_punto12
 ---------------------------------------------------------------------------------
 (1) _init_punto12                                         0     0      0       0
 ---------------------------------------------------------------------------------
 (1) ___lbdiv                                              5     4      1     314
                                              0 COMMON     5     4      1
 ---------------------------------------------------------------------------------
 (1) ___bmul                                               4     3      1     168
                                              0 COMMON     4     3      1
 ---------------------------------------------------------------------------------
 Estimated maximum stack depth 1
 ---------------------------------------------------------------------------------

 Call Graph Graphs:

 _main (ROOT)
   ___bmul
   ___lbdiv
   _init_punto12

 Address spaces:
Name               Size   Autos  Total    Cost      Usage
BIGRAM             3F0      0       0       0        0.0%
EEDATA             100      0       0       0        0.0%
NULL                 0      0       0       0        0.0%
CODE                 0      0       0       0        0.0%
BITCOMMON            E      0       0       1        0.0%
BITSFR0              0      0       0       1        0.0%
SFR0                 0      0       0       1        0.0%
COMMON               E      6       9       2       64.3%
BITSFR1              0      0       0       2        0.0%
SFR1                 0      0       0       2        0.0%
BITSFR2              0      0       0       3        0.0%
SFR2                 0      0       0       3        0.0%
STACK                0      0       0       3        0.0%
BITBANK0            50      0       0       4        0.0%
BITSFR3              0      0       0       4        0.0%
SFR3                 0      0       0       4        0.0%
BANK0               50      0       0       5        0.0%
BITSFR4              0      0       0       5        0.0%
SFR4                 0      0       0       5        0.0%
BITBANK1            50      0       0       6        0.0%
BITSFR5              0      0       0       6        0.0%
SFR5                 0      0       0       6        0.0%
BANK1               50      0       0       7        0.0%
BITSFR6              0      0       0       7        0.0%
SFR6                 0      0       0       7        0.0%
BITBANK2            50      0       0       8        0.0%
BITSFR7              0      0       0       8        0.0%
SFR7                 0      0       0       8        0.0%
BANK2               50      0       0       9        0.0%
BITSFR8              0      0       0       9        0.0%
SFR8                 0      0       0       9        0.0%
BITBANK3            50      0       0      10        0.0%
BITSFR9              0      0       0      10        0.0%
SFR9                 0      0       0      10        0.0%
BANK3               50      0       0      11        0.0%
BITSFR10             0      0       0      11        0.0%
SFR10                0      0       0      11        0.0%
BITBANK4            50      0       0      12        0.0%
BITSFR11             0      0       0      12        0.0%
SFR11                0      0       0      12        0.0%
BANK4               50      0       0      13        0.0%
BITSFR12             0      0       0      13        0.0%
SFR12                0      0       0      13        0.0%
BITBANK5            50      0       0      14        0.0%
BITSFR13             0      0       0      14        0.0%
SFR13                0      0       0      14        0.0%
BANK5               50      0       0      15        0.0%
BITSFR14             0      0       0      15        0.0%
SFR14                0      0       0      15        0.0%
BITBANK6            50      0       0      16        0.0%
BITSFR15             0      0       0      16        0.0%
SFR15                0      0       0      16        0.0%
BANK6               50      0       0      17        0.0%
BITSFR16             0      0       0      17        0.0%
SFR16                0      0       0      17        0.0%
BITBANK7            50      0       0      18        0.0%
BITSFR17             0      0       0      18        0.0%
SFR17                0      0       0      18        0.0%
BANK7               50      0       0      19        0.0%
BITSFR18             0      0       0      19        0.0%
SFR18                0      0       0      19        0.0%
BITSFR19             0      0       0      20        0.0%
SFR19                0      0       0      20        0.0%
ABS                  0      0       9      20        0.0%
BITBANK8            50      0       0      21        0.0%
BITSFR20             0      0       0      21        0.0%
SFR20                0      0       0      21        0.0%
BANK8               50      0       0      22        0.0%
BITSFR21             0      0       0      22        0.0%
SFR21                0      0       0      22        0.0%
BITBANK9            50      0       0      23        0.0%
BITSFR22             0      0       0      23        0.0%
SFR22                0      0       0      23        0.0%
BANK9               50      0       0      24        0.0%
BITSFR23             0      0       0      24        0.0%
SFR23                0      0       0      24        0.0%
BITBANK10           50      0       0      25        0.0%
BITSFR24             0      0       0      25        0.0%
SFR24                0      0       0      25        0.0%
BANK10              50      0       0      26        0.0%
BITSFR25             0      0       0      26        0.0%
SFR25                0      0       0      26        0.0%
BITBANK11           50      0       0      27        0.0%
BITSFR26             0      0       0      27        0.0%
SFR26                0      0       0      27        0.0%
BANK11              50      0       0      28        0.0%
BITSFR27             0      0       0      28        0.0%
SFR27                0      0       0      28        0.0%
BITBANK12           30      0       0      29        0.0%
BITSFR28             0      0       0      29        0.0%
SFR28                0      0       0      29        0.0%
BANK12              30      0       0      30        0.0%
BITSFR29             0      0       0      30        0.0%
SFR29                0      0       0      30        0.0%
BITSFR30             0      0       0      31        0.0%
SFR30                0      0       0      31        0.0%
DATA                 0      0       9      31        0.0%
BITSFR31             0      0       0      32        0.0%
SFR31                0      0       0      32        0.0%


Microchip Technology PIC Macro Assembler V2.41 build 20230208172133 
Symbol Table                                                                                   Wed Aug 30 20:15:25 2023

         ___bmul@product 0072                       l15 073D                      l221 0752  
                    l409 077B                      l801 0772                      l803 0774  
                    l811 077F                      l805 077A                      l661 0735  
                    l653 072C                      l821 0798                      l813 0783  
                    l671 073C                      l663 0737                      l655 072F  
                    l831 07AB                      l823 079B                      l815 078C  
                    l665 0738                      l657 0731                      l841 07C0  
                    l833 07B1                      l817 0790                      l825 079E  
                    l809 077C                      l771 0740                      l667 0739  
                    l659 0733                      l851 07D7                      l843 07C4  
                    l835 07B5                      l827 07A3                      l819 0794  
                    l773 0744                      l669 073B                      l861 07F4  
                    l853 07DB                      l845 07C8                      l837 07B8  
                    l829 07A7                      l775 0748                      l791 075F  
                    l783 0754                      l863 07F7                      l855 07DF  
                    l847 07CF                      l839 07BB                      l777 074A  
                    l769 073F                      l793 0763                      l785 0755  
                    l857 07E5                      l849 07D2                      l779 0751  
                    l795 0767                      l787 075A                      l859 07ED  
                    l797 076F                      l789 075D                      l799 0771  
                    u220 0744                      u300 0794                      u221 0743  
                    u301 0793                      u230 0751                      u310 0798  
                    u231 0750                      u311 0797                      u240 075A  
                    u400 07DB                      u320 07A3                      u241 0759  
                    u401 07DA                      u321 07A2                      u250 0767  
                    u410 07DF                      u330 07A7                      u251 0766  
                    u411 07DE                      u331 07A6                      u260 076F  
                    u420 07E5                      u340 07AB                      u261 076E  
                    u421 07E4                      u341 07AA                      u270 077A  
                    u350 07B1                      u271 0779                      u351 07B0  
                    u360 07C0                      u361 07BF                      u370 07C4  
                    u290 0790                      u371 07C3                      u291 078F  
                    u380 07C8                      u381 07C7                      u285 0786  
                    u390 07D7                      u391 07D6                      wreg 0009  
                   _LATD 010F                     _main 077C                     btemp 007E  
                   start 0002        ___bmul@multiplier 0073                    ?_main 0070  
        __end_of___lbdiv 077C                    _PORTB 000D                    _TRISB 008D  
                  _TRISD 008F                    status 0003                    wtemp0 007E  
        ___lbdiv@divisor 0070          ___lbdiv@counter 0073          __initialization 07FC  
           __end_of_main 07FC                   ??_main 0075                   _ANSELB 018D  
          ?_init_punto12 0070                   ___bmul 073E                ??___lbdiv 0071  
       ___lbdiv@dividend 0072  __end_of__initialization 07FD           ??_init_punto12 0070  
    ___bmul@multiplicand 0070           __pcstackCOMMON 0070         ___lbdiv@quotient 0074  
             __pnvCOMMON 0076               __pmaintext 077C                  ?___bmul 0070  
                ___lbdiv 0753                  __ptext1 072C                  __ptext2 0753  
                __ptext3 073E                  _nibble1 0077                  _nibble2 0076  
   __end_of_init_punto12 073E     end_of_initialization 07FD                _PORTAbits 000C  
              _TRISAbits 008C           __end_of___bmul 0753      start_initialization 07FC  
               ??___bmul 0071              __pbssCOMMON 0078                ___latbits 0003  
           _init_punto12 072C                 ?___lbdiv 0070                _resultado 0078  
             _ANSELAbits 018C  
