

Microchip MPLAB XC8 Assembler V2.41 build 20230208172133 
                                                                                               Wed Aug 30 19:19:23 2023

Microchip MPLAB XC8 C Compiler v2.41 (Free license) build 20230208172133 Og1 
     1                           	processor	16F1939
     2                           	pagewidth 120
     3                           	opt	flic
     4                           	psect	cinit,global,class=CODE,merge=1,delta=2
     5                           	psect	bssCOMMON,global,class=COMMON,space=1,delta=1,noexec
     6                           	psect	cstackCOMMON,global,class=COMMON,space=1,delta=1,noexec
     7                           	psect	maintext,global,class=CODE,merge=1,split=1,delta=2
     8                           	psect	text1,local,class=CODE,merge=1,delta=2
     9                           	psect	text2,local,class=CODE,merge=1,delta=2
    10                           	psect	text3,local,class=CODE,merge=1,delta=2
    11                           	psect	config,global,abs,ovrld,class=CONFIG,space=4,delta=2,noexec
    12                           	dabs	1,0x7E,2
    13     0000                     
    14                           ; Generated 06/07/2023 GMT
    15                           ; 
    16                           ; Copyright © 2023, Microchip Technology Inc. and its subsidiaries ("Microchip")
    17                           ; All rights reserved.
    18                           ; 
    19                           ; This software is developed by Microchip Technology Inc. and its subsidiaries ("Microch
      +                          ip").
    20                           ; 
    21                           ; Redistribution and use in source and binary forms, with or without modification, are
    22                           ; permitted provided that the following conditions are met:
    23                           ; 
    24                           ;     1. Redistributions of source code must retain the above copyright notice, this lis
      +                          t of
    25                           ;        conditions and the following disclaimer.
    26                           ; 
    27                           ;     2. Redistributions in binary form must reproduce the above copyright notice, this 
      +                          list
    28                           ;        of conditions and the following disclaimer in the documentation and/or other
    29                           ;        materials provided with the distribution. Publication is not required when
    30                           ;        this file is used in an embedded application.
    31                           ; 
    32                           ;     3. Microchip's name may not be used to endorse or promote products derived from th
      +                          is
    33                           ;        software without specific prior written permission.
    34                           ; 
    35                           ; THIS SOFTWARE IS PROVIDED BY MICROCHIP "AS IS" AND ANY EXPRESS OR IMPLIED WARRANTIES,
    36                           ; INCLUDING, BUT NOT LIMITED TO, THE IMPLIED WARRANTIES OF MERCHANTABILITY AND FITNESS F
      +                          OR
    37                           ; PURPOSE ARE DISCLAIMED.  IN NO EVENT SHALL MICROCHIP BE LIABLE FOR ANY DIRECT, INDIREC
      +                          T,
    38                           ; INCIDENTAL, SPECIAL, EXEMPLARY, OR CONSEQUENTIAL DAMAGES (INCLUDING BUT NOT LIMITED TO
    39                           ; PROCUREMENT OF SUBSTITUTE GOODS OR SERVICES; LOSS OF USE, DATA OR PROFITS; OR BUSINESS
    40                           ; INTERRUPTION) HOWSOEVER CAUSED AND ON ANY THEORY OF LIABILITY, WHETHER IN CONTRACT, ST
      +                          RICT
    41                           ; LIABILITY, OR TORT (INCLUDING NEGLIGENCE OR OTHERWISE) ARISING IN ANY WAY OUT OF THE U
      +                          SE OF
    42                           ; THIS SOFTWARE, EVEN IF ADVISED OF THE POSSIBILITY OF SUCH DAMAGE.
    43                           ; 
    44                           ; 
    45                           ; Code-generator required, PIC16F1939 Definitions
    46                           ; 
    47                           ; SFR Addresses
    48     0000                     	;# 
    49     0001                     	;# 
    50     0002                     	;# 
    51     0003                     	;# 
    52     0004                     	;# 
    53     0005                     	;# 
    54     0006                     	;# 
    55     0007                     	;# 
    56     0008                     	;# 
    57     0009                     	;# 
    58     000A                     	;# 
    59     000B                     	;# 
    60     000C                     	;# 
    61     000D                     	;# 
    62     000E                     	;# 
    63     000F                     	;# 
    64     0010                     	;# 
    65     0011                     	;# 
    66     0012                     	;# 
    67     0013                     	;# 
    68     0015                     	;# 
    69     0016                     	;# 
    70     0016                     	;# 
    71     0017                     	;# 
    72     0018                     	;# 
    73     0019                     	;# 
    74     001A                     	;# 
    75     001B                     	;# 
    76     001C                     	;# 
    77     001E                     	;# 
    78     001F                     	;# 
    79     008C                     	;# 
    80     008D                     	;# 
    81     008E                     	;# 
    82     008F                     	;# 
    83     0090                     	;# 
    84     0091                     	;# 
    85     0092                     	;# 
    86     0093                     	;# 
    87     0095                     	;# 
    88     0096                     	;# 
    89     0097                     	;# 
    90     0098                     	;# 
    91     0099                     	;# 
    92     009A                     	;# 
    93     009B                     	;# 
    94     009B                     	;# 
    95     009C                     	;# 
    96     009D                     	;# 
    97     009E                     	;# 
    98     010C                     	;# 
    99     010D                     	;# 
   100     010E                     	;# 
   101     010F                     	;# 
   102     0110                     	;# 
   103     0111                     	;# 
   104     0112                     	;# 
   105     0113                     	;# 
   106     0114                     	;# 
   107     0115                     	;# 
   108     0116                     	;# 
   109     0117                     	;# 
   110     0118                     	;# 
   111     0119                     	;# 
   112     011A                     	;# 
   113     011B                     	;# 
   114     011D                     	;# 
   115     018C                     	;# 
   116     018D                     	;# 
   117     018F                     	;# 
   118     0190                     	;# 
   119     0191                     	;# 
   120     0191                     	;# 
   121     0192                     	;# 
   122     0193                     	;# 
   123     0193                     	;# 
   124     0193                     	;# 
   125     0194                     	;# 
   126     0195                     	;# 
   127     0196                     	;# 
   128     0199                     	;# 
   129     019A                     	;# 
   130     019B                     	;# 
   131     019B                     	;# 
   132     019B                     	;# 
   133     019B                     	;# 
   134     019C                     	;# 
   135     019C                     	;# 
   136     019D                     	;# 
   137     019E                     	;# 
   138     019F                     	;# 
   139     020D                     	;# 
   140     0210                     	;# 
   141     0211                     	;# 
   142     0212                     	;# 
   143     0213                     	;# 
   144     0214                     	;# 
   145     0215                     	;# 
   146     0215                     	;# 
   147     0216                     	;# 
   148     0217                     	;# 
   149     0291                     	;# 
   150     0291                     	;# 
   151     0292                     	;# 
   152     0293                     	;# 
   153     0294                     	;# 
   154     0295                     	;# 
   155     0295                     	;# 
   156     0296                     	;# 
   157     0298                     	;# 
   158     0298                     	;# 
   159     0299                     	;# 
   160     029A                     	;# 
   161     029B                     	;# 
   162     029C                     	;# 
   163     029C                     	;# 
   164     029D                     	;# 
   165     029E                     	;# 
   166     029F                     	;# 
   167     0311                     	;# 
   168     0311                     	;# 
   169     0312                     	;# 
   170     0313                     	;# 
   171     0314                     	;# 
   172     0315                     	;# 
   173     0315                     	;# 
   174     0316                     	;# 
   175     0318                     	;# 
   176     0318                     	;# 
   177     0319                     	;# 
   178     031A                     	;# 
   179     031C                     	;# 
   180     031C                     	;# 
   181     031D                     	;# 
   182     031E                     	;# 
   183     0394                     	;# 
   184     0395                     	;# 
   185     0396                     	;# 
   186     0415                     	;# 
   187     0416                     	;# 
   188     0417                     	;# 
   189     041C                     	;# 
   190     041D                     	;# 
   191     041E                     	;# 
   192     0791                     	;# 
   193     0792                     	;# 
   194     0793                     	;# 
   195     0794                     	;# 
   196     0795                     	;# 
   197     0798                     	;# 
   198     0799                     	;# 
   199     079A                     	;# 
   200     07A0                     	;# 
   201     07A1                     	;# 
   202     07A2                     	;# 
   203     07A3                     	;# 
   204     07A4                     	;# 
   205     07A5                     	;# 
   206     07A6                     	;# 
   207     07A7                     	;# 
   208     07A8                     	;# 
   209     07A9                     	;# 
   210     07AA                     	;# 
   211     07AB                     	;# 
   212     0FE4                     	;# 
   213     0FE5                     	;# 
   214     0FE6                     	;# 
   215     0FE7                     	;# 
   216     0FE8                     	;# 
   217     0FE9                     	;# 
   218     0FEA                     	;# 
   219     0FEB                     	;# 
   220     0FED                     	;# 
   221     0FEE                     	;# 
   222     0FEF                     	;# 
   223     0000                     	;# 
   224     0001                     	;# 
   225     0002                     	;# 
   226     0003                     	;# 
   227     0004                     	;# 
   228     0005                     	;# 
   229     0006                     	;# 
   230     0007                     	;# 
   231     0008                     	;# 
   232     0009                     	;# 
   233     000A                     	;# 
   234     000B                     	;# 
   235     000C                     	;# 
   236     000D                     	;# 
   237     000E                     	;# 
   238     000F                     	;# 
   239     0010                     	;# 
   240     0011                     	;# 
   241     0012                     	;# 
   242     0013                     	;# 
   243     0015                     	;# 
   244     0016                     	;# 
   245     0016                     	;# 
   246     0017                     	;# 
   247     0018                     	;# 
   248     0019                     	;# 
   249     001A                     	;# 
   250     001B                     	;# 
   251     001C                     	;# 
   252     001E                     	;# 
   253     001F                     	;# 
   254     008C                     	;# 
   255     008D                     	;# 
   256     008E                     	;# 
   257     008F                     	;# 
   258     0090                     	;# 
   259     0091                     	;# 
   260     0092                     	;# 
   261     0093                     	;# 
   262     0095                     	;# 
   263     0096                     	;# 
   264     0097                     	;# 
   265     0098                     	;# 
   266     0099                     	;# 
   267     009A                     	;# 
   268     009B                     	;# 
   269     009B                     	;# 
   270     009C                     	;# 
   271     009D                     	;# 
   272     009E                     	;# 
   273     010C                     	;# 
   274     010D                     	;# 
   275     010E                     	;# 
   276     010F                     	;# 
   277     0110                     	;# 
   278     0111                     	;# 
   279     0112                     	;# 
   280     0113                     	;# 
   281     0114                     	;# 
   282     0115                     	;# 
   283     0116                     	;# 
   284     0117                     	;# 
   285     0118                     	;# 
   286     0119                     	;# 
   287     011A                     	;# 
   288     011B                     	;# 
   289     011D                     	;# 
   290     018C                     	;# 
   291     018D                     	;# 
   292     018F                     	;# 
   293     0190                     	;# 
   294     0191                     	;# 
   295     0191                     	;# 
   296     0192                     	;# 
   297     0193                     	;# 
   298     0193                     	;# 
   299     0193                     	;# 
   300     0194                     	;# 
   301     0195                     	;# 
   302     0196                     	;# 
   303     0199                     	;# 
   304     019A                     	;# 
   305     019B                     	;# 
   306     019B                     	;# 
   307     019B                     	;# 
   308     019B                     	;# 
   309     019C                     	;# 
   310     019C                     	;# 
   311     019D                     	;# 
   312     019E                     	;# 
   313     019F                     	;# 
   314     020D                     	;# 
   315     0210                     	;# 
   316     0211                     	;# 
   317     0212                     	;# 
   318     0213                     	;# 
   319     0214                     	;# 
   320     0215                     	;# 
   321     0215                     	;# 
   322     0216                     	;# 
   323     0217                     	;# 
   324     0291                     	;# 
   325     0291                     	;# 
   326     0292                     	;# 
   327     0293                     	;# 
   328     0294                     	;# 
   329     0295                     	;# 
   330     0295                     	;# 
   331     0296                     	;# 
   332     0298                     	;# 
   333     0298                     	;# 
   334     0299                     	;# 
   335     029A                     	;# 
   336     029B                     	;# 
   337     029C                     	;# 
   338     029C                     	;# 
   339     029D                     	;# 
   340     029E                     	;# 
   341     029F                     	;# 
   342     0311                     	;# 
   343     0311                     	;# 
   344     0312                     	;# 
   345     0313                     	;# 
   346     0314                     	;# 
   347     0315                     	;# 
   348     0315                     	;# 
   349     0316                     	;# 
   350     0318                     	;# 
   351     0318                     	;# 
   352     0319                     	;# 
   353     031A                     	;# 
   354     031C                     	;# 
   355     031C                     	;# 
   356     031D                     	;# 
   357     031E                     	;# 
   358     0394                     	;# 
   359     0395                     	;# 
   360     0396                     	;# 
   361     0415                     	;# 
   362     0416                     	;# 
   363     0417                     	;# 
   364     041C                     	;# 
   365     041D                     	;# 
   366     041E                     	;# 
   367     0791                     	;# 
   368     0792                     	;# 
   369     0793                     	;# 
   370     0794                     	;# 
   371     0795                     	;# 
   372     0798                     	;# 
   373     0799                     	;# 
   374     079A                     	;# 
   375     07A0                     	;# 
   376     07A1                     	;# 
   377     07A2                     	;# 
   378     07A3                     	;# 
   379     07A4                     	;# 
   380     07A5                     	;# 
   381     07A6                     	;# 
   382     07A7                     	;# 
   383     07A8                     	;# 
   384     07A9                     	;# 
   385     07AA                     	;# 
   386     07AB                     	;# 
   387     0FE4                     	;# 
   388     0FE5                     	;# 
   389     0FE6                     	;# 
   390     0FE7                     	;# 
   391     0FE8                     	;# 
   392     0FE9                     	;# 
   393     0FEA                     	;# 
   394     0FEB                     	;# 
   395     0FED                     	;# 
   396     0FEE                     	;# 
   397     0FEF                     	;# 
   398     0000                     	;# 
   399     0001                     	;# 
   400     0002                     	;# 
   401     0003                     	;# 
   402     0004                     	;# 
   403     0005                     	;# 
   404     0006                     	;# 
   405     0007                     	;# 
   406     0008                     	;# 
   407     0009                     	;# 
   408     000A                     	;# 
   409     000B                     	;# 
   410     000C                     	;# 
   411     000D                     	;# 
   412     000E                     	;# 
   413     000F                     	;# 
   414     0010                     	;# 
   415     0011                     	;# 
   416     0012                     	;# 
   417     0013                     	;# 
   418     0015                     	;# 
   419     0016                     	;# 
   420     0016                     	;# 
   421     0017                     	;# 
   422     0018                     	;# 
   423     0019                     	;# 
   424     001A                     	;# 
   425     001B                     	;# 
   426     001C                     	;# 
   427     001E                     	;# 
   428     001F                     	;# 
   429     008C                     	;# 
   430     008D                     	;# 
   431     008E                     	;# 
   432     008F                     	;# 
   433     0090                     	;# 
   434     0091                     	;# 
   435     0092                     	;# 
   436     0093                     	;# 
   437     0095                     	;# 
   438     0096                     	;# 
   439     0097                     	;# 
   440     0098                     	;# 
   441     0099                     	;# 
   442     009A                     	;# 
   443     009B                     	;# 
   444     009B                     	;# 
   445     009C                     	;# 
   446     009D                     	;# 
   447     009E                     	;# 
   448     010C                     	;# 
   449     010D                     	;# 
   450     010E                     	;# 
   451     010F                     	;# 
   452     0110                     	;# 
   453     0111                     	;# 
   454     0112                     	;# 
   455     0113                     	;# 
   456     0114                     	;# 
   457     0115                     	;# 
   458     0116                     	;# 
   459     0117                     	;# 
   460     0118                     	;# 
   461     0119                     	;# 
   462     011A                     	;# 
   463     011B                     	;# 
   464     011D                     	;# 
   465     018C                     	;# 
   466     018D                     	;# 
   467     018F                     	;# 
   468     0190                     	;# 
   469     0191                     	;# 
   470     0191                     	;# 
   471     0192                     	;# 
   472     0193                     	;# 
   473     0193                     	;# 
   474     0193                     	;# 
   475     0194                     	;# 
   476     0195                     	;# 
   477     0196                     	;# 
   478     0199                     	;# 
   479     019A                     	;# 
   480     019B                     	;# 
   481     019B                     	;# 
   482     019B                     	;# 
   483     019B                     	;# 
   484     019C                     	;# 
   485     019C                     	;# 
   486     019D                     	;# 
   487     019E                     	;# 
   488     019F                     	;# 
   489     020D                     	;# 
   490     0210                     	;# 
   491     0211                     	;# 
   492     0212                     	;# 
   493     0213                     	;# 
   494     0214                     	;# 
   495     0215                     	;# 
   496     0215                     	;# 
   497     0216                     	;# 
   498     0217                     	;# 
   499     0291                     	;# 
   500     0291                     	;# 
   501     0292                     	;# 
   502     0293                     	;# 
   503     0294                     	;# 
   504     0295                     	;# 
   505     0295                     	;# 
   506     0296                     	;# 
   507     0298                     	;# 
   508     0298                     	;# 
   509     0299                     	;# 
   510     029A                     	;# 
   511     029B                     	;# 
   512     029C                     	;# 
   513     029C                     	;# 
   514     029D                     	;# 
   515     029E                     	;# 
   516     029F                     	;# 
   517     0311                     	;# 
   518     0311                     	;# 
   519     0312                     	;# 
   520     0313                     	;# 
   521     0314                     	;# 
   522     0315                     	;# 
   523     0315                     	;# 
   524     0316                     	;# 
   525     0318                     	;# 
   526     0318                     	;# 
   527     0319                     	;# 
   528     031A                     	;# 
   529     031C                     	;# 
   530     031C                     	;# 
   531     031D                     	;# 
   532     031E                     	;# 
   533     0394                     	;# 
   534     0395                     	;# 
   535     0396                     	;# 
   536     0415                     	;# 
   537     0416                     	;# 
   538     0417                     	;# 
   539     041C                     	;# 
   540     041D                     	;# 
   541     041E                     	;# 
   542     0791                     	;# 
   543     0792                     	;# 
   544     0793                     	;# 
   545     0794                     	;# 
   546     0795                     	;# 
   547     0798                     	;# 
   548     0799                     	;# 
   549     079A                     	;# 
   550     07A0                     	;# 
   551     07A1                     	;# 
   552     07A2                     	;# 
   553     07A3                     	;# 
   554     07A4                     	;# 
   555     07A5                     	;# 
   556     07A6                     	;# 
   557     07A7                     	;# 
   558     07A8                     	;# 
   559     07A9                     	;# 
   560     07AA                     	;# 
   561     07AB                     	;# 
   562     0FE4                     	;# 
   563     0FE5                     	;# 
   564     0FE6                     	;# 
   565     0FE7                     	;# 
   566     0FE8                     	;# 
   567     0FE9                     	;# 
   568     0FEA                     	;# 
   569     0FEB                     	;# 
   570     0FED                     	;# 
   571     0FEE                     	;# 
   572     0FEF                     	;# 
   573     0000                     	;# 
   574     0001                     	;# 
   575     0002                     	;# 
   576     0003                     	;# 
   577     0004                     	;# 
   578     0005                     	;# 
   579     0006                     	;# 
   580     0007                     	;# 
   581     0008                     	;# 
   582     0009                     	;# 
   583     000A                     	;# 
   584     000B                     	;# 
   585     000C                     	;# 
   586     000D                     	;# 
   587     000E                     	;# 
   588     000F                     	;# 
   589     0010                     	;# 
   590     0011                     	;# 
   591     0012                     	;# 
   592     0013                     	;# 
   593     0015                     	;# 
   594     0016                     	;# 
   595     0016                     	;# 
   596     0017                     	;# 
   597     0018                     	;# 
   598     0019                     	;# 
   599     001A                     	;# 
   600     001B                     	;# 
   601     001C                     	;# 
   602     001E                     	;# 
   603     001F                     	;# 
   604     008C                     	;# 
   605     008D                     	;# 
   606     008E                     	;# 
   607     008F                     	;# 
   608     0090                     	;# 
   609     0091                     	;# 
   610     0092                     	;# 
   611     0093                     	;# 
   612     0095                     	;# 
   613     0096                     	;# 
   614     0097                     	;# 
   615     0098                     	;# 
   616     0099                     	;# 
   617     009A                     	;# 
   618     009B                     	;# 
   619     009B                     	;# 
   620     009C                     	;# 
   621     009D                     	;# 
   622     009E                     	;# 
   623     010C                     	;# 
   624     010D                     	;# 
   625     010E                     	;# 
   626     010F                     	;# 
   627     0110                     	;# 
   628     0111                     	;# 
   629     0112                     	;# 
   630     0113                     	;# 
   631     0114                     	;# 
   632     0115                     	;# 
   633     0116                     	;# 
   634     0117                     	;# 
   635     0118                     	;# 
   636     0119                     	;# 
   637     011A                     	;# 
   638     011B                     	;# 
   639     011D                     	;# 
   640     018C                     	;# 
   641     018D                     	;# 
   642     018F                     	;# 
   643     0190                     	;# 
   644     0191                     	;# 
   645     0191                     	;# 
   646     0192                     	;# 
   647     0193                     	;# 
   648     0193                     	;# 
   649     0193                     	;# 
   650     0194                     	;# 
   651     0195                     	;# 
   652     0196                     	;# 
   653     0199                     	;# 
   654     019A                     	;# 
   655     019B                     	;# 
   656     019B                     	;# 
   657     019B                     	;# 
   658     019B                     	;# 
   659     019C                     	;# 
   660     019C                     	;# 
   661     019D                     	;# 
   662     019E                     	;# 
   663     019F                     	;# 
   664     020D                     	;# 
   665     0210                     	;# 
   666     0211                     	;# 
   667     0212                     	;# 
   668     0213                     	;# 
   669     0214                     	;# 
   670     0215                     	;# 
   671     0215                     	;# 
   672     0216                     	;# 
   673     0217                     	;# 
   674     0291                     	;# 
   675     0291                     	;# 
   676     0292                     	;# 
   677     0293                     	;# 
   678     0294                     	;# 
   679     0295                     	;# 
   680     0295                     	;# 
   681     0296                     	;# 
   682     0298                     	;# 
   683     0298                     	;# 
   684     0299                     	;# 
   685     029A                     	;# 
   686     029B                     	;# 
   687     029C                     	;# 
   688     029C                     	;# 
   689     029D                     	;# 
   690     029E                     	;# 
   691     029F                     	;# 
   692     0311                     	;# 
   693     0311                     	;# 
   694     0312                     	;# 
   695     0313                     	;# 
   696     0314                     	;# 
   697     0315                     	;# 
   698     0315                     	;# 
   699     0316                     	;# 
   700     0318                     	;# 
   701     0318                     	;# 
   702     0319                     	;# 
   703     031A                     	;# 
   704     031C                     	;# 
   705     031C                     	;# 
   706     031D                     	;# 
   707     031E                     	;# 
   708     0394                     	;# 
   709     0395                     	;# 
   710     0396                     	;# 
   711     0415                     	;# 
   712     0416                     	;# 
   713     0417                     	;# 
   714     041C                     	;# 
   715     041D                     	;# 
   716     041E                     	;# 
   717     0791                     	;# 
   718     0792                     	;# 
   719     0793                     	;# 
   720     0794                     	;# 
   721     0795                     	;# 
   722     0798                     	;# 
   723     0799                     	;# 
   724     079A                     	;# 
   725     07A0                     	;# 
   726     07A1                     	;# 
   727     07A2                     	;# 
   728     07A3                     	;# 
   729     07A4                     	;# 
   730     07A5                     	;# 
   731     07A6                     	;# 
   732     07A7                     	;# 
   733     07A8                     	;# 
   734     07A9                     	;# 
   735     07AA                     	;# 
   736     07AB                     	;# 
   737     0FE4                     	;# 
   738     0FE5                     	;# 
   739     0FE6                     	;# 
   740     0FE7                     	;# 
   741     0FE8                     	;# 
   742     0FE9                     	;# 
   743     0FEA                     	;# 
   744     0FEB                     	;# 
   745     0FED                     	;# 
   746     0FEE                     	;# 
   747     0FEF                     	;# 
   748     0000                     	;# 
   749     0001                     	;# 
   750     0002                     	;# 
   751     0003                     	;# 
   752     0004                     	;# 
   753     0005                     	;# 
   754     0006                     	;# 
   755     0007                     	;# 
   756     0008                     	;# 
   757     0009                     	;# 
   758     000A                     	;# 
   759     000B                     	;# 
   760     000C                     	;# 
   761     000D                     	;# 
   762     000E                     	;# 
   763     000F                     	;# 
   764     0010                     	;# 
   765     0011                     	;# 
   766     0012                     	;# 
   767     0013                     	;# 
   768     0015                     	;# 
   769     0016                     	;# 
   770     0016                     	;# 
   771     0017                     	;# 
   772     0018                     	;# 
   773     0019                     	;# 
   774     001A                     	;# 
   775     001B                     	;# 
   776     001C                     	;# 
   777     001E                     	;# 
   778     001F                     	;# 
   779     008C                     	;# 
   780     008D                     	;# 
   781     008E                     	;# 
   782     008F                     	;# 
   783     0090                     	;# 
   784     0091                     	;# 
   785     0092                     	;# 
   786     0093                     	;# 
   787     0095                     	;# 
   788     0096                     	;# 
   789     0097                     	;# 
   790     0098                     	;# 
   791     0099                     	;# 
   792     009A                     	;# 
   793     009B                     	;# 
   794     009B                     	;# 
   795     009C                     	;# 
   796     009D                     	;# 
   797     009E                     	;# 
   798     010C                     	;# 
   799     010D                     	;# 
   800     010E                     	;# 
   801     010F                     	;# 
   802     0110                     	;# 
   803     0111                     	;# 
   804     0112                     	;# 
   805     0113                     	;# 
   806     0114                     	;# 
   807     0115                     	;# 
   808     0116                     	;# 
   809     0117                     	;# 
   810     0118                     	;# 
   811     0119                     	;# 
   812     011A                     	;# 
   813     011B                     	;# 
   814     011D                     	;# 
   815     018C                     	;# 
   816     018D                     	;# 
   817     018F                     	;# 
   818     0190                     	;# 
   819     0191                     	;# 
   820     0191                     	;# 
   821     0192                     	;# 
   822     0193                     	;# 
   823     0193                     	;# 
   824     0193                     	;# 
   825     0194                     	;# 
   826     0195                     	;# 
   827     0196                     	;# 
   828     0199                     	;# 
   829     019A                     	;# 
   830     019B                     	;# 
   831     019B                     	;# 
   832     019B                     	;# 
   833     019B                     	;# 
   834     019C                     	;# 
   835     019C                     	;# 
   836     019D                     	;# 
   837     019E                     	;# 
   838     019F                     	;# 
   839     020D                     	;# 
   840     0210                     	;# 
   841     0211                     	;# 
   842     0212                     	;# 
   843     0213                     	;# 
   844     0214                     	;# 
   845     0215                     	;# 
   846     0215                     	;# 
   847     0216                     	;# 
   848     0217                     	;# 
   849     0291                     	;# 
   850     0291                     	;# 
   851     0292                     	;# 
   852     0293                     	;# 
   853     0294                     	;# 
   854     0295                     	;# 
   855     0295                     	;# 
   856     0296                     	;# 
   857     0298                     	;# 
   858     0298                     	;# 
   859     0299                     	;# 
   860     029A                     	;# 
   861     029B                     	;# 
   862     029C                     	;# 
   863     029C                     	;# 
   864     029D                     	;# 
   865     029E                     	;# 
   866     029F                     	;# 
   867     0311                     	;# 
   868     0311                     	;# 
   869     0312                     	;# 
   870     0313                     	;# 
   871     0314                     	;# 
   872     0315                     	;# 
   873     0315                     	;# 
   874     0316                     	;# 
   875     0318                     	;# 
   876     0318                     	;# 
   877     0319                     	;# 
   878     031A                     	;# 
   879     031C                     	;# 
   880     031C                     	;# 
   881     031D                     	;# 
   882     031E                     	;# 
   883     0394                     	;# 
   884     0395                     	;# 
   885     0396                     	;# 
   886     0415                     	;# 
   887     0416                     	;# 
   888     0417                     	;# 
   889     041C                     	;# 
   890     041D                     	;# 
   891     041E                     	;# 
   892     0791                     	;# 
   893     0792                     	;# 
   894     0793                     	;# 
   895     0794                     	;# 
   896     0795                     	;# 
   897     0798                     	;# 
   898     0799                     	;# 
   899     079A                     	;# 
   900     07A0                     	;# 
   901     07A1                     	;# 
   902     07A2                     	;# 
   903     07A3                     	;# 
   904     07A4                     	;# 
   905     07A5                     	;# 
   906     07A6                     	;# 
   907     07A7                     	;# 
   908     07A8                     	;# 
   909     07A9                     	;# 
   910     07AA                     	;# 
   911     07AB                     	;# 
   912     0FE4                     	;# 
   913     0FE5                     	;# 
   914     0FE6                     	;# 
   915     0FE7                     	;# 
   916     0FE8                     	;# 
   917     0FE9                     	;# 
   918     0FEA                     	;# 
   919     0FEB                     	;# 
   920     0FED                     	;# 
   921     0FEE                     	;# 
   922     0FEF                     	;# 
   923     000D                     _PORTBbits	set	13
   924     0095                     _OPTION_REGbits	set	149
   925     008F                     _TRISD	set	143
   926     008D                     _TRISBbits	set	141
   927     008E                     _TRISC	set	142
   928     010E                     _LATCbits	set	270
   929     010F                     _LATD	set	271
   930     018D                     _ANSELBbits	set	397
   931     020D                     _WPUB	set	525
   932                           
   933                           	psect	cinit
   934     07FC                     start_initialization:	
   935                           ; #config settings
   936                           
   937     07FC                     __initialization:
   938                           
   939                           ; Clear objects allocated to COMMON
   940     07FC  01F5               	clrf	__pbssCOMMON& (0+127)
   941     07FD                     end_of_initialization:	
   942                           ;End of C runtime variable initialization code
   943                           
   944     07FD                     __end_of__initialization:
   945     07FD  0020               	movlb	0
   946     07FE  3187  2F18         	ljmp	_main	;jump to C main() function
   947                           
   948                           	psect	bssCOMMON
   949     0075                     __pbssCOMMON:
   950     0075                     _dig:
   951     0075                     	ds	1
   952                           
   953                           	psect	cstackCOMMON
   954     0070                     __pcstackCOMMON:
   955     0070                     ?_init_punto11:
   956     0070                     ??_init_punto11:	
   957                           ; 1 bytes @ 0x0
   958                           
   959     0070                     ?_display_init:	
   960                           ; 1 bytes @ 0x0
   961                           
   962     0070                     ??_display_init:	
   963                           ; 1 bytes @ 0x0
   964                           
   965     0070                     ?_display_ac:	
   966                           ; 1 bytes @ 0x0
   967                           
   968     0070                     ??_display_ac:	
   969                           ; 1 bytes @ 0x0
   970                           
   971     0070                     ?_main:	
   972                           ; 1 bytes @ 0x0
   973                           
   974                           
   975                           ; 1 bytes @ 0x0
   976     0070                     	ds	2
   977     0072                     display_ac@dig:
   978                           
   979                           ; 1 bytes @ 0x2
   980     0072                     	ds	1
   981     0073                     ??_main:
   982                           
   983                           ; 1 bytes @ 0x3
   984     0073                     	ds	2
   985                           
   986                           	psect	maintext
   987     0718                     __pmaintext:	
   988 ;;
   989 ;;Main: autosize = 0, tempsize = 2, incstack = 0, save=0
   990 ;;
   991 ;; *************** function _main *****************
   992 ;; Defined at:
   993 ;;		line 8 in file "main.c"
   994 ;; Parameters:    Size  Location     Type
   995 ;;		None
   996 ;; Auto vars:     Size  Location     Type
   997 ;;		None
   998 ;; Return value:  Size  Location     Type
   999 ;;                  1    wreg      void 
  1000 ;; Registers used:
  1001 ;;		wreg, fsr0l, fsr0h, status,2, status,0, pclath, cstack
  1002 ;; Tracked objects:
  1003 ;;		On entry : B1F/0
  1004 ;;		On exit  : 0/0
  1005 ;;		Unchanged: 0/0
  1006 ;; Data sizes:     COMMON   BANK0   BANK1   BANK2   BANK3   BANK4   BANK5   BANK6   BANK7   BANK8   BANK9  BANK10  BANK1
      +1  BANK12
  1007 ;;      Params:         0       0       0       0       0       0       0       0       0       0       0       0       
      +0       0
  1008 ;;      Locals:         0       0       0       0       0       0       0       0       0       0       0       0       
      +0       0
  1009 ;;      Temps:          2       0       0       0       0       0       0       0       0       0       0       0       
      +0       0
  1010 ;;      Totals:         2       0       0       0       0       0       0       0       0       0       0       0       
      +0       0
  1011 ;;Total ram usage:        2 bytes
  1012 ;; Hardware stack levels required when called: 1
  1013 ;; This function calls:
  1014 ;;		_display_ac
  1015 ;;		_display_init
  1016 ;;		_init_punto11
  1017 ;; This function is called by:
  1018 ;;		Startup code after reset
  1019 ;; This function uses a non-reentrant model
  1020 ;;
  1021                           
  1022     0718                     _main:	
  1023                           ;psect for function _main
  1024                           
  1025     0718                     l718:	
  1026                           ;incstack = 0
  1027                           ; Regs used in _main: [wreg-fsr0h+status,2+status,0+pclath+cstack]
  1028                           
  1029                           
  1030                           ;main.c: 9:     init_punto11();
  1031     0718  3187  2706  3187   	fcall	_init_punto11
  1032     071B                     l720:
  1033                           
  1034                           ;main.c: 10:     display_init();
  1035     071B  3187  2703  3187   	fcall	_display_init
  1036     071E                     l722:
  1037                           
  1038                           ;main.c: 11:     dig = 0;
  1039     071E  01F5               	clrf	_dig
  1040     071F                     l724:
  1041                           
  1042                           ;main.c: 13:         display_ac(dig);
  1043     071F  0875               	movf	_dig,w
  1044     0720  3187  2777  3187   	fcall	_display_ac
  1045     0723                     l726:
  1046                           
  1047                           ;main.c: 14:         if(PORTBbits.RB4 == 0){
  1048     0723  0020               	movlb	0	; select bank0
  1049     0724  1A0D               	btfsc	13,4	;volatile
  1050     0725  2F27               	goto	u11
  1051     0726  2F28               	goto	u10
  1052     0727                     u11:
  1053     0727  2F39               	goto	l732
  1054     0728                     u10:
  1055     0728                     l19:
  1056     0728  1E0D               	btfss	13,4	;volatile
  1057     0729  2F2B               	goto	u21
  1058     072A  2F2C               	goto	u20
  1059     072B                     u21:
  1060     072B  2F28               	goto	l19
  1061     072C                     u20:
  1062     072C                     l730:
  1063                           
  1064                           ;main.c: 16:             LATD &= ~(1<<dig);
  1065     072C  3001               	movlw	1
  1066     072D  00F3               	movwf	??_main
  1067     072E  0A75               	incf	_dig,w
  1068     072F  2F31               	goto	u34
  1069     0730                     u35:
  1070     0730  35F3               	lslf	??_main,f
  1071     0731                     u34:
  1072     0731  0B89               	decfsz	9,f
  1073     0732  2F30               	goto	u35
  1074     0733  0873               	movf	??_main,w
  1075     0734  3AFF               	xorlw	255
  1076     0735  00F4               	movwf	??_main+1
  1077     0736  0874               	movf	??_main+1,w
  1078     0737  0022               	movlb	2	; select bank2
  1079     0738  058F               	andwf	15,f	;volatile
  1080     0739                     l732:
  1081                           
  1082                           ;main.c: 18:         if(PORTBbits.RB5 == 0){
  1083     0739  0020               	movlb	0	; select bank0
  1084     073A  1A8D               	btfsc	13,5	;volatile
  1085     073B  2F3D               	goto	u41
  1086     073C  2F3E               	goto	u40
  1087     073D                     u41:
  1088     073D  2F4E               	goto	l738
  1089     073E                     u40:
  1090     073E                     l23:
  1091     073E  1E8D               	btfss	13,5	;volatile
  1092     073F  2F41               	goto	u51
  1093     0740  2F42               	goto	u50
  1094     0741                     u51:
  1095     0741  2F3E               	goto	l23
  1096     0742                     u50:
  1097     0742                     l736:
  1098                           
  1099                           ;main.c: 20:             LATD |= (1<<dig);
  1100     0742  3001               	movlw	1
  1101     0743  00F3               	movwf	??_main
  1102     0744  0A75               	incf	_dig,w
  1103     0745  2F47               	goto	u64
  1104     0746                     u65:
  1105     0746  35F3               	lslf	??_main,f
  1106     0747                     u64:
  1107     0747  0B89               	decfsz	9,f
  1108     0748  2F46               	goto	u65
  1109     0749  0873               	movf	??_main,w
  1110     074A  00F4               	movwf	??_main+1
  1111     074B  0874               	movf	??_main+1,w
  1112     074C  0022               	movlb	2	; select bank2
  1113     074D  048F               	iorwf	15,f	;volatile
  1114     074E                     l738:
  1115                           
  1116                           ;main.c: 22:         if(PORTBbits.RB6 == 0){
  1117     074E  0020               	movlb	0	; select bank0
  1118     074F  1B0D               	btfsc	13,6	;volatile
  1119     0750  2F52               	goto	u71
  1120     0751  2F53               	goto	u70
  1121     0752                     u71:
  1122     0752  2F64               	goto	l748
  1123     0753                     u70:
  1124     0753                     l27:
  1125     0753  1F0D               	btfss	13,6	;volatile
  1126     0754  2F56               	goto	u81
  1127     0755  2F57               	goto	u80
  1128     0756                     u81:
  1129     0756  2F53               	goto	l27
  1130     0757                     u80:
  1131     0757                     l742:
  1132                           
  1133                           ;main.c: 24:             dig++;
  1134     0757  3001               	movlw	1
  1135     0758  00F3               	movwf	??_main
  1136     0759  0873               	movf	??_main,w
  1137     075A  07F5               	addwf	_dig,f
  1138     075B                     l744:
  1139                           
  1140                           ;main.c: 25:             if(dig > 7){
  1141     075B  0875               	movf	_dig,w
  1142     075C  3A80               	xorlw	128
  1143     075D  3E78               	addlw	-136
  1144     075E  1C03               	skipc
  1145     075F  2F61               	goto	u91
  1146     0760  2F62               	goto	u90
  1147     0761                     u91:
  1148     0761  2F64               	goto	l748
  1149     0762                     u90:
  1150     0762                     l746:
  1151                           
  1152                           ;main.c: 26:                 dig = 7;
  1153     0762  3007               	movlw	7
  1154     0763  00F5               	movwf	_dig
  1155     0764                     l748:
  1156                           
  1157                           ;main.c: 29:         if(PORTBbits.RB7 == 0){
  1158     0764  1B8D               	btfsc	13,7	;volatile
  1159     0765  2F67               	goto	u101
  1160     0766  2F68               	goto	u100
  1161     0767                     u101:
  1162     0767  2F1F               	goto	l724
  1163     0768                     u100:
  1164     0768                     l32:
  1165     0768  1F8D               	btfss	13,7	;volatile
  1166     0769  2F6B               	goto	u111
  1167     076A  2F6C               	goto	u110
  1168     076B                     u111:
  1169     076B  2F68               	goto	l32
  1170     076C                     u110:
  1171     076C                     l752:
  1172                           
  1173                           ;main.c: 31:             dig--;
  1174     076C  30FF               	movlw	255
  1175     076D  00F3               	movwf	??_main
  1176     076E  0873               	movf	??_main,w
  1177     076F  07F5               	addwf	_dig,f
  1178     0770                     l754:
  1179                           
  1180                           ;main.c: 32:             if(dig < 0){
  1181     0770  1FF5               	btfss	_dig,7
  1182     0771  2F73               	goto	u121
  1183     0772  2F74               	goto	u120
  1184     0773                     u121:
  1185     0773  2F1F               	goto	l724
  1186     0774                     u120:
  1187     0774  2F1E               	goto	l722
  1188     0775  3180  2802         	ljmp	start
  1189     0777                     __end_of_main:
  1190                           
  1191                           	psect	text1
  1192     0706                     __ptext1:	
  1193 ;; *************** function _init_punto11 *****************
  1194 ;; Defined at:
  1195 ;;		line 6 in file "punto11.c"
  1196 ;; Parameters:    Size  Location     Type
  1197 ;;		None
  1198 ;; Auto vars:     Size  Location     Type
  1199 ;;		None
  1200 ;; Return value:  Size  Location     Type
  1201 ;;                  1    wreg      void 
  1202 ;; Registers used:
  1203 ;;		wreg, status,2
  1204 ;; Tracked objects:
  1205 ;;		On entry : 0/0
  1206 ;;		On exit  : 0/0
  1207 ;;		Unchanged: 0/0
  1208 ;; Data sizes:     COMMON   BANK0   BANK1   BANK2   BANK3   BANK4   BANK5   BANK6   BANK7   BANK8   BANK9  BANK10  BANK1
      +1  BANK12
  1209 ;;      Params:         0       0       0       0       0       0       0       0       0       0       0       0       
      +0       0
  1210 ;;      Locals:         0       0       0       0       0       0       0       0       0       0       0       0       
      +0       0
  1211 ;;      Temps:          0       0       0       0       0       0       0       0       0       0       0       0       
      +0       0
  1212 ;;      Totals:         0       0       0       0       0       0       0       0       0       0       0       0       
      +0       0
  1213 ;;Total ram usage:        0 bytes
  1214 ;; Hardware stack levels used: 1
  1215 ;; This function calls:
  1216 ;;		Nothing
  1217 ;; This function is called by:
  1218 ;;		_main
  1219 ;; This function uses a non-reentrant model
  1220 ;;
  1221                           
  1222     0706                     _init_punto11:	
  1223                           ;psect for function _init_punto11
  1224                           
  1225     0706                     l698:	
  1226                           ;incstack = 0
  1227                           ; Regs used in _init_punto11: [wreg+status,2]
  1228                           
  1229                           
  1230                           ;punto11.c: 7:     TRISBbits.TRISB4 = 1;
  1231     0706  0021               	movlb	1	; select bank1
  1232     0707  160D               	bsf	13,4	;volatile
  1233                           
  1234                           ;punto11.c: 8:     TRISBbits.TRISB5 = 1;
  1235     0708  168D               	bsf	13,5	;volatile
  1236                           
  1237                           ;punto11.c: 9:     TRISBbits.TRISB6 = 1;
  1238     0709  170D               	bsf	13,6	;volatile
  1239                           
  1240                           ;punto11.c: 10:     TRISBbits.TRISB7 = 1;
  1241     070A  178D               	bsf	13,7	;volatile
  1242                           
  1243                           ;punto11.c: 12:     ANSELBbits.ANSB4 = 0;
  1244     070B  0023               	movlb	3	; select bank3
  1245     070C  120D               	bcf	13,4	;volatile
  1246                           
  1247                           ;punto11.c: 13:     ANSELBbits.ANSB5 = 0;
  1248     070D  128D               	bcf	13,5	;volatile
  1249     070E                     l700:
  1250                           
  1251                           ;punto11.c: 15:     TRISD = 0x00;
  1252     070E  0021               	movlb	1	; select bank1
  1253     070F  018F               	clrf	15	;volatile
  1254                           
  1255                           ;punto11.c: 16:     LATD = 0x00;
  1256     0710  0022               	movlb	2	; select bank2
  1257     0711  018F               	clrf	15	;volatile
  1258     0712                     l702:
  1259                           
  1260                           ;punto11.c: 18:     OPTION_REGbits.nWPUEN = 0;
  1261     0712  0021               	movlb	1	; select bank1
  1262     0713  1395               	bcf	21,7	;volatile
  1263     0714                     l704:
  1264                           
  1265                           ;punto11.c: 19:     WPUB = 0xF0;
  1266     0714  30F0               	movlw	240
  1267     0715  0024               	movlb	4	; select bank4
  1268     0716  008D               	movwf	13	;volatile
  1269     0717                     l90:
  1270     0717  0008               	return
  1271     0718                     __end_of_init_punto11:
  1272                           
  1273                           	psect	text2
  1274     0703                     __ptext2:	
  1275 ;; *************** function _display_init *****************
  1276 ;; Defined at:
  1277 ;;		line 6 in file "display7seg.c"
  1278 ;; Parameters:    Size  Location     Type
  1279 ;;		None
  1280 ;; Auto vars:     Size  Location     Type
  1281 ;;		None
  1282 ;; Return value:  Size  Location     Type
  1283 ;;                  1    wreg      void 
  1284 ;; Registers used:
  1285 ;;		status,2
  1286 ;; Tracked objects:
  1287 ;;		On entry : 0/0
  1288 ;;		On exit  : 0/0
  1289 ;;		Unchanged: 0/0
  1290 ;; Data sizes:     COMMON   BANK0   BANK1   BANK2   BANK3   BANK4   BANK5   BANK6   BANK7   BANK8   BANK9  BANK10  BANK1
      +1  BANK12
  1291 ;;      Params:         0       0       0       0       0       0       0       0       0       0       0       0       
      +0       0
  1292 ;;      Locals:         0       0       0       0       0       0       0       0       0       0       0       0       
      +0       0
  1293 ;;      Temps:          0       0       0       0       0       0       0       0       0       0       0       0       
      +0       0
  1294 ;;      Totals:         0       0       0       0       0       0       0       0       0       0       0       0       
      +0       0
  1295 ;;Total ram usage:        0 bytes
  1296 ;; Hardware stack levels used: 1
  1297 ;; This function calls:
  1298 ;;		Nothing
  1299 ;; This function is called by:
  1300 ;;		_main
  1301 ;; This function uses a non-reentrant model
  1302 ;;
  1303                           
  1304     0703                     _display_init:	
  1305                           ;psect for function _display_init
  1306                           
  1307     0703                     l706:	
  1308                           ;incstack = 0
  1309                           ; Regs used in _display_init: [status,2]
  1310                           
  1311                           
  1312                           ;display7seg.c: 7:     TRISC = 0x00;
  1313     0703  0021               	movlb	1	; select bank1
  1314     0704  018E               	clrf	14	;volatile
  1315     0705                     l45:
  1316     0705  0008               	return
  1317     0706                     __end_of_display_init:
  1318                           
  1319                           	psect	text3
  1320     0777                     __ptext3:	
  1321 ;; *************** function _display_ac *****************
  1322 ;; Defined at:
  1323 ;;		line 9 in file "display7seg.c"
  1324 ;; Parameters:    Size  Location     Type
  1325 ;;  dig             1    wreg     unsigned char 
  1326 ;; Auto vars:     Size  Location     Type
  1327 ;;  dig             1    2[COMMON] unsigned char 
  1328 ;; Return value:  Size  Location     Type
  1329 ;;                  1    wreg      void 
  1330 ;; Registers used:
  1331 ;;		wreg, fsr0l, fsr0h, status,2, status,0
  1332 ;; Tracked objects:
  1333 ;;		On entry : 0/0
  1334 ;;		On exit  : 0/0
  1335 ;;		Unchanged: 0/0
  1336 ;; Data sizes:     COMMON   BANK0   BANK1   BANK2   BANK3   BANK4   BANK5   BANK6   BANK7   BANK8   BANK9  BANK10  BANK1
      +1  BANK12
  1337 ;;      Params:         0       0       0       0       0       0       0       0       0       0       0       0       
      +0       0
  1338 ;;      Locals:         1       0       0       0       0       0       0       0       0       0       0       0       
      +0       0
  1339 ;;      Temps:          2       0       0       0       0       0       0       0       0       0       0       0       
      +0       0
  1340 ;;      Totals:         3       0       0       0       0       0       0       0       0       0       0       0       
      +0       0
  1341 ;;Total ram usage:        3 bytes
  1342 ;; Hardware stack levels used: 1
  1343 ;; This function calls:
  1344 ;;		Nothing
  1345 ;; This function is called by:
  1346 ;;		_main
  1347 ;; This function uses a non-reentrant model
  1348 ;;
  1349                           
  1350     0777                     _display_ac:	
  1351                           ;psect for function _display_ac
  1352                           
  1353                           
  1354                           ;incstack = 0
  1355                           ; Regs used in _display_ac: [wreg-fsr0h+status,2+status,0]
  1356                           ;display_ac@dig stored from wreg
  1357     0777  00F2               	movwf	display_ac@dig
  1358     0778                     l708:
  1359                           
  1360                           ;display7seg.c: 10:     switch(dig){
  1361     0778  2FD3               	goto	l712
  1362     0779                     l49:	
  1363                           ;display7seg.c: 11:         case 0: LATCbits.LATC0 = 0;
  1364                           
  1365     0779  0022               	movlb	2	; select bank2
  1366     077A  100E               	bcf	14,0	;volatile
  1367                           
  1368                           ;display7seg.c: 12:                 LATCbits.LATC1 = 0;
  1369     077B  108E               	bcf	14,1	;volatile
  1370                           
  1371                           ;display7seg.c: 13:                 LATCbits.LATC2 = 0;
  1372     077C  110E               	bcf	14,2	;volatile
  1373                           
  1374                           ;display7seg.c: 14:                 LATCbits.LATC3 = 0;
  1375     077D  118E               	bcf	14,3	;volatile
  1376                           
  1377                           ;display7seg.c: 15:                 LATCbits.LATC4 = 0;
  1378     077E  120E               	bcf	14,4	;volatile
  1379                           
  1380                           ;display7seg.c: 16:                 LATCbits.LATC5 = 0;
  1381     077F  128E               	bcf	14,5	;volatile
  1382                           
  1383                           ;display7seg.c: 17:                 LATCbits.LATC6 = 1;
  1384     0780  170E               	bsf	14,6	;volatile
  1385                           
  1386                           ;display7seg.c: 18:                 break;
  1387     0781  2FFB               	goto	l60
  1388     0782                     l51:	
  1389                           ;display7seg.c: 20:         case 1: LATCbits.LATC0 = 1;
  1390                           
  1391     0782  0022               	movlb	2	; select bank2
  1392     0783  140E               	bsf	14,0	;volatile
  1393                           
  1394                           ;display7seg.c: 21:                 LATCbits.LATC1 = 0;
  1395     0784  108E               	bcf	14,1	;volatile
  1396                           
  1397                           ;display7seg.c: 22:                 LATCbits.LATC2 = 0;
  1398     0785  110E               	bcf	14,2	;volatile
  1399                           
  1400                           ;display7seg.c: 23:                 LATCbits.LATC3 = 1;
  1401     0786  158E               	bsf	14,3	;volatile
  1402                           
  1403                           ;display7seg.c: 24:                 LATCbits.LATC4 = 1;
  1404     0787  160E               	bsf	14,4	;volatile
  1405                           
  1406                           ;display7seg.c: 25:                 LATCbits.LATC5 = 1;
  1407     0788  168E               	bsf	14,5	;volatile
  1408                           
  1409                           ;display7seg.c: 26:                 LATCbits.LATC6 = 1;
  1410     0789  170E               	bsf	14,6	;volatile
  1411                           
  1412                           ;display7seg.c: 27:                 break;
  1413     078A  2FFB               	goto	l60
  1414     078B                     l52:	
  1415                           ;display7seg.c: 29:         case 2: LATCbits.LATC0 = 0;
  1416                           
  1417     078B  0022               	movlb	2	; select bank2
  1418     078C  100E               	bcf	14,0	;volatile
  1419                           
  1420                           ;display7seg.c: 30:                 LATCbits.LATC1 = 0;
  1421     078D  108E               	bcf	14,1	;volatile
  1422                           
  1423                           ;display7seg.c: 31:                 LATCbits.LATC2 = 1;
  1424     078E  150E               	bsf	14,2	;volatile
  1425                           
  1426                           ;display7seg.c: 32:                 LATCbits.LATC3 = 0;
  1427     078F  118E               	bcf	14,3	;volatile
  1428                           
  1429                           ;display7seg.c: 33:                 LATCbits.LATC4 = 0;
  1430     0790  120E               	bcf	14,4	;volatile
  1431                           
  1432                           ;display7seg.c: 34:                 LATCbits.LATC5 = 1;
  1433     0791  168E               	bsf	14,5	;volatile
  1434                           
  1435                           ;display7seg.c: 35:                 LATCbits.LATC6 = 0;
  1436     0792  130E               	bcf	14,6	;volatile
  1437                           
  1438                           ;display7seg.c: 36:                 break;
  1439     0793  2FFB               	goto	l60
  1440     0794                     l53:	
  1441                           ;display7seg.c: 38:         case 3: LATCbits.LATC0 = 0;
  1442                           
  1443     0794  0022               	movlb	2	; select bank2
  1444     0795  100E               	bcf	14,0	;volatile
  1445                           
  1446                           ;display7seg.c: 39:                 LATCbits.LATC1 = 0;
  1447     0796  108E               	bcf	14,1	;volatile
  1448                           
  1449                           ;display7seg.c: 40:                 LATCbits.LATC2 = 0;
  1450     0797  110E               	bcf	14,2	;volatile
  1451                           
  1452                           ;display7seg.c: 41:                 LATCbits.LATC3 = 0;
  1453     0798  118E               	bcf	14,3	;volatile
  1454                           
  1455                           ;display7seg.c: 42:                 LATCbits.LATC4 = 1;
  1456     0799  160E               	bsf	14,4	;volatile
  1457                           
  1458                           ;display7seg.c: 43:                 LATCbits.LATC5 = 1;
  1459     079A  168E               	bsf	14,5	;volatile
  1460                           
  1461                           ;display7seg.c: 44:                 LATCbits.LATC6 = 0;
  1462     079B  130E               	bcf	14,6	;volatile
  1463                           
  1464                           ;display7seg.c: 45:                 break;
  1465     079C  2FFB               	goto	l60
  1466     079D                     l54:	
  1467                           ;display7seg.c: 47:         case 4: LATCbits.LATC0 = 1;
  1468                           
  1469     079D  0022               	movlb	2	; select bank2
  1470     079E  140E               	bsf	14,0	;volatile
  1471                           
  1472                           ;display7seg.c: 48:                 LATCbits.LATC1 = 0;
  1473     079F  108E               	bcf	14,1	;volatile
  1474                           
  1475                           ;display7seg.c: 49:                 LATCbits.LATC2 = 0;
  1476     07A0  110E               	bcf	14,2	;volatile
  1477                           
  1478                           ;display7seg.c: 50:                 LATCbits.LATC3 = 1;
  1479     07A1  158E               	bsf	14,3	;volatile
  1480                           
  1481                           ;display7seg.c: 51:                 LATCbits.LATC4 = 1;
  1482     07A2  160E               	bsf	14,4	;volatile
  1483                           
  1484                           ;display7seg.c: 52:                 LATCbits.LATC5 = 0;
  1485     07A3  128E               	bcf	14,5	;volatile
  1486                           
  1487                           ;display7seg.c: 53:                 LATCbits.LATC6 = 0;
  1488     07A4  130E               	bcf	14,6	;volatile
  1489                           
  1490                           ;display7seg.c: 54:                 break;
  1491     07A5  2FFB               	goto	l60
  1492     07A6                     l55:	
  1493                           ;display7seg.c: 56:         case 5: LATCbits.LATC0 = 0;
  1494                           
  1495     07A6  0022               	movlb	2	; select bank2
  1496     07A7  100E               	bcf	14,0	;volatile
  1497                           
  1498                           ;display7seg.c: 57:                 LATCbits.LATC1 = 1;
  1499     07A8  148E               	bsf	14,1	;volatile
  1500                           
  1501                           ;display7seg.c: 58:                 LATCbits.LATC2 = 0;
  1502     07A9  110E               	bcf	14,2	;volatile
  1503                           
  1504                           ;display7seg.c: 59:                 LATCbits.LATC3 = 0;
  1505     07AA  118E               	bcf	14,3	;volatile
  1506                           
  1507                           ;display7seg.c: 60:                 LATCbits.LATC4 = 1;
  1508     07AB  160E               	bsf	14,4	;volatile
  1509                           
  1510                           ;display7seg.c: 61:                 LATCbits.LATC5 = 0;
  1511     07AC  128E               	bcf	14,5	;volatile
  1512                           
  1513                           ;display7seg.c: 62:                 LATCbits.LATC6 = 0;
  1514     07AD  130E               	bcf	14,6	;volatile
  1515                           
  1516                           ;display7seg.c: 63:                 break;
  1517     07AE  2FFB               	goto	l60
  1518     07AF                     l56:	
  1519                           ;display7seg.c: 65:         case 6: LATCbits.LATC0 = 0;
  1520                           
  1521     07AF  0022               	movlb	2	; select bank2
  1522     07B0  100E               	bcf	14,0	;volatile
  1523                           
  1524                           ;display7seg.c: 66:                 LATCbits.LATC1 = 1;
  1525     07B1  148E               	bsf	14,1	;volatile
  1526                           
  1527                           ;display7seg.c: 67:                 LATCbits.LATC2 = 0;
  1528     07B2  110E               	bcf	14,2	;volatile
  1529                           
  1530                           ;display7seg.c: 68:                 LATCbits.LATC3 = 0;
  1531     07B3  118E               	bcf	14,3	;volatile
  1532                           
  1533                           ;display7seg.c: 69:                 LATCbits.LATC4 = 0;
  1534     07B4  120E               	bcf	14,4	;volatile
  1535                           
  1536                           ;display7seg.c: 70:                 LATCbits.LATC5 = 0;
  1537     07B5  128E               	bcf	14,5	;volatile
  1538                           
  1539                           ;display7seg.c: 71:                 LATCbits.LATC6 = 0;
  1540     07B6  130E               	bcf	14,6	;volatile
  1541                           
  1542                           ;display7seg.c: 72:                 break;
  1543     07B7  2FFB               	goto	l60
  1544     07B8                     l57:	
  1545                           ;display7seg.c: 74:         case 7: LATCbits.LATC0 = 0;
  1546                           
  1547     07B8  0022               	movlb	2	; select bank2
  1548     07B9  100E               	bcf	14,0	;volatile
  1549                           
  1550                           ;display7seg.c: 75:                 LATCbits.LATC1 = 0;
  1551     07BA  108E               	bcf	14,1	;volatile
  1552                           
  1553                           ;display7seg.c: 76:                 LATCbits.LATC2 = 0;
  1554     07BB  110E               	bcf	14,2	;volatile
  1555                           
  1556                           ;display7seg.c: 77:                 LATCbits.LATC3 = 1;
  1557     07BC  158E               	bsf	14,3	;volatile
  1558                           
  1559                           ;display7seg.c: 78:                 LATCbits.LATC4 = 1;
  1560     07BD  160E               	bsf	14,4	;volatile
  1561                           
  1562                           ;display7seg.c: 79:                 LATCbits.LATC5 = 0;
  1563     07BE  128E               	bcf	14,5	;volatile
  1564                           
  1565                           ;display7seg.c: 80:                 LATCbits.LATC6 = 1;
  1566     07BF  170E               	bsf	14,6	;volatile
  1567                           
  1568                           ;display7seg.c: 81:                 break;
  1569     07C0  2FFB               	goto	l60
  1570     07C1                     l58:	
  1571                           ;display7seg.c: 83:         case 8: LATCbits.LATC0 = 0;
  1572                           
  1573     07C1  0022               	movlb	2	; select bank2
  1574     07C2  100E               	bcf	14,0	;volatile
  1575                           
  1576                           ;display7seg.c: 84:                 LATCbits.LATC1 = 0;
  1577     07C3  108E               	bcf	14,1	;volatile
  1578                           
  1579                           ;display7seg.c: 85:                 LATCbits.LATC2 = 0;
  1580     07C4  110E               	bcf	14,2	;volatile
  1581                           
  1582                           ;display7seg.c: 86:                 LATCbits.LATC3 = 0;
  1583     07C5  118E               	bcf	14,3	;volatile
  1584                           
  1585                           ;display7seg.c: 87:                 LATCbits.LATC4 = 0;
  1586     07C6  120E               	bcf	14,4	;volatile
  1587                           
  1588                           ;display7seg.c: 88:                 LATCbits.LATC5 = 0;
  1589     07C7  128E               	bcf	14,5	;volatile
  1590                           
  1591                           ;display7seg.c: 89:                 LATCbits.LATC6 = 0;
  1592     07C8  130E               	bcf	14,6	;volatile
  1593                           
  1594                           ;display7seg.c: 90:                 break;
  1595     07C9  2FFB               	goto	l60
  1596     07CA                     l59:	
  1597                           ;display7seg.c: 92:         case 9: LATCbits.LATC0 = 0;
  1598                           
  1599     07CA  0022               	movlb	2	; select bank2
  1600     07CB  100E               	bcf	14,0	;volatile
  1601                           
  1602                           ;display7seg.c: 93:                 LATCbits.LATC1 = 0;
  1603     07CC  108E               	bcf	14,1	;volatile
  1604                           
  1605                           ;display7seg.c: 94:                 LATCbits.LATC2 = 0;
  1606     07CD  110E               	bcf	14,2	;volatile
  1607                           
  1608                           ;display7seg.c: 95:                 LATCbits.LATC3 = 0;
  1609     07CE  118E               	bcf	14,3	;volatile
  1610                           
  1611                           ;display7seg.c: 96:                 LATCbits.LATC4 = 1;
  1612     07CF  160E               	bsf	14,4	;volatile
  1613                           
  1614                           ;display7seg.c: 97:                 LATCbits.LATC5 = 0;
  1615     07D0  128E               	bcf	14,5	;volatile
  1616                           
  1617                           ;display7seg.c: 98:                 LATCbits.LATC6 = 0;
  1618     07D1  130E               	bcf	14,6	;volatile
  1619                           
  1620                           ;display7seg.c: 99:                 break;
  1621     07D2  2FFB               	goto	l60
  1622     07D3                     l712:
  1623     07D3  0872               	movf	display_ac@dig,w
  1624     07D4  00F0               	movwf	??_display_ac
  1625     07D5  01F1               	clrf	??_display_ac+1
  1626                           
  1627                           ; Switch on 2 bytes has been partitioned into a top level switch of size 1, and 1 sub-sw
      +                          itches
  1628                           ; Switch size 1, requested type "simple"
  1629                           ; Number of cases is 1, Range of values is 0 to 0
  1630                           ; switch strategies available:
  1631                           ; Name         Instructions Cycles
  1632                           ; simple_byte            4     3 (average)
  1633                           ; direct_byte            8     6 (fixed)
  1634                           ; jumptable            260     6 (fixed)
  1635                           ;	Chosen strategy is simple_byte
  1636     07D6  0871               	movf	??_display_ac+1,w
  1637     07D7  3A00               	xorlw	0	; case 0
  1638     07D8  1903               	skipnz
  1639     07D9  2FDB               	goto	l788
  1640     07DA  2FFB               	goto	l60
  1641     07DB                     l788:
  1642                           
  1643                           ; Switch size 1, requested type "simple"
  1644                           ; Number of cases is 10, Range of values is 0 to 9
  1645                           ; switch strategies available:
  1646                           ; Name         Instructions Cycles
  1647                           ; direct_byte           26     6 (fixed)
  1648                           ; simple_byte           31    16 (average)
  1649                           ; jumptable            260     6 (fixed)
  1650                           ;	Chosen strategy is simple_byte
  1651     07DB  0870               	movf	??_display_ac,w
  1652     07DC  3A00               	xorlw	0	; case 0
  1653     07DD  1903               	skipnz
  1654     07DE  2F79               	goto	l49
  1655     07DF  3A01               	xorlw	1	; case 1
  1656     07E0  1903               	skipnz
  1657     07E1  2F82               	goto	l51
  1658     07E2  3A03               	xorlw	3	; case 2
  1659     07E3  1903               	skipnz
  1660     07E4  2F8B               	goto	l52
  1661     07E5  3A01               	xorlw	1	; case 3
  1662     07E6  1903               	skipnz
  1663     07E7  2F94               	goto	l53
  1664     07E8  3A07               	xorlw	7	; case 4
  1665     07E9  1903               	skipnz
  1666     07EA  2F9D               	goto	l54
  1667     07EB  3A01               	xorlw	1	; case 5
  1668     07EC  1903               	skipnz
  1669     07ED  2FA6               	goto	l55
  1670     07EE  3A03               	xorlw	3	; case 6
  1671     07EF  1903               	skipnz
  1672     07F0  2FAF               	goto	l56
  1673     07F1  3A01               	xorlw	1	; case 7
  1674     07F2  1903               	skipnz
  1675     07F3  2FB8               	goto	l57
  1676     07F4  3A0F               	xorlw	15	; case 8
  1677     07F5  1903               	skipnz
  1678     07F6  2FC1               	goto	l58
  1679     07F7  3A01               	xorlw	1	; case 9
  1680     07F8  1903               	skipnz
  1681     07F9  2FCA               	goto	l59
  1682     07FA  2FFB               	goto	l60
  1683     07FB                     l60:
  1684     07FB  0008               	return
  1685     07FC                     __end_of_display_ac:
  1686     007E                     btemp	set	126	;btemp
  1687     007E                     wtemp0	set	126
  1688                           
  1689                           	psect	config
  1690                           
  1691                           ;Config register CONFIG1 @ 0x8007
  1692                           ;	Oscillator Selection
  1693                           ;	FOSC = HS, HS Oscillator, High-speed crystal/resonator connected between OSC1 and OSC2
      +                           pins
  1694                           ;	Watchdog Timer Enable
  1695                           ;	WDTE = OFF, WDT disabled
  1696                           ;	Power-up Timer Enable
  1697                           ;	PWRTE = OFF, PWRT disabled
  1698                           ;	MCLR Pin Function Select
  1699                           ;	MCLRE = ON, MCLR/VPP pin function is MCLR
  1700                           ;	Flash Program Memory Code Protection
  1701                           ;	CP = OFF, Program memory code protection is disabled
  1702                           ;	Data Memory Code Protection
  1703                           ;	CPD = OFF, Data memory code protection is disabled
  1704                           ;	Brown-out Reset Enable
  1705                           ;	BOREN = ON, Brown-out Reset enabled
  1706                           ;	Clock Out Enable
  1707                           ;	CLKOUTEN = OFF, CLKOUT function is disabled. I/O or oscillator function on the CLKOUT 
      +                          pin
  1708                           ;	Internal/External Switchover
  1709                           ;	IESO = ON, Internal/External Switchover mode is enabled
  1710                           ;	Fail-Safe Clock Monitor Enable
  1711                           ;	FCMEN = ON, Fail-Safe Clock Monitor is enabled
  1712     8007                     	org	32775
  1713     8007  3FE2               	dw	16354
  1714                           
  1715                           ;Config register CONFIG2 @ 0x8008
  1716                           ;	Flash Memory Self-Write Protection
  1717                           ;	WRT = OFF, Write protection off
  1718                           ;	Voltage Regulator Capacitor Enable
  1719                           ;	VCAPEN = OFF, All VCAP pin functionality is disabled
  1720                           ;	PLL Enable
  1721                           ;	PLLEN = OFF, 4x PLL disabled
  1722                           ;	Stack Overflow/Underflow Reset Enable
  1723                           ;	STVREN = ON, Stack Overflow or Underflow will cause a Reset
  1724                           ;	Brown-out Reset Voltage Selection
  1725                           ;	BORV = LO, Brown-out Reset Voltage (Vbor), low trip point selected.
  1726                           ;	Low-Voltage Programming Enable
  1727                           ;	LVP = ON, Low-voltage programming enabled
  1728     8008                     	org	32776
  1729     8008  3EFF               	dw	16127

Data Sizes:
    Strings     0
    Constant    0
    Data        0
    BSS         1
    Persistent  32
    Stack       0

Auto Spaces:
    Space          Size  Autos    Used
    COMMON           14      5       6
    BANK0            80      0       0
    BANK1            80      0       0
    BANK2            80      0       0
    BANK3            80      0       0
    BANK4            80      0       0
    BANK5            80      0       0
    BANK6            80      0       0
    BANK7            80      0       0
    BANK8            80      0       0
    BANK9            80      0       0
    BANK10           80      0       0
    BANK11           80      0       0
    BANK12           48      0       0

Pointer List with Targets:

    None.

Critical Paths under _main in COMMON

    _main->_display_ac

Critical Paths under _main in BANK0

    None.

Critical Paths under _main in BANK1

    None.

Critical Paths under _main in BANK2

    None.

Critical Paths under _main in BANK3

    None.

Critical Paths under _main in BANK4

    None.

Critical Paths under _main in BANK5

    None.

Critical Paths under _main in BANK6

    None.

Critical Paths under _main in BANK7

    None.

Critical Paths under _main in BANK8

    None.

Critical Paths under _main in BANK9

    None.

Critical Paths under _main in BANK10

    None.

Critical Paths under _main in BANK11

    None.

Critical Paths under _main in BANK12

    None.

Call Graph Tables:

 ---------------------------------------------------------------------------------
 (Depth) Function   	        Calls       Base Space   Used Autos Params    Refs
 ---------------------------------------------------------------------------------
 (0) _main                                                 2     2      0      15
                                              3 COMMON     2     2      0
                         _display_ac
                       _display_init
                       _init_punto11
 ---------------------------------------------------------------------------------
 (1) _init_punto11                                         0     0      0       0
 ---------------------------------------------------------------------------------
 (1) _display_init                                         0     0      0       0
 ---------------------------------------------------------------------------------
 (1) _display_ac                                           3     3      0      15
                                              0 COMMON     3     3      0
 ---------------------------------------------------------------------------------
 Estimated maximum stack depth 1
 ---------------------------------------------------------------------------------

 Call Graph Graphs:

 _main (ROOT)
   _display_ac
   _display_init
   _init_punto11

 Address spaces:
Name               Size   Autos  Total    Cost      Usage
BIGRAM             3F0      0       0       0        0.0%
EEDATA             100      0       0       0        0.0%
NULL                 0      0       0       0        0.0%
CODE                 0      0       0       0        0.0%
BITCOMMON            E      0       0       1        0.0%
BITSFR0              0      0       0       1        0.0%
SFR0                 0      0       0       1        0.0%
COMMON               E      5       6       2       42.9%
BITSFR1              0      0       0       2        0.0%
SFR1                 0      0       0       2        0.0%
BITSFR2              0      0       0       3        0.0%
SFR2                 0      0       0       3        0.0%
STACK                0      0       0       3        0.0%
BITBANK0            50      0       0       4        0.0%
BITSFR3              0      0       0       4        0.0%
SFR3                 0      0       0       4        0.0%
BANK0               50      0       0       5        0.0%
BITSFR4              0      0       0       5        0.0%
SFR4                 0      0       0       5        0.0%
BITBANK1            50      0       0       6        0.0%
BITSFR5              0      0       0       6        0.0%
SFR5                 0      0       0       6        0.0%
BANK1               50      0       0       7        0.0%
BITSFR6              0      0       0       7        0.0%
SFR6                 0      0       0       7        0.0%
BITBANK2            50      0       0       8        0.0%
BITSFR7              0      0       0       8        0.0%
SFR7                 0      0       0       8        0.0%
BANK2               50      0       0       9        0.0%
BITSFR8              0      0       0       9        0.0%
SFR8                 0      0       0       9        0.0%
BITBANK3            50      0       0      10        0.0%
BITSFR9              0      0       0      10        0.0%
SFR9                 0      0       0      10        0.0%
BANK3               50      0       0      11        0.0%
BITSFR10             0      0       0      11        0.0%
SFR10                0      0       0      11        0.0%
BITBANK4            50      0       0      12        0.0%
BITSFR11             0      0       0      12        0.0%
SFR11                0      0       0      12        0.0%
BANK4               50      0       0      13        0.0%
BITSFR12             0      0       0      13        0.0%
SFR12                0      0       0      13        0.0%
BITBANK5            50      0       0      14        0.0%
BITSFR13             0      0       0      14        0.0%
SFR13                0      0       0      14        0.0%
BANK5               50      0       0      15        0.0%
BITSFR14             0      0       0      15        0.0%
SFR14                0      0       0      15        0.0%
BITBANK6            50      0       0      16        0.0%
BITSFR15             0      0       0      16        0.0%
SFR15                0      0       0      16        0.0%
BANK6               50      0       0      17        0.0%
BITSFR16             0      0       0      17        0.0%
SFR16                0      0       0      17        0.0%
BITBANK7            50      0       0      18        0.0%
BITSFR17             0      0       0      18        0.0%
SFR17                0      0       0      18        0.0%
BANK7               50      0       0      19        0.0%
BITSFR18             0      0       0      19        0.0%
SFR18                0      0       0      19        0.0%
BITSFR19             0      0       0      20        0.0%
SFR19                0      0       0      20        0.0%
ABS                  0      0       6      20        0.0%
BITBANK8            50      0       0      21        0.0%
BITSFR20             0      0       0      21        0.0%
SFR20                0      0       0      21        0.0%
BANK8               50      0       0      22        0.0%
BITSFR21             0      0       0      22        0.0%
SFR21                0      0       0      22        0.0%
BITBANK9            50      0       0      23        0.0%
BITSFR22             0      0       0      23        0.0%
SFR22                0      0       0      23        0.0%
BANK9               50      0       0      24        0.0%
BITSFR23             0      0       0      24        0.0%
SFR23                0      0       0      24        0.0%
BITBANK10           50      0       0      25        0.0%
BITSFR24             0      0       0      25        0.0%
SFR24                0      0       0      25        0.0%
BANK10              50      0       0      26        0.0%
BITSFR25             0      0       0      26        0.0%
SFR25                0      0       0      26        0.0%
BITBANK11           50      0       0      27        0.0%
BITSFR26             0      0       0      27        0.0%
SFR26                0      0       0      27        0.0%
BANK11              50      0       0      28        0.0%
BITSFR27             0      0       0      28        0.0%
SFR27                0      0       0      28        0.0%
BITBANK12           30      0       0      29        0.0%
BITSFR28             0      0       0      29        0.0%
SFR28                0      0       0      29        0.0%
BANK12              30      0       0      30        0.0%
BITSFR29             0      0       0      30        0.0%
SFR29                0      0       0      30        0.0%
BITSFR30             0      0       0      31        0.0%
SFR30                0      0       0      31        0.0%
DATA                 0      0       6      31        0.0%
BITSFR31             0      0       0      32        0.0%
SFR31                0      0       0      32        0.0%


Microchip Technology PIC Macro Assembler V2.41 build 20230208172133 
Symbol Table                                                                                   Wed Aug 30 19:19:23 2023

                     l23 073E                       l32 0768                       l51 0782  
                     l27 0753                       l19 0728                       l52 078B  
                     l60 07FB                       l53 0794                       l45 0705  
                     l54 079D                       l55 07A6                       l56 07AF  
                     l57 07B8                       l49 0779                       l58 07C1  
                     l90 0717                       l59 07CA                       u10 0728  
                     u11 0727                       u20 072C                       u21 072B  
                     u40 073E                       u41 073D                       u50 0742  
                     u34 0731                       u51 0741                       u35 0730  
                     u70 0753                       u71 0752                       u80 0757  
                     u64 0747                       u81 0756                       u65 0746  
                     u90 0762                       u91 0761                      l700 070E  
                    l702 0712                      l712 07D3                      l704 0714  
                    l720 071B                      l706 0703                      l730 072C  
                    l722 071E                      l708 0778                      l732 0739  
                    l724 071F                      l742 0757                      l726 0723  
                    l718 0718                      l752 076C                      l744 075B  
                    l736 0742                      l754 0770                      l746 0762  
                    l738 074E                      l748 0764                      l698 0706  
                    l788 07DB            ?_display_init 0070                      u100 0768  
                    u101 0767                      u110 076C                      u111 076B  
                    u120 0774                      u121 0773                      _dig 0075  
                    wreg 0009                     _LATD 010F                     _WPUB 020D  
                   _main 0718                     btemp 007E                     start 0002  
         ??_display_init 0070                    ?_main 0070                    _TRISC 008E  
                  _TRISD 008F                    wtemp0 007E          __initialization 07FC  
           __end_of_main 0777                   ??_main 0073            ?_init_punto11 0070  
          display_ac@dig 0072  __end_of__initialization 07FD     __end_of_display_init 0706  
         ??_init_punto11 0070           __pcstackCOMMON 0070           _OPTION_REGbits 0095  
             __pmaintext 0718               _display_ac 0777                  __ptext1 0706  
                __ptext2 0703                  __ptext3 0777     __end_of_init_punto11 0718  
   end_of_initialization 07FD                _PORTBbits 000D             _display_init 0703  
              _TRISBbits 008D              ?_display_ac 0070      start_initialization 07FC  
            __pbssCOMMON 0075                ___latbits 0003             _init_punto11 0706  
               _LATCbits 010E             ??_display_ac 0070       __end_of_display_ac 07FC  
             _ANSELBbits 018D  
