

Microchip MPLAB XC8 Assembler V2.41 build 20230208172133 
                                                                                               Fri Aug 25 09:33:56 2023

Microchip MPLAB XC8 C Compiler v2.41 (Free license) build 20230208172133 Og1 
     1                           	processor	16F1939
     2                           	pagewidth 120
     3                           	opt	flic
     4                           	psect	cinit,global,class=CODE,merge=1,delta=2
     5                           	psect	cstackCOMMON,global,class=COMMON,space=1,delta=1,noexec
     6                           	psect	maintext,global,class=CODE,merge=1,split=1,delta=2
     7                           	psect	text1,local,class=CODE,merge=1,delta=2
     8                           	psect	text2,local,class=CODE,merge=1,delta=2
     9                           	psect	text3,local,class=CODE,merge=1,delta=2
    10                           	psect	text4,local,class=CODE,merge=1,delta=2
    11                           	psect	config,global,abs,ovrld,class=CONFIG,space=4,delta=2,noexec
    12                           	dabs	1,0x7E,2
    13     0000                     
    14                           ; Generated 06/07/2023 GMT
    15                           ; 
    16                           ; Copyright © 2023, Microchip Technology Inc. and its subsidiaries ("Microchip")
    17                           ; All rights reserved.
    18                           ; 
    19                           ; This software is developed by Microchip Technology Inc. and its subsidiaries ("Microch
      +                          ip").
    20                           ; 
    21                           ; Redistribution and use in source and binary forms, with or without modification, are
    22                           ; permitted provided that the following conditions are met:
    23                           ; 
    24                           ;     1. Redistributions of source code must retain the above copyright notice, this lis
      +                          t of
    25                           ;        conditions and the following disclaimer.
    26                           ; 
    27                           ;     2. Redistributions in binary form must reproduce the above copyright notice, this 
      +                          list
    28                           ;        of conditions and the following disclaimer in the documentation and/or other
    29                           ;        materials provided with the distribution. Publication is not required when
    30                           ;        this file is used in an embedded application.
    31                           ; 
    32                           ;     3. Microchip's name may not be used to endorse or promote products derived from th
      +                          is
    33                           ;        software without specific prior written permission.
    34                           ; 
    35                           ; THIS SOFTWARE IS PROVIDED BY MICROCHIP "AS IS" AND ANY EXPRESS OR IMPLIED WARRANTIES,
    36                           ; INCLUDING, BUT NOT LIMITED TO, THE IMPLIED WARRANTIES OF MERCHANTABILITY AND FITNESS F
      +                          OR
    37                           ; PURPOSE ARE DISCLAIMED.  IN NO EVENT SHALL MICROCHIP BE LIABLE FOR ANY DIRECT, INDIREC
      +                          T,
    38                           ; INCIDENTAL, SPECIAL, EXEMPLARY, OR CONSEQUENTIAL DAMAGES (INCLUDING BUT NOT LIMITED TO
    39                           ; PROCUREMENT OF SUBSTITUTE GOODS OR SERVICES; LOSS OF USE, DATA OR PROFITS; OR BUSINESS
    40                           ; INTERRUPTION) HOWSOEVER CAUSED AND ON ANY THEORY OF LIABILITY, WHETHER IN CONTRACT, ST
      +                          RICT
    41                           ; LIABILITY, OR TORT (INCLUDING NEGLIGENCE OR OTHERWISE) ARISING IN ANY WAY OUT OF THE U
      +                          SE OF
    42                           ; THIS SOFTWARE, EVEN IF ADVISED OF THE POSSIBILITY OF SUCH DAMAGE.
    43                           ; 
    44                           ; 
    45                           ; Code-generator required, PIC16F1939 Definitions
    46                           ; 
    47                           ; SFR Addresses
    48     0000                     	;# 
    49     0001                     	;# 
    50     0002                     	;# 
    51     0003                     	;# 
    52     0004                     	;# 
    53     0005                     	;# 
    54     0006                     	;# 
    55     0007                     	;# 
    56     0008                     	;# 
    57     0009                     	;# 
    58     000A                     	;# 
    59     000B                     	;# 
    60     000C                     	;# 
    61     000D                     	;# 
    62     000E                     	;# 
    63     000F                     	;# 
    64     0010                     	;# 
    65     0011                     	;# 
    66     0012                     	;# 
    67     0013                     	;# 
    68     0015                     	;# 
    69     0016                     	;# 
    70     0016                     	;# 
    71     0017                     	;# 
    72     0018                     	;# 
    73     0019                     	;# 
    74     001A                     	;# 
    75     001B                     	;# 
    76     001C                     	;# 
    77     001E                     	;# 
    78     001F                     	;# 
    79     008C                     	;# 
    80     008D                     	;# 
    81     008E                     	;# 
    82     008F                     	;# 
    83     0090                     	;# 
    84     0091                     	;# 
    85     0092                     	;# 
    86     0093                     	;# 
    87     0095                     	;# 
    88     0096                     	;# 
    89     0097                     	;# 
    90     0098                     	;# 
    91     0099                     	;# 
    92     009A                     	;# 
    93     009B                     	;# 
    94     009B                     	;# 
    95     009C                     	;# 
    96     009D                     	;# 
    97     009E                     	;# 
    98     010C                     	;# 
    99     010D                     	;# 
   100     010E                     	;# 
   101     010F                     	;# 
   102     0110                     	;# 
   103     0111                     	;# 
   104     0112                     	;# 
   105     0113                     	;# 
   106     0114                     	;# 
   107     0115                     	;# 
   108     0116                     	;# 
   109     0117                     	;# 
   110     0118                     	;# 
   111     0119                     	;# 
   112     011A                     	;# 
   113     011B                     	;# 
   114     011D                     	;# 
   115     018C                     	;# 
   116     018D                     	;# 
   117     018F                     	;# 
   118     0190                     	;# 
   119     0191                     	;# 
   120     0191                     	;# 
   121     0192                     	;# 
   122     0193                     	;# 
   123     0193                     	;# 
   124     0193                     	;# 
   125     0194                     	;# 
   126     0195                     	;# 
   127     0196                     	;# 
   128     0199                     	;# 
   129     019A                     	;# 
   130     019B                     	;# 
   131     019B                     	;# 
   132     019B                     	;# 
   133     019B                     	;# 
   134     019C                     	;# 
   135     019C                     	;# 
   136     019D                     	;# 
   137     019E                     	;# 
   138     019F                     	;# 
   139     020D                     	;# 
   140     0210                     	;# 
   141     0211                     	;# 
   142     0212                     	;# 
   143     0213                     	;# 
   144     0214                     	;# 
   145     0215                     	;# 
   146     0215                     	;# 
   147     0216                     	;# 
   148     0217                     	;# 
   149     0291                     	;# 
   150     0291                     	;# 
   151     0292                     	;# 
   152     0293                     	;# 
   153     0294                     	;# 
   154     0295                     	;# 
   155     0295                     	;# 
   156     0296                     	;# 
   157     0298                     	;# 
   158     0298                     	;# 
   159     0299                     	;# 
   160     029A                     	;# 
   161     029B                     	;# 
   162     029C                     	;# 
   163     029C                     	;# 
   164     029D                     	;# 
   165     029E                     	;# 
   166     029F                     	;# 
   167     0311                     	;# 
   168     0311                     	;# 
   169     0312                     	;# 
   170     0313                     	;# 
   171     0314                     	;# 
   172     0315                     	;# 
   173     0315                     	;# 
   174     0316                     	;# 
   175     0318                     	;# 
   176     0318                     	;# 
   177     0319                     	;# 
   178     031A                     	;# 
   179     031C                     	;# 
   180     031C                     	;# 
   181     031D                     	;# 
   182     031E                     	;# 
   183     0394                     	;# 
   184     0395                     	;# 
   185     0396                     	;# 
   186     0415                     	;# 
   187     0416                     	;# 
   188     0417                     	;# 
   189     041C                     	;# 
   190     041D                     	;# 
   191     041E                     	;# 
   192     0791                     	;# 
   193     0792                     	;# 
   194     0793                     	;# 
   195     0794                     	;# 
   196     0795                     	;# 
   197     0798                     	;# 
   198     0799                     	;# 
   199     079A                     	;# 
   200     07A0                     	;# 
   201     07A1                     	;# 
   202     07A2                     	;# 
   203     07A3                     	;# 
   204     07A4                     	;# 
   205     07A5                     	;# 
   206     07A6                     	;# 
   207     07A7                     	;# 
   208     07A8                     	;# 
   209     07A9                     	;# 
   210     07AA                     	;# 
   211     07AB                     	;# 
   212     0FE4                     	;# 
   213     0FE5                     	;# 
   214     0FE6                     	;# 
   215     0FE7                     	;# 
   216     0FE8                     	;# 
   217     0FE9                     	;# 
   218     0FEA                     	;# 
   219     0FEB                     	;# 
   220     0FED                     	;# 
   221     0FEE                     	;# 
   222     0FEF                     	;# 
   223     0000                     	;# 
   224     0001                     	;# 
   225     0002                     	;# 
   226     0003                     	;# 
   227     0004                     	;# 
   228     0005                     	;# 
   229     0006                     	;# 
   230     0007                     	;# 
   231     0008                     	;# 
   232     0009                     	;# 
   233     000A                     	;# 
   234     000B                     	;# 
   235     000C                     	;# 
   236     000D                     	;# 
   237     000E                     	;# 
   238     000F                     	;# 
   239     0010                     	;# 
   240     0011                     	;# 
   241     0012                     	;# 
   242     0013                     	;# 
   243     0015                     	;# 
   244     0016                     	;# 
   245     0016                     	;# 
   246     0017                     	;# 
   247     0018                     	;# 
   248     0019                     	;# 
   249     001A                     	;# 
   250     001B                     	;# 
   251     001C                     	;# 
   252     001E                     	;# 
   253     001F                     	;# 
   254     008C                     	;# 
   255     008D                     	;# 
   256     008E                     	;# 
   257     008F                     	;# 
   258     0090                     	;# 
   259     0091                     	;# 
   260     0092                     	;# 
   261     0093                     	;# 
   262     0095                     	;# 
   263     0096                     	;# 
   264     0097                     	;# 
   265     0098                     	;# 
   266     0099                     	;# 
   267     009A                     	;# 
   268     009B                     	;# 
   269     009B                     	;# 
   270     009C                     	;# 
   271     009D                     	;# 
   272     009E                     	;# 
   273     010C                     	;# 
   274     010D                     	;# 
   275     010E                     	;# 
   276     010F                     	;# 
   277     0110                     	;# 
   278     0111                     	;# 
   279     0112                     	;# 
   280     0113                     	;# 
   281     0114                     	;# 
   282     0115                     	;# 
   283     0116                     	;# 
   284     0117                     	;# 
   285     0118                     	;# 
   286     0119                     	;# 
   287     011A                     	;# 
   288     011B                     	;# 
   289     011D                     	;# 
   290     018C                     	;# 
   291     018D                     	;# 
   292     018F                     	;# 
   293     0190                     	;# 
   294     0191                     	;# 
   295     0191                     	;# 
   296     0192                     	;# 
   297     0193                     	;# 
   298     0193                     	;# 
   299     0193                     	;# 
   300     0194                     	;# 
   301     0195                     	;# 
   302     0196                     	;# 
   303     0199                     	;# 
   304     019A                     	;# 
   305     019B                     	;# 
   306     019B                     	;# 
   307     019B                     	;# 
   308     019B                     	;# 
   309     019C                     	;# 
   310     019C                     	;# 
   311     019D                     	;# 
   312     019E                     	;# 
   313     019F                     	;# 
   314     020D                     	;# 
   315     0210                     	;# 
   316     0211                     	;# 
   317     0212                     	;# 
   318     0213                     	;# 
   319     0214                     	;# 
   320     0215                     	;# 
   321     0215                     	;# 
   322     0216                     	;# 
   323     0217                     	;# 
   324     0291                     	;# 
   325     0291                     	;# 
   326     0292                     	;# 
   327     0293                     	;# 
   328     0294                     	;# 
   329     0295                     	;# 
   330     0295                     	;# 
   331     0296                     	;# 
   332     0298                     	;# 
   333     0298                     	;# 
   334     0299                     	;# 
   335     029A                     	;# 
   336     029B                     	;# 
   337     029C                     	;# 
   338     029C                     	;# 
   339     029D                     	;# 
   340     029E                     	;# 
   341     029F                     	;# 
   342     0311                     	;# 
   343     0311                     	;# 
   344     0312                     	;# 
   345     0313                     	;# 
   346     0314                     	;# 
   347     0315                     	;# 
   348     0315                     	;# 
   349     0316                     	;# 
   350     0318                     	;# 
   351     0318                     	;# 
   352     0319                     	;# 
   353     031A                     	;# 
   354     031C                     	;# 
   355     031C                     	;# 
   356     031D                     	;# 
   357     031E                     	;# 
   358     0394                     	;# 
   359     0395                     	;# 
   360     0396                     	;# 
   361     0415                     	;# 
   362     0416                     	;# 
   363     0417                     	;# 
   364     041C                     	;# 
   365     041D                     	;# 
   366     041E                     	;# 
   367     0791                     	;# 
   368     0792                     	;# 
   369     0793                     	;# 
   370     0794                     	;# 
   371     0795                     	;# 
   372     0798                     	;# 
   373     0799                     	;# 
   374     079A                     	;# 
   375     07A0                     	;# 
   376     07A1                     	;# 
   377     07A2                     	;# 
   378     07A3                     	;# 
   379     07A4                     	;# 
   380     07A5                     	;# 
   381     07A6                     	;# 
   382     07A7                     	;# 
   383     07A8                     	;# 
   384     07A9                     	;# 
   385     07AA                     	;# 
   386     07AB                     	;# 
   387     0FE4                     	;# 
   388     0FE5                     	;# 
   389     0FE6                     	;# 
   390     0FE7                     	;# 
   391     0FE8                     	;# 
   392     0FE9                     	;# 
   393     0FEA                     	;# 
   394     0FEB                     	;# 
   395     0FED                     	;# 
   396     0FEE                     	;# 
   397     0FEF                     	;# 
   398     0000                     	;# 
   399     0001                     	;# 
   400     0002                     	;# 
   401     0003                     	;# 
   402     0004                     	;# 
   403     0005                     	;# 
   404     0006                     	;# 
   405     0007                     	;# 
   406     0008                     	;# 
   407     0009                     	;# 
   408     000A                     	;# 
   409     000B                     	;# 
   410     000C                     	;# 
   411     000D                     	;# 
   412     000E                     	;# 
   413     000F                     	;# 
   414     0010                     	;# 
   415     0011                     	;# 
   416     0012                     	;# 
   417     0013                     	;# 
   418     0015                     	;# 
   419     0016                     	;# 
   420     0016                     	;# 
   421     0017                     	;# 
   422     0018                     	;# 
   423     0019                     	;# 
   424     001A                     	;# 
   425     001B                     	;# 
   426     001C                     	;# 
   427     001E                     	;# 
   428     001F                     	;# 
   429     008C                     	;# 
   430     008D                     	;# 
   431     008E                     	;# 
   432     008F                     	;# 
   433     0090                     	;# 
   434     0091                     	;# 
   435     0092                     	;# 
   436     0093                     	;# 
   437     0095                     	;# 
   438     0096                     	;# 
   439     0097                     	;# 
   440     0098                     	;# 
   441     0099                     	;# 
   442     009A                     	;# 
   443     009B                     	;# 
   444     009B                     	;# 
   445     009C                     	;# 
   446     009D                     	;# 
   447     009E                     	;# 
   448     010C                     	;# 
   449     010D                     	;# 
   450     010E                     	;# 
   451     010F                     	;# 
   452     0110                     	;# 
   453     0111                     	;# 
   454     0112                     	;# 
   455     0113                     	;# 
   456     0114                     	;# 
   457     0115                     	;# 
   458     0116                     	;# 
   459     0117                     	;# 
   460     0118                     	;# 
   461     0119                     	;# 
   462     011A                     	;# 
   463     011B                     	;# 
   464     011D                     	;# 
   465     018C                     	;# 
   466     018D                     	;# 
   467     018F                     	;# 
   468     0190                     	;# 
   469     0191                     	;# 
   470     0191                     	;# 
   471     0192                     	;# 
   472     0193                     	;# 
   473     0193                     	;# 
   474     0193                     	;# 
   475     0194                     	;# 
   476     0195                     	;# 
   477     0196                     	;# 
   478     0199                     	;# 
   479     019A                     	;# 
   480     019B                     	;# 
   481     019B                     	;# 
   482     019B                     	;# 
   483     019B                     	;# 
   484     019C                     	;# 
   485     019C                     	;# 
   486     019D                     	;# 
   487     019E                     	;# 
   488     019F                     	;# 
   489     020D                     	;# 
   490     0210                     	;# 
   491     0211                     	;# 
   492     0212                     	;# 
   493     0213                     	;# 
   494     0214                     	;# 
   495     0215                     	;# 
   496     0215                     	;# 
   497     0216                     	;# 
   498     0217                     	;# 
   499     0291                     	;# 
   500     0291                     	;# 
   501     0292                     	;# 
   502     0293                     	;# 
   503     0294                     	;# 
   504     0295                     	;# 
   505     0295                     	;# 
   506     0296                     	;# 
   507     0298                     	;# 
   508     0298                     	;# 
   509     0299                     	;# 
   510     029A                     	;# 
   511     029B                     	;# 
   512     029C                     	;# 
   513     029C                     	;# 
   514     029D                     	;# 
   515     029E                     	;# 
   516     029F                     	;# 
   517     0311                     	;# 
   518     0311                     	;# 
   519     0312                     	;# 
   520     0313                     	;# 
   521     0314                     	;# 
   522     0315                     	;# 
   523     0315                     	;# 
   524     0316                     	;# 
   525     0318                     	;# 
   526     0318                     	;# 
   527     0319                     	;# 
   528     031A                     	;# 
   529     031C                     	;# 
   530     031C                     	;# 
   531     031D                     	;# 
   532     031E                     	;# 
   533     0394                     	;# 
   534     0395                     	;# 
   535     0396                     	;# 
   536     0415                     	;# 
   537     0416                     	;# 
   538     0417                     	;# 
   539     041C                     	;# 
   540     041D                     	;# 
   541     041E                     	;# 
   542     0791                     	;# 
   543     0792                     	;# 
   544     0793                     	;# 
   545     0794                     	;# 
   546     0795                     	;# 
   547     0798                     	;# 
   548     0799                     	;# 
   549     079A                     	;# 
   550     07A0                     	;# 
   551     07A1                     	;# 
   552     07A2                     	;# 
   553     07A3                     	;# 
   554     07A4                     	;# 
   555     07A5                     	;# 
   556     07A6                     	;# 
   557     07A7                     	;# 
   558     07A8                     	;# 
   559     07A9                     	;# 
   560     07AA                     	;# 
   561     07AB                     	;# 
   562     0FE4                     	;# 
   563     0FE5                     	;# 
   564     0FE6                     	;# 
   565     0FE7                     	;# 
   566     0FE8                     	;# 
   567     0FE9                     	;# 
   568     0FEA                     	;# 
   569     0FEB                     	;# 
   570     0FED                     	;# 
   571     0FEE                     	;# 
   572     0FEF                     	;# 
   573     000D                     _PORTB	set	13
   574     000D                     _PORTBbits	set	13
   575     008D                     _TRISBbits	set	141
   576     0095                     _OPTION_REGbits	set	149
   577     008F                     _TRISDbits	set	143
   578     010F                     _LATDbits	set	271
   579     018F                     _ANSELD	set	399
   580     018D                     _ANSELB	set	397
   581     020D                     _WPUB	set	525
   582                           
   583                           	psect	cinit
   584     07FD                     start_initialization:	
   585                           ; #config settings
   586                           
   587     07FD                     __initialization:
   588     07FD                     end_of_initialization:	
   589                           ;End of C runtime variable initialization code
   590                           
   591     07FD                     __end_of__initialization:
   592     07FD  0020               	movlb	0
   593     07FE  3187  2FBA         	ljmp	_main	;jump to C main() function
   594                           
   595                           	psect	cstackCOMMON
   596     0070                     __pcstackCOMMON:
   597     0070                     ?_avanzar:
   598     0070                     ??_avanzar:	
   599                           ; 1 bytes @ 0x0
   600                           
   601     0070                     ?_atras:	
   602                           ; 1 bytes @ 0x0
   603                           
   604     0070                     ??_atras:	
   605                           ; 1 bytes @ 0x0
   606                           
   607     0070                     ?_girar_derecha:	
   608                           ; 1 bytes @ 0x0
   609                           
   610     0070                     ??_girar_derecha:	
   611                           ; 1 bytes @ 0x0
   612                           
   613     0070                     ?_girar_izquierda:	
   614                           ; 1 bytes @ 0x0
   615                           
   616     0070                     ??_girar_izquierda:	
   617                           ; 1 bytes @ 0x0
   618                           
   619     0070                     ?_main:	
   620                           ; 1 bytes @ 0x0
   621                           
   622     0070                     ??_main:	
   623                           ; 1 bytes @ 0x0
   624                           
   625                           
   626                           ; 1 bytes @ 0x0
   627     0070                     	ds	1
   628                           
   629                           	psect	maintext
   630     07BA                     __pmaintext:	
   631 ;;
   632 ;;Main: autosize = 0, tempsize = 1, incstack = 0, save=0
   633 ;;
   634 ;; *************** function _main *****************
   635 ;; Defined at:
   636 ;;		line 29 in file "main.c"
   637 ;; Parameters:    Size  Location     Type
   638 ;;		None
   639 ;; Auto vars:     Size  Location     Type
   640 ;;		None
   641 ;; Return value:  Size  Location     Type
   642 ;;                  1    wreg      void 
   643 ;; Registers used:
   644 ;;		wreg, status,2, status,0, pclath, cstack
   645 ;; Tracked objects:
   646 ;;		On entry : B1F/0
   647 ;;		On exit  : 0/0
   648 ;;		Unchanged: 0/0
   649 ;; Data sizes:     COMMON   BANK0   BANK1   BANK2   BANK3   BANK4   BANK5   BANK6   BANK7   BANK8   BANK9  BANK10  BANK1
      +1  BANK12
   650 ;;      Params:         0       0       0       0       0       0       0       0       0       0       0       0       
      +0       0
   651 ;;      Locals:         0       0       0       0       0       0       0       0       0       0       0       0       
      +0       0
   652 ;;      Temps:          1       0       0       0       0       0       0       0       0       0       0       0       
      +0       0
   653 ;;      Totals:         1       0       0       0       0       0       0       0       0       0       0       0       
      +0       0
   654 ;;Total ram usage:        1 bytes
   655 ;; Hardware stack levels required when called: 1
   656 ;; This function calls:
   657 ;;		_atras
   658 ;;		_avanzar
   659 ;;		_girar_derecha
   660 ;;		_girar_izquierda
   661 ;; This function is called by:
   662 ;;		Startup code after reset
   663 ;; This function uses a non-reentrant model
   664 ;;
   665                           
   666     07BA                     _main:	
   667                           ;psect for function _main
   668                           
   669     07BA                     l667:	
   670                           ;incstack = 0
   671                           ; Regs used in _main: [wreg+status,2+status,0+pclath+cstack]
   672                           
   673                           
   674                           ;main.c: 31:     ANSELB = 0x00;
   675     07BA  0023               	movlb	3	; select bank3
   676     07BB  018D               	clrf	13	;volatile
   677                           
   678                           ;main.c: 32:     ANSELD = 0x00;
   679     07BC  018F               	clrf	15	;volatile
   680     07BD                     l669:
   681                           
   682                           ;main.c: 33:     TRISDbits.TRISD0 = 0;
   683     07BD  0021               	movlb	1	; select bank1
   684     07BE  100F               	bcf	15,0	;volatile
   685     07BF                     l671:
   686                           
   687                           ;main.c: 34:     TRISDbits.TRISD1 = 0;
   688     07BF  108F               	bcf	15,1	;volatile
   689     07C0                     l673:
   690                           
   691                           ;main.c: 35:     TRISDbits.TRISD2 = 0;
   692     07C0  110F               	bcf	15,2	;volatile
   693     07C1                     l675:
   694                           
   695                           ;main.c: 36:     TRISDbits.TRISD3 = 0;
   696     07C1  118F               	bcf	15,3	;volatile
   697     07C2                     l677:
   698                           
   699                           ;main.c: 38:     OPTION_REGbits.nWPUEN = 0;
   700     07C2  1395               	bcf	21,7	;volatile
   701     07C3                     l679:
   702                           
   703                           ;main.c: 40:     WPUB = 0x0F;
   704     07C3  300F               	movlw	15
   705     07C4  0024               	movlb	4	; select bank4
   706     07C5  008D               	movwf	13	;volatile
   707     07C6                     l681:
   708                           
   709                           ;main.c: 42:     TRISBbits.TRISB3 = 1;
   710     07C6  0021               	movlb	1	; select bank1
   711     07C7  158D               	bsf	13,3	;volatile
   712     07C8                     l683:
   713                           
   714                           ;main.c: 43:     TRISBbits.TRISB1 = 1;
   715     07C8  148D               	bsf	13,1	;volatile
   716     07C9                     l685:
   717                           
   718                           ;main.c: 44:     TRISBbits.TRISB2 = 1;
   719     07C9  150D               	bsf	13,2	;volatile
   720     07CA                     l687:
   721                           
   722                           ;main.c: 45:     TRISBbits.TRISB0 = 1;
   723     07CA  140D               	bsf	13,0	;volatile
   724     07CB                     l689:
   725                           
   726                           ;main.c: 48:         if(PORTBbits.RB0 == 0){
   727     07CB  0020               	movlb	0	; select bank0
   728     07CC  180D               	btfsc	13,0	;volatile
   729     07CD  2FCF               	goto	u11
   730     07CE  2FD0               	goto	u10
   731     07CF                     u11:
   732     07CF  2FD3               	goto	l693
   733     07D0                     u10:
   734     07D0                     l691:
   735                           
   736                           ;main.c: 49:             avanzar();
   737     07D0  3187  27A8  3187   	fcall	_avanzar
   738     07D3                     l693:
   739                           
   740                           ;main.c: 51:         if(PORTBbits.RB3 == 0){
   741     07D3  0020               	movlb	0	; select bank0
   742     07D4  198D               	btfsc	13,3	;volatile
   743     07D5  2FD7               	goto	u21
   744     07D6  2FD8               	goto	u20
   745     07D7                     u21:
   746     07D7  2FDB               	goto	l697
   747     07D8                     u20:
   748     07D8                     l695:
   749                           
   750                           ;main.c: 52:             atras();
   751     07D8  3187  27A2  3187   	fcall	_atras
   752     07DB                     l697:
   753                           
   754                           ;main.c: 54:         if(PORTBbits.RB2 == 0){
   755     07DB  0020               	movlb	0	; select bank0
   756     07DC  190D               	btfsc	13,2	;volatile
   757     07DD  2FDF               	goto	u31
   758     07DE  2FE0               	goto	u30
   759     07DF                     u31:
   760     07DF  2FE3               	goto	l701
   761     07E0                     u30:
   762     07E0                     l699:
   763                           
   764                           ;main.c: 55:             girar_derecha();
   765     07E0  3187  27AE  3187   	fcall	_girar_derecha
   766     07E3                     l701:
   767                           
   768                           ;main.c: 57:         if(PORTBbits.RB1 == 0){
   769     07E3  0020               	movlb	0	; select bank0
   770     07E4  188D               	btfsc	13,1	;volatile
   771     07E5  2FE7               	goto	u41
   772     07E6  2FE8               	goto	u40
   773     07E7                     u41:
   774     07E7  2FEB               	goto	l705
   775     07E8                     u40:
   776     07E8                     l703:
   777                           
   778                           ;main.c: 58:             girar_izquierda();
   779     07E8  3187  27B4  3187   	fcall	_girar_izquierda
   780     07EB                     l705:
   781                           
   782                           ;main.c: 60:         if((PORTB & 0x0F)== 15){
   783     07EB  300F               	movlw	15
   784     07EC  0020               	movlb	0	; select bank0
   785     07ED  050D               	andwf	13,w	;volatile
   786     07EE  00F0               	movwf	??_main
   787     07EF  300F               	movlw	15
   788     07F0  0670               	xorwf	??_main,w
   789     07F1  1D03               	btfss	3,2
   790     07F2  2FF4               	goto	u51
   791     07F3  2FF5               	goto	u50
   792     07F4                     u51:
   793     07F4  2FCB               	goto	l689
   794     07F5                     u50:
   795     07F5                     l707:
   796                           
   797                           ;main.c: 61:             LATDbits.LATD0 = 0;
   798     07F5  0022               	movlb	2	; select bank2
   799     07F6  100F               	bcf	15,0	;volatile
   800                           
   801                           ;main.c: 62:             LATDbits.LATD1 = 0;
   802     07F7  108F               	bcf	15,1	;volatile
   803                           
   804                           ;main.c: 63:             LATDbits.LATD2 = 0;
   805     07F8  110F               	bcf	15,2	;volatile
   806                           
   807                           ;main.c: 64:             LATDbits.LATD3 = 0;
   808     07F9  118F               	bcf	15,3	;volatile
   809     07FA  2FCB               	goto	l689
   810     07FB  3180  2802         	ljmp	start
   811     07FD                     __end_of_main:
   812                           
   813                           	psect	text1
   814     07B4                     __ptext1:	
   815 ;; *************** function _girar_izquierda *****************
   816 ;; Defined at:
   817 ;;		line 77 in file "main.c"
   818 ;; Parameters:    Size  Location     Type
   819 ;;		None
   820 ;; Auto vars:     Size  Location     Type
   821 ;;		None
   822 ;; Return value:  Size  Location     Type
   823 ;;                  1    wreg      void 
   824 ;; Registers used:
   825 ;;		None
   826 ;; Tracked objects:
   827 ;;		On entry : 0/0
   828 ;;		On exit  : 0/0
   829 ;;		Unchanged: 0/0
   830 ;; Data sizes:     COMMON   BANK0   BANK1   BANK2   BANK3   BANK4   BANK5   BANK6   BANK7   BANK8   BANK9  BANK10  BANK1
      +1  BANK12
   831 ;;      Params:         0       0       0       0       0       0       0       0       0       0       0       0       
      +0       0
   832 ;;      Locals:         0       0       0       0       0       0       0       0       0       0       0       0       
      +0       0
   833 ;;      Temps:          0       0       0       0       0       0       0       0       0       0       0       0       
      +0       0
   834 ;;      Totals:         0       0       0       0       0       0       0       0       0       0       0       0       
      +0       0
   835 ;;Total ram usage:        0 bytes
   836 ;; Hardware stack levels used: 1
   837 ;; This function calls:
   838 ;;		Nothing
   839 ;; This function is called by:
   840 ;;		_main
   841 ;; This function uses a non-reentrant model
   842 ;;
   843                           
   844     07B4                     _girar_izquierda:	
   845                           ;psect for function _girar_izquierda
   846                           
   847     07B4                     l665:	
   848                           ;incstack = 0
   849                           ; Regs used in _girar_izquierda: []
   850                           
   851                           
   852                           ;main.c: 78:     LATDbits.LATD0 = 0;
   853     07B4  0022               	movlb	2	; select bank2
   854     07B5  100F               	bcf	15,0	;volatile
   855                           
   856                           ;main.c: 79:     LATDbits.LATD1 = 0;
   857     07B6  108F               	bcf	15,1	;volatile
   858                           
   859                           ;main.c: 80:     LATDbits.LATD2 = 1;
   860     07B7  150F               	bsf	15,2	;volatile
   861                           
   862                           ;main.c: 81:     LATDbits.LATD3 = 0;
   863     07B8  118F               	bcf	15,3	;volatile
   864     07B9                     l45:
   865     07B9  0008               	return
   866     07BA                     __end_of_girar_izquierda:
   867                           
   868                           	psect	text2
   869     07AE                     __ptext2:	
   870 ;; *************** function _girar_derecha *****************
   871 ;; Defined at:
   872 ;;		line 71 in file "main.c"
   873 ;; Parameters:    Size  Location     Type
   874 ;;		None
   875 ;; Auto vars:     Size  Location     Type
   876 ;;		None
   877 ;; Return value:  Size  Location     Type
   878 ;;                  1    wreg      void 
   879 ;; Registers used:
   880 ;;		None
   881 ;; Tracked objects:
   882 ;;		On entry : 0/0
   883 ;;		On exit  : 0/0
   884 ;;		Unchanged: 0/0
   885 ;; Data sizes:     COMMON   BANK0   BANK1   BANK2   BANK3   BANK4   BANK5   BANK6   BANK7   BANK8   BANK9  BANK10  BANK1
      +1  BANK12
   886 ;;      Params:         0       0       0       0       0       0       0       0       0       0       0       0       
      +0       0
   887 ;;      Locals:         0       0       0       0       0       0       0       0       0       0       0       0       
      +0       0
   888 ;;      Temps:          0       0       0       0       0       0       0       0       0       0       0       0       
      +0       0
   889 ;;      Totals:         0       0       0       0       0       0       0       0       0       0       0       0       
      +0       0
   890 ;;Total ram usage:        0 bytes
   891 ;; Hardware stack levels used: 1
   892 ;; This function calls:
   893 ;;		Nothing
   894 ;; This function is called by:
   895 ;;		_main
   896 ;; This function uses a non-reentrant model
   897 ;;
   898                           
   899     07AE                     _girar_derecha:	
   900                           ;psect for function _girar_derecha
   901                           
   902     07AE                     l663:	
   903                           ;incstack = 0
   904                           ; Regs used in _girar_derecha: []
   905                           
   906                           
   907                           ;main.c: 72:     LATDbits.LATD0 = 0;
   908     07AE  0022               	movlb	2	; select bank2
   909     07AF  100F               	bcf	15,0	;volatile
   910                           
   911                           ;main.c: 73:     LATDbits.LATD1 = 1;
   912     07B0  148F               	bsf	15,1	;volatile
   913                           
   914                           ;main.c: 74:     LATDbits.LATD2 = 0;
   915     07B1  110F               	bcf	15,2	;volatile
   916                           
   917                           ;main.c: 75:     LATDbits.LATD3 = 0;
   918     07B2  118F               	bcf	15,3	;volatile
   919     07B3                     l42:
   920     07B3  0008               	return
   921     07B4                     __end_of_girar_derecha:
   922                           
   923                           	psect	text3
   924     07A8                     __ptext3:	
   925 ;; *************** function _avanzar *****************
   926 ;; Defined at:
   927 ;;		line 83 in file "main.c"
   928 ;; Parameters:    Size  Location     Type
   929 ;;		None
   930 ;; Auto vars:     Size  Location     Type
   931 ;;		None
   932 ;; Return value:  Size  Location     Type
   933 ;;                  1    wreg      void 
   934 ;; Registers used:
   935 ;;		None
   936 ;; Tracked objects:
   937 ;;		On entry : 0/0
   938 ;;		On exit  : 0/0
   939 ;;		Unchanged: 0/0
   940 ;; Data sizes:     COMMON   BANK0   BANK1   BANK2   BANK3   BANK4   BANK5   BANK6   BANK7   BANK8   BANK9  BANK10  BANK1
      +1  BANK12
   941 ;;      Params:         0       0       0       0       0       0       0       0       0       0       0       0       
      +0       0
   942 ;;      Locals:         0       0       0       0       0       0       0       0       0       0       0       0       
      +0       0
   943 ;;      Temps:          0       0       0       0       0       0       0       0       0       0       0       0       
      +0       0
   944 ;;      Totals:         0       0       0       0       0       0       0       0       0       0       0       0       
      +0       0
   945 ;;Total ram usage:        0 bytes
   946 ;; Hardware stack levels used: 1
   947 ;; This function calls:
   948 ;;		Nothing
   949 ;; This function is called by:
   950 ;;		_main
   951 ;; This function uses a non-reentrant model
   952 ;;
   953                           
   954     07A8                     _avanzar:	
   955                           ;psect for function _avanzar
   956                           
   957     07A8                     l659:	
   958                           ;incstack = 0
   959                           ; Regs used in _avanzar: []
   960                           
   961                           
   962                           ;main.c: 84:     LATDbits.LATD0 = 0;
   963     07A8  0022               	movlb	2	; select bank2
   964     07A9  100F               	bcf	15,0	;volatile
   965                           
   966                           ;main.c: 85:     LATDbits.LATD1 = 1;
   967     07AA  148F               	bsf	15,1	;volatile
   968                           
   969                           ;main.c: 86:     LATDbits.LATD2 = 1;
   970     07AB  150F               	bsf	15,2	;volatile
   971                           
   972                           ;main.c: 87:     LATDbits.LATD3 = 0;
   973     07AC  118F               	bcf	15,3	;volatile
   974     07AD                     l48:
   975     07AD  0008               	return
   976     07AE                     __end_of_avanzar:
   977                           
   978                           	psect	text4
   979     07A2                     __ptext4:	
   980 ;; *************** function _atras *****************
   981 ;; Defined at:
   982 ;;		line 89 in file "main.c"
   983 ;; Parameters:    Size  Location     Type
   984 ;;		None
   985 ;; Auto vars:     Size  Location     Type
   986 ;;		None
   987 ;; Return value:  Size  Location     Type
   988 ;;                  1    wreg      void 
   989 ;; Registers used:
   990 ;;		None
   991 ;; Tracked objects:
   992 ;;		On entry : 0/0
   993 ;;		On exit  : 0/0
   994 ;;		Unchanged: 0/0
   995 ;; Data sizes:     COMMON   BANK0   BANK1   BANK2   BANK3   BANK4   BANK5   BANK6   BANK7   BANK8   BANK9  BANK10  BANK1
      +1  BANK12
   996 ;;      Params:         0       0       0       0       0       0       0       0       0       0       0       0       
      +0       0
   997 ;;      Locals:         0       0       0       0       0       0       0       0       0       0       0       0       
      +0       0
   998 ;;      Temps:          0       0       0       0       0       0       0       0       0       0       0       0       
      +0       0
   999 ;;      Totals:         0       0       0       0       0       0       0       0       0       0       0       0       
      +0       0
  1000 ;;Total ram usage:        0 bytes
  1001 ;; Hardware stack levels used: 1
  1002 ;; This function calls:
  1003 ;;		Nothing
  1004 ;; This function is called by:
  1005 ;;		_main
  1006 ;; This function uses a non-reentrant model
  1007 ;;
  1008                           
  1009     07A2                     _atras:	
  1010                           ;psect for function _atras
  1011                           
  1012     07A2                     l661:	
  1013                           ;incstack = 0
  1014                           ; Regs used in _atras: []
  1015                           
  1016                           
  1017                           ;main.c: 90:     LATDbits.LATD0 = 1;
  1018     07A2  0022               	movlb	2	; select bank2
  1019     07A3  140F               	bsf	15,0	;volatile
  1020                           
  1021                           ;main.c: 91:     LATDbits.LATD1 = 0;
  1022     07A4  108F               	bcf	15,1	;volatile
  1023                           
  1024                           ;main.c: 92:     LATDbits.LATD2 = 0;
  1025     07A5  110F               	bcf	15,2	;volatile
  1026                           
  1027                           ;main.c: 93:     LATDbits.LATD3 = 1;
  1028     07A6  158F               	bsf	15,3	;volatile
  1029     07A7                     l51:
  1030     07A7  0008               	return
  1031     07A8                     __end_of_atras:
  1032     007E                     btemp	set	126	;btemp
  1033     007E                     wtemp0	set	126
  1034                           
  1035                           	psect	config
  1036                           
  1037                           ;Config register CONFIG1 @ 0x8007
  1038                           ;	Oscillator Selection
  1039                           ;	FOSC = HS, HS Oscillator, High-speed crystal/resonator connected between OSC1 and OSC2
      +                           pins
  1040                           ;	Watchdog Timer Enable
  1041                           ;	WDTE = OFF, WDT disabled
  1042                           ;	Power-up Timer Enable
  1043                           ;	PWRTE = OFF, PWRT disabled
  1044                           ;	MCLR Pin Function Select
  1045                           ;	MCLRE = ON, MCLR/VPP pin function is MCLR
  1046                           ;	Flash Program Memory Code Protection
  1047                           ;	CP = OFF, Program memory code protection is disabled
  1048                           ;	Data Memory Code Protection
  1049                           ;	CPD = OFF, Data memory code protection is disabled
  1050                           ;	Brown-out Reset Enable
  1051                           ;	BOREN = ON, Brown-out Reset enabled
  1052                           ;	Clock Out Enable
  1053                           ;	CLKOUTEN = OFF, CLKOUT function is disabled. I/O or oscillator function on the CLKOUT 
      +                          pin
  1054                           ;	Internal/External Switchover
  1055                           ;	IESO = ON, Internal/External Switchover mode is enabled
  1056                           ;	Fail-Safe Clock Monitor Enable
  1057                           ;	FCMEN = ON, Fail-Safe Clock Monitor is enabled
  1058     8007                     	org	32775
  1059     8007  3FE2               	dw	16354
  1060                           
  1061                           ;Config register CONFIG2 @ 0x8008
  1062                           ;	Flash Memory Self-Write Protection
  1063                           ;	WRT = OFF, Write protection off
  1064                           ;	Voltage Regulator Capacitor Enable
  1065                           ;	VCAPEN = OFF, All VCAP pin functionality is disabled
  1066                           ;	PLL Enable
  1067                           ;	PLLEN = OFF, 4x PLL disabled
  1068                           ;	Stack Overflow/Underflow Reset Enable
  1069                           ;	STVREN = ON, Stack Overflow or Underflow will cause a Reset
  1070                           ;	Brown-out Reset Voltage Selection
  1071                           ;	BORV = LO, Brown-out Reset Voltage (Vbor), low trip point selected.
  1072                           ;	Low-Voltage Programming Enable
  1073                           ;	LVP = ON, Low-voltage programming enabled
  1074     8008                     	org	32776
  1075     8008  3EFF               	dw	16127

Data Sizes:
    Strings     0
    Constant    0
    Data        0
    BSS         0
    Persistent  32
    Stack       0

Auto Spaces:
    Space          Size  Autos    Used
    COMMON           14      1       1
    BANK0            80      0       0
    BANK1            80      0       0
    BANK2            80      0       0
    BANK3            80      0       0
    BANK4            80      0       0
    BANK5            80      0       0
    BANK6            80      0       0
    BANK7            80      0       0
    BANK8            80      0       0
    BANK9            80      0       0
    BANK10           80      0       0
    BANK11           80      0       0
    BANK12           48      0       0

Pointer List with Targets:

    None.

Critical Paths under _main in COMMON

    None.

Critical Paths under _main in BANK0

    None.

Critical Paths under _main in BANK1

    None.

Critical Paths under _main in BANK2

    None.

Critical Paths under _main in BANK3

    None.

Critical Paths under _main in BANK4

    None.

Critical Paths under _main in BANK5

    None.

Critical Paths under _main in BANK6

    None.

Critical Paths under _main in BANK7

    None.

Critical Paths under _main in BANK8

    None.

Critical Paths under _main in BANK9

    None.

Critical Paths under _main in BANK10

    None.

Critical Paths under _main in BANK11

    None.

Critical Paths under _main in BANK12

    None.

Call Graph Tables:

 ---------------------------------------------------------------------------------
 (Depth) Function   	        Calls       Base Space   Used Autos Params    Refs
 ---------------------------------------------------------------------------------
 (0) _main                                                 1     1      0       0
                                              0 COMMON     1     1      0
                              _atras
                            _avanzar
                      _girar_derecha
                    _girar_izquierda
 ---------------------------------------------------------------------------------
 (1) _girar_izquierda                                      0     0      0       0
 ---------------------------------------------------------------------------------
 (1) _girar_derecha                                        0     0      0       0
 ---------------------------------------------------------------------------------
 (1) _avanzar                                              0     0      0       0
 ---------------------------------------------------------------------------------
 (1) _atras                                                0     0      0       0
 ---------------------------------------------------------------------------------
 Estimated maximum stack depth 1
 ---------------------------------------------------------------------------------

 Call Graph Graphs:

 _main (ROOT)
   _atras
   _avanzar
   _girar_derecha
   _girar_izquierda

 Address spaces:
Name               Size   Autos  Total    Cost      Usage
BIGRAM             3F0      0       0       0        0.0%
EEDATA             100      0       0       0        0.0%
NULL                 0      0       0       0        0.0%
CODE                 0      0       0       0        0.0%
BITCOMMON            E      0       0       1        0.0%
BITSFR0              0      0       0       1        0.0%
SFR0                 0      0       0       1        0.0%
COMMON               E      1       1       2        7.1%
BITSFR1              0      0       0       2        0.0%
SFR1                 0      0       0       2        0.0%
BITSFR2              0      0       0       3        0.0%
SFR2                 0      0       0       3        0.0%
STACK                0      0       0       3        0.0%
BITBANK0            50      0       0       4        0.0%
BITSFR3              0      0       0       4        0.0%
SFR3                 0      0       0       4        0.0%
BANK0               50      0       0       5        0.0%
BITSFR4              0      0       0       5        0.0%
SFR4                 0      0       0       5        0.0%
BITBANK1            50      0       0       6        0.0%
BITSFR5              0      0       0       6        0.0%
SFR5                 0      0       0       6        0.0%
BANK1               50      0       0       7        0.0%
BITSFR6              0      0       0       7        0.0%
SFR6                 0      0       0       7        0.0%
BITBANK2            50      0       0       8        0.0%
BITSFR7              0      0       0       8        0.0%
SFR7                 0      0       0       8        0.0%
BANK2               50      0       0       9        0.0%
BITSFR8              0      0       0       9        0.0%
SFR8                 0      0       0       9        0.0%
BITBANK3            50      0       0      10        0.0%
BITSFR9              0      0       0      10        0.0%
SFR9                 0      0       0      10        0.0%
BANK3               50      0       0      11        0.0%
BITSFR10             0      0       0      11        0.0%
SFR10                0      0       0      11        0.0%
BITBANK4            50      0       0      12        0.0%
BITSFR11             0      0       0      12        0.0%
SFR11                0      0       0      12        0.0%
BANK4               50      0       0      13        0.0%
BITSFR12             0      0       0      13        0.0%
SFR12                0      0       0      13        0.0%
BITBANK5            50      0       0      14        0.0%
BITSFR13             0      0       0      14        0.0%
SFR13                0      0       0      14        0.0%
BANK5               50      0       0      15        0.0%
BITSFR14             0      0       0      15        0.0%
SFR14                0      0       0      15        0.0%
BITBANK6            50      0       0      16        0.0%
BITSFR15             0      0       0      16        0.0%
SFR15                0      0       0      16        0.0%
BANK6               50      0       0      17        0.0%
BITSFR16             0      0       0      17        0.0%
SFR16                0      0       0      17        0.0%
BITBANK7            50      0       0      18        0.0%
BITSFR17             0      0       0      18        0.0%
SFR17                0      0       0      18        0.0%
BANK7               50      0       0      19        0.0%
BITSFR18             0      0       0      19        0.0%
SFR18                0      0       0      19        0.0%
BITSFR19             0      0       0      20        0.0%
SFR19                0      0       0      20        0.0%
ABS                  0      0       0      20        0.0%
BITBANK8            50      0       0      21        0.0%
BITSFR20             0      0       0      21        0.0%
SFR20                0      0       0      21        0.0%
BANK8               50      0       0      22        0.0%
BITSFR21             0      0       0      22        0.0%
SFR21                0      0       0      22        0.0%
BITBANK9            50      0       0      23        0.0%
BITSFR22             0      0       0      23        0.0%
SFR22                0      0       0      23        0.0%
BANK9               50      0       0      24        0.0%
BITSFR23             0      0       0      24        0.0%
SFR23                0      0       0      24        0.0%
BITBANK10           50      0       0      25        0.0%
BITSFR24             0      0       0      25        0.0%
SFR24                0      0       0      25        0.0%
BANK10              50      0       0      26        0.0%
BITSFR25             0      0       0      26        0.0%
SFR25                0      0       0      26        0.0%
BITBANK11           50      0       0      27        0.0%
BITSFR26             0      0       0      27        0.0%
SFR26                0      0       0      27        0.0%
BANK11              50      0       0      28        0.0%
BITSFR27             0      0       0      28        0.0%
SFR27                0      0       0      28        0.0%
BITBANK12           30      0       0      29        0.0%
BITSFR28             0      0       0      29        0.0%
SFR28                0      0       0      29        0.0%
BANK12              30      0       0      30        0.0%
BITSFR29             0      0       0      30        0.0%
SFR29                0      0       0      30        0.0%
BITSFR30             0      0       0      31        0.0%
SFR30                0      0       0      31        0.0%
DATA                 0      0       0      31        0.0%
BITSFR31             0      0       0      32        0.0%
SFR31                0      0       0      32        0.0%


Microchip Technology PIC Macro Assembler V2.41 build 20230208172133 
Symbol Table                                                                                   Fri Aug 25 09:33:56 2023

      ??_girar_izquierda 0070                       l42 07B3                       l51 07A7  
                     l45 07B9                       l48 07AD                       u10 07D0  
                     u11 07CF                       u20 07D8                       u21 07D7  
                     u30 07E0                       u31 07DF                       u40 07E8  
                     u41 07E7                       u50 07F5                       u51 07F4  
                    l701 07E3                      l703 07E8                      l705 07EB  
                    l707 07F5                      l661 07A2                      l663 07AE  
                    l671 07BF                      l665 07B4                      l681 07C6  
                    l673 07C0                      l659 07A8                      l691 07D0  
                    l683 07C8                      l675 07C1                      l667 07BA  
                    l693 07D3                      l685 07C9                      l677 07C2  
                    l669 07BD                      l695 07D8                      l687 07CA  
                    l679 07C3                      l697 07DB                      l689 07CB  
                    l699 07E0            _girar_derecha 07AE                     _WPUB 020D  
                   _main 07BA                     btemp 007E                     start 0002  
                  ?_main 0070                    _PORTB 000D          __end_of_avanzar 07AE  
                  _atras 07A2           ?_girar_derecha 0070                    status 0003  
                  wtemp0 007E          __initialization 07FD             __end_of_main 07FD  
                 ??_main 0070                   ?_atras 0070                   _ANSELB 018D  
                 _ANSELD 018F                ??_avanzar 0070          ??_girar_derecha 0070  
__end_of__initialization 07FD          _girar_izquierda 07B4           __pcstackCOMMON 0070  
          __end_of_atras 07A8           _OPTION_REGbits 0095                  ??_atras 0070  
             __pmaintext 07BA  __end_of_girar_izquierda 07BA                  __ptext1 07B4  
                __ptext2 07AE                  __ptext3 07A8                  __ptext4 07A2  
                _avanzar 07A8     end_of_initialization 07FD                _PORTBbits 000D  
              _TRISBbits 008D                _TRISDbits 008F         ?_girar_izquierda 0070  
    start_initialization 07FD    __end_of_girar_derecha 07B4                ___latbits 0003  
               ?_avanzar 0070                 _LATDbits 010F  
