

Microchip MPLAB XC8 Assembler V2.41 build 20230208172133 
                                                                                               Wed Aug 16 18:15:45 2023

Microchip MPLAB XC8 C Compiler v2.41 (Free license) build 20230208172133 Og1 
     1                           	processor	16F1939
     2                           	pagewidth 120
     3                           	opt	flic
     4                           	psect	cinit,global,class=CODE,merge=1,delta=2
     5                           	psect	bssCOMMON,global,class=COMMON,space=1,delta=1,noexec
     6                           	psect	cstackCOMMON,global,class=COMMON,space=1,delta=1,noexec
     7                           	psect	maintext,global,class=CODE,merge=1,split=1,delta=2
     8                           	psect	text1,local,class=CODE,merge=1,delta=2
     9                           	psect	text2,local,class=CODE,merge=1,delta=2
    10                           	psect	config,global,abs,ovrld,class=CONFIG,space=4,delta=2,noexec
    11                           	dabs	1,0x7E,2
    12     0000                     
    13                           ; Generated 06/07/2023 GMT
    14                           ; 
    15                           ; Copyright © 2023, Microchip Technology Inc. and its subsidiaries ("Microchip")
    16                           ; All rights reserved.
    17                           ; 
    18                           ; This software is developed by Microchip Technology Inc. and its subsidiaries ("Microch
      +                          ip").
    19                           ; 
    20                           ; Redistribution and use in source and binary forms, with or without modification, are
    21                           ; permitted provided that the following conditions are met:
    22                           ; 
    23                           ;     1. Redistributions of source code must retain the above copyright notice, this lis
      +                          t of
    24                           ;        conditions and the following disclaimer.
    25                           ; 
    26                           ;     2. Redistributions in binary form must reproduce the above copyright notice, this 
      +                          list
    27                           ;        of conditions and the following disclaimer in the documentation and/or other
    28                           ;        materials provided with the distribution. Publication is not required when
    29                           ;        this file is used in an embedded application.
    30                           ; 
    31                           ;     3. Microchip's name may not be used to endorse or promote products derived from th
      +                          is
    32                           ;        software without specific prior written permission.
    33                           ; 
    34                           ; THIS SOFTWARE IS PROVIDED BY MICROCHIP "AS IS" AND ANY EXPRESS OR IMPLIED WARRANTIES,
    35                           ; INCLUDING, BUT NOT LIMITED TO, THE IMPLIED WARRANTIES OF MERCHANTABILITY AND FITNESS F
      +                          OR
    36                           ; PURPOSE ARE DISCLAIMED.  IN NO EVENT SHALL MICROCHIP BE LIABLE FOR ANY DIRECT, INDIREC
      +                          T,
    37                           ; INCIDENTAL, SPECIAL, EXEMPLARY, OR CONSEQUENTIAL DAMAGES (INCLUDING BUT NOT LIMITED TO
    38                           ; PROCUREMENT OF SUBSTITUTE GOODS OR SERVICES; LOSS OF USE, DATA OR PROFITS; OR BUSINESS
    39                           ; INTERRUPTION) HOWSOEVER CAUSED AND ON ANY THEORY OF LIABILITY, WHETHER IN CONTRACT, ST
      +                          RICT
    40                           ; LIABILITY, OR TORT (INCLUDING NEGLIGENCE OR OTHERWISE) ARISING IN ANY WAY OUT OF THE U
      +                          SE OF
    41                           ; THIS SOFTWARE, EVEN IF ADVISED OF THE POSSIBILITY OF SUCH DAMAGE.
    42                           ; 
    43                           ; 
    44                           ; Code-generator required, PIC16F1939 Definitions
    45                           ; 
    46                           ; SFR Addresses
    47     0000                     	;# 
    48     0001                     	;# 
    49     0002                     	;# 
    50     0003                     	;# 
    51     0004                     	;# 
    52     0005                     	;# 
    53     0006                     	;# 
    54     0007                     	;# 
    55     0008                     	;# 
    56     0009                     	;# 
    57     000A                     	;# 
    58     000B                     	;# 
    59     000C                     	;# 
    60     000D                     	;# 
    61     000E                     	;# 
    62     000F                     	;# 
    63     0010                     	;# 
    64     0011                     	;# 
    65     0012                     	;# 
    66     0013                     	;# 
    67     0015                     	;# 
    68     0016                     	;# 
    69     0016                     	;# 
    70     0017                     	;# 
    71     0018                     	;# 
    72     0019                     	;# 
    73     001A                     	;# 
    74     001B                     	;# 
    75     001C                     	;# 
    76     001E                     	;# 
    77     001F                     	;# 
    78     008C                     	;# 
    79     008D                     	;# 
    80     008E                     	;# 
    81     008F                     	;# 
    82     0090                     	;# 
    83     0091                     	;# 
    84     0092                     	;# 
    85     0093                     	;# 
    86     0095                     	;# 
    87     0096                     	;# 
    88     0097                     	;# 
    89     0098                     	;# 
    90     0099                     	;# 
    91     009A                     	;# 
    92     009B                     	;# 
    93     009B                     	;# 
    94     009C                     	;# 
    95     009D                     	;# 
    96     009E                     	;# 
    97     010C                     	;# 
    98     010D                     	;# 
    99     010E                     	;# 
   100     010F                     	;# 
   101     0110                     	;# 
   102     0111                     	;# 
   103     0112                     	;# 
   104     0113                     	;# 
   105     0114                     	;# 
   106     0115                     	;# 
   107     0116                     	;# 
   108     0117                     	;# 
   109     0118                     	;# 
   110     0119                     	;# 
   111     011A                     	;# 
   112     011B                     	;# 
   113     011D                     	;# 
   114     018C                     	;# 
   115     018D                     	;# 
   116     018F                     	;# 
   117     0190                     	;# 
   118     0191                     	;# 
   119     0191                     	;# 
   120     0192                     	;# 
   121     0193                     	;# 
   122     0193                     	;# 
   123     0193                     	;# 
   124     0194                     	;# 
   125     0195                     	;# 
   126     0196                     	;# 
   127     0199                     	;# 
   128     019A                     	;# 
   129     019B                     	;# 
   130     019B                     	;# 
   131     019B                     	;# 
   132     019B                     	;# 
   133     019C                     	;# 
   134     019C                     	;# 
   135     019D                     	;# 
   136     019E                     	;# 
   137     019F                     	;# 
   138     020D                     	;# 
   139     0210                     	;# 
   140     0211                     	;# 
   141     0212                     	;# 
   142     0213                     	;# 
   143     0214                     	;# 
   144     0215                     	;# 
   145     0215                     	;# 
   146     0216                     	;# 
   147     0217                     	;# 
   148     0291                     	;# 
   149     0291                     	;# 
   150     0292                     	;# 
   151     0293                     	;# 
   152     0294                     	;# 
   153     0295                     	;# 
   154     0295                     	;# 
   155     0296                     	;# 
   156     0298                     	;# 
   157     0298                     	;# 
   158     0299                     	;# 
   159     029A                     	;# 
   160     029B                     	;# 
   161     029C                     	;# 
   162     029C                     	;# 
   163     029D                     	;# 
   164     029E                     	;# 
   165     029F                     	;# 
   166     0311                     	;# 
   167     0311                     	;# 
   168     0312                     	;# 
   169     0313                     	;# 
   170     0314                     	;# 
   171     0315                     	;# 
   172     0315                     	;# 
   173     0316                     	;# 
   174     0318                     	;# 
   175     0318                     	;# 
   176     0319                     	;# 
   177     031A                     	;# 
   178     031C                     	;# 
   179     031C                     	;# 
   180     031D                     	;# 
   181     031E                     	;# 
   182     0394                     	;# 
   183     0395                     	;# 
   184     0396                     	;# 
   185     0415                     	;# 
   186     0416                     	;# 
   187     0417                     	;# 
   188     041C                     	;# 
   189     041D                     	;# 
   190     041E                     	;# 
   191     0791                     	;# 
   192     0792                     	;# 
   193     0793                     	;# 
   194     0794                     	;# 
   195     0795                     	;# 
   196     0798                     	;# 
   197     0799                     	;# 
   198     079A                     	;# 
   199     07A0                     	;# 
   200     07A1                     	;# 
   201     07A2                     	;# 
   202     07A3                     	;# 
   203     07A4                     	;# 
   204     07A5                     	;# 
   205     07A6                     	;# 
   206     07A7                     	;# 
   207     07A8                     	;# 
   208     07A9                     	;# 
   209     07AA                     	;# 
   210     07AB                     	;# 
   211     0FE4                     	;# 
   212     0FE5                     	;# 
   213     0FE6                     	;# 
   214     0FE7                     	;# 
   215     0FE8                     	;# 
   216     0FE9                     	;# 
   217     0FEA                     	;# 
   218     0FEB                     	;# 
   219     0FED                     	;# 
   220     0FEE                     	;# 
   221     0FEF                     	;# 
   222     0000                     	;# 
   223     0001                     	;# 
   224     0002                     	;# 
   225     0003                     	;# 
   226     0004                     	;# 
   227     0005                     	;# 
   228     0006                     	;# 
   229     0007                     	;# 
   230     0008                     	;# 
   231     0009                     	;# 
   232     000A                     	;# 
   233     000B                     	;# 
   234     000C                     	;# 
   235     000D                     	;# 
   236     000E                     	;# 
   237     000F                     	;# 
   238     0010                     	;# 
   239     0011                     	;# 
   240     0012                     	;# 
   241     0013                     	;# 
   242     0015                     	;# 
   243     0016                     	;# 
   244     0016                     	;# 
   245     0017                     	;# 
   246     0018                     	;# 
   247     0019                     	;# 
   248     001A                     	;# 
   249     001B                     	;# 
   250     001C                     	;# 
   251     001E                     	;# 
   252     001F                     	;# 
   253     008C                     	;# 
   254     008D                     	;# 
   255     008E                     	;# 
   256     008F                     	;# 
   257     0090                     	;# 
   258     0091                     	;# 
   259     0092                     	;# 
   260     0093                     	;# 
   261     0095                     	;# 
   262     0096                     	;# 
   263     0097                     	;# 
   264     0098                     	;# 
   265     0099                     	;# 
   266     009A                     	;# 
   267     009B                     	;# 
   268     009B                     	;# 
   269     009C                     	;# 
   270     009D                     	;# 
   271     009E                     	;# 
   272     010C                     	;# 
   273     010D                     	;# 
   274     010E                     	;# 
   275     010F                     	;# 
   276     0110                     	;# 
   277     0111                     	;# 
   278     0112                     	;# 
   279     0113                     	;# 
   280     0114                     	;# 
   281     0115                     	;# 
   282     0116                     	;# 
   283     0117                     	;# 
   284     0118                     	;# 
   285     0119                     	;# 
   286     011A                     	;# 
   287     011B                     	;# 
   288     011D                     	;# 
   289     018C                     	;# 
   290     018D                     	;# 
   291     018F                     	;# 
   292     0190                     	;# 
   293     0191                     	;# 
   294     0191                     	;# 
   295     0192                     	;# 
   296     0193                     	;# 
   297     0193                     	;# 
   298     0193                     	;# 
   299     0194                     	;# 
   300     0195                     	;# 
   301     0196                     	;# 
   302     0199                     	;# 
   303     019A                     	;# 
   304     019B                     	;# 
   305     019B                     	;# 
   306     019B                     	;# 
   307     019B                     	;# 
   308     019C                     	;# 
   309     019C                     	;# 
   310     019D                     	;# 
   311     019E                     	;# 
   312     019F                     	;# 
   313     020D                     	;# 
   314     0210                     	;# 
   315     0211                     	;# 
   316     0212                     	;# 
   317     0213                     	;# 
   318     0214                     	;# 
   319     0215                     	;# 
   320     0215                     	;# 
   321     0216                     	;# 
   322     0217                     	;# 
   323     0291                     	;# 
   324     0291                     	;# 
   325     0292                     	;# 
   326     0293                     	;# 
   327     0294                     	;# 
   328     0295                     	;# 
   329     0295                     	;# 
   330     0296                     	;# 
   331     0298                     	;# 
   332     0298                     	;# 
   333     0299                     	;# 
   334     029A                     	;# 
   335     029B                     	;# 
   336     029C                     	;# 
   337     029C                     	;# 
   338     029D                     	;# 
   339     029E                     	;# 
   340     029F                     	;# 
   341     0311                     	;# 
   342     0311                     	;# 
   343     0312                     	;# 
   344     0313                     	;# 
   345     0314                     	;# 
   346     0315                     	;# 
   347     0315                     	;# 
   348     0316                     	;# 
   349     0318                     	;# 
   350     0318                     	;# 
   351     0319                     	;# 
   352     031A                     	;# 
   353     031C                     	;# 
   354     031C                     	;# 
   355     031D                     	;# 
   356     031E                     	;# 
   357     0394                     	;# 
   358     0395                     	;# 
   359     0396                     	;# 
   360     0415                     	;# 
   361     0416                     	;# 
   362     0417                     	;# 
   363     041C                     	;# 
   364     041D                     	;# 
   365     041E                     	;# 
   366     0791                     	;# 
   367     0792                     	;# 
   368     0793                     	;# 
   369     0794                     	;# 
   370     0795                     	;# 
   371     0798                     	;# 
   372     0799                     	;# 
   373     079A                     	;# 
   374     07A0                     	;# 
   375     07A1                     	;# 
   376     07A2                     	;# 
   377     07A3                     	;# 
   378     07A4                     	;# 
   379     07A5                     	;# 
   380     07A6                     	;# 
   381     07A7                     	;# 
   382     07A8                     	;# 
   383     07A9                     	;# 
   384     07AA                     	;# 
   385     07AB                     	;# 
   386     0FE4                     	;# 
   387     0FE5                     	;# 
   388     0FE6                     	;# 
   389     0FE7                     	;# 
   390     0FE8                     	;# 
   391     0FE9                     	;# 
   392     0FEA                     	;# 
   393     0FEB                     	;# 
   394     0FED                     	;# 
   395     0FEE                     	;# 
   396     0FEF                     	;# 
   397     0000                     	;# 
   398     0001                     	;# 
   399     0002                     	;# 
   400     0003                     	;# 
   401     0004                     	;# 
   402     0005                     	;# 
   403     0006                     	;# 
   404     0007                     	;# 
   405     0008                     	;# 
   406     0009                     	;# 
   407     000A                     	;# 
   408     000B                     	;# 
   409     000C                     	;# 
   410     000D                     	;# 
   411     000E                     	;# 
   412     000F                     	;# 
   413     0010                     	;# 
   414     0011                     	;# 
   415     0012                     	;# 
   416     0013                     	;# 
   417     0015                     	;# 
   418     0016                     	;# 
   419     0016                     	;# 
   420     0017                     	;# 
   421     0018                     	;# 
   422     0019                     	;# 
   423     001A                     	;# 
   424     001B                     	;# 
   425     001C                     	;# 
   426     001E                     	;# 
   427     001F                     	;# 
   428     008C                     	;# 
   429     008D                     	;# 
   430     008E                     	;# 
   431     008F                     	;# 
   432     0090                     	;# 
   433     0091                     	;# 
   434     0092                     	;# 
   435     0093                     	;# 
   436     0095                     	;# 
   437     0096                     	;# 
   438     0097                     	;# 
   439     0098                     	;# 
   440     0099                     	;# 
   441     009A                     	;# 
   442     009B                     	;# 
   443     009B                     	;# 
   444     009C                     	;# 
   445     009D                     	;# 
   446     009E                     	;# 
   447     010C                     	;# 
   448     010D                     	;# 
   449     010E                     	;# 
   450     010F                     	;# 
   451     0110                     	;# 
   452     0111                     	;# 
   453     0112                     	;# 
   454     0113                     	;# 
   455     0114                     	;# 
   456     0115                     	;# 
   457     0116                     	;# 
   458     0117                     	;# 
   459     0118                     	;# 
   460     0119                     	;# 
   461     011A                     	;# 
   462     011B                     	;# 
   463     011D                     	;# 
   464     018C                     	;# 
   465     018D                     	;# 
   466     018F                     	;# 
   467     0190                     	;# 
   468     0191                     	;# 
   469     0191                     	;# 
   470     0192                     	;# 
   471     0193                     	;# 
   472     0193                     	;# 
   473     0193                     	;# 
   474     0194                     	;# 
   475     0195                     	;# 
   476     0196                     	;# 
   477     0199                     	;# 
   478     019A                     	;# 
   479     019B                     	;# 
   480     019B                     	;# 
   481     019B                     	;# 
   482     019B                     	;# 
   483     019C                     	;# 
   484     019C                     	;# 
   485     019D                     	;# 
   486     019E                     	;# 
   487     019F                     	;# 
   488     020D                     	;# 
   489     0210                     	;# 
   490     0211                     	;# 
   491     0212                     	;# 
   492     0213                     	;# 
   493     0214                     	;# 
   494     0215                     	;# 
   495     0215                     	;# 
   496     0216                     	;# 
   497     0217                     	;# 
   498     0291                     	;# 
   499     0291                     	;# 
   500     0292                     	;# 
   501     0293                     	;# 
   502     0294                     	;# 
   503     0295                     	;# 
   504     0295                     	;# 
   505     0296                     	;# 
   506     0298                     	;# 
   507     0298                     	;# 
   508     0299                     	;# 
   509     029A                     	;# 
   510     029B                     	;# 
   511     029C                     	;# 
   512     029C                     	;# 
   513     029D                     	;# 
   514     029E                     	;# 
   515     029F                     	;# 
   516     0311                     	;# 
   517     0311                     	;# 
   518     0312                     	;# 
   519     0313                     	;# 
   520     0314                     	;# 
   521     0315                     	;# 
   522     0315                     	;# 
   523     0316                     	;# 
   524     0318                     	;# 
   525     0318                     	;# 
   526     0319                     	;# 
   527     031A                     	;# 
   528     031C                     	;# 
   529     031C                     	;# 
   530     031D                     	;# 
   531     031E                     	;# 
   532     0394                     	;# 
   533     0395                     	;# 
   534     0396                     	;# 
   535     0415                     	;# 
   536     0416                     	;# 
   537     0417                     	;# 
   538     041C                     	;# 
   539     041D                     	;# 
   540     041E                     	;# 
   541     0791                     	;# 
   542     0792                     	;# 
   543     0793                     	;# 
   544     0794                     	;# 
   545     0795                     	;# 
   546     0798                     	;# 
   547     0799                     	;# 
   548     079A                     	;# 
   549     07A0                     	;# 
   550     07A1                     	;# 
   551     07A2                     	;# 
   552     07A3                     	;# 
   553     07A4                     	;# 
   554     07A5                     	;# 
   555     07A6                     	;# 
   556     07A7                     	;# 
   557     07A8                     	;# 
   558     07A9                     	;# 
   559     07AA                     	;# 
   560     07AB                     	;# 
   561     0FE4                     	;# 
   562     0FE5                     	;# 
   563     0FE6                     	;# 
   564     0FE7                     	;# 
   565     0FE8                     	;# 
   566     0FE9                     	;# 
   567     0FEA                     	;# 
   568     0FEB                     	;# 
   569     0FED                     	;# 
   570     0FEE                     	;# 
   571     0FEF                     	;# 
   572     0000                     	;# 
   573     0001                     	;# 
   574     0002                     	;# 
   575     0003                     	;# 
   576     0004                     	;# 
   577     0005                     	;# 
   578     0006                     	;# 
   579     0007                     	;# 
   580     0008                     	;# 
   581     0009                     	;# 
   582     000A                     	;# 
   583     000B                     	;# 
   584     000C                     	;# 
   585     000D                     	;# 
   586     000E                     	;# 
   587     000F                     	;# 
   588     0010                     	;# 
   589     0011                     	;# 
   590     0012                     	;# 
   591     0013                     	;# 
   592     0015                     	;# 
   593     0016                     	;# 
   594     0016                     	;# 
   595     0017                     	;# 
   596     0018                     	;# 
   597     0019                     	;# 
   598     001A                     	;# 
   599     001B                     	;# 
   600     001C                     	;# 
   601     001E                     	;# 
   602     001F                     	;# 
   603     008C                     	;# 
   604     008D                     	;# 
   605     008E                     	;# 
   606     008F                     	;# 
   607     0090                     	;# 
   608     0091                     	;# 
   609     0092                     	;# 
   610     0093                     	;# 
   611     0095                     	;# 
   612     0096                     	;# 
   613     0097                     	;# 
   614     0098                     	;# 
   615     0099                     	;# 
   616     009A                     	;# 
   617     009B                     	;# 
   618     009B                     	;# 
   619     009C                     	;# 
   620     009D                     	;# 
   621     009E                     	;# 
   622     010C                     	;# 
   623     010D                     	;# 
   624     010E                     	;# 
   625     010F                     	;# 
   626     0110                     	;# 
   627     0111                     	;# 
   628     0112                     	;# 
   629     0113                     	;# 
   630     0114                     	;# 
   631     0115                     	;# 
   632     0116                     	;# 
   633     0117                     	;# 
   634     0118                     	;# 
   635     0119                     	;# 
   636     011A                     	;# 
   637     011B                     	;# 
   638     011D                     	;# 
   639     018C                     	;# 
   640     018D                     	;# 
   641     018F                     	;# 
   642     0190                     	;# 
   643     0191                     	;# 
   644     0191                     	;# 
   645     0192                     	;# 
   646     0193                     	;# 
   647     0193                     	;# 
   648     0193                     	;# 
   649     0194                     	;# 
   650     0195                     	;# 
   651     0196                     	;# 
   652     0199                     	;# 
   653     019A                     	;# 
   654     019B                     	;# 
   655     019B                     	;# 
   656     019B                     	;# 
   657     019B                     	;# 
   658     019C                     	;# 
   659     019C                     	;# 
   660     019D                     	;# 
   661     019E                     	;# 
   662     019F                     	;# 
   663     020D                     	;# 
   664     0210                     	;# 
   665     0211                     	;# 
   666     0212                     	;# 
   667     0213                     	;# 
   668     0214                     	;# 
   669     0215                     	;# 
   670     0215                     	;# 
   671     0216                     	;# 
   672     0217                     	;# 
   673     0291                     	;# 
   674     0291                     	;# 
   675     0292                     	;# 
   676     0293                     	;# 
   677     0294                     	;# 
   678     0295                     	;# 
   679     0295                     	;# 
   680     0296                     	;# 
   681     0298                     	;# 
   682     0298                     	;# 
   683     0299                     	;# 
   684     029A                     	;# 
   685     029B                     	;# 
   686     029C                     	;# 
   687     029C                     	;# 
   688     029D                     	;# 
   689     029E                     	;# 
   690     029F                     	;# 
   691     0311                     	;# 
   692     0311                     	;# 
   693     0312                     	;# 
   694     0313                     	;# 
   695     0314                     	;# 
   696     0315                     	;# 
   697     0315                     	;# 
   698     0316                     	;# 
   699     0318                     	;# 
   700     0318                     	;# 
   701     0319                     	;# 
   702     031A                     	;# 
   703     031C                     	;# 
   704     031C                     	;# 
   705     031D                     	;# 
   706     031E                     	;# 
   707     0394                     	;# 
   708     0395                     	;# 
   709     0396                     	;# 
   710     0415                     	;# 
   711     0416                     	;# 
   712     0417                     	;# 
   713     041C                     	;# 
   714     041D                     	;# 
   715     041E                     	;# 
   716     0791                     	;# 
   717     0792                     	;# 
   718     0793                     	;# 
   719     0794                     	;# 
   720     0795                     	;# 
   721     0798                     	;# 
   722     0799                     	;# 
   723     079A                     	;# 
   724     07A0                     	;# 
   725     07A1                     	;# 
   726     07A2                     	;# 
   727     07A3                     	;# 
   728     07A4                     	;# 
   729     07A5                     	;# 
   730     07A6                     	;# 
   731     07A7                     	;# 
   732     07A8                     	;# 
   733     07A9                     	;# 
   734     07AA                     	;# 
   735     07AB                     	;# 
   736     0FE4                     	;# 
   737     0FE5                     	;# 
   738     0FE6                     	;# 
   739     0FE7                     	;# 
   740     0FE8                     	;# 
   741     0FE9                     	;# 
   742     0FEA                     	;# 
   743     0FEB                     	;# 
   744     0FED                     	;# 
   745     0FEE                     	;# 
   746     0FEF                     	;# 
   747     008D                     _TRISBbits	set	141
   748     010D                     _LATBbits	set	269
   749     018D                     _ANSELB	set	397
   750                           
   751                           	psect	cinit
   752     07FC                     start_initialization:	
   753                           ; #config settings
   754                           
   755     07FC                     __initialization:
   756                           
   757                           ; Clear objects allocated to COMMON
   758     07FC  01F5               	clrf	__pbssCOMMON& (0+127)
   759     07FD                     end_of_initialization:	
   760                           ;End of C runtime variable initialization code
   761                           
   762     07FD                     __end_of__initialization:
   763     07FD  0020               	movlb	0
   764     07FE  3187  2F55         	ljmp	_main	;jump to C main() function
   765                           
   766                           	psect	bssCOMMON
   767     0075                     __pbssCOMMON:
   768     0075                     _contador:
   769     0075                     	ds	1
   770                           
   771                           	psect	cstackCOMMON
   772     0070                     __pcstackCOMMON:
   773     0070                     ?_display_init:
   774     0070                     ??_display_init:	
   775                           ; 1 bytes @ 0x0
   776                           
   777     0070                     ?_display_cc:	
   778                           ; 1 bytes @ 0x0
   779                           
   780     0070                     ??_display_cc:	
   781                           ; 1 bytes @ 0x0
   782                           
   783     0070                     ?_main:	
   784                           ; 1 bytes @ 0x0
   785                           
   786                           
   787                           ; 1 bytes @ 0x0
   788     0070                     	ds	2
   789     0072                     display_cc@dig:
   790                           
   791                           ; 1 bytes @ 0x2
   792     0072                     	ds	1
   793     0073                     ??_main:
   794                           
   795                           ; 1 bytes @ 0x3
   796     0073                     	ds	2
   797                           
   798                           	psect	maintext
   799     0755                     __pmaintext:	
   800 ;;
   801 ;;Main: autosize = 0, tempsize = 2, incstack = 0, save=0
   802 ;;
   803 ;; *************** function _main *****************
   804 ;; Defined at:
   805 ;;		line 7 in file "main.c"
   806 ;; Parameters:    Size  Location     Type
   807 ;;		None
   808 ;; Auto vars:     Size  Location     Type
   809 ;;		None
   810 ;; Return value:  Size  Location     Type
   811 ;;                  1    wreg      void 
   812 ;; Registers used:
   813 ;;		wreg, fsr0l, fsr0h, status,2, status,0, pclath, cstack
   814 ;; Tracked objects:
   815 ;;		On entry : B1F/0
   816 ;;		On exit  : 0/0
   817 ;;		Unchanged: 0/0
   818 ;; Data sizes:     COMMON   BANK0   BANK1   BANK2   BANK3   BANK4   BANK5   BANK6   BANK7   BANK8   BANK9  BANK10  BANK1
      +1  BANK12
   819 ;;      Params:         0       0       0       0       0       0       0       0       0       0       0       0       
      +0       0
   820 ;;      Locals:         0       0       0       0       0       0       0       0       0       0       0       0       
      +0       0
   821 ;;      Temps:          2       0       0       0       0       0       0       0       0       0       0       0       
      +0       0
   822 ;;      Totals:         2       0       0       0       0       0       0       0       0       0       0       0       
      +0       0
   823 ;;Total ram usage:        2 bytes
   824 ;; Hardware stack levels required when called: 1
   825 ;; This function calls:
   826 ;;		_display_cc
   827 ;;		_display_init
   828 ;; This function is called by:
   829 ;;		Startup code after reset
   830 ;; This function uses a non-reentrant model
   831 ;;
   832                           
   833     0755                     _main:	
   834                           ;psect for function _main
   835                           
   836     0755                     l661:	
   837                           ;incstack = 0
   838                           ; Regs used in _main: [wreg-fsr0h+status,2+status,0+pclath+cstack]
   839                           
   840                           
   841                           ;main.c: 8:     ANSELB = 0x00;
   842     0755  0023               	movlb	3	; select bank3
   843     0756  018D               	clrf	13	;volatile
   844     0757                     l663:
   845                           
   846                           ;main.c: 9:     display_init();
   847     0757  3187  274C  3187   	fcall	_display_init
   848     075A                     l665:
   849                           
   850                           ;main.c: 14:         display_cc(contador);
   851     075A  0875               	movf	_contador,w
   852     075B  3187  2777  3187   	fcall	_display_cc
   853     075E                     l667:
   854                           
   855                           ;main.c: 15:         contador++;
   856     075E  3001               	movlw	1
   857     075F  00F3               	movwf	??_main
   858     0760  0873               	movf	??_main,w
   859     0761  07F5               	addwf	_contador,f
   860     0762                     l669:
   861                           
   862                           ;main.c: 16:         _delay((unsigned long)((500)*(200000000UL/4000.0)));
   863     0762  307F               	movlw	127
   864     0763  00F4               	movwf	??_main+1
   865     0764  30D4               	movlw	212
   866     0765  00F3               	movwf	??_main
   867     0766  3032               	movlw	50
   868     0767                     u27:
   869     0767  0B89               	decfsz	9,f
   870     0768  2F67               	goto	u27
   871     0769  0BF3               	decfsz	??_main,f
   872     076A  2F67               	goto	u27
   873     076B  0BF4               	decfsz	??_main+1,f
   874     076C  2F67               	goto	u27
   875     076D                     l671:
   876                           
   877                           ;main.c: 17:         if(contador>9)
   878     076D  300A               	movlw	10
   879     076E  0275               	subwf	_contador,w
   880     076F  1C03               	skipc
   881     0770  2F72               	goto	u11
   882     0771  2F73               	goto	u10
   883     0772                     u11:
   884     0772  2F5A               	goto	l665
   885     0773                     u10:
   886     0773                     l673:
   887                           
   888                           ;main.c: 18:             contador=0;
   889     0773  01F5               	clrf	_contador
   890     0774  2F5A               	goto	l665
   891     0775  3180  2802         	ljmp	start
   892     0777                     __end_of_main:
   893                           
   894                           	psect	text1
   895     074C                     __ptext1:	
   896 ;; *************** function _display_init *****************
   897 ;; Defined at:
   898 ;;		line 3 in file "DISPLAY_7_SEG.c"
   899 ;; Parameters:    Size  Location     Type
   900 ;;		None
   901 ;; Auto vars:     Size  Location     Type
   902 ;;		None
   903 ;; Return value:  Size  Location     Type
   904 ;;                  1    wreg      void 
   905 ;; Registers used:
   906 ;;		None
   907 ;; Tracked objects:
   908 ;;		On entry : 0/0
   909 ;;		On exit  : 0/0
   910 ;;		Unchanged: 0/0
   911 ;; Data sizes:     COMMON   BANK0   BANK1   BANK2   BANK3   BANK4   BANK5   BANK6   BANK7   BANK8   BANK9  BANK10  BANK1
      +1  BANK12
   912 ;;      Params:         0       0       0       0       0       0       0       0       0       0       0       0       
      +0       0
   913 ;;      Locals:         0       0       0       0       0       0       0       0       0       0       0       0       
      +0       0
   914 ;;      Temps:          0       0       0       0       0       0       0       0       0       0       0       0       
      +0       0
   915 ;;      Totals:         0       0       0       0       0       0       0       0       0       0       0       0       
      +0       0
   916 ;;Total ram usage:        0 bytes
   917 ;; Hardware stack levels used: 1
   918 ;; This function calls:
   919 ;;		Nothing
   920 ;; This function is called by:
   921 ;;		_main
   922 ;; This function uses a non-reentrant model
   923 ;;
   924                           
   925     074C                     _display_init:	
   926                           ;psect for function _display_init
   927                           
   928     074C                     l649:	
   929                           ;incstack = 0
   930                           ; Regs used in _display_init: []
   931                           
   932                           
   933                           ;DISPLAY_7_SEG.c: 4:     TRISBbits.TRISB0 = 0;
   934     074C  0021               	movlb	1	; select bank1
   935     074D  100D               	bcf	13,0	;volatile
   936                           
   937                           ;DISPLAY_7_SEG.c: 5:     TRISBbits.TRISB1 = 0;
   938     074E  108D               	bcf	13,1	;volatile
   939                           
   940                           ;DISPLAY_7_SEG.c: 6:     TRISBbits.TRISB2 = 0;
   941     074F  110D               	bcf	13,2	;volatile
   942                           
   943                           ;DISPLAY_7_SEG.c: 7:     TRISBbits.TRISB3 = 0;
   944     0750  118D               	bcf	13,3	;volatile
   945                           
   946                           ;DISPLAY_7_SEG.c: 8:     TRISBbits.TRISB4 = 0;
   947     0751  120D               	bcf	13,4	;volatile
   948                           
   949                           ;DISPLAY_7_SEG.c: 9:     TRISBbits.TRISB5 = 0;
   950     0752  128D               	bcf	13,5	;volatile
   951                           
   952                           ;DISPLAY_7_SEG.c: 10:     TRISBbits.TRISB6 = 0;
   953     0753  130D               	bcf	13,6	;volatile
   954     0754                     l26:
   955     0754  0008               	return
   956     0755                     __end_of_display_init:
   957                           
   958                           	psect	text2
   959     0777                     __ptext2:	
   960 ;; *************** function _display_cc *****************
   961 ;; Defined at:
   962 ;;		line 13 in file "DISPLAY_7_SEG.c"
   963 ;; Parameters:    Size  Location     Type
   964 ;;  dig             1    wreg     unsigned char 
   965 ;; Auto vars:     Size  Location     Type
   966 ;;  dig             1    2[COMMON] unsigned char 
   967 ;; Return value:  Size  Location     Type
   968 ;;                  1    wreg      void 
   969 ;; Registers used:
   970 ;;		wreg, fsr0l, fsr0h, status,2, status,0
   971 ;; Tracked objects:
   972 ;;		On entry : 0/0
   973 ;;		On exit  : 0/0
   974 ;;		Unchanged: 0/0
   975 ;; Data sizes:     COMMON   BANK0   BANK1   BANK2   BANK3   BANK4   BANK5   BANK6   BANK7   BANK8   BANK9  BANK10  BANK1
      +1  BANK12
   976 ;;      Params:         0       0       0       0       0       0       0       0       0       0       0       0       
      +0       0
   977 ;;      Locals:         1       0       0       0       0       0       0       0       0       0       0       0       
      +0       0
   978 ;;      Temps:          2       0       0       0       0       0       0       0       0       0       0       0       
      +0       0
   979 ;;      Totals:         3       0       0       0       0       0       0       0       0       0       0       0       
      +0       0
   980 ;;Total ram usage:        3 bytes
   981 ;; Hardware stack levels used: 1
   982 ;; This function calls:
   983 ;;		Nothing
   984 ;; This function is called by:
   985 ;;		_main
   986 ;; This function uses a non-reentrant model
   987 ;;
   988                           
   989     0777                     _display_cc:	
   990                           ;psect for function _display_cc
   991                           
   992                           
   993                           ;incstack = 0
   994                           ; Regs used in _display_cc: [wreg-fsr0h+status,2+status,0]
   995                           ;display_cc@dig stored from wreg
   996     0777  00F2               	movwf	display_cc@dig
   997     0778                     l651:
   998                           
   999                           ;DISPLAY_7_SEG.c: 15:     switch(dig){
  1000     0778  2FD3               	goto	l655
  1001     0779                     l30:	
  1002                           ;DISPLAY_7_SEG.c: 16:         case 0: LATBbits.LATB0 = 1;
  1003                           
  1004     0779  0022               	movlb	2	; select bank2
  1005     077A  140D               	bsf	13,0	;volatile
  1006                           
  1007                           ;DISPLAY_7_SEG.c: 17:                 LATBbits.LATB1 = 1;
  1008     077B  148D               	bsf	13,1	;volatile
  1009                           
  1010                           ;DISPLAY_7_SEG.c: 18:                 LATBbits.LATB2 = 1;
  1011     077C  150D               	bsf	13,2	;volatile
  1012                           
  1013                           ;DISPLAY_7_SEG.c: 19:                 LATBbits.LATB3 = 1;
  1014     077D  158D               	bsf	13,3	;volatile
  1015                           
  1016                           ;DISPLAY_7_SEG.c: 20:                 LATBbits.LATB4 = 1;
  1017     077E  160D               	bsf	13,4	;volatile
  1018                           
  1019                           ;DISPLAY_7_SEG.c: 21:                 LATBbits.LATB5 = 1;
  1020     077F  168D               	bsf	13,5	;volatile
  1021                           
  1022                           ;DISPLAY_7_SEG.c: 22:                 LATBbits.LATB6 = 0;
  1023     0780  130D               	bcf	13,6	;volatile
  1024                           
  1025                           ;DISPLAY_7_SEG.c: 23:                 break;
  1026     0781  2FFB               	goto	l41
  1027     0782                     l32:	
  1028                           ;DISPLAY_7_SEG.c: 25:         case 1: LATBbits.LATB0 = 0;
  1029                           
  1030     0782  0022               	movlb	2	; select bank2
  1031     0783  100D               	bcf	13,0	;volatile
  1032                           
  1033                           ;DISPLAY_7_SEG.c: 26:                 LATBbits.LATB1 = 1;
  1034     0784  148D               	bsf	13,1	;volatile
  1035                           
  1036                           ;DISPLAY_7_SEG.c: 27:                 LATBbits.LATB2 = 1;
  1037     0785  150D               	bsf	13,2	;volatile
  1038                           
  1039                           ;DISPLAY_7_SEG.c: 28:                 LATBbits.LATB3 = 0;
  1040     0786  118D               	bcf	13,3	;volatile
  1041                           
  1042                           ;DISPLAY_7_SEG.c: 29:                 LATBbits.LATB4 = 0;
  1043     0787  120D               	bcf	13,4	;volatile
  1044                           
  1045                           ;DISPLAY_7_SEG.c: 30:                 LATBbits.LATB5 = 0;
  1046     0788  128D               	bcf	13,5	;volatile
  1047                           
  1048                           ;DISPLAY_7_SEG.c: 31:                 LATBbits.LATB6 = 0;
  1049     0789  130D               	bcf	13,6	;volatile
  1050                           
  1051                           ;DISPLAY_7_SEG.c: 32:                 break;
  1052     078A  2FFB               	goto	l41
  1053     078B                     l33:	
  1054                           ;DISPLAY_7_SEG.c: 34:         case 2: LATBbits.LATB0 = 1;
  1055                           
  1056     078B  0022               	movlb	2	; select bank2
  1057     078C  140D               	bsf	13,0	;volatile
  1058                           
  1059                           ;DISPLAY_7_SEG.c: 35:                 LATBbits.LATB1 = 1;
  1060     078D  148D               	bsf	13,1	;volatile
  1061                           
  1062                           ;DISPLAY_7_SEG.c: 36:                 LATBbits.LATB2 = 0;
  1063     078E  110D               	bcf	13,2	;volatile
  1064                           
  1065                           ;DISPLAY_7_SEG.c: 37:                 LATBbits.LATB3 = 1;
  1066     078F  158D               	bsf	13,3	;volatile
  1067                           
  1068                           ;DISPLAY_7_SEG.c: 38:                 LATBbits.LATB4 = 1;
  1069     0790  160D               	bsf	13,4	;volatile
  1070                           
  1071                           ;DISPLAY_7_SEG.c: 39:                 LATBbits.LATB5 = 0;
  1072     0791  128D               	bcf	13,5	;volatile
  1073                           
  1074                           ;DISPLAY_7_SEG.c: 40:                 LATBbits.LATB6 = 1;
  1075     0792  170D               	bsf	13,6	;volatile
  1076                           
  1077                           ;DISPLAY_7_SEG.c: 41:                 break;
  1078     0793  2FFB               	goto	l41
  1079     0794                     l34:	
  1080                           ;DISPLAY_7_SEG.c: 43:         case 3: LATBbits.LATB0 = 1;
  1081                           
  1082     0794  0022               	movlb	2	; select bank2
  1083     0795  140D               	bsf	13,0	;volatile
  1084                           
  1085                           ;DISPLAY_7_SEG.c: 44:                 LATBbits.LATB1 = 1;
  1086     0796  148D               	bsf	13,1	;volatile
  1087                           
  1088                           ;DISPLAY_7_SEG.c: 45:                 LATBbits.LATB2 = 1;
  1089     0797  150D               	bsf	13,2	;volatile
  1090                           
  1091                           ;DISPLAY_7_SEG.c: 46:                 LATBbits.LATB3 = 1;
  1092     0798  158D               	bsf	13,3	;volatile
  1093                           
  1094                           ;DISPLAY_7_SEG.c: 47:                 LATBbits.LATB4 = 0;
  1095     0799  120D               	bcf	13,4	;volatile
  1096                           
  1097                           ;DISPLAY_7_SEG.c: 48:                 LATBbits.LATB5 = 0;
  1098     079A  128D               	bcf	13,5	;volatile
  1099                           
  1100                           ;DISPLAY_7_SEG.c: 49:                 LATBbits.LATB6 = 1;
  1101     079B  170D               	bsf	13,6	;volatile
  1102                           
  1103                           ;DISPLAY_7_SEG.c: 50:                 break;
  1104     079C  2FFB               	goto	l41
  1105     079D                     l35:	
  1106                           ;DISPLAY_7_SEG.c: 52:         case 4: LATBbits.LATB0 = 0;
  1107                           
  1108     079D  0022               	movlb	2	; select bank2
  1109     079E  100D               	bcf	13,0	;volatile
  1110                           
  1111                           ;DISPLAY_7_SEG.c: 53:                 LATBbits.LATB1 = 1;
  1112     079F  148D               	bsf	13,1	;volatile
  1113                           
  1114                           ;DISPLAY_7_SEG.c: 54:                 LATBbits.LATB2 = 1;
  1115     07A0  150D               	bsf	13,2	;volatile
  1116                           
  1117                           ;DISPLAY_7_SEG.c: 55:                 LATBbits.LATB3 = 0;
  1118     07A1  118D               	bcf	13,3	;volatile
  1119                           
  1120                           ;DISPLAY_7_SEG.c: 56:                 LATBbits.LATB4 = 0;
  1121     07A2  120D               	bcf	13,4	;volatile
  1122                           
  1123                           ;DISPLAY_7_SEG.c: 57:                 LATBbits.LATB5 = 1;
  1124     07A3  168D               	bsf	13,5	;volatile
  1125                           
  1126                           ;DISPLAY_7_SEG.c: 58:                 LATBbits.LATB6 = 1;
  1127     07A4  170D               	bsf	13,6	;volatile
  1128                           
  1129                           ;DISPLAY_7_SEG.c: 59:                 break;
  1130     07A5  2FFB               	goto	l41
  1131     07A6                     l36:	
  1132                           ;DISPLAY_7_SEG.c: 61:         case 5: LATBbits.LATB0 = 1;
  1133                           
  1134     07A6  0022               	movlb	2	; select bank2
  1135     07A7  140D               	bsf	13,0	;volatile
  1136                           
  1137                           ;DISPLAY_7_SEG.c: 62:                 LATBbits.LATB1 = 0;
  1138     07A8  108D               	bcf	13,1	;volatile
  1139                           
  1140                           ;DISPLAY_7_SEG.c: 63:                 LATBbits.LATB2 = 1;
  1141     07A9  150D               	bsf	13,2	;volatile
  1142                           
  1143                           ;DISPLAY_7_SEG.c: 64:                 LATBbits.LATB3 = 1;
  1144     07AA  158D               	bsf	13,3	;volatile
  1145                           
  1146                           ;DISPLAY_7_SEG.c: 65:                 LATBbits.LATB4 = 0;
  1147     07AB  120D               	bcf	13,4	;volatile
  1148                           
  1149                           ;DISPLAY_7_SEG.c: 66:                 LATBbits.LATB5 = 1;
  1150     07AC  168D               	bsf	13,5	;volatile
  1151                           
  1152                           ;DISPLAY_7_SEG.c: 67:                 LATBbits.LATB6 = 1;
  1153     07AD  170D               	bsf	13,6	;volatile
  1154                           
  1155                           ;DISPLAY_7_SEG.c: 68:                 break;
  1156     07AE  2FFB               	goto	l41
  1157     07AF                     l37:	
  1158                           ;DISPLAY_7_SEG.c: 70:         case 6: LATBbits.LATB0 = 1;
  1159                           
  1160     07AF  0022               	movlb	2	; select bank2
  1161     07B0  140D               	bsf	13,0	;volatile
  1162                           
  1163                           ;DISPLAY_7_SEG.c: 71:                 LATBbits.LATB1 = 0;
  1164     07B1  108D               	bcf	13,1	;volatile
  1165                           
  1166                           ;DISPLAY_7_SEG.c: 72:                 LATBbits.LATB2 = 1;
  1167     07B2  150D               	bsf	13,2	;volatile
  1168                           
  1169                           ;DISPLAY_7_SEG.c: 73:                 LATBbits.LATB3 = 1;
  1170     07B3  158D               	bsf	13,3	;volatile
  1171                           
  1172                           ;DISPLAY_7_SEG.c: 74:                 LATBbits.LATB4 = 1;
  1173     07B4  160D               	bsf	13,4	;volatile
  1174                           
  1175                           ;DISPLAY_7_SEG.c: 75:                 LATBbits.LATB5 = 1;
  1176     07B5  168D               	bsf	13,5	;volatile
  1177                           
  1178                           ;DISPLAY_7_SEG.c: 76:                 LATBbits.LATB6 = 1;
  1179     07B6  170D               	bsf	13,6	;volatile
  1180                           
  1181                           ;DISPLAY_7_SEG.c: 77:                 break;
  1182     07B7  2FFB               	goto	l41
  1183     07B8                     l38:	
  1184                           ;DISPLAY_7_SEG.c: 79:         case 7: LATBbits.LATB0 = 1;
  1185                           
  1186     07B8  0022               	movlb	2	; select bank2
  1187     07B9  140D               	bsf	13,0	;volatile
  1188                           
  1189                           ;DISPLAY_7_SEG.c: 80:                 LATBbits.LATB1 = 1;
  1190     07BA  148D               	bsf	13,1	;volatile
  1191                           
  1192                           ;DISPLAY_7_SEG.c: 81:                 LATBbits.LATB2 = 1;
  1193     07BB  150D               	bsf	13,2	;volatile
  1194                           
  1195                           ;DISPLAY_7_SEG.c: 82:                 LATBbits.LATB3 = 0;
  1196     07BC  118D               	bcf	13,3	;volatile
  1197                           
  1198                           ;DISPLAY_7_SEG.c: 83:                 LATBbits.LATB4 = 0;
  1199     07BD  120D               	bcf	13,4	;volatile
  1200                           
  1201                           ;DISPLAY_7_SEG.c: 84:                 LATBbits.LATB5 = 1;
  1202     07BE  168D               	bsf	13,5	;volatile
  1203                           
  1204                           ;DISPLAY_7_SEG.c: 85:                 LATBbits.LATB6 = 0;
  1205     07BF  130D               	bcf	13,6	;volatile
  1206                           
  1207                           ;DISPLAY_7_SEG.c: 86:                 break;
  1208     07C0  2FFB               	goto	l41
  1209     07C1                     l39:	
  1210                           ;DISPLAY_7_SEG.c: 88:         case 8: LATBbits.LATB0 = 1;
  1211                           
  1212     07C1  0022               	movlb	2	; select bank2
  1213     07C2  140D               	bsf	13,0	;volatile
  1214                           
  1215                           ;DISPLAY_7_SEG.c: 89:                 LATBbits.LATB1 = 1;
  1216     07C3  148D               	bsf	13,1	;volatile
  1217                           
  1218                           ;DISPLAY_7_SEG.c: 90:                 LATBbits.LATB2 = 1;
  1219     07C4  150D               	bsf	13,2	;volatile
  1220                           
  1221                           ;DISPLAY_7_SEG.c: 91:                 LATBbits.LATB3 = 1;
  1222     07C5  158D               	bsf	13,3	;volatile
  1223                           
  1224                           ;DISPLAY_7_SEG.c: 92:                 LATBbits.LATB4 = 1;
  1225     07C6  160D               	bsf	13,4	;volatile
  1226                           
  1227                           ;DISPLAY_7_SEG.c: 93:                 LATBbits.LATB5 = 1;
  1228     07C7  168D               	bsf	13,5	;volatile
  1229                           
  1230                           ;DISPLAY_7_SEG.c: 94:                 LATBbits.LATB6 = 1;
  1231     07C8  170D               	bsf	13,6	;volatile
  1232                           
  1233                           ;DISPLAY_7_SEG.c: 95:                 break;
  1234     07C9  2FFB               	goto	l41
  1235     07CA                     l40:	
  1236                           ;DISPLAY_7_SEG.c: 97:         case 9: LATBbits.LATB0 = 1;
  1237                           
  1238     07CA  0022               	movlb	2	; select bank2
  1239     07CB  140D               	bsf	13,0	;volatile
  1240                           
  1241                           ;DISPLAY_7_SEG.c: 98:                 LATBbits.LATB1 = 1;
  1242     07CC  148D               	bsf	13,1	;volatile
  1243                           
  1244                           ;DISPLAY_7_SEG.c: 99:                 LATBbits.LATB2 = 1;
  1245     07CD  150D               	bsf	13,2	;volatile
  1246                           
  1247                           ;DISPLAY_7_SEG.c: 100:                 LATBbits.LATB3 = 1;
  1248     07CE  158D               	bsf	13,3	;volatile
  1249                           
  1250                           ;DISPLAY_7_SEG.c: 101:                 LATBbits.LATB4 = 0;
  1251     07CF  120D               	bcf	13,4	;volatile
  1252                           
  1253                           ;DISPLAY_7_SEG.c: 102:                 LATBbits.LATB5 = 1;
  1254     07D0  168D               	bsf	13,5	;volatile
  1255                           
  1256                           ;DISPLAY_7_SEG.c: 103:                 LATBbits.LATB6 = 1;
  1257     07D1  170D               	bsf	13,6	;volatile
  1258                           
  1259                           ;DISPLAY_7_SEG.c: 104:                 break;
  1260     07D2  2FFB               	goto	l41
  1261     07D3                     l655:
  1262     07D3  0872               	movf	display_cc@dig,w
  1263     07D4  00F0               	movwf	??_display_cc
  1264     07D5  01F1               	clrf	??_display_cc+1
  1265                           
  1266                           ; Switch on 2 bytes has been partitioned into a top level switch of size 1, and 1 sub-sw
      +                          itches
  1267                           ; Switch size 1, requested type "simple"
  1268                           ; Number of cases is 1, Range of values is 0 to 0
  1269                           ; switch strategies available:
  1270                           ; Name         Instructions Cycles
  1271                           ; simple_byte            4     3 (average)
  1272                           ; direct_byte            8     6 (fixed)
  1273                           ; jumptable            260     6 (fixed)
  1274                           ;	Chosen strategy is simple_byte
  1275     07D6  0871               	movf	??_display_cc+1,w
  1276     07D7  3A00               	xorlw	0	; case 0
  1277     07D8  1903               	skipnz
  1278     07D9  2FDB               	goto	l695
  1279     07DA  2FFB               	goto	l41
  1280     07DB                     l695:
  1281                           
  1282                           ; Switch size 1, requested type "simple"
  1283                           ; Number of cases is 10, Range of values is 0 to 9
  1284                           ; switch strategies available:
  1285                           ; Name         Instructions Cycles
  1286                           ; direct_byte           26     6 (fixed)
  1287                           ; simple_byte           31    16 (average)
  1288                           ; jumptable            260     6 (fixed)
  1289                           ;	Chosen strategy is simple_byte
  1290     07DB  0870               	movf	??_display_cc,w
  1291     07DC  3A00               	xorlw	0	; case 0
  1292     07DD  1903               	skipnz
  1293     07DE  2F79               	goto	l30
  1294     07DF  3A01               	xorlw	1	; case 1
  1295     07E0  1903               	skipnz
  1296     07E1  2F82               	goto	l32
  1297     07E2  3A03               	xorlw	3	; case 2
  1298     07E3  1903               	skipnz
  1299     07E4  2F8B               	goto	l33
  1300     07E5  3A01               	xorlw	1	; case 3
  1301     07E6  1903               	skipnz
  1302     07E7  2F94               	goto	l34
  1303     07E8  3A07               	xorlw	7	; case 4
  1304     07E9  1903               	skipnz
  1305     07EA  2F9D               	goto	l35
  1306     07EB  3A01               	xorlw	1	; case 5
  1307     07EC  1903               	skipnz
  1308     07ED  2FA6               	goto	l36
  1309     07EE  3A03               	xorlw	3	; case 6
  1310     07EF  1903               	skipnz
  1311     07F0  2FAF               	goto	l37
  1312     07F1  3A01               	xorlw	1	; case 7
  1313     07F2  1903               	skipnz
  1314     07F3  2FB8               	goto	l38
  1315     07F4  3A0F               	xorlw	15	; case 8
  1316     07F5  1903               	skipnz
  1317     07F6  2FC1               	goto	l39
  1318     07F7  3A01               	xorlw	1	; case 9
  1319     07F8  1903               	skipnz
  1320     07F9  2FCA               	goto	l40
  1321     07FA  2FFB               	goto	l41
  1322     07FB                     l41:
  1323     07FB  0008               	return
  1324     07FC                     __end_of_display_cc:
  1325     007E                     btemp	set	126	;btemp
  1326     007E                     wtemp0	set	126
  1327                           
  1328                           	psect	config
  1329                           
  1330                           ;Config register CONFIG1 @ 0x8007
  1331                           ;	Oscillator Selection
  1332                           ;	FOSC = HS, HS Oscillator, High-speed crystal/resonator connected between OSC1 and OSC2
      +                           pins
  1333                           ;	Watchdog Timer Enable
  1334                           ;	WDTE = OFF, WDT disabled
  1335                           ;	Power-up Timer Enable
  1336                           ;	PWRTE = OFF, PWRT disabled
  1337                           ;	MCLR Pin Function Select
  1338                           ;	MCLRE = ON, MCLR/VPP pin function is MCLR
  1339                           ;	Flash Program Memory Code Protection
  1340                           ;	CP = OFF, Program memory code protection is disabled
  1341                           ;	Data Memory Code Protection
  1342                           ;	CPD = OFF, Data memory code protection is disabled
  1343                           ;	Brown-out Reset Enable
  1344                           ;	BOREN = ON, Brown-out Reset enabled
  1345                           ;	Clock Out Enable
  1346                           ;	CLKOUTEN = OFF, CLKOUT function is disabled. I/O or oscillator function on the CLKOUT 
      +                          pin
  1347                           ;	Internal/External Switchover
  1348                           ;	IESO = ON, Internal/External Switchover mode is enabled
  1349                           ;	Fail-Safe Clock Monitor Enable
  1350                           ;	FCMEN = ON, Fail-Safe Clock Monitor is enabled
  1351     8007                     	org	32775
  1352     8007  3FE2               	dw	16354
  1353                           
  1354                           ;Config register CONFIG2 @ 0x8008
  1355                           ;	Flash Memory Self-Write Protection
  1356                           ;	WRT = OFF, Write protection off
  1357                           ;	Voltage Regulator Capacitor Enable
  1358                           ;	VCAPEN = OFF, All VCAP pin functionality is disabled
  1359                           ;	PLL Enable
  1360                           ;	PLLEN = OFF, 4x PLL disabled
  1361                           ;	Stack Overflow/Underflow Reset Enable
  1362                           ;	STVREN = ON, Stack Overflow or Underflow will cause a Reset
  1363                           ;	Brown-out Reset Voltage Selection
  1364                           ;	BORV = LO, Brown-out Reset Voltage (Vbor), low trip point selected.
  1365                           ;	Low-Voltage Programming Enable
  1366                           ;	LVP = ON, Low-voltage programming enabled
  1367     8008                     	org	32776
  1368     8008  3EFF               	dw	16127

Data Sizes:
    Strings     0
    Constant    0
    Data        0
    BSS         1
    Persistent  32
    Stack       0

Auto Spaces:
    Space          Size  Autos    Used
    COMMON           14      5       6
    BANK0            80      0       0
    BANK1            80      0       0
    BANK2            80      0       0
    BANK3            80      0       0
    BANK4            80      0       0
    BANK5            80      0       0
    BANK6            80      0       0
    BANK7            80      0       0
    BANK8            80      0       0
    BANK9            80      0       0
    BANK10           80      0       0
    BANK11           80      0       0
    BANK12           48      0       0

Pointer List with Targets:

    None.

Critical Paths under _main in COMMON

    _main->_display_cc

Critical Paths under _main in BANK0

    None.

Critical Paths under _main in BANK1

    None.

Critical Paths under _main in BANK2

    None.

Critical Paths under _main in BANK3

    None.

Critical Paths under _main in BANK4

    None.

Critical Paths under _main in BANK5

    None.

Critical Paths under _main in BANK6

    None.

Critical Paths under _main in BANK7

    None.

Critical Paths under _main in BANK8

    None.

Critical Paths under _main in BANK9

    None.

Critical Paths under _main in BANK10

    None.

Critical Paths under _main in BANK11

    None.

Critical Paths under _main in BANK12

    None.

Call Graph Tables:

 ---------------------------------------------------------------------------------
 (Depth) Function   	        Calls       Base Space   Used Autos Params    Refs
 ---------------------------------------------------------------------------------
 (0) _main                                                 2     2      0      15
                                              3 COMMON     2     2      0
                         _display_cc
                       _display_init
 ---------------------------------------------------------------------------------
 (1) _display_init                                         0     0      0       0
 ---------------------------------------------------------------------------------
 (1) _display_cc                                           3     3      0      15
                                              0 COMMON     3     3      0
 ---------------------------------------------------------------------------------
 Estimated maximum stack depth 1
 ---------------------------------------------------------------------------------

 Call Graph Graphs:

 _main (ROOT)
   _display_cc
   _display_init

 Address spaces:
Name               Size   Autos  Total    Cost      Usage
BIGRAM             3F0      0       0       0        0.0%
EEDATA             100      0       0       0        0.0%
NULL                 0      0       0       0        0.0%
CODE                 0      0       0       0        0.0%
BITCOMMON            E      0       0       1        0.0%
BITSFR0              0      0       0       1        0.0%
SFR0                 0      0       0       1        0.0%
COMMON               E      5       6       2       42.9%
BITSFR1              0      0       0       2        0.0%
SFR1                 0      0       0       2        0.0%
BITSFR2              0      0       0       3        0.0%
SFR2                 0      0       0       3        0.0%
STACK                0      0       0       3        0.0%
BITBANK0            50      0       0       4        0.0%
BITSFR3              0      0       0       4        0.0%
SFR3                 0      0       0       4        0.0%
BANK0               50      0       0       5        0.0%
BITSFR4              0      0       0       5        0.0%
SFR4                 0      0       0       5        0.0%
BITBANK1            50      0       0       6        0.0%
BITSFR5              0      0       0       6        0.0%
SFR5                 0      0       0       6        0.0%
BANK1               50      0       0       7        0.0%
BITSFR6              0      0       0       7        0.0%
SFR6                 0      0       0       7        0.0%
BITBANK2            50      0       0       8        0.0%
BITSFR7              0      0       0       8        0.0%
SFR7                 0      0       0       8        0.0%
BANK2               50      0       0       9        0.0%
BITSFR8              0      0       0       9        0.0%
SFR8                 0      0       0       9        0.0%
BITBANK3            50      0       0      10        0.0%
BITSFR9              0      0       0      10        0.0%
SFR9                 0      0       0      10        0.0%
BANK3               50      0       0      11        0.0%
BITSFR10             0      0       0      11        0.0%
SFR10                0      0       0      11        0.0%
BITBANK4            50      0       0      12        0.0%
BITSFR11             0      0       0      12        0.0%
SFR11                0      0       0      12        0.0%
BANK4               50      0       0      13        0.0%
BITSFR12             0      0       0      13        0.0%
SFR12                0      0       0      13        0.0%
BITBANK5            50      0       0      14        0.0%
BITSFR13             0      0       0      14        0.0%
SFR13                0      0       0      14        0.0%
BANK5               50      0       0      15        0.0%
BITSFR14             0      0       0      15        0.0%
SFR14                0      0       0      15        0.0%
BITBANK6            50      0       0      16        0.0%
BITSFR15             0      0       0      16        0.0%
SFR15                0      0       0      16        0.0%
BANK6               50      0       0      17        0.0%
BITSFR16             0      0       0      17        0.0%
SFR16                0      0       0      17        0.0%
BITBANK7            50      0       0      18        0.0%
BITSFR17             0      0       0      18        0.0%
SFR17                0      0       0      18        0.0%
BANK7               50      0       0      19        0.0%
BITSFR18             0      0       0      19        0.0%
SFR18                0      0       0      19        0.0%
BITSFR19             0      0       0      20        0.0%
SFR19                0      0       0      20        0.0%
ABS                  0      0       6      20        0.0%
BITBANK8            50      0       0      21        0.0%
BITSFR20             0      0       0      21        0.0%
SFR20                0      0       0      21        0.0%
BANK8               50      0       0      22        0.0%
BITSFR21             0      0       0      22        0.0%
SFR21                0      0       0      22        0.0%
BITBANK9            50      0       0      23        0.0%
BITSFR22             0      0       0      23        0.0%
SFR22                0      0       0      23        0.0%
BANK9               50      0       0      24        0.0%
BITSFR23             0      0       0      24        0.0%
SFR23                0      0       0      24        0.0%
BITBANK10           50      0       0      25        0.0%
BITSFR24             0      0       0      25        0.0%
SFR24                0      0       0      25        0.0%
BANK10              50      0       0      26        0.0%
BITSFR25             0      0       0      26        0.0%
SFR25                0      0       0      26        0.0%
BITBANK11           50      0       0      27        0.0%
BITSFR26             0      0       0      27        0.0%
SFR26                0      0       0      27        0.0%
BANK11              50      0       0      28        0.0%
BITSFR27             0      0       0      28        0.0%
SFR27                0      0       0      28        0.0%
BITBANK12           30      0       0      29        0.0%
BITSFR28             0      0       0      29        0.0%
SFR28                0      0       0      29        0.0%
BANK12              30      0       0      30        0.0%
BITSFR29             0      0       0      30        0.0%
SFR29                0      0       0      30        0.0%
BITSFR30             0      0       0      31        0.0%
SFR30                0      0       0      31        0.0%
DATA                 0      0       6      31        0.0%
BITSFR31             0      0       0      32        0.0%
SFR31                0      0       0      32        0.0%


Microchip Technology PIC Macro Assembler V2.41 build 20230208172133 
Symbol Table                                                                                   Wed Aug 16 18:15:45 2023

                     l30 0779                       l40 07CA                       l32 0782  
                     l33 078B                       l41 07FB                       l34 0794  
                     l26 0754                       l35 079D                       l36 07A6  
                     l37 07AF                       l38 07B8                       l39 07C1  
                     u10 0773                       u11 0772                       u27 0767  
                    l651 0778                      l661 0755                      l655 07D3  
                    l671 076D                      l663 0757                      l649 074C  
                    l673 0773                      l665 075A                      l667 075E  
                    l669 0762                      l695 07DB            ?_display_init 0070  
                    wreg 0009                     _main 0755                     btemp 007E  
                   start 0002           ??_display_init 0070                    ?_main 0070  
                  wtemp0 007E          __initialization 07FC             __end_of_main 0777  
                 ??_main 0073                   _ANSELB 018D            display_cc@dig 0072  
__end_of__initialization 07FD     __end_of_display_init 0755           __pcstackCOMMON 0070  
             __pmaintext 0755               _display_cc 0777                  __ptext1 074C  
                __ptext2 0777     end_of_initialization 07FD             _display_init 074C  
              _TRISBbits 008D              ?_display_cc 0070      start_initialization 07FC  
            __pbssCOMMON 0075                ___latbits 0003                 _LATBbits 010D  
           ??_display_cc 0070       __end_of_display_cc 07FC                 _contador 0075  
