

Microchip MPLAB XC8 Assembler V2.41 build 20230208172133 
                                                                                               Fri Aug 11 11:28:13 2023

Microchip MPLAB XC8 C Compiler v2.41 (Free license) build 20230208172133 Og1 
     1                           	processor	16F1939
     2                           	pagewidth 120
     3                           	opt	flic
     4                           	psect	cinit,global,class=CODE,merge=1,delta=2
     5                           	psect	bssCOMMON,global,class=COMMON,space=1,delta=1,noexec
     6                           	psect	cstackCOMMON,global,class=COMMON,space=1,delta=1,noexec
     7                           	psect	maintext,global,class=CODE,merge=1,split=1,delta=2
     8                           	psect	config,global,abs,ovrld,class=CONFIG,space=4,delta=2,noexec
     9                           	dabs	1,0x7E,2
    10     0000                     
    11                           ; Generated 06/07/2023 GMT
    12                           ; 
    13                           ; Copyright © 2023, Microchip Technology Inc. and its subsidiaries ("Microchip")
    14                           ; All rights reserved.
    15                           ; 
    16                           ; This software is developed by Microchip Technology Inc. and its subsidiaries ("Microch
      +                          ip").
    17                           ; 
    18                           ; Redistribution and use in source and binary forms, with or without modification, are
    19                           ; permitted provided that the following conditions are met:
    20                           ; 
    21                           ;     1. Redistributions of source code must retain the above copyright notice, this lis
      +                          t of
    22                           ;        conditions and the following disclaimer.
    23                           ; 
    24                           ;     2. Redistributions in binary form must reproduce the above copyright notice, this 
      +                          list
    25                           ;        of conditions and the following disclaimer in the documentation and/or other
    26                           ;        materials provided with the distribution. Publication is not required when
    27                           ;        this file is used in an embedded application.
    28                           ; 
    29                           ;     3. Microchip's name may not be used to endorse or promote products derived from th
      +                          is
    30                           ;        software without specific prior written permission.
    31                           ; 
    32                           ; THIS SOFTWARE IS PROVIDED BY MICROCHIP "AS IS" AND ANY EXPRESS OR IMPLIED WARRANTIES,
    33                           ; INCLUDING, BUT NOT LIMITED TO, THE IMPLIED WARRANTIES OF MERCHANTABILITY AND FITNESS F
      +                          OR
    34                           ; PURPOSE ARE DISCLAIMED.  IN NO EVENT SHALL MICROCHIP BE LIABLE FOR ANY DIRECT, INDIREC
      +                          T,
    35                           ; INCIDENTAL, SPECIAL, EXEMPLARY, OR CONSEQUENTIAL DAMAGES (INCLUDING BUT NOT LIMITED TO
    36                           ; PROCUREMENT OF SUBSTITUTE GOODS OR SERVICES; LOSS OF USE, DATA OR PROFITS; OR BUSINESS
    37                           ; INTERRUPTION) HOWSOEVER CAUSED AND ON ANY THEORY OF LIABILITY, WHETHER IN CONTRACT, ST
      +                          RICT
    38                           ; LIABILITY, OR TORT (INCLUDING NEGLIGENCE OR OTHERWISE) ARISING IN ANY WAY OUT OF THE U
      +                          SE OF
    39                           ; THIS SOFTWARE, EVEN IF ADVISED OF THE POSSIBILITY OF SUCH DAMAGE.
    40                           ; 
    41                           ; 
    42                           ; Code-generator required, PIC16F1939 Definitions
    43                           ; 
    44                           ; SFR Addresses
    45     0000                     	;# 
    46     0001                     	;# 
    47     0002                     	;# 
    48     0003                     	;# 
    49     0004                     	;# 
    50     0005                     	;# 
    51     0006                     	;# 
    52     0007                     	;# 
    53     0008                     	;# 
    54     0009                     	;# 
    55     000A                     	;# 
    56     000B                     	;# 
    57     000C                     	;# 
    58     000D                     	;# 
    59     000E                     	;# 
    60     000F                     	;# 
    61     0010                     	;# 
    62     0011                     	;# 
    63     0012                     	;# 
    64     0013                     	;# 
    65     0015                     	;# 
    66     0016                     	;# 
    67     0016                     	;# 
    68     0017                     	;# 
    69     0018                     	;# 
    70     0019                     	;# 
    71     001A                     	;# 
    72     001B                     	;# 
    73     001C                     	;# 
    74     001E                     	;# 
    75     001F                     	;# 
    76     008C                     	;# 
    77     008D                     	;# 
    78     008E                     	;# 
    79     008F                     	;# 
    80     0090                     	;# 
    81     0091                     	;# 
    82     0092                     	;# 
    83     0093                     	;# 
    84     0095                     	;# 
    85     0096                     	;# 
    86     0097                     	;# 
    87     0098                     	;# 
    88     0099                     	;# 
    89     009A                     	;# 
    90     009B                     	;# 
    91     009B                     	;# 
    92     009C                     	;# 
    93     009D                     	;# 
    94     009E                     	;# 
    95     010C                     	;# 
    96     010D                     	;# 
    97     010E                     	;# 
    98     010F                     	;# 
    99     0110                     	;# 
   100     0111                     	;# 
   101     0112                     	;# 
   102     0113                     	;# 
   103     0114                     	;# 
   104     0115                     	;# 
   105     0116                     	;# 
   106     0117                     	;# 
   107     0118                     	;# 
   108     0119                     	;# 
   109     011A                     	;# 
   110     011B                     	;# 
   111     011D                     	;# 
   112     018C                     	;# 
   113     018D                     	;# 
   114     018F                     	;# 
   115     0190                     	;# 
   116     0191                     	;# 
   117     0191                     	;# 
   118     0192                     	;# 
   119     0193                     	;# 
   120     0193                     	;# 
   121     0193                     	;# 
   122     0194                     	;# 
   123     0195                     	;# 
   124     0196                     	;# 
   125     0199                     	;# 
   126     019A                     	;# 
   127     019B                     	;# 
   128     019B                     	;# 
   129     019B                     	;# 
   130     019B                     	;# 
   131     019C                     	;# 
   132     019C                     	;# 
   133     019D                     	;# 
   134     019E                     	;# 
   135     019F                     	;# 
   136     020D                     	;# 
   137     0210                     	;# 
   138     0211                     	;# 
   139     0212                     	;# 
   140     0213                     	;# 
   141     0214                     	;# 
   142     0215                     	;# 
   143     0215                     	;# 
   144     0216                     	;# 
   145     0217                     	;# 
   146     0291                     	;# 
   147     0291                     	;# 
   148     0292                     	;# 
   149     0293                     	;# 
   150     0294                     	;# 
   151     0295                     	;# 
   152     0295                     	;# 
   153     0296                     	;# 
   154     0298                     	;# 
   155     0298                     	;# 
   156     0299                     	;# 
   157     029A                     	;# 
   158     029B                     	;# 
   159     029C                     	;# 
   160     029C                     	;# 
   161     029D                     	;# 
   162     029E                     	;# 
   163     029F                     	;# 
   164     0311                     	;# 
   165     0311                     	;# 
   166     0312                     	;# 
   167     0313                     	;# 
   168     0314                     	;# 
   169     0315                     	;# 
   170     0315                     	;# 
   171     0316                     	;# 
   172     0318                     	;# 
   173     0318                     	;# 
   174     0319                     	;# 
   175     031A                     	;# 
   176     031C                     	;# 
   177     031C                     	;# 
   178     031D                     	;# 
   179     031E                     	;# 
   180     0394                     	;# 
   181     0395                     	;# 
   182     0396                     	;# 
   183     0415                     	;# 
   184     0416                     	;# 
   185     0417                     	;# 
   186     041C                     	;# 
   187     041D                     	;# 
   188     041E                     	;# 
   189     0791                     	;# 
   190     0792                     	;# 
   191     0793                     	;# 
   192     0794                     	;# 
   193     0795                     	;# 
   194     0798                     	;# 
   195     0799                     	;# 
   196     079A                     	;# 
   197     07A0                     	;# 
   198     07A1                     	;# 
   199     07A2                     	;# 
   200     07A3                     	;# 
   201     07A4                     	;# 
   202     07A5                     	;# 
   203     07A6                     	;# 
   204     07A7                     	;# 
   205     07A8                     	;# 
   206     07A9                     	;# 
   207     07AA                     	;# 
   208     07AB                     	;# 
   209     0FE4                     	;# 
   210     0FE5                     	;# 
   211     0FE6                     	;# 
   212     0FE7                     	;# 
   213     0FE8                     	;# 
   214     0FE9                     	;# 
   215     0FEA                     	;# 
   216     0FEB                     	;# 
   217     0FED                     	;# 
   218     0FEE                     	;# 
   219     0FEF                     	;# 
   220     0000                     	;# 
   221     0001                     	;# 
   222     0002                     	;# 
   223     0003                     	;# 
   224     0004                     	;# 
   225     0005                     	;# 
   226     0006                     	;# 
   227     0007                     	;# 
   228     0008                     	;# 
   229     0009                     	;# 
   230     000A                     	;# 
   231     000B                     	;# 
   232     000C                     	;# 
   233     000D                     	;# 
   234     000E                     	;# 
   235     000F                     	;# 
   236     0010                     	;# 
   237     0011                     	;# 
   238     0012                     	;# 
   239     0013                     	;# 
   240     0015                     	;# 
   241     0016                     	;# 
   242     0016                     	;# 
   243     0017                     	;# 
   244     0018                     	;# 
   245     0019                     	;# 
   246     001A                     	;# 
   247     001B                     	;# 
   248     001C                     	;# 
   249     001E                     	;# 
   250     001F                     	;# 
   251     008C                     	;# 
   252     008D                     	;# 
   253     008E                     	;# 
   254     008F                     	;# 
   255     0090                     	;# 
   256     0091                     	;# 
   257     0092                     	;# 
   258     0093                     	;# 
   259     0095                     	;# 
   260     0096                     	;# 
   261     0097                     	;# 
   262     0098                     	;# 
   263     0099                     	;# 
   264     009A                     	;# 
   265     009B                     	;# 
   266     009B                     	;# 
   267     009C                     	;# 
   268     009D                     	;# 
   269     009E                     	;# 
   270     010C                     	;# 
   271     010D                     	;# 
   272     010E                     	;# 
   273     010F                     	;# 
   274     0110                     	;# 
   275     0111                     	;# 
   276     0112                     	;# 
   277     0113                     	;# 
   278     0114                     	;# 
   279     0115                     	;# 
   280     0116                     	;# 
   281     0117                     	;# 
   282     0118                     	;# 
   283     0119                     	;# 
   284     011A                     	;# 
   285     011B                     	;# 
   286     011D                     	;# 
   287     018C                     	;# 
   288     018D                     	;# 
   289     018F                     	;# 
   290     0190                     	;# 
   291     0191                     	;# 
   292     0191                     	;# 
   293     0192                     	;# 
   294     0193                     	;# 
   295     0193                     	;# 
   296     0193                     	;# 
   297     0194                     	;# 
   298     0195                     	;# 
   299     0196                     	;# 
   300     0199                     	;# 
   301     019A                     	;# 
   302     019B                     	;# 
   303     019B                     	;# 
   304     019B                     	;# 
   305     019B                     	;# 
   306     019C                     	;# 
   307     019C                     	;# 
   308     019D                     	;# 
   309     019E                     	;# 
   310     019F                     	;# 
   311     020D                     	;# 
   312     0210                     	;# 
   313     0211                     	;# 
   314     0212                     	;# 
   315     0213                     	;# 
   316     0214                     	;# 
   317     0215                     	;# 
   318     0215                     	;# 
   319     0216                     	;# 
   320     0217                     	;# 
   321     0291                     	;# 
   322     0291                     	;# 
   323     0292                     	;# 
   324     0293                     	;# 
   325     0294                     	;# 
   326     0295                     	;# 
   327     0295                     	;# 
   328     0296                     	;# 
   329     0298                     	;# 
   330     0298                     	;# 
   331     0299                     	;# 
   332     029A                     	;# 
   333     029B                     	;# 
   334     029C                     	;# 
   335     029C                     	;# 
   336     029D                     	;# 
   337     029E                     	;# 
   338     029F                     	;# 
   339     0311                     	;# 
   340     0311                     	;# 
   341     0312                     	;# 
   342     0313                     	;# 
   343     0314                     	;# 
   344     0315                     	;# 
   345     0315                     	;# 
   346     0316                     	;# 
   347     0318                     	;# 
   348     0318                     	;# 
   349     0319                     	;# 
   350     031A                     	;# 
   351     031C                     	;# 
   352     031C                     	;# 
   353     031D                     	;# 
   354     031E                     	;# 
   355     0394                     	;# 
   356     0395                     	;# 
   357     0396                     	;# 
   358     0415                     	;# 
   359     0416                     	;# 
   360     0417                     	;# 
   361     041C                     	;# 
   362     041D                     	;# 
   363     041E                     	;# 
   364     0791                     	;# 
   365     0792                     	;# 
   366     0793                     	;# 
   367     0794                     	;# 
   368     0795                     	;# 
   369     0798                     	;# 
   370     0799                     	;# 
   371     079A                     	;# 
   372     07A0                     	;# 
   373     07A1                     	;# 
   374     07A2                     	;# 
   375     07A3                     	;# 
   376     07A4                     	;# 
   377     07A5                     	;# 
   378     07A6                     	;# 
   379     07A7                     	;# 
   380     07A8                     	;# 
   381     07A9                     	;# 
   382     07AA                     	;# 
   383     07AB                     	;# 
   384     0FE4                     	;# 
   385     0FE5                     	;# 
   386     0FE6                     	;# 
   387     0FE7                     	;# 
   388     0FE8                     	;# 
   389     0FE9                     	;# 
   390     0FEA                     	;# 
   391     0FEB                     	;# 
   392     0FED                     	;# 
   393     0FEE                     	;# 
   394     0FEF                     	;# 
   395     0000                     	;# 
   396     0001                     	;# 
   397     0002                     	;# 
   398     0003                     	;# 
   399     0004                     	;# 
   400     0005                     	;# 
   401     0006                     	;# 
   402     0007                     	;# 
   403     0008                     	;# 
   404     0009                     	;# 
   405     000A                     	;# 
   406     000B                     	;# 
   407     000C                     	;# 
   408     000D                     	;# 
   409     000E                     	;# 
   410     000F                     	;# 
   411     0010                     	;# 
   412     0011                     	;# 
   413     0012                     	;# 
   414     0013                     	;# 
   415     0015                     	;# 
   416     0016                     	;# 
   417     0016                     	;# 
   418     0017                     	;# 
   419     0018                     	;# 
   420     0019                     	;# 
   421     001A                     	;# 
   422     001B                     	;# 
   423     001C                     	;# 
   424     001E                     	;# 
   425     001F                     	;# 
   426     008C                     	;# 
   427     008D                     	;# 
   428     008E                     	;# 
   429     008F                     	;# 
   430     0090                     	;# 
   431     0091                     	;# 
   432     0092                     	;# 
   433     0093                     	;# 
   434     0095                     	;# 
   435     0096                     	;# 
   436     0097                     	;# 
   437     0098                     	;# 
   438     0099                     	;# 
   439     009A                     	;# 
   440     009B                     	;# 
   441     009B                     	;# 
   442     009C                     	;# 
   443     009D                     	;# 
   444     009E                     	;# 
   445     010C                     	;# 
   446     010D                     	;# 
   447     010E                     	;# 
   448     010F                     	;# 
   449     0110                     	;# 
   450     0111                     	;# 
   451     0112                     	;# 
   452     0113                     	;# 
   453     0114                     	;# 
   454     0115                     	;# 
   455     0116                     	;# 
   456     0117                     	;# 
   457     0118                     	;# 
   458     0119                     	;# 
   459     011A                     	;# 
   460     011B                     	;# 
   461     011D                     	;# 
   462     018C                     	;# 
   463     018D                     	;# 
   464     018F                     	;# 
   465     0190                     	;# 
   466     0191                     	;# 
   467     0191                     	;# 
   468     0192                     	;# 
   469     0193                     	;# 
   470     0193                     	;# 
   471     0193                     	;# 
   472     0194                     	;# 
   473     0195                     	;# 
   474     0196                     	;# 
   475     0199                     	;# 
   476     019A                     	;# 
   477     019B                     	;# 
   478     019B                     	;# 
   479     019B                     	;# 
   480     019B                     	;# 
   481     019C                     	;# 
   482     019C                     	;# 
   483     019D                     	;# 
   484     019E                     	;# 
   485     019F                     	;# 
   486     020D                     	;# 
   487     0210                     	;# 
   488     0211                     	;# 
   489     0212                     	;# 
   490     0213                     	;# 
   491     0214                     	;# 
   492     0215                     	;# 
   493     0215                     	;# 
   494     0216                     	;# 
   495     0217                     	;# 
   496     0291                     	;# 
   497     0291                     	;# 
   498     0292                     	;# 
   499     0293                     	;# 
   500     0294                     	;# 
   501     0295                     	;# 
   502     0295                     	;# 
   503     0296                     	;# 
   504     0298                     	;# 
   505     0298                     	;# 
   506     0299                     	;# 
   507     029A                     	;# 
   508     029B                     	;# 
   509     029C                     	;# 
   510     029C                     	;# 
   511     029D                     	;# 
   512     029E                     	;# 
   513     029F                     	;# 
   514     0311                     	;# 
   515     0311                     	;# 
   516     0312                     	;# 
   517     0313                     	;# 
   518     0314                     	;# 
   519     0315                     	;# 
   520     0315                     	;# 
   521     0316                     	;# 
   522     0318                     	;# 
   523     0318                     	;# 
   524     0319                     	;# 
   525     031A                     	;# 
   526     031C                     	;# 
   527     031C                     	;# 
   528     031D                     	;# 
   529     031E                     	;# 
   530     0394                     	;# 
   531     0395                     	;# 
   532     0396                     	;# 
   533     0415                     	;# 
   534     0416                     	;# 
   535     0417                     	;# 
   536     041C                     	;# 
   537     041D                     	;# 
   538     041E                     	;# 
   539     0791                     	;# 
   540     0792                     	;# 
   541     0793                     	;# 
   542     0794                     	;# 
   543     0795                     	;# 
   544     0798                     	;# 
   545     0799                     	;# 
   546     079A                     	;# 
   547     07A0                     	;# 
   548     07A1                     	;# 
   549     07A2                     	;# 
   550     07A3                     	;# 
   551     07A4                     	;# 
   552     07A5                     	;# 
   553     07A6                     	;# 
   554     07A7                     	;# 
   555     07A8                     	;# 
   556     07A9                     	;# 
   557     07AA                     	;# 
   558     07AB                     	;# 
   559     0FE4                     	;# 
   560     0FE5                     	;# 
   561     0FE6                     	;# 
   562     0FE7                     	;# 
   563     0FE8                     	;# 
   564     0FE9                     	;# 
   565     0FEA                     	;# 
   566     0FEB                     	;# 
   567     0FED                     	;# 
   568     0FEE                     	;# 
   569     0FEF                     	;# 
   570     000C                     _PORTAbits	set	12
   571     000F                     _PORTD	set	15
   572     008F                     _TRISD	set	143
   573     008C                     _TRISAbits	set	140
   574     010F                     _LATD	set	271
   575     018C                     _ANSELAbits	set	396
   576                           
   577                           	psect	cinit
   578     07FC                     start_initialization:	
   579                           ; #config settings
   580                           
   581     07FC                     __initialization:
   582                           
   583                           ; Clear objects allocated to COMMON
   584     07FC  01F0               	clrf	__pbssCOMMON& (0+127)
   585     07FD                     end_of_initialization:	
   586                           ;End of C runtime variable initialization code
   587                           
   588     07FD                     __end_of__initialization:
   589     07FD  0020               	movlb	0
   590     07FE  3187  2FC3         	ljmp	_main	;jump to C main() function
   591                           
   592                           	psect	bssCOMMON
   593     0070                     __pbssCOMMON:
   594     0070                     _contador:
   595     0070                     	ds	1
   596                           
   597                           	psect	cstackCOMMON
   598     0071                     __pcstackCOMMON:
   599     0071                     ?_main:
   600     0071                     ??_main:	
   601                           ; 1 bytes @ 0x0
   602                           
   603                           
   604                           ; 1 bytes @ 0x0
   605     0071                     	ds	1
   606                           
   607                           	psect	maintext
   608     07C3                     __pmaintext:	
   609 ;;
   610 ;;Main: autosize = 0, tempsize = 1, incstack = 0, save=0
   611 ;;
   612 ;; *************** function _main *****************
   613 ;; Defined at:
   614 ;;		line 8 in file "main.c"
   615 ;; Parameters:    Size  Location     Type
   616 ;;		None
   617 ;; Auto vars:     Size  Location     Type
   618 ;;		None
   619 ;; Return value:  Size  Location     Type
   620 ;;                  1    wreg      void 
   621 ;; Registers used:
   622 ;;		wreg, status,2, status,0
   623 ;; Tracked objects:
   624 ;;		On entry : B1F/0
   625 ;;		On exit  : 0/0
   626 ;;		Unchanged: 0/0
   627 ;; Data sizes:     COMMON   BANK0   BANK1   BANK2   BANK3   BANK4   BANK5   BANK6   BANK7   BANK8   BANK9  BANK10  BANK1
      +1  BANK12
   628 ;;      Params:         0       0       0       0       0       0       0       0       0       0       0       0       
      +0       0
   629 ;;      Locals:         0       0       0       0       0       0       0       0       0       0       0       0       
      +0       0
   630 ;;      Temps:          1       0       0       0       0       0       0       0       0       0       0       0       
      +0       0
   631 ;;      Totals:         1       0       0       0       0       0       0       0       0       0       0       0       
      +0       0
   632 ;;Total ram usage:        1 bytes
   633 ;; This function calls:
   634 ;;		Nothing
   635 ;; This function is called by:
   636 ;;		Startup code after reset
   637 ;; This function uses a non-reentrant model
   638 ;;
   639                           
   640     07C3                     _main:	
   641                           ;psect for function _main
   642                           
   643     07C3                     l640:	
   644                           ;incstack = 0
   645                           ; Regs used in _main: [wreg+status,2+status,0]
   646                           
   647                           
   648                           ;main.c: 11:     TRISAbits.TRISA0 = 1;
   649     07C3  0021               	movlb	1	; select bank1
   650     07C4  140C               	bsf	12,0	;volatile
   651                           
   652                           ;main.c: 12:     ANSELAbits.ANSA0 = 0;
   653     07C5  0023               	movlb	3	; select bank3
   654     07C6  100C               	bcf	12,0	;volatile
   655                           
   656                           ;main.c: 13:     TRISAbits.TRISA1 = 1;
   657     07C7  0021               	movlb	1	; select bank1
   658     07C8  148C               	bsf	12,1	;volatile
   659                           
   660                           ;main.c: 14:     ANSELAbits.ANSA1 = 0;
   661     07C9  0023               	movlb	3	; select bank3
   662     07CA  108C               	bcf	12,1	;volatile
   663     07CB                     l642:
   664                           
   665                           ;main.c: 17:     TRISD = 0x00;
   666     07CB  0021               	movlb	1	; select bank1
   667     07CC  018F               	clrf	15	;volatile
   668                           
   669                           ;main.c: 18:     PORTD = 0x00;
   670     07CD  0020               	movlb	0	; select bank0
   671     07CE  018F               	clrf	15	;volatile
   672     07CF                     l644:
   673                           
   674                           ;main.c: 23:         if( PORTAbits.RA0 == 1 ){
   675     07CF  0020               	movlb	0	; select bank0
   676     07D0  1C0C               	btfss	12,0	;volatile
   677     07D1  2FD3               	goto	u11
   678     07D2  2FD4               	goto	u10
   679     07D3                     u11:
   680     07D3  2FDC               	goto	l650
   681     07D4                     u10:
   682     07D4                     l21:
   683     07D4  180C               	btfsc	12,0	;volatile
   684     07D5  2FD7               	goto	u21
   685     07D6  2FD8               	goto	u20
   686     07D7                     u21:
   687     07D7  2FD4               	goto	l21
   688     07D8                     u20:
   689     07D8                     l648:
   690                           
   691                           ;main.c: 25:             contador++;
   692     07D8  3001               	movlw	1
   693     07D9  00F1               	movwf	??_main
   694     07DA  0871               	movf	??_main,w
   695     07DB  07F0               	addwf	_contador,f
   696     07DC                     l650:
   697                           
   698                           ;main.c: 27:         if(PORTAbits.RA1 == 0){
   699     07DC  188C               	btfsc	12,1	;volatile
   700     07DD  2FDF               	goto	u31
   701     07DE  2FE0               	goto	u30
   702     07DF                     u31:
   703     07DF  2FE8               	goto	l656
   704     07E0                     u30:
   705     07E0                     l25:
   706     07E0  1C8C               	btfss	12,1	;volatile
   707     07E1  2FE3               	goto	u41
   708     07E2  2FE4               	goto	u40
   709     07E3                     u41:
   710     07E3  2FE0               	goto	l25
   711     07E4                     u40:
   712     07E4                     l654:
   713                           
   714                           ;main.c: 29:             contador--;
   715     07E4  30FF               	movlw	255
   716     07E5  00F1               	movwf	??_main
   717     07E6  0871               	movf	??_main,w
   718     07E7  07F0               	addwf	_contador,f
   719     07E8                     l656:
   720                           
   721                           ;main.c: 31:         if(contador>7){
   722     07E8  0870               	movf	_contador,w
   723     07E9  3A80               	xorlw	128
   724     07EA  3E78               	addlw	-136
   725     07EB  1C03               	skipc
   726     07EC  2FEE               	goto	u51
   727     07ED  2FEF               	goto	u50
   728     07EE                     u51:
   729     07EE  2FF0               	goto	l660
   730     07EF                     u50:
   731     07EF                     l658:
   732                           
   733                           ;main.c: 32:             contador=0;
   734     07EF  01F0               	clrf	_contador
   735     07F0                     l660:
   736                           
   737                           ;main.c: 35:         if(contador<0){
   738     07F0  1FF0               	btfss	_contador,7
   739     07F1  2FF3               	goto	u61
   740     07F2  2FF4               	goto	u60
   741     07F3                     u61:
   742     07F3  2FF6               	goto	l29
   743     07F4                     u60:
   744     07F4                     l662:
   745                           
   746                           ;main.c: 36:             contador=7;
   747     07F4  3007               	movlw	7
   748     07F5  00F0               	movwf	_contador
   749     07F6                     l29:	
   750                           ;main.c: 37:         }
   751                           
   752                           
   753                           ;main.c: 38:         LATD = contador;
   754     07F6  0870               	movf	_contador,w
   755     07F7  0022               	movlb	2	; select bank2
   756     07F8  008F               	movwf	15	;volatile
   757     07F9  2FCF               	goto	l644
   758     07FA  3180  2802         	ljmp	start
   759     07FC                     __end_of_main:
   760     007E                     btemp	set	126	;btemp
   761     007E                     wtemp0	set	126
   762                           
   763                           	psect	config
   764                           
   765                           ;Config register CONFIG1 @ 0x8007
   766                           ;	Oscillator Selection
   767                           ;	FOSC = HS, HS Oscillator, High-speed crystal/resonator connected between OSC1 and OSC2
      +                           pins
   768                           ;	Watchdog Timer Enable
   769                           ;	WDTE = OFF, WDT disabled
   770                           ;	Power-up Timer Enable
   771                           ;	PWRTE = OFF, PWRT disabled
   772                           ;	MCLR Pin Function Select
   773                           ;	MCLRE = ON, MCLR/VPP pin function is MCLR
   774                           ;	Flash Program Memory Code Protection
   775                           ;	CP = OFF, Program memory code protection is disabled
   776                           ;	Data Memory Code Protection
   777                           ;	CPD = OFF, Data memory code protection is disabled
   778                           ;	Brown-out Reset Enable
   779                           ;	BOREN = OFF, Brown-out Reset disabled
   780                           ;	Clock Out Enable
   781                           ;	CLKOUTEN = OFF, CLKOUT function is disabled. I/O or oscillator function on the CLKOUT 
      +                          pin
   782                           ;	Internal/External Switchover
   783                           ;	IESO = ON, Internal/External Switchover mode is enabled
   784                           ;	Fail-Safe Clock Monitor Enable
   785                           ;	FCMEN = ON, Fail-Safe Clock Monitor is enabled
   786     8007                     	org	32775
   787     8007  39E2               	dw	14818
   788                           
   789                           ;Config register CONFIG2 @ 0x8008
   790                           ;	Flash Memory Self-Write Protection
   791                           ;	WRT = OFF, Write protection off
   792                           ;	Voltage Regulator Capacitor Enable
   793                           ;	VCAPEN = OFF, All VCAP pin functionality is disabled
   794                           ;	PLL Enable
   795                           ;	PLLEN = OFF, 4x PLL disabled
   796                           ;	Stack Overflow/Underflow Reset Enable
   797                           ;	STVREN = ON, Stack Overflow or Underflow will cause a Reset
   798                           ;	Brown-out Reset Voltage Selection
   799                           ;	BORV = LO, Brown-out Reset Voltage (Vbor), low trip point selected.
   800                           ;	Low-Voltage Programming Enable
   801                           ;	LVP = OFF, High-voltage on MCLR/VPP must be used for programming
   802     8008                     	org	32776
   803     8008  1EFF               	dw	7935

Data Sizes:
    Strings     0
    Constant    0
    Data        0
    BSS         1
    Persistent  32
    Stack       0

Auto Spaces:
    Space          Size  Autos    Used
    COMMON           14      1       2
    BANK0            80      0       0
    BANK1            80      0       0
    BANK2            80      0       0
    BANK3            80      0       0
    BANK4            80      0       0
    BANK5            80      0       0
    BANK6            80      0       0
    BANK7            80      0       0
    BANK8            80      0       0
    BANK9            80      0       0
    BANK10           80      0       0
    BANK11           80      0       0
    BANK12           48      0       0

Pointer List with Targets:

    None.

Critical Paths under _main in COMMON

    None.

Critical Paths under _main in BANK0

    None.

Critical Paths under _main in BANK1

    None.

Critical Paths under _main in BANK2

    None.

Critical Paths under _main in BANK3

    None.

Critical Paths under _main in BANK4

    None.

Critical Paths under _main in BANK5

    None.

Critical Paths under _main in BANK6

    None.

Critical Paths under _main in BANK7

    None.

Critical Paths under _main in BANK8

    None.

Critical Paths under _main in BANK9

    None.

Critical Paths under _main in BANK10

    None.

Critical Paths under _main in BANK11

    None.

Critical Paths under _main in BANK12

    None.

Call Graph Tables:

 ---------------------------------------------------------------------------------
 (Depth) Function   	        Calls       Base Space   Used Autos Params    Refs
 ---------------------------------------------------------------------------------
 (0) _main                                                 1     1      0       0
                                              0 COMMON     1     1      0
 ---------------------------------------------------------------------------------
 Estimated maximum stack depth 0
 ---------------------------------------------------------------------------------

 Call Graph Graphs:

 _main (ROOT)

 Address spaces:
Name               Size   Autos  Total    Cost      Usage
BIGRAM             3F0      0       0       0        0.0%
EEDATA             100      0       0       0        0.0%
NULL                 0      0       0       0        0.0%
CODE                 0      0       0       0        0.0%
BITCOMMON            E      0       0       1        0.0%
BITSFR0              0      0       0       1        0.0%
SFR0                 0      0       0       1        0.0%
COMMON               E      1       2       2       14.3%
BITSFR1              0      0       0       2        0.0%
SFR1                 0      0       0       2        0.0%
BITSFR2              0      0       0       3        0.0%
SFR2                 0      0       0       3        0.0%
STACK                0      0       0       3        0.0%
BITBANK0            50      0       0       4        0.0%
BITSFR3              0      0       0       4        0.0%
SFR3                 0      0       0       4        0.0%
BANK0               50      0       0       5        0.0%
BITSFR4              0      0       0       5        0.0%
SFR4                 0      0       0       5        0.0%
BITBANK1            50      0       0       6        0.0%
BITSFR5              0      0       0       6        0.0%
SFR5                 0      0       0       6        0.0%
BANK1               50      0       0       7        0.0%
BITSFR6              0      0       0       7        0.0%
SFR6                 0      0       0       7        0.0%
BITBANK2            50      0       0       8        0.0%
BITSFR7              0      0       0       8        0.0%
SFR7                 0      0       0       8        0.0%
BANK2               50      0       0       9        0.0%
BITSFR8              0      0       0       9        0.0%
SFR8                 0      0       0       9        0.0%
BITBANK3            50      0       0      10        0.0%
BITSFR9              0      0       0      10        0.0%
SFR9                 0      0       0      10        0.0%
BANK3               50      0       0      11        0.0%
BITSFR10             0      0       0      11        0.0%
SFR10                0      0       0      11        0.0%
BITBANK4            50      0       0      12        0.0%
BITSFR11             0      0       0      12        0.0%
SFR11                0      0       0      12        0.0%
BANK4               50      0       0      13        0.0%
BITSFR12             0      0       0      13        0.0%
SFR12                0      0       0      13        0.0%
BITBANK5            50      0       0      14        0.0%
BITSFR13             0      0       0      14        0.0%
SFR13                0      0       0      14        0.0%
BANK5               50      0       0      15        0.0%
BITSFR14             0      0       0      15        0.0%
SFR14                0      0       0      15        0.0%
BITBANK6            50      0       0      16        0.0%
BITSFR15             0      0       0      16        0.0%
SFR15                0      0       0      16        0.0%
BANK6               50      0       0      17        0.0%
BITSFR16             0      0       0      17        0.0%
SFR16                0      0       0      17        0.0%
BITBANK7            50      0       0      18        0.0%
BITSFR17             0      0       0      18        0.0%
SFR17                0      0       0      18        0.0%
BANK7               50      0       0      19        0.0%
BITSFR18             0      0       0      19        0.0%
SFR18                0      0       0      19        0.0%
BITSFR19             0      0       0      20        0.0%
SFR19                0      0       0      20        0.0%
ABS                  0      0       2      20        0.0%
BITBANK8            50      0       0      21        0.0%
BITSFR20             0      0       0      21        0.0%
SFR20                0      0       0      21        0.0%
BANK8               50      0       0      22        0.0%
BITSFR21             0      0       0      22        0.0%
SFR21                0      0       0      22        0.0%
BITBANK9            50      0       0      23        0.0%
BITSFR22             0      0       0      23        0.0%
SFR22                0      0       0      23        0.0%
BANK9               50      0       0      24        0.0%
BITSFR23             0      0       0      24        0.0%
SFR23                0      0       0      24        0.0%
BITBANK10           50      0       0      25        0.0%
BITSFR24             0      0       0      25        0.0%
SFR24                0      0       0      25        0.0%
BANK10              50      0       0      26        0.0%
BITSFR25             0      0       0      26        0.0%
SFR25                0      0       0      26        0.0%
BITBANK11           50      0       0      27        0.0%
BITSFR26             0      0       0      27        0.0%
SFR26                0      0       0      27        0.0%
BANK11              50      0       0      28        0.0%
BITSFR27             0      0       0      28        0.0%
SFR27                0      0       0      28        0.0%
BITBANK12           30      0       0      29        0.0%
BITSFR28             0      0       0      29        0.0%
SFR28                0      0       0      29        0.0%
BANK12              30      0       0      30        0.0%
BITSFR29             0      0       0      30        0.0%
SFR29                0      0       0      30        0.0%
BITSFR30             0      0       0      31        0.0%
SFR30                0      0       0      31        0.0%
DATA                 0      0       2      31        0.0%
BITSFR31             0      0       0      32        0.0%
SFR31                0      0       0      32        0.0%


Microchip Technology PIC Macro Assembler V2.41 build 20230208172133 
Symbol Table                                                                                   Fri Aug 11 11:28:13 2023

                     l21 07D4                       l25 07E0                       l29 07F6  
                     u10 07D4                       u11 07D3                       u20 07D8  
                     u21 07D7                       u30 07E0                       u31 07DF  
                     u40 07E4                       u41 07E3                       u50 07EF  
                     u51 07EE                       u60 07F4                       u61 07F3  
                    l640 07C3                      l650 07DC                      l642 07CB  
                    l660 07F0                      l644 07CF                      l662 07F4  
                    l654 07E4                      l656 07E8                      l648 07D8  
                    l658 07EF                     _LATD 010F                     _main 07C3  
                   btemp 007E                     start 0002                    ?_main 0071  
                  _PORTD 000F                    _TRISD 008F                    wtemp0 007E  
        __initialization 07FC             __end_of_main 07FC                   ??_main 0071  
__end_of__initialization 07FD           __pcstackCOMMON 0071               __pmaintext 07C3  
   end_of_initialization 07FD                _PORTAbits 000C                _TRISAbits 008C  
    start_initialization 07FC              __pbssCOMMON 0070                ___latbits 0003  
             _ANSELAbits 018C                 _contador 0070  
