

Microchip MPLAB XC8 Assembler V2.41 build 20230208172133 
                                                                                               Thu Aug 17 21:07:11 2023

Microchip MPLAB XC8 C Compiler v2.41 (Free license) build 20230208172133 Og1 
     1                           	processor	16F1939
     2                           	pagewidth 120
     3                           	opt	flic
     4                           	psect	cinit,global,class=CODE,merge=1,delta=2
     5                           	psect	bssCOMMON,global,class=COMMON,space=1,delta=1,noexec
     6                           	psect	cstackCOMMON,global,class=COMMON,space=1,delta=1,noexec
     7                           	psect	maintext,global,class=CODE,merge=1,split=1,delta=2
     8                           	psect	text1,local,class=CODE,merge=1,delta=2
     9                           	psect	text2,local,class=CODE,merge=1,delta=2
    10                           	psect	config,global,abs,ovrld,class=CONFIG,space=4,delta=2,noexec
    11                           	dabs	1,0x7E,2
    12     0000                     
    13                           ; Generated 06/07/2023 GMT
    14                           ; 
    15                           ; Copyright © 2023, Microchip Technology Inc. and its subsidiaries ("Microchip")
    16                           ; All rights reserved.
    17                           ; 
    18                           ; This software is developed by Microchip Technology Inc. and its subsidiaries ("Microch
      +                          ip").
    19                           ; 
    20                           ; Redistribution and use in source and binary forms, with or without modification, are
    21                           ; permitted provided that the following conditions are met:
    22                           ; 
    23                           ;     1. Redistributions of source code must retain the above copyright notice, this lis
      +                          t of
    24                           ;        conditions and the following disclaimer.
    25                           ; 
    26                           ;     2. Redistributions in binary form must reproduce the above copyright notice, this 
      +                          list
    27                           ;        of conditions and the following disclaimer in the documentation and/or other
    28                           ;        materials provided with the distribution. Publication is not required when
    29                           ;        this file is used in an embedded application.
    30                           ; 
    31                           ;     3. Microchip's name may not be used to endorse or promote products derived from th
      +                          is
    32                           ;        software without specific prior written permission.
    33                           ; 
    34                           ; THIS SOFTWARE IS PROVIDED BY MICROCHIP "AS IS" AND ANY EXPRESS OR IMPLIED WARRANTIES,
    35                           ; INCLUDING, BUT NOT LIMITED TO, THE IMPLIED WARRANTIES OF MERCHANTABILITY AND FITNESS F
      +                          OR
    36                           ; PURPOSE ARE DISCLAIMED.  IN NO EVENT SHALL MICROCHIP BE LIABLE FOR ANY DIRECT, INDIREC
      +                          T,
    37                           ; INCIDENTAL, SPECIAL, EXEMPLARY, OR CONSEQUENTIAL DAMAGES (INCLUDING BUT NOT LIMITED TO
    38                           ; PROCUREMENT OF SUBSTITUTE GOODS OR SERVICES; LOSS OF USE, DATA OR PROFITS; OR BUSINESS
    39                           ; INTERRUPTION) HOWSOEVER CAUSED AND ON ANY THEORY OF LIABILITY, WHETHER IN CONTRACT, ST
      +                          RICT
    40                           ; LIABILITY, OR TORT (INCLUDING NEGLIGENCE OR OTHERWISE) ARISING IN ANY WAY OUT OF THE U
      +                          SE OF
    41                           ; THIS SOFTWARE, EVEN IF ADVISED OF THE POSSIBILITY OF SUCH DAMAGE.
    42                           ; 
    43                           ; 
    44                           ; Code-generator required, PIC16F1939 Definitions
    45                           ; 
    46                           ; SFR Addresses
    47     0000                     	;# 
    48     0001                     	;# 
    49     0002                     	;# 
    50     0003                     	;# 
    51     0004                     	;# 
    52     0005                     	;# 
    53     0006                     	;# 
    54     0007                     	;# 
    55     0008                     	;# 
    56     0009                     	;# 
    57     000A                     	;# 
    58     000B                     	;# 
    59     000C                     	;# 
    60     000D                     	;# 
    61     000E                     	;# 
    62     000F                     	;# 
    63     0010                     	;# 
    64     0011                     	;# 
    65     0012                     	;# 
    66     0013                     	;# 
    67     0015                     	;# 
    68     0016                     	;# 
    69     0016                     	;# 
    70     0017                     	;# 
    71     0018                     	;# 
    72     0019                     	;# 
    73     001A                     	;# 
    74     001B                     	;# 
    75     001C                     	;# 
    76     001E                     	;# 
    77     001F                     	;# 
    78     008C                     	;# 
    79     008D                     	;# 
    80     008E                     	;# 
    81     008F                     	;# 
    82     0090                     	;# 
    83     0091                     	;# 
    84     0092                     	;# 
    85     0093                     	;# 
    86     0095                     	;# 
    87     0096                     	;# 
    88     0097                     	;# 
    89     0098                     	;# 
    90     0099                     	;# 
    91     009A                     	;# 
    92     009B                     	;# 
    93     009B                     	;# 
    94     009C                     	;# 
    95     009D                     	;# 
    96     009E                     	;# 
    97     010C                     	;# 
    98     010D                     	;# 
    99     010E                     	;# 
   100     010F                     	;# 
   101     0110                     	;# 
   102     0111                     	;# 
   103     0112                     	;# 
   104     0113                     	;# 
   105     0114                     	;# 
   106     0115                     	;# 
   107     0116                     	;# 
   108     0117                     	;# 
   109     0118                     	;# 
   110     0119                     	;# 
   111     011A                     	;# 
   112     011B                     	;# 
   113     011D                     	;# 
   114     018C                     	;# 
   115     018D                     	;# 
   116     018F                     	;# 
   117     0190                     	;# 
   118     0191                     	;# 
   119     0191                     	;# 
   120     0192                     	;# 
   121     0193                     	;# 
   122     0193                     	;# 
   123     0193                     	;# 
   124     0194                     	;# 
   125     0195                     	;# 
   126     0196                     	;# 
   127     0199                     	;# 
   128     019A                     	;# 
   129     019B                     	;# 
   130     019B                     	;# 
   131     019B                     	;# 
   132     019B                     	;# 
   133     019C                     	;# 
   134     019C                     	;# 
   135     019D                     	;# 
   136     019E                     	;# 
   137     019F                     	;# 
   138     020D                     	;# 
   139     0210                     	;# 
   140     0211                     	;# 
   141     0212                     	;# 
   142     0213                     	;# 
   143     0214                     	;# 
   144     0215                     	;# 
   145     0215                     	;# 
   146     0216                     	;# 
   147     0217                     	;# 
   148     0291                     	;# 
   149     0291                     	;# 
   150     0292                     	;# 
   151     0293                     	;# 
   152     0294                     	;# 
   153     0295                     	;# 
   154     0295                     	;# 
   155     0296                     	;# 
   156     0298                     	;# 
   157     0298                     	;# 
   158     0299                     	;# 
   159     029A                     	;# 
   160     029B                     	;# 
   161     029C                     	;# 
   162     029C                     	;# 
   163     029D                     	;# 
   164     029E                     	;# 
   165     029F                     	;# 
   166     0311                     	;# 
   167     0311                     	;# 
   168     0312                     	;# 
   169     0313                     	;# 
   170     0314                     	;# 
   171     0315                     	;# 
   172     0315                     	;# 
   173     0316                     	;# 
   174     0318                     	;# 
   175     0318                     	;# 
   176     0319                     	;# 
   177     031A                     	;# 
   178     031C                     	;# 
   179     031C                     	;# 
   180     031D                     	;# 
   181     031E                     	;# 
   182     0394                     	;# 
   183     0395                     	;# 
   184     0396                     	;# 
   185     0415                     	;# 
   186     0416                     	;# 
   187     0417                     	;# 
   188     041C                     	;# 
   189     041D                     	;# 
   190     041E                     	;# 
   191     0791                     	;# 
   192     0792                     	;# 
   193     0793                     	;# 
   194     0794                     	;# 
   195     0795                     	;# 
   196     0798                     	;# 
   197     0799                     	;# 
   198     079A                     	;# 
   199     07A0                     	;# 
   200     07A1                     	;# 
   201     07A2                     	;# 
   202     07A3                     	;# 
   203     07A4                     	;# 
   204     07A5                     	;# 
   205     07A6                     	;# 
   206     07A7                     	;# 
   207     07A8                     	;# 
   208     07A9                     	;# 
   209     07AA                     	;# 
   210     07AB                     	;# 
   211     0FE4                     	;# 
   212     0FE5                     	;# 
   213     0FE6                     	;# 
   214     0FE7                     	;# 
   215     0FE8                     	;# 
   216     0FE9                     	;# 
   217     0FEA                     	;# 
   218     0FEB                     	;# 
   219     0FED                     	;# 
   220     0FEE                     	;# 
   221     0FEF                     	;# 
   222     0000                     	;# 
   223     0001                     	;# 
   224     0002                     	;# 
   225     0003                     	;# 
   226     0004                     	;# 
   227     0005                     	;# 
   228     0006                     	;# 
   229     0007                     	;# 
   230     0008                     	;# 
   231     0009                     	;# 
   232     000A                     	;# 
   233     000B                     	;# 
   234     000C                     	;# 
   235     000D                     	;# 
   236     000E                     	;# 
   237     000F                     	;# 
   238     0010                     	;# 
   239     0011                     	;# 
   240     0012                     	;# 
   241     0013                     	;# 
   242     0015                     	;# 
   243     0016                     	;# 
   244     0016                     	;# 
   245     0017                     	;# 
   246     0018                     	;# 
   247     0019                     	;# 
   248     001A                     	;# 
   249     001B                     	;# 
   250     001C                     	;# 
   251     001E                     	;# 
   252     001F                     	;# 
   253     008C                     	;# 
   254     008D                     	;# 
   255     008E                     	;# 
   256     008F                     	;# 
   257     0090                     	;# 
   258     0091                     	;# 
   259     0092                     	;# 
   260     0093                     	;# 
   261     0095                     	;# 
   262     0096                     	;# 
   263     0097                     	;# 
   264     0098                     	;# 
   265     0099                     	;# 
   266     009A                     	;# 
   267     009B                     	;# 
   268     009B                     	;# 
   269     009C                     	;# 
   270     009D                     	;# 
   271     009E                     	;# 
   272     010C                     	;# 
   273     010D                     	;# 
   274     010E                     	;# 
   275     010F                     	;# 
   276     0110                     	;# 
   277     0111                     	;# 
   278     0112                     	;# 
   279     0113                     	;# 
   280     0114                     	;# 
   281     0115                     	;# 
   282     0116                     	;# 
   283     0117                     	;# 
   284     0118                     	;# 
   285     0119                     	;# 
   286     011A                     	;# 
   287     011B                     	;# 
   288     011D                     	;# 
   289     018C                     	;# 
   290     018D                     	;# 
   291     018F                     	;# 
   292     0190                     	;# 
   293     0191                     	;# 
   294     0191                     	;# 
   295     0192                     	;# 
   296     0193                     	;# 
   297     0193                     	;# 
   298     0193                     	;# 
   299     0194                     	;# 
   300     0195                     	;# 
   301     0196                     	;# 
   302     0199                     	;# 
   303     019A                     	;# 
   304     019B                     	;# 
   305     019B                     	;# 
   306     019B                     	;# 
   307     019B                     	;# 
   308     019C                     	;# 
   309     019C                     	;# 
   310     019D                     	;# 
   311     019E                     	;# 
   312     019F                     	;# 
   313     020D                     	;# 
   314     0210                     	;# 
   315     0211                     	;# 
   316     0212                     	;# 
   317     0213                     	;# 
   318     0214                     	;# 
   319     0215                     	;# 
   320     0215                     	;# 
   321     0216                     	;# 
   322     0217                     	;# 
   323     0291                     	;# 
   324     0291                     	;# 
   325     0292                     	;# 
   326     0293                     	;# 
   327     0294                     	;# 
   328     0295                     	;# 
   329     0295                     	;# 
   330     0296                     	;# 
   331     0298                     	;# 
   332     0298                     	;# 
   333     0299                     	;# 
   334     029A                     	;# 
   335     029B                     	;# 
   336     029C                     	;# 
   337     029C                     	;# 
   338     029D                     	;# 
   339     029E                     	;# 
   340     029F                     	;# 
   341     0311                     	;# 
   342     0311                     	;# 
   343     0312                     	;# 
   344     0313                     	;# 
   345     0314                     	;# 
   346     0315                     	;# 
   347     0315                     	;# 
   348     0316                     	;# 
   349     0318                     	;# 
   350     0318                     	;# 
   351     0319                     	;# 
   352     031A                     	;# 
   353     031C                     	;# 
   354     031C                     	;# 
   355     031D                     	;# 
   356     031E                     	;# 
   357     0394                     	;# 
   358     0395                     	;# 
   359     0396                     	;# 
   360     0415                     	;# 
   361     0416                     	;# 
   362     0417                     	;# 
   363     041C                     	;# 
   364     041D                     	;# 
   365     041E                     	;# 
   366     0791                     	;# 
   367     0792                     	;# 
   368     0793                     	;# 
   369     0794                     	;# 
   370     0795                     	;# 
   371     0798                     	;# 
   372     0799                     	;# 
   373     079A                     	;# 
   374     07A0                     	;# 
   375     07A1                     	;# 
   376     07A2                     	;# 
   377     07A3                     	;# 
   378     07A4                     	;# 
   379     07A5                     	;# 
   380     07A6                     	;# 
   381     07A7                     	;# 
   382     07A8                     	;# 
   383     07A9                     	;# 
   384     07AA                     	;# 
   385     07AB                     	;# 
   386     0FE4                     	;# 
   387     0FE5                     	;# 
   388     0FE6                     	;# 
   389     0FE7                     	;# 
   390     0FE8                     	;# 
   391     0FE9                     	;# 
   392     0FEA                     	;# 
   393     0FEB                     	;# 
   394     0FED                     	;# 
   395     0FEE                     	;# 
   396     0FEF                     	;# 
   397     0000                     	;# 
   398     0001                     	;# 
   399     0002                     	;# 
   400     0003                     	;# 
   401     0004                     	;# 
   402     0005                     	;# 
   403     0006                     	;# 
   404     0007                     	;# 
   405     0008                     	;# 
   406     0009                     	;# 
   407     000A                     	;# 
   408     000B                     	;# 
   409     000C                     	;# 
   410     000D                     	;# 
   411     000E                     	;# 
   412     000F                     	;# 
   413     0010                     	;# 
   414     0011                     	;# 
   415     0012                     	;# 
   416     0013                     	;# 
   417     0015                     	;# 
   418     0016                     	;# 
   419     0016                     	;# 
   420     0017                     	;# 
   421     0018                     	;# 
   422     0019                     	;# 
   423     001A                     	;# 
   424     001B                     	;# 
   425     001C                     	;# 
   426     001E                     	;# 
   427     001F                     	;# 
   428     008C                     	;# 
   429     008D                     	;# 
   430     008E                     	;# 
   431     008F                     	;# 
   432     0090                     	;# 
   433     0091                     	;# 
   434     0092                     	;# 
   435     0093                     	;# 
   436     0095                     	;# 
   437     0096                     	;# 
   438     0097                     	;# 
   439     0098                     	;# 
   440     0099                     	;# 
   441     009A                     	;# 
   442     009B                     	;# 
   443     009B                     	;# 
   444     009C                     	;# 
   445     009D                     	;# 
   446     009E                     	;# 
   447     010C                     	;# 
   448     010D                     	;# 
   449     010E                     	;# 
   450     010F                     	;# 
   451     0110                     	;# 
   452     0111                     	;# 
   453     0112                     	;# 
   454     0113                     	;# 
   455     0114                     	;# 
   456     0115                     	;# 
   457     0116                     	;# 
   458     0117                     	;# 
   459     0118                     	;# 
   460     0119                     	;# 
   461     011A                     	;# 
   462     011B                     	;# 
   463     011D                     	;# 
   464     018C                     	;# 
   465     018D                     	;# 
   466     018F                     	;# 
   467     0190                     	;# 
   468     0191                     	;# 
   469     0191                     	;# 
   470     0192                     	;# 
   471     0193                     	;# 
   472     0193                     	;# 
   473     0193                     	;# 
   474     0194                     	;# 
   475     0195                     	;# 
   476     0196                     	;# 
   477     0199                     	;# 
   478     019A                     	;# 
   479     019B                     	;# 
   480     019B                     	;# 
   481     019B                     	;# 
   482     019B                     	;# 
   483     019C                     	;# 
   484     019C                     	;# 
   485     019D                     	;# 
   486     019E                     	;# 
   487     019F                     	;# 
   488     020D                     	;# 
   489     0210                     	;# 
   490     0211                     	;# 
   491     0212                     	;# 
   492     0213                     	;# 
   493     0214                     	;# 
   494     0215                     	;# 
   495     0215                     	;# 
   496     0216                     	;# 
   497     0217                     	;# 
   498     0291                     	;# 
   499     0291                     	;# 
   500     0292                     	;# 
   501     0293                     	;# 
   502     0294                     	;# 
   503     0295                     	;# 
   504     0295                     	;# 
   505     0296                     	;# 
   506     0298                     	;# 
   507     0298                     	;# 
   508     0299                     	;# 
   509     029A                     	;# 
   510     029B                     	;# 
   511     029C                     	;# 
   512     029C                     	;# 
   513     029D                     	;# 
   514     029E                     	;# 
   515     029F                     	;# 
   516     0311                     	;# 
   517     0311                     	;# 
   518     0312                     	;# 
   519     0313                     	;# 
   520     0314                     	;# 
   521     0315                     	;# 
   522     0315                     	;# 
   523     0316                     	;# 
   524     0318                     	;# 
   525     0318                     	;# 
   526     0319                     	;# 
   527     031A                     	;# 
   528     031C                     	;# 
   529     031C                     	;# 
   530     031D                     	;# 
   531     031E                     	;# 
   532     0394                     	;# 
   533     0395                     	;# 
   534     0396                     	;# 
   535     0415                     	;# 
   536     0416                     	;# 
   537     0417                     	;# 
   538     041C                     	;# 
   539     041D                     	;# 
   540     041E                     	;# 
   541     0791                     	;# 
   542     0792                     	;# 
   543     0793                     	;# 
   544     0794                     	;# 
   545     0795                     	;# 
   546     0798                     	;# 
   547     0799                     	;# 
   548     079A                     	;# 
   549     07A0                     	;# 
   550     07A1                     	;# 
   551     07A2                     	;# 
   552     07A3                     	;# 
   553     07A4                     	;# 
   554     07A5                     	;# 
   555     07A6                     	;# 
   556     07A7                     	;# 
   557     07A8                     	;# 
   558     07A9                     	;# 
   559     07AA                     	;# 
   560     07AB                     	;# 
   561     0FE4                     	;# 
   562     0FE5                     	;# 
   563     0FE6                     	;# 
   564     0FE7                     	;# 
   565     0FE8                     	;# 
   566     0FE9                     	;# 
   567     0FEA                     	;# 
   568     0FEB                     	;# 
   569     0FED                     	;# 
   570     0FEE                     	;# 
   571     0FEF                     	;# 
   572     0000                     	;# 
   573     0001                     	;# 
   574     0002                     	;# 
   575     0003                     	;# 
   576     0004                     	;# 
   577     0005                     	;# 
   578     0006                     	;# 
   579     0007                     	;# 
   580     0008                     	;# 
   581     0009                     	;# 
   582     000A                     	;# 
   583     000B                     	;# 
   584     000C                     	;# 
   585     000D                     	;# 
   586     000E                     	;# 
   587     000F                     	;# 
   588     0010                     	;# 
   589     0011                     	;# 
   590     0012                     	;# 
   591     0013                     	;# 
   592     0015                     	;# 
   593     0016                     	;# 
   594     0016                     	;# 
   595     0017                     	;# 
   596     0018                     	;# 
   597     0019                     	;# 
   598     001A                     	;# 
   599     001B                     	;# 
   600     001C                     	;# 
   601     001E                     	;# 
   602     001F                     	;# 
   603     008C                     	;# 
   604     008D                     	;# 
   605     008E                     	;# 
   606     008F                     	;# 
   607     0090                     	;# 
   608     0091                     	;# 
   609     0092                     	;# 
   610     0093                     	;# 
   611     0095                     	;# 
   612     0096                     	;# 
   613     0097                     	;# 
   614     0098                     	;# 
   615     0099                     	;# 
   616     009A                     	;# 
   617     009B                     	;# 
   618     009B                     	;# 
   619     009C                     	;# 
   620     009D                     	;# 
   621     009E                     	;# 
   622     010C                     	;# 
   623     010D                     	;# 
   624     010E                     	;# 
   625     010F                     	;# 
   626     0110                     	;# 
   627     0111                     	;# 
   628     0112                     	;# 
   629     0113                     	;# 
   630     0114                     	;# 
   631     0115                     	;# 
   632     0116                     	;# 
   633     0117                     	;# 
   634     0118                     	;# 
   635     0119                     	;# 
   636     011A                     	;# 
   637     011B                     	;# 
   638     011D                     	;# 
   639     018C                     	;# 
   640     018D                     	;# 
   641     018F                     	;# 
   642     0190                     	;# 
   643     0191                     	;# 
   644     0191                     	;# 
   645     0192                     	;# 
   646     0193                     	;# 
   647     0193                     	;# 
   648     0193                     	;# 
   649     0194                     	;# 
   650     0195                     	;# 
   651     0196                     	;# 
   652     0199                     	;# 
   653     019A                     	;# 
   654     019B                     	;# 
   655     019B                     	;# 
   656     019B                     	;# 
   657     019B                     	;# 
   658     019C                     	;# 
   659     019C                     	;# 
   660     019D                     	;# 
   661     019E                     	;# 
   662     019F                     	;# 
   663     020D                     	;# 
   664     0210                     	;# 
   665     0211                     	;# 
   666     0212                     	;# 
   667     0213                     	;# 
   668     0214                     	;# 
   669     0215                     	;# 
   670     0215                     	;# 
   671     0216                     	;# 
   672     0217                     	;# 
   673     0291                     	;# 
   674     0291                     	;# 
   675     0292                     	;# 
   676     0293                     	;# 
   677     0294                     	;# 
   678     0295                     	;# 
   679     0295                     	;# 
   680     0296                     	;# 
   681     0298                     	;# 
   682     0298                     	;# 
   683     0299                     	;# 
   684     029A                     	;# 
   685     029B                     	;# 
   686     029C                     	;# 
   687     029C                     	;# 
   688     029D                     	;# 
   689     029E                     	;# 
   690     029F                     	;# 
   691     0311                     	;# 
   692     0311                     	;# 
   693     0312                     	;# 
   694     0313                     	;# 
   695     0314                     	;# 
   696     0315                     	;# 
   697     0315                     	;# 
   698     0316                     	;# 
   699     0318                     	;# 
   700     0318                     	;# 
   701     0319                     	;# 
   702     031A                     	;# 
   703     031C                     	;# 
   704     031C                     	;# 
   705     031D                     	;# 
   706     031E                     	;# 
   707     0394                     	;# 
   708     0395                     	;# 
   709     0396                     	;# 
   710     0415                     	;# 
   711     0416                     	;# 
   712     0417                     	;# 
   713     041C                     	;# 
   714     041D                     	;# 
   715     041E                     	;# 
   716     0791                     	;# 
   717     0792                     	;# 
   718     0793                     	;# 
   719     0794                     	;# 
   720     0795                     	;# 
   721     0798                     	;# 
   722     0799                     	;# 
   723     079A                     	;# 
   724     07A0                     	;# 
   725     07A1                     	;# 
   726     07A2                     	;# 
   727     07A3                     	;# 
   728     07A4                     	;# 
   729     07A5                     	;# 
   730     07A6                     	;# 
   731     07A7                     	;# 
   732     07A8                     	;# 
   733     07A9                     	;# 
   734     07AA                     	;# 
   735     07AB                     	;# 
   736     0FE4                     	;# 
   737     0FE5                     	;# 
   738     0FE6                     	;# 
   739     0FE7                     	;# 
   740     0FE8                     	;# 
   741     0FE9                     	;# 
   742     0FEA                     	;# 
   743     0FEB                     	;# 
   744     0FED                     	;# 
   745     0FEE                     	;# 
   746     0FEF                     	;# 
   747     008D                     _TRISBbits	set	141
   748     010D                     _LATBbits	set	269
   749     018D                     _ANSELB	set	397
   750                           
   751                           	psect	cinit
   752     07FC                     start_initialization:	
   753                           ; #config settings
   754                           
   755     07FC                     __initialization:
   756                           
   757                           ; Clear objects allocated to COMMON
   758     07FC  01F5               	clrf	__pbssCOMMON& (0+127)
   759     07FD                     end_of_initialization:	
   760                           ;End of C runtime variable initialization code
   761                           
   762     07FD                     __end_of__initialization:
   763     07FD  0020               	movlb	0
   764     07FE  3187  2F54         	ljmp	_main	;jump to C main() function
   765                           
   766                           	psect	bssCOMMON
   767     0075                     __pbssCOMMON:
   768     0075                     _contador:
   769     0075                     	ds	1
   770                           
   771                           	psect	cstackCOMMON
   772     0070                     __pcstackCOMMON:
   773     0070                     ?_display_init:
   774     0070                     ??_display_init:	
   775                           ; 1 bytes @ 0x0
   776                           
   777     0070                     ?_display_ac:	
   778                           ; 1 bytes @ 0x0
   779                           
   780     0070                     ??_display_ac:	
   781                           ; 1 bytes @ 0x0
   782                           
   783     0070                     ?_main:	
   784                           ; 1 bytes @ 0x0
   785                           
   786                           
   787                           ; 1 bytes @ 0x0
   788     0070                     	ds	2
   789     0072                     display_ac@dig:
   790                           
   791                           ; 1 bytes @ 0x2
   792     0072                     	ds	1
   793     0073                     ??_main:
   794                           
   795                           ; 1 bytes @ 0x3
   796     0073                     	ds	2
   797                           
   798                           	psect	maintext
   799     0754                     __pmaintext:	
   800 ;;
   801 ;;Main: autosize = 0, tempsize = 2, incstack = 0, save=0
   802 ;;
   803 ;; *************** function _main *****************
   804 ;; Defined at:
   805 ;;		line 7 in file "main.c"
   806 ;; Parameters:    Size  Location     Type
   807 ;;		None
   808 ;; Auto vars:     Size  Location     Type
   809 ;;		None
   810 ;; Return value:  Size  Location     Type
   811 ;;                  1    wreg      void 
   812 ;; Registers used:
   813 ;;		wreg, fsr0l, fsr0h, status,2, status,0, pclath, cstack
   814 ;; Tracked objects:
   815 ;;		On entry : B1F/0
   816 ;;		On exit  : 0/0
   817 ;;		Unchanged: 0/0
   818 ;; Data sizes:     COMMON   BANK0   BANK1   BANK2   BANK3   BANK4   BANK5   BANK6   BANK7   BANK8   BANK9  BANK10  BANK1
      +1  BANK12
   819 ;;      Params:         0       0       0       0       0       0       0       0       0       0       0       0       
      +0       0
   820 ;;      Locals:         0       0       0       0       0       0       0       0       0       0       0       0       
      +0       0
   821 ;;      Temps:          2       0       0       0       0       0       0       0       0       0       0       0       
      +0       0
   822 ;;      Totals:         2       0       0       0       0       0       0       0       0       0       0       0       
      +0       0
   823 ;;Total ram usage:        2 bytes
   824 ;; Hardware stack levels required when called: 1
   825 ;; This function calls:
   826 ;;		_display_ac
   827 ;;		_display_init
   828 ;; This function is called by:
   829 ;;		Startup code after reset
   830 ;; This function uses a non-reentrant model
   831 ;;
   832                           
   833     0754                     _main:	
   834                           ;psect for function _main
   835                           
   836     0754                     l676:	
   837                           ;incstack = 0
   838                           ; Regs used in _main: [wreg-fsr0h+status,2+status,0+pclath+cstack]
   839                           
   840                           
   841                           ;main.c: 8:     ANSELB = 0x00;
   842     0754  0023               	movlb	3	; select bank3
   843     0755  018D               	clrf	13	;volatile
   844     0756                     l678:
   845                           
   846                           ;main.c: 9:     display_init();
   847     0756  3187  274B  3187   	fcall	_display_init
   848     0759                     l680:
   849                           
   850                           ;main.c: 14:         display_ac(contador);
   851     0759  0875               	movf	_contador,w
   852     075A  3187  2777  3187   	fcall	_display_ac
   853     075D                     l682:
   854                           
   855                           ;main.c: 15:         contador++;
   856     075D  3001               	movlw	1
   857     075E  00F3               	movwf	??_main
   858     075F  0873               	movf	??_main,w
   859     0760  07F5               	addwf	_contador,f
   860     0761                     l684:
   861                           
   862                           ;main.c: 16:         _delay((unsigned long)((500)*(20000000UL/4000.0)));
   863     0761  300D               	movlw	13
   864     0762  00F4               	movwf	??_main+1
   865     0763  30AF               	movlw	175
   866     0764  00F3               	movwf	??_main
   867     0765  30B6               	movlw	182
   868     0766                     u27:
   869     0766  0B89               	decfsz	9,f
   870     0767  2F66               	goto	u27
   871     0768  0BF3               	decfsz	??_main,f
   872     0769  2F66               	goto	u27
   873     076A  0BF4               	decfsz	??_main+1,f
   874     076B  2F66               	goto	u27
   875     076C  3200               	nop2
   876     076D                     l686:
   877                           
   878                           ;main.c: 17:         if(contador>9)
   879     076D  300A               	movlw	10
   880     076E  0275               	subwf	_contador,w
   881     076F  1C03               	skipc
   882     0770  2F72               	goto	u11
   883     0771  2F73               	goto	u10
   884     0772                     u11:
   885     0772  2F59               	goto	l680
   886     0773                     u10:
   887     0773                     l688:
   888                           
   889                           ;main.c: 18:             contador=0;
   890     0773  01F5               	clrf	_contador
   891     0774  2F59               	goto	l680
   892     0775  3180  2802         	ljmp	start
   893     0777                     __end_of_main:
   894                           
   895                           	psect	text1
   896     074B                     __ptext1:	
   897 ;; *************** function _display_init *****************
   898 ;; Defined at:
   899 ;;		line 3 in file "DISPLAY_7_SEG.c"
   900 ;; Parameters:    Size  Location     Type
   901 ;;		None
   902 ;; Auto vars:     Size  Location     Type
   903 ;;		None
   904 ;; Return value:  Size  Location     Type
   905 ;;                  1    wreg      void 
   906 ;; Registers used:
   907 ;;		None
   908 ;; Tracked objects:
   909 ;;		On entry : 0/0
   910 ;;		On exit  : 0/0
   911 ;;		Unchanged: 0/0
   912 ;; Data sizes:     COMMON   BANK0   BANK1   BANK2   BANK3   BANK4   BANK5   BANK6   BANK7   BANK8   BANK9  BANK10  BANK1
      +1  BANK12
   913 ;;      Params:         0       0       0       0       0       0       0       0       0       0       0       0       
      +0       0
   914 ;;      Locals:         0       0       0       0       0       0       0       0       0       0       0       0       
      +0       0
   915 ;;      Temps:          0       0       0       0       0       0       0       0       0       0       0       0       
      +0       0
   916 ;;      Totals:         0       0       0       0       0       0       0       0       0       0       0       0       
      +0       0
   917 ;;Total ram usage:        0 bytes
   918 ;; Hardware stack levels used: 1
   919 ;; This function calls:
   920 ;;		Nothing
   921 ;; This function is called by:
   922 ;;		_main
   923 ;; This function uses a non-reentrant model
   924 ;;
   925                           
   926     074B                     _display_init:	
   927                           ;psect for function _display_init
   928                           
   929     074B                     l664:	
   930                           ;incstack = 0
   931                           ; Regs used in _display_init: []
   932                           
   933                           
   934                           ;DISPLAY_7_SEG.c: 4:     TRISBbits.TRISB0 = 0;
   935     074B  0021               	movlb	1	; select bank1
   936     074C  100D               	bcf	13,0	;volatile
   937                           
   938                           ;DISPLAY_7_SEG.c: 5:     TRISBbits.TRISB1 = 0;
   939     074D  108D               	bcf	13,1	;volatile
   940                           
   941                           ;DISPLAY_7_SEG.c: 6:     TRISBbits.TRISB2 = 0;
   942     074E  110D               	bcf	13,2	;volatile
   943                           
   944                           ;DISPLAY_7_SEG.c: 7:     TRISBbits.TRISB3 = 0;
   945     074F  118D               	bcf	13,3	;volatile
   946                           
   947                           ;DISPLAY_7_SEG.c: 8:     TRISBbits.TRISB4 = 0;
   948     0750  120D               	bcf	13,4	;volatile
   949                           
   950                           ;DISPLAY_7_SEG.c: 9:     TRISBbits.TRISB5 = 0;
   951     0751  128D               	bcf	13,5	;volatile
   952                           
   953                           ;DISPLAY_7_SEG.c: 10:     TRISBbits.TRISB6 = 0;
   954     0752  130D               	bcf	13,6	;volatile
   955     0753                     l26:
   956     0753  0008               	return
   957     0754                     __end_of_display_init:
   958                           
   959                           	psect	text2
   960     0777                     __ptext2:	
   961 ;; *************** function _display_ac *****************
   962 ;; Defined at:
   963 ;;		line 12 in file "DISPLAY_7_SEG.c"
   964 ;; Parameters:    Size  Location     Type
   965 ;;  dig             1    wreg     unsigned char 
   966 ;; Auto vars:     Size  Location     Type
   967 ;;  dig             1    2[COMMON] unsigned char 
   968 ;; Return value:  Size  Location     Type
   969 ;;                  1    wreg      void 
   970 ;; Registers used:
   971 ;;		wreg, fsr0l, fsr0h, status,2, status,0
   972 ;; Tracked objects:
   973 ;;		On entry : 0/0
   974 ;;		On exit  : 0/0
   975 ;;		Unchanged: 0/0
   976 ;; Data sizes:     COMMON   BANK0   BANK1   BANK2   BANK3   BANK4   BANK5   BANK6   BANK7   BANK8   BANK9  BANK10  BANK1
      +1  BANK12
   977 ;;      Params:         0       0       0       0       0       0       0       0       0       0       0       0       
      +0       0
   978 ;;      Locals:         1       0       0       0       0       0       0       0       0       0       0       0       
      +0       0
   979 ;;      Temps:          2       0       0       0       0       0       0       0       0       0       0       0       
      +0       0
   980 ;;      Totals:         3       0       0       0       0       0       0       0       0       0       0       0       
      +0       0
   981 ;;Total ram usage:        3 bytes
   982 ;; Hardware stack levels used: 1
   983 ;; This function calls:
   984 ;;		Nothing
   985 ;; This function is called by:
   986 ;;		_main
   987 ;; This function uses a non-reentrant model
   988 ;;
   989                           
   990     0777                     _display_ac:	
   991                           ;psect for function _display_ac
   992                           
   993                           
   994                           ;incstack = 0
   995                           ; Regs used in _display_ac: [wreg-fsr0h+status,2+status,0]
   996                           ;display_ac@dig stored from wreg
   997     0777  00F2               	movwf	display_ac@dig
   998     0778                     l666:
   999                           
  1000                           ;DISPLAY_7_SEG.c: 13:     switch(dig){
  1001     0778  2FD3               	goto	l670
  1002     0779                     l30:	
  1003                           ;DISPLAY_7_SEG.c: 14:         case 0: LATBbits.LATB0 = 0;
  1004                           
  1005     0779  0022               	movlb	2	; select bank2
  1006     077A  100D               	bcf	13,0	;volatile
  1007                           
  1008                           ;DISPLAY_7_SEG.c: 15:                 LATBbits.LATB1 = 0;
  1009     077B  108D               	bcf	13,1	;volatile
  1010                           
  1011                           ;DISPLAY_7_SEG.c: 16:                 LATBbits.LATB2 = 0;
  1012     077C  110D               	bcf	13,2	;volatile
  1013                           
  1014                           ;DISPLAY_7_SEG.c: 17:                 LATBbits.LATB3 = 0;
  1015     077D  118D               	bcf	13,3	;volatile
  1016                           
  1017                           ;DISPLAY_7_SEG.c: 18:                 LATBbits.LATB4 = 0;
  1018     077E  120D               	bcf	13,4	;volatile
  1019                           
  1020                           ;DISPLAY_7_SEG.c: 19:                 LATBbits.LATB5 = 0;
  1021     077F  128D               	bcf	13,5	;volatile
  1022                           
  1023                           ;DISPLAY_7_SEG.c: 20:                 LATBbits.LATB6 = 1;
  1024     0780  170D               	bsf	13,6	;volatile
  1025                           
  1026                           ;DISPLAY_7_SEG.c: 21:                 break;
  1027     0781  2FFB               	goto	l41
  1028     0782                     l32:	
  1029                           ;DISPLAY_7_SEG.c: 23:         case 1: LATBbits.LATB0 = 1;
  1030                           
  1031     0782  0022               	movlb	2	; select bank2
  1032     0783  140D               	bsf	13,0	;volatile
  1033                           
  1034                           ;DISPLAY_7_SEG.c: 24:                 LATBbits.LATB1 = 0;
  1035     0784  108D               	bcf	13,1	;volatile
  1036                           
  1037                           ;DISPLAY_7_SEG.c: 25:                 LATBbits.LATB2 = 0;
  1038     0785  110D               	bcf	13,2	;volatile
  1039                           
  1040                           ;DISPLAY_7_SEG.c: 26:                 LATBbits.LATB3 = 1;
  1041     0786  158D               	bsf	13,3	;volatile
  1042                           
  1043                           ;DISPLAY_7_SEG.c: 27:                 LATBbits.LATB4 = 1;
  1044     0787  160D               	bsf	13,4	;volatile
  1045                           
  1046                           ;DISPLAY_7_SEG.c: 28:                 LATBbits.LATB5 = 1;
  1047     0788  168D               	bsf	13,5	;volatile
  1048                           
  1049                           ;DISPLAY_7_SEG.c: 29:                 LATBbits.LATB6 = 1;
  1050     0789  170D               	bsf	13,6	;volatile
  1051                           
  1052                           ;DISPLAY_7_SEG.c: 30:                 break;
  1053     078A  2FFB               	goto	l41
  1054     078B                     l33:	
  1055                           ;DISPLAY_7_SEG.c: 32:         case 2: LATBbits.LATB0 = 0;
  1056                           
  1057     078B  0022               	movlb	2	; select bank2
  1058     078C  100D               	bcf	13,0	;volatile
  1059                           
  1060                           ;DISPLAY_7_SEG.c: 33:                 LATBbits.LATB1 = 0;
  1061     078D  108D               	bcf	13,1	;volatile
  1062                           
  1063                           ;DISPLAY_7_SEG.c: 34:                 LATBbits.LATB2 = 1;
  1064     078E  150D               	bsf	13,2	;volatile
  1065                           
  1066                           ;DISPLAY_7_SEG.c: 35:                 LATBbits.LATB3 = 0;
  1067     078F  118D               	bcf	13,3	;volatile
  1068                           
  1069                           ;DISPLAY_7_SEG.c: 36:                 LATBbits.LATB4 = 0;
  1070     0790  120D               	bcf	13,4	;volatile
  1071                           
  1072                           ;DISPLAY_7_SEG.c: 37:                 LATBbits.LATB5 = 1;
  1073     0791  168D               	bsf	13,5	;volatile
  1074                           
  1075                           ;DISPLAY_7_SEG.c: 38:                 LATBbits.LATB6 = 0;
  1076     0792  130D               	bcf	13,6	;volatile
  1077                           
  1078                           ;DISPLAY_7_SEG.c: 39:                 break;
  1079     0793  2FFB               	goto	l41
  1080     0794                     l34:	
  1081                           ;DISPLAY_7_SEG.c: 41:         case 3: LATBbits.LATB0 = 0;
  1082                           
  1083     0794  0022               	movlb	2	; select bank2
  1084     0795  100D               	bcf	13,0	;volatile
  1085                           
  1086                           ;DISPLAY_7_SEG.c: 42:                 LATBbits.LATB1 = 0;
  1087     0796  108D               	bcf	13,1	;volatile
  1088                           
  1089                           ;DISPLAY_7_SEG.c: 43:                 LATBbits.LATB2 = 0;
  1090     0797  110D               	bcf	13,2	;volatile
  1091                           
  1092                           ;DISPLAY_7_SEG.c: 44:                 LATBbits.LATB3 = 0;
  1093     0798  118D               	bcf	13,3	;volatile
  1094                           
  1095                           ;DISPLAY_7_SEG.c: 45:                 LATBbits.LATB4 = 1;
  1096     0799  160D               	bsf	13,4	;volatile
  1097                           
  1098                           ;DISPLAY_7_SEG.c: 46:                 LATBbits.LATB5 = 1;
  1099     079A  168D               	bsf	13,5	;volatile
  1100                           
  1101                           ;DISPLAY_7_SEG.c: 47:                 LATBbits.LATB6 = 0;
  1102     079B  130D               	bcf	13,6	;volatile
  1103                           
  1104                           ;DISPLAY_7_SEG.c: 48:                 break;
  1105     079C  2FFB               	goto	l41
  1106     079D                     l35:	
  1107                           ;DISPLAY_7_SEG.c: 50:         case 4: LATBbits.LATB0 = 1;
  1108                           
  1109     079D  0022               	movlb	2	; select bank2
  1110     079E  140D               	bsf	13,0	;volatile
  1111                           
  1112                           ;DISPLAY_7_SEG.c: 51:                 LATBbits.LATB1 = 0;
  1113     079F  108D               	bcf	13,1	;volatile
  1114                           
  1115                           ;DISPLAY_7_SEG.c: 52:                 LATBbits.LATB2 = 0;
  1116     07A0  110D               	bcf	13,2	;volatile
  1117                           
  1118                           ;DISPLAY_7_SEG.c: 53:                 LATBbits.LATB3 = 1;
  1119     07A1  158D               	bsf	13,3	;volatile
  1120                           
  1121                           ;DISPLAY_7_SEG.c: 54:                 LATBbits.LATB4 = 1;
  1122     07A2  160D               	bsf	13,4	;volatile
  1123                           
  1124                           ;DISPLAY_7_SEG.c: 55:                 LATBbits.LATB5 = 0;
  1125     07A3  128D               	bcf	13,5	;volatile
  1126                           
  1127                           ;DISPLAY_7_SEG.c: 56:                 LATBbits.LATB6 = 0;
  1128     07A4  130D               	bcf	13,6	;volatile
  1129                           
  1130                           ;DISPLAY_7_SEG.c: 57:                 break;
  1131     07A5  2FFB               	goto	l41
  1132     07A6                     l36:	
  1133                           ;DISPLAY_7_SEG.c: 59:         case 5: LATBbits.LATB0 = 0;
  1134                           
  1135     07A6  0022               	movlb	2	; select bank2
  1136     07A7  100D               	bcf	13,0	;volatile
  1137                           
  1138                           ;DISPLAY_7_SEG.c: 60:                 LATBbits.LATB1 = 1;
  1139     07A8  148D               	bsf	13,1	;volatile
  1140                           
  1141                           ;DISPLAY_7_SEG.c: 61:                 LATBbits.LATB2 = 0;
  1142     07A9  110D               	bcf	13,2	;volatile
  1143                           
  1144                           ;DISPLAY_7_SEG.c: 62:                 LATBbits.LATB3 = 0;
  1145     07AA  118D               	bcf	13,3	;volatile
  1146                           
  1147                           ;DISPLAY_7_SEG.c: 63:                 LATBbits.LATB4 = 1;
  1148     07AB  160D               	bsf	13,4	;volatile
  1149                           
  1150                           ;DISPLAY_7_SEG.c: 64:                 LATBbits.LATB5 = 0;
  1151     07AC  128D               	bcf	13,5	;volatile
  1152                           
  1153                           ;DISPLAY_7_SEG.c: 65:                 LATBbits.LATB6 = 0;
  1154     07AD  130D               	bcf	13,6	;volatile
  1155                           
  1156                           ;DISPLAY_7_SEG.c: 66:                 break;
  1157     07AE  2FFB               	goto	l41
  1158     07AF                     l37:	
  1159                           ;DISPLAY_7_SEG.c: 68:         case 6: LATBbits.LATB0 = 0;
  1160                           
  1161     07AF  0022               	movlb	2	; select bank2
  1162     07B0  100D               	bcf	13,0	;volatile
  1163                           
  1164                           ;DISPLAY_7_SEG.c: 69:                 LATBbits.LATB1 = 1;
  1165     07B1  148D               	bsf	13,1	;volatile
  1166                           
  1167                           ;DISPLAY_7_SEG.c: 70:                 LATBbits.LATB2 = 0;
  1168     07B2  110D               	bcf	13,2	;volatile
  1169                           
  1170                           ;DISPLAY_7_SEG.c: 71:                 LATBbits.LATB3 = 0;
  1171     07B3  118D               	bcf	13,3	;volatile
  1172                           
  1173                           ;DISPLAY_7_SEG.c: 72:                 LATBbits.LATB4 = 0;
  1174     07B4  120D               	bcf	13,4	;volatile
  1175                           
  1176                           ;DISPLAY_7_SEG.c: 73:                 LATBbits.LATB5 = 0;
  1177     07B5  128D               	bcf	13,5	;volatile
  1178                           
  1179                           ;DISPLAY_7_SEG.c: 74:                 LATBbits.LATB6 = 0;
  1180     07B6  130D               	bcf	13,6	;volatile
  1181                           
  1182                           ;DISPLAY_7_SEG.c: 75:                 break;
  1183     07B7  2FFB               	goto	l41
  1184     07B8                     l38:	
  1185                           ;DISPLAY_7_SEG.c: 77:         case 7: LATBbits.LATB0 = 0;
  1186                           
  1187     07B8  0022               	movlb	2	; select bank2
  1188     07B9  100D               	bcf	13,0	;volatile
  1189                           
  1190                           ;DISPLAY_7_SEG.c: 78:                 LATBbits.LATB1 = 0;
  1191     07BA  108D               	bcf	13,1	;volatile
  1192                           
  1193                           ;DISPLAY_7_SEG.c: 79:                 LATBbits.LATB2 = 0;
  1194     07BB  110D               	bcf	13,2	;volatile
  1195                           
  1196                           ;DISPLAY_7_SEG.c: 80:                 LATBbits.LATB3 = 1;
  1197     07BC  158D               	bsf	13,3	;volatile
  1198                           
  1199                           ;DISPLAY_7_SEG.c: 81:                 LATBbits.LATB4 = 1;
  1200     07BD  160D               	bsf	13,4	;volatile
  1201                           
  1202                           ;DISPLAY_7_SEG.c: 82:                 LATBbits.LATB5 = 0;
  1203     07BE  128D               	bcf	13,5	;volatile
  1204                           
  1205                           ;DISPLAY_7_SEG.c: 83:                 LATBbits.LATB6 = 1;
  1206     07BF  170D               	bsf	13,6	;volatile
  1207                           
  1208                           ;DISPLAY_7_SEG.c: 84:                 break;
  1209     07C0  2FFB               	goto	l41
  1210     07C1                     l39:	
  1211                           ;DISPLAY_7_SEG.c: 86:         case 8: LATBbits.LATB0 = 0;
  1212                           
  1213     07C1  0022               	movlb	2	; select bank2
  1214     07C2  100D               	bcf	13,0	;volatile
  1215                           
  1216                           ;DISPLAY_7_SEG.c: 87:                 LATBbits.LATB1 = 0;
  1217     07C3  108D               	bcf	13,1	;volatile
  1218                           
  1219                           ;DISPLAY_7_SEG.c: 88:                 LATBbits.LATB2 = 0;
  1220     07C4  110D               	bcf	13,2	;volatile
  1221                           
  1222                           ;DISPLAY_7_SEG.c: 89:                 LATBbits.LATB3 = 0;
  1223     07C5  118D               	bcf	13,3	;volatile
  1224                           
  1225                           ;DISPLAY_7_SEG.c: 90:                 LATBbits.LATB4 = 0;
  1226     07C6  120D               	bcf	13,4	;volatile
  1227                           
  1228                           ;DISPLAY_7_SEG.c: 91:                 LATBbits.LATB5 = 0;
  1229     07C7  128D               	bcf	13,5	;volatile
  1230                           
  1231                           ;DISPLAY_7_SEG.c: 92:                 LATBbits.LATB6 = 0;
  1232     07C8  130D               	bcf	13,6	;volatile
  1233                           
  1234                           ;DISPLAY_7_SEG.c: 93:                 break;
  1235     07C9  2FFB               	goto	l41
  1236     07CA                     l40:	
  1237                           ;DISPLAY_7_SEG.c: 95:         case 9: LATBbits.LATB0 = 0;
  1238                           
  1239     07CA  0022               	movlb	2	; select bank2
  1240     07CB  100D               	bcf	13,0	;volatile
  1241                           
  1242                           ;DISPLAY_7_SEG.c: 96:                 LATBbits.LATB1 = 0;
  1243     07CC  108D               	bcf	13,1	;volatile
  1244                           
  1245                           ;DISPLAY_7_SEG.c: 97:                 LATBbits.LATB2 = 0;
  1246     07CD  110D               	bcf	13,2	;volatile
  1247                           
  1248                           ;DISPLAY_7_SEG.c: 98:                 LATBbits.LATB3 = 0;
  1249     07CE  118D               	bcf	13,3	;volatile
  1250                           
  1251                           ;DISPLAY_7_SEG.c: 99:                 LATBbits.LATB4 = 1;
  1252     07CF  160D               	bsf	13,4	;volatile
  1253                           
  1254                           ;DISPLAY_7_SEG.c: 100:                 LATBbits.LATB5 = 0;
  1255     07D0  128D               	bcf	13,5	;volatile
  1256                           
  1257                           ;DISPLAY_7_SEG.c: 101:                 LATBbits.LATB6 = 0;
  1258     07D1  130D               	bcf	13,6	;volatile
  1259                           
  1260                           ;DISPLAY_7_SEG.c: 102:                 break;
  1261     07D2  2FFB               	goto	l41
  1262     07D3                     l670:
  1263     07D3  0872               	movf	display_ac@dig,w
  1264     07D4  00F0               	movwf	??_display_ac
  1265     07D5  01F1               	clrf	??_display_ac+1
  1266                           
  1267                           ; Switch on 2 bytes has been partitioned into a top level switch of size 1, and 1 sub-sw
      +                          itches
  1268                           ; Switch size 1, requested type "simple"
  1269                           ; Number of cases is 1, Range of values is 0 to 0
  1270                           ; switch strategies available:
  1271                           ; Name         Instructions Cycles
  1272                           ; simple_byte            4     3 (average)
  1273                           ; direct_byte            8     6 (fixed)
  1274                           ; jumptable            260     6 (fixed)
  1275                           ;	Chosen strategy is simple_byte
  1276     07D6  0871               	movf	??_display_ac+1,w
  1277     07D7  3A00               	xorlw	0	; case 0
  1278     07D8  1903               	skipnz
  1279     07D9  2FDB               	goto	l720
  1280     07DA  2FFB               	goto	l41
  1281     07DB                     l720:
  1282                           
  1283                           ; Switch size 1, requested type "simple"
  1284                           ; Number of cases is 10, Range of values is 0 to 9
  1285                           ; switch strategies available:
  1286                           ; Name         Instructions Cycles
  1287                           ; direct_byte           26     6 (fixed)
  1288                           ; simple_byte           31    16 (average)
  1289                           ; jumptable            260     6 (fixed)
  1290                           ;	Chosen strategy is simple_byte
  1291     07DB  0870               	movf	??_display_ac,w
  1292     07DC  3A00               	xorlw	0	; case 0
  1293     07DD  1903               	skipnz
  1294     07DE  2F79               	goto	l30
  1295     07DF  3A01               	xorlw	1	; case 1
  1296     07E0  1903               	skipnz
  1297     07E1  2F82               	goto	l32
  1298     07E2  3A03               	xorlw	3	; case 2
  1299     07E3  1903               	skipnz
  1300     07E4  2F8B               	goto	l33
  1301     07E5  3A01               	xorlw	1	; case 3
  1302     07E6  1903               	skipnz
  1303     07E7  2F94               	goto	l34
  1304     07E8  3A07               	xorlw	7	; case 4
  1305     07E9  1903               	skipnz
  1306     07EA  2F9D               	goto	l35
  1307     07EB  3A01               	xorlw	1	; case 5
  1308     07EC  1903               	skipnz
  1309     07ED  2FA6               	goto	l36
  1310     07EE  3A03               	xorlw	3	; case 6
  1311     07EF  1903               	skipnz
  1312     07F0  2FAF               	goto	l37
  1313     07F1  3A01               	xorlw	1	; case 7
  1314     07F2  1903               	skipnz
  1315     07F3  2FB8               	goto	l38
  1316     07F4  3A0F               	xorlw	15	; case 8
  1317     07F5  1903               	skipnz
  1318     07F6  2FC1               	goto	l39
  1319     07F7  3A01               	xorlw	1	; case 9
  1320     07F8  1903               	skipnz
  1321     07F9  2FCA               	goto	l40
  1322     07FA  2FFB               	goto	l41
  1323     07FB                     l41:
  1324     07FB  0008               	return
  1325     07FC                     __end_of_display_ac:
  1326     007E                     btemp	set	126	;btemp
  1327     007E                     wtemp0	set	126
  1328                           
  1329                           	psect	config
  1330                           
  1331                           ;Config register CONFIG1 @ 0x8007
  1332                           ;	Oscillator Selection
  1333                           ;	FOSC = HS, HS Oscillator, High-speed crystal/resonator connected between OSC1 and OSC2
      +                           pins
  1334                           ;	Watchdog Timer Enable
  1335                           ;	WDTE = OFF, WDT disabled
  1336                           ;	Power-up Timer Enable
  1337                           ;	PWRTE = OFF, PWRT disabled
  1338                           ;	MCLR Pin Function Select
  1339                           ;	MCLRE = ON, MCLR/VPP pin function is MCLR
  1340                           ;	Flash Program Memory Code Protection
  1341                           ;	CP = OFF, Program memory code protection is disabled
  1342                           ;	Data Memory Code Protection
  1343                           ;	CPD = OFF, Data memory code protection is disabled
  1344                           ;	Brown-out Reset Enable
  1345                           ;	BOREN = ON, Brown-out Reset enabled
  1346                           ;	Clock Out Enable
  1347                           ;	CLKOUTEN = OFF, CLKOUT function is disabled. I/O or oscillator function on the CLKOUT 
      +                          pin
  1348                           ;	Internal/External Switchover
  1349                           ;	IESO = ON, Internal/External Switchover mode is enabled
  1350                           ;	Fail-Safe Clock Monitor Enable
  1351                           ;	FCMEN = ON, Fail-Safe Clock Monitor is enabled
  1352     8007                     	org	32775
  1353     8007  3FE2               	dw	16354
  1354                           
  1355                           ;Config register CONFIG2 @ 0x8008
  1356                           ;	Flash Memory Self-Write Protection
  1357                           ;	WRT = OFF, Write protection off
  1358                           ;	Voltage Regulator Capacitor Enable
  1359                           ;	VCAPEN = OFF, All VCAP pin functionality is disabled
  1360                           ;	PLL Enable
  1361                           ;	PLLEN = OFF, 4x PLL disabled
  1362                           ;	Stack Overflow/Underflow Reset Enable
  1363                           ;	STVREN = ON, Stack Overflow or Underflow will cause a Reset
  1364                           ;	Brown-out Reset Voltage Selection
  1365                           ;	BORV = LO, Brown-out Reset Voltage (Vbor), low trip point selected.
  1366                           ;	Low-Voltage Programming Enable
  1367                           ;	LVP = ON, Low-voltage programming enabled
  1368     8008                     	org	32776
  1369     8008  3EFF               	dw	16127

Data Sizes:
    Strings     0
    Constant    0
    Data        0
    BSS         1
    Persistent  32
    Stack       0

Auto Spaces:
    Space          Size  Autos    Used
    COMMON           14      5       6
    BANK0            80      0       0
    BANK1            80      0       0
    BANK2            80      0       0
    BANK3            80      0       0
    BANK4            80      0       0
    BANK5            80      0       0
    BANK6            80      0       0
    BANK7            80      0       0
    BANK8            80      0       0
    BANK9            80      0       0
    BANK10           80      0       0
    BANK11           80      0       0
    BANK12           48      0       0

Pointer List with Targets:

    None.

Critical Paths under _main in COMMON

    _main->_display_ac

Critical Paths under _main in BANK0

    None.

Critical Paths under _main in BANK1

    None.

Critical Paths under _main in BANK2

    None.

Critical Paths under _main in BANK3

    None.

Critical Paths under _main in BANK4

    None.

Critical Paths under _main in BANK5

    None.

Critical Paths under _main in BANK6

    None.

Critical Paths under _main in BANK7

    None.

Critical Paths under _main in BANK8

    None.

Critical Paths under _main in BANK9

    None.

Critical Paths under _main in BANK10

    None.

Critical Paths under _main in BANK11

    None.

Critical Paths under _main in BANK12

    None.

Call Graph Tables:

 ---------------------------------------------------------------------------------
 (Depth) Function   	        Calls       Base Space   Used Autos Params    Refs
 ---------------------------------------------------------------------------------
 (0) _main                                                 2     2      0      15
                                              3 COMMON     2     2      0
                         _display_ac
                       _display_init
 ---------------------------------------------------------------------------------
 (1) _display_init                                         0     0      0       0
 ---------------------------------------------------------------------------------
 (1) _display_ac                                           3     3      0      15
                                              0 COMMON     3     3      0
 ---------------------------------------------------------------------------------
 Estimated maximum stack depth 1
 ---------------------------------------------------------------------------------

 Call Graph Graphs:

 _main (ROOT)
   _display_ac
   _display_init

 Address spaces:
Name               Size   Autos  Total    Cost      Usage
BIGRAM             3F0      0       0       0        0.0%
EEDATA             100      0       0       0        0.0%
NULL                 0      0       0       0        0.0%
CODE                 0      0       0       0        0.0%
BITCOMMON            E      0       0       1        0.0%
BITSFR0              0      0       0       1        0.0%
SFR0                 0      0       0       1        0.0%
COMMON               E      5       6       2       42.9%
BITSFR1              0      0       0       2        0.0%
SFR1                 0      0       0       2        0.0%
BITSFR2              0      0       0       3        0.0%
SFR2                 0      0       0       3        0.0%
STACK                0      0       0       3        0.0%
BITBANK0            50      0       0       4        0.0%
BITSFR3              0      0       0       4        0.0%
SFR3                 0      0       0       4        0.0%
BANK0               50      0       0       5        0.0%
BITSFR4              0      0       0       5        0.0%
SFR4                 0      0       0       5        0.0%
BITBANK1            50      0       0       6        0.0%
BITSFR5              0      0       0       6        0.0%
SFR5                 0      0       0       6        0.0%
BANK1               50      0       0       7        0.0%
BITSFR6              0      0       0       7        0.0%
SFR6                 0      0       0       7        0.0%
BITBANK2            50      0       0       8        0.0%
BITSFR7              0      0       0       8        0.0%
SFR7                 0      0       0       8        0.0%
BANK2               50      0       0       9        0.0%
BITSFR8              0      0       0       9        0.0%
SFR8                 0      0       0       9        0.0%
BITBANK3            50      0       0      10        0.0%
BITSFR9              0      0       0      10        0.0%
SFR9                 0      0       0      10        0.0%
BANK3               50      0       0      11        0.0%
BITSFR10             0      0       0      11        0.0%
SFR10                0      0       0      11        0.0%
BITBANK4            50      0       0      12        0.0%
BITSFR11             0      0       0      12        0.0%
SFR11                0      0       0      12        0.0%
BANK4               50      0       0      13        0.0%
BITSFR12             0      0       0      13        0.0%
SFR12                0      0       0      13        0.0%
BITBANK5            50      0       0      14        0.0%
BITSFR13             0      0       0      14        0.0%
SFR13                0      0       0      14        0.0%
BANK5               50      0       0      15        0.0%
BITSFR14             0      0       0      15        0.0%
SFR14                0      0       0      15        0.0%
BITBANK6            50      0       0      16        0.0%
BITSFR15             0      0       0      16        0.0%
SFR15                0      0       0      16        0.0%
BANK6               50      0       0      17        0.0%
BITSFR16             0      0       0      17        0.0%
SFR16                0      0       0      17        0.0%
BITBANK7            50      0       0      18        0.0%
BITSFR17             0      0       0      18        0.0%
SFR17                0      0       0      18        0.0%
BANK7               50      0       0      19        0.0%
BITSFR18             0      0       0      19        0.0%
SFR18                0      0       0      19        0.0%
BITSFR19             0      0       0      20        0.0%
SFR19                0      0       0      20        0.0%
ABS                  0      0       6      20        0.0%
BITBANK8            50      0       0      21        0.0%
BITSFR20             0      0       0      21        0.0%
SFR20                0      0       0      21        0.0%
BANK8               50      0       0      22        0.0%
BITSFR21             0      0       0      22        0.0%
SFR21                0      0       0      22        0.0%
BITBANK9            50      0       0      23        0.0%
BITSFR22             0      0       0      23        0.0%
SFR22                0      0       0      23        0.0%
BANK9               50      0       0      24        0.0%
BITSFR23             0      0       0      24        0.0%
SFR23                0      0       0      24        0.0%
BITBANK10           50      0       0      25        0.0%
BITSFR24             0      0       0      25        0.0%
SFR24                0      0       0      25        0.0%
BANK10              50      0       0      26        0.0%
BITSFR25             0      0       0      26        0.0%
SFR25                0      0       0      26        0.0%
BITBANK11           50      0       0      27        0.0%
BITSFR26             0      0       0      27        0.0%
SFR26                0      0       0      27        0.0%
BANK11              50      0       0      28        0.0%
BITSFR27             0      0       0      28        0.0%
SFR27                0      0       0      28        0.0%
BITBANK12           30      0       0      29        0.0%
BITSFR28             0      0       0      29        0.0%
SFR28                0      0       0      29        0.0%
BANK12              30      0       0      30        0.0%
BITSFR29             0      0       0      30        0.0%
SFR29                0      0       0      30        0.0%
BITSFR30             0      0       0      31        0.0%
SFR30                0      0       0      31        0.0%
DATA                 0      0       6      31        0.0%
BITSFR31             0      0       0      32        0.0%
SFR31                0      0       0      32        0.0%


Microchip Technology PIC Macro Assembler V2.41 build 20230208172133 
Symbol Table                                                                                   Thu Aug 17 21:07:11 2023

                     l30 0779                       l40 07CA                       l32 0782  
                     l33 078B                       l41 07FB                       l34 0794  
                     l26 0753                       l35 079D                       l36 07A6  
                     l37 07AF                       l38 07B8                       l39 07C1  
                     u10 0773                       u11 0772                       u27 0766  
                    l720 07DB                      l670 07D3                      l664 074B  
                    l680 0759                      l666 0778                      l682 075D  
                    l684 0761                      l676 0754                      l686 076D  
                    l678 0756                      l688 0773            ?_display_init 0070  
                    wreg 0009                     _main 0754                     btemp 007E  
                   start 0002           ??_display_init 0070                    ?_main 0070  
                  wtemp0 007E          __initialization 07FC             __end_of_main 0777  
                 ??_main 0073                   _ANSELB 018D            display_ac@dig 0072  
__end_of__initialization 07FD     __end_of_display_init 0754           __pcstackCOMMON 0070  
             __pmaintext 0754               _display_ac 0777                  __ptext1 074B  
                __ptext2 0777     end_of_initialization 07FD             _display_init 074B  
              _TRISBbits 008D              ?_display_ac 0070      start_initialization 07FC  
            __pbssCOMMON 0075                ___latbits 0003                 _LATBbits 010D  
           ??_display_ac 0070       __end_of_display_ac 07FC                 _contador 0075  
