

Microchip MPLAB XC8 Assembler V2.41 build 20230208172133 
                                                                                               Tue Aug 29 11:36:36 2023

Microchip MPLAB XC8 C Compiler v2.41 (Free license) build 20230208172133 Og1 
     1                           	processor	16F1939
     2                           	pagewidth 120
     3                           	opt	flic
     4                           	psect	cinit,global,class=CODE,merge=1,delta=2
     5                           	psect	cstackCOMMON,global,class=COMMON,space=1,delta=1,noexec
     6                           	psect	maintext,global,class=CODE,merge=1,split=1,delta=2
     7                           	psect	text1,local,class=CODE,merge=1,delta=2
     8                           	psect	text2,local,class=CODE,merge=1,delta=2
     9                           	psect	text3,local,class=CODE,merge=1,delta=2
    10                           	psect	text4,local,class=CODE,merge=1,delta=2
    11                           	psect	text5,local,class=CODE,merge=1,delta=2
    12                           	psect	config,global,abs,ovrld,class=CONFIG,space=4,delta=2,noexec
    13                           	dabs	1,0x7E,2
    14     0000                     
    15                           ; Generated 06/07/2023 GMT
    16                           ; 
    17                           ; Copyright © 2023, Microchip Technology Inc. and its subsidiaries ("Microchip")
    18                           ; All rights reserved.
    19                           ; 
    20                           ; This software is developed by Microchip Technology Inc. and its subsidiaries ("Microch
      +                          ip").
    21                           ; 
    22                           ; Redistribution and use in source and binary forms, with or without modification, are
    23                           ; permitted provided that the following conditions are met:
    24                           ; 
    25                           ;     1. Redistributions of source code must retain the above copyright notice, this lis
      +                          t of
    26                           ;        conditions and the following disclaimer.
    27                           ; 
    28                           ;     2. Redistributions in binary form must reproduce the above copyright notice, this 
      +                          list
    29                           ;        of conditions and the following disclaimer in the documentation and/or other
    30                           ;        materials provided with the distribution. Publication is not required when
    31                           ;        this file is used in an embedded application.
    32                           ; 
    33                           ;     3. Microchip's name may not be used to endorse or promote products derived from th
      +                          is
    34                           ;        software without specific prior written permission.
    35                           ; 
    36                           ; THIS SOFTWARE IS PROVIDED BY MICROCHIP "AS IS" AND ANY EXPRESS OR IMPLIED WARRANTIES,
    37                           ; INCLUDING, BUT NOT LIMITED TO, THE IMPLIED WARRANTIES OF MERCHANTABILITY AND FITNESS F
      +                          OR
    38                           ; PURPOSE ARE DISCLAIMED.  IN NO EVENT SHALL MICROCHIP BE LIABLE FOR ANY DIRECT, INDIREC
      +                          T,
    39                           ; INCIDENTAL, SPECIAL, EXEMPLARY, OR CONSEQUENTIAL DAMAGES (INCLUDING BUT NOT LIMITED TO
    40                           ; PROCUREMENT OF SUBSTITUTE GOODS OR SERVICES; LOSS OF USE, DATA OR PROFITS; OR BUSINESS
    41                           ; INTERRUPTION) HOWSOEVER CAUSED AND ON ANY THEORY OF LIABILITY, WHETHER IN CONTRACT, ST
      +                          RICT
    42                           ; LIABILITY, OR TORT (INCLUDING NEGLIGENCE OR OTHERWISE) ARISING IN ANY WAY OUT OF THE U
      +                          SE OF
    43                           ; THIS SOFTWARE, EVEN IF ADVISED OF THE POSSIBILITY OF SUCH DAMAGE.
    44                           ; 
    45                           ; 
    46                           ; Code-generator required, PIC16F1939 Definitions
    47                           ; 
    48                           ; SFR Addresses
    49     0000                     	;# 
    50     0001                     	;# 
    51     0002                     	;# 
    52     0003                     	;# 
    53     0004                     	;# 
    54     0005                     	;# 
    55     0006                     	;# 
    56     0007                     	;# 
    57     0008                     	;# 
    58     0009                     	;# 
    59     000A                     	;# 
    60     000B                     	;# 
    61     000C                     	;# 
    62     000D                     	;# 
    63     000E                     	;# 
    64     000F                     	;# 
    65     0010                     	;# 
    66     0011                     	;# 
    67     0012                     	;# 
    68     0013                     	;# 
    69     0015                     	;# 
    70     0016                     	;# 
    71     0016                     	;# 
    72     0017                     	;# 
    73     0018                     	;# 
    74     0019                     	;# 
    75     001A                     	;# 
    76     001B                     	;# 
    77     001C                     	;# 
    78     001E                     	;# 
    79     001F                     	;# 
    80     008C                     	;# 
    81     008D                     	;# 
    82     008E                     	;# 
    83     008F                     	;# 
    84     0090                     	;# 
    85     0091                     	;# 
    86     0092                     	;# 
    87     0093                     	;# 
    88     0095                     	;# 
    89     0096                     	;# 
    90     0097                     	;# 
    91     0098                     	;# 
    92     0099                     	;# 
    93     009A                     	;# 
    94     009B                     	;# 
    95     009B                     	;# 
    96     009C                     	;# 
    97     009D                     	;# 
    98     009E                     	;# 
    99     010C                     	;# 
   100     010D                     	;# 
   101     010E                     	;# 
   102     010F                     	;# 
   103     0110                     	;# 
   104     0111                     	;# 
   105     0112                     	;# 
   106     0113                     	;# 
   107     0114                     	;# 
   108     0115                     	;# 
   109     0116                     	;# 
   110     0117                     	;# 
   111     0118                     	;# 
   112     0119                     	;# 
   113     011A                     	;# 
   114     011B                     	;# 
   115     011D                     	;# 
   116     018C                     	;# 
   117     018D                     	;# 
   118     018F                     	;# 
   119     0190                     	;# 
   120     0191                     	;# 
   121     0191                     	;# 
   122     0192                     	;# 
   123     0193                     	;# 
   124     0193                     	;# 
   125     0193                     	;# 
   126     0194                     	;# 
   127     0195                     	;# 
   128     0196                     	;# 
   129     0199                     	;# 
   130     019A                     	;# 
   131     019B                     	;# 
   132     019B                     	;# 
   133     019B                     	;# 
   134     019B                     	;# 
   135     019C                     	;# 
   136     019C                     	;# 
   137     019D                     	;# 
   138     019E                     	;# 
   139     019F                     	;# 
   140     020D                     	;# 
   141     0210                     	;# 
   142     0211                     	;# 
   143     0212                     	;# 
   144     0213                     	;# 
   145     0214                     	;# 
   146     0215                     	;# 
   147     0215                     	;# 
   148     0216                     	;# 
   149     0217                     	;# 
   150     0291                     	;# 
   151     0291                     	;# 
   152     0292                     	;# 
   153     0293                     	;# 
   154     0294                     	;# 
   155     0295                     	;# 
   156     0295                     	;# 
   157     0296                     	;# 
   158     0298                     	;# 
   159     0298                     	;# 
   160     0299                     	;# 
   161     029A                     	;# 
   162     029B                     	;# 
   163     029C                     	;# 
   164     029C                     	;# 
   165     029D                     	;# 
   166     029E                     	;# 
   167     029F                     	;# 
   168     0311                     	;# 
   169     0311                     	;# 
   170     0312                     	;# 
   171     0313                     	;# 
   172     0314                     	;# 
   173     0315                     	;# 
   174     0315                     	;# 
   175     0316                     	;# 
   176     0318                     	;# 
   177     0318                     	;# 
   178     0319                     	;# 
   179     031A                     	;# 
   180     031C                     	;# 
   181     031C                     	;# 
   182     031D                     	;# 
   183     031E                     	;# 
   184     0394                     	;# 
   185     0395                     	;# 
   186     0396                     	;# 
   187     0415                     	;# 
   188     0416                     	;# 
   189     0417                     	;# 
   190     041C                     	;# 
   191     041D                     	;# 
   192     041E                     	;# 
   193     0791                     	;# 
   194     0792                     	;# 
   195     0793                     	;# 
   196     0794                     	;# 
   197     0795                     	;# 
   198     0798                     	;# 
   199     0799                     	;# 
   200     079A                     	;# 
   201     07A0                     	;# 
   202     07A1                     	;# 
   203     07A2                     	;# 
   204     07A3                     	;# 
   205     07A4                     	;# 
   206     07A5                     	;# 
   207     07A6                     	;# 
   208     07A7                     	;# 
   209     07A8                     	;# 
   210     07A9                     	;# 
   211     07AA                     	;# 
   212     07AB                     	;# 
   213     0FE4                     	;# 
   214     0FE5                     	;# 
   215     0FE6                     	;# 
   216     0FE7                     	;# 
   217     0FE8                     	;# 
   218     0FE9                     	;# 
   219     0FEA                     	;# 
   220     0FEB                     	;# 
   221     0FED                     	;# 
   222     0FEE                     	;# 
   223     0FEF                     	;# 
   224     0000                     	;# 
   225     0001                     	;# 
   226     0002                     	;# 
   227     0003                     	;# 
   228     0004                     	;# 
   229     0005                     	;# 
   230     0006                     	;# 
   231     0007                     	;# 
   232     0008                     	;# 
   233     0009                     	;# 
   234     000A                     	;# 
   235     000B                     	;# 
   236     000C                     	;# 
   237     000D                     	;# 
   238     000E                     	;# 
   239     000F                     	;# 
   240     0010                     	;# 
   241     0011                     	;# 
   242     0012                     	;# 
   243     0013                     	;# 
   244     0015                     	;# 
   245     0016                     	;# 
   246     0016                     	;# 
   247     0017                     	;# 
   248     0018                     	;# 
   249     0019                     	;# 
   250     001A                     	;# 
   251     001B                     	;# 
   252     001C                     	;# 
   253     001E                     	;# 
   254     001F                     	;# 
   255     008C                     	;# 
   256     008D                     	;# 
   257     008E                     	;# 
   258     008F                     	;# 
   259     0090                     	;# 
   260     0091                     	;# 
   261     0092                     	;# 
   262     0093                     	;# 
   263     0095                     	;# 
   264     0096                     	;# 
   265     0097                     	;# 
   266     0098                     	;# 
   267     0099                     	;# 
   268     009A                     	;# 
   269     009B                     	;# 
   270     009B                     	;# 
   271     009C                     	;# 
   272     009D                     	;# 
   273     009E                     	;# 
   274     010C                     	;# 
   275     010D                     	;# 
   276     010E                     	;# 
   277     010F                     	;# 
   278     0110                     	;# 
   279     0111                     	;# 
   280     0112                     	;# 
   281     0113                     	;# 
   282     0114                     	;# 
   283     0115                     	;# 
   284     0116                     	;# 
   285     0117                     	;# 
   286     0118                     	;# 
   287     0119                     	;# 
   288     011A                     	;# 
   289     011B                     	;# 
   290     011D                     	;# 
   291     018C                     	;# 
   292     018D                     	;# 
   293     018F                     	;# 
   294     0190                     	;# 
   295     0191                     	;# 
   296     0191                     	;# 
   297     0192                     	;# 
   298     0193                     	;# 
   299     0193                     	;# 
   300     0193                     	;# 
   301     0194                     	;# 
   302     0195                     	;# 
   303     0196                     	;# 
   304     0199                     	;# 
   305     019A                     	;# 
   306     019B                     	;# 
   307     019B                     	;# 
   308     019B                     	;# 
   309     019B                     	;# 
   310     019C                     	;# 
   311     019C                     	;# 
   312     019D                     	;# 
   313     019E                     	;# 
   314     019F                     	;# 
   315     020D                     	;# 
   316     0210                     	;# 
   317     0211                     	;# 
   318     0212                     	;# 
   319     0213                     	;# 
   320     0214                     	;# 
   321     0215                     	;# 
   322     0215                     	;# 
   323     0216                     	;# 
   324     0217                     	;# 
   325     0291                     	;# 
   326     0291                     	;# 
   327     0292                     	;# 
   328     0293                     	;# 
   329     0294                     	;# 
   330     0295                     	;# 
   331     0295                     	;# 
   332     0296                     	;# 
   333     0298                     	;# 
   334     0298                     	;# 
   335     0299                     	;# 
   336     029A                     	;# 
   337     029B                     	;# 
   338     029C                     	;# 
   339     029C                     	;# 
   340     029D                     	;# 
   341     029E                     	;# 
   342     029F                     	;# 
   343     0311                     	;# 
   344     0311                     	;# 
   345     0312                     	;# 
   346     0313                     	;# 
   347     0314                     	;# 
   348     0315                     	;# 
   349     0315                     	;# 
   350     0316                     	;# 
   351     0318                     	;# 
   352     0318                     	;# 
   353     0319                     	;# 
   354     031A                     	;# 
   355     031C                     	;# 
   356     031C                     	;# 
   357     031D                     	;# 
   358     031E                     	;# 
   359     0394                     	;# 
   360     0395                     	;# 
   361     0396                     	;# 
   362     0415                     	;# 
   363     0416                     	;# 
   364     0417                     	;# 
   365     041C                     	;# 
   366     041D                     	;# 
   367     041E                     	;# 
   368     0791                     	;# 
   369     0792                     	;# 
   370     0793                     	;# 
   371     0794                     	;# 
   372     0795                     	;# 
   373     0798                     	;# 
   374     0799                     	;# 
   375     079A                     	;# 
   376     07A0                     	;# 
   377     07A1                     	;# 
   378     07A2                     	;# 
   379     07A3                     	;# 
   380     07A4                     	;# 
   381     07A5                     	;# 
   382     07A6                     	;# 
   383     07A7                     	;# 
   384     07A8                     	;# 
   385     07A9                     	;# 
   386     07AA                     	;# 
   387     07AB                     	;# 
   388     0FE4                     	;# 
   389     0FE5                     	;# 
   390     0FE6                     	;# 
   391     0FE7                     	;# 
   392     0FE8                     	;# 
   393     0FE9                     	;# 
   394     0FEA                     	;# 
   395     0FEB                     	;# 
   396     0FED                     	;# 
   397     0FEE                     	;# 
   398     0FEF                     	;# 
   399     0000                     	;# 
   400     0001                     	;# 
   401     0002                     	;# 
   402     0003                     	;# 
   403     0004                     	;# 
   404     0005                     	;# 
   405     0006                     	;# 
   406     0007                     	;# 
   407     0008                     	;# 
   408     0009                     	;# 
   409     000A                     	;# 
   410     000B                     	;# 
   411     000C                     	;# 
   412     000D                     	;# 
   413     000E                     	;# 
   414     000F                     	;# 
   415     0010                     	;# 
   416     0011                     	;# 
   417     0012                     	;# 
   418     0013                     	;# 
   419     0015                     	;# 
   420     0016                     	;# 
   421     0016                     	;# 
   422     0017                     	;# 
   423     0018                     	;# 
   424     0019                     	;# 
   425     001A                     	;# 
   426     001B                     	;# 
   427     001C                     	;# 
   428     001E                     	;# 
   429     001F                     	;# 
   430     008C                     	;# 
   431     008D                     	;# 
   432     008E                     	;# 
   433     008F                     	;# 
   434     0090                     	;# 
   435     0091                     	;# 
   436     0092                     	;# 
   437     0093                     	;# 
   438     0095                     	;# 
   439     0096                     	;# 
   440     0097                     	;# 
   441     0098                     	;# 
   442     0099                     	;# 
   443     009A                     	;# 
   444     009B                     	;# 
   445     009B                     	;# 
   446     009C                     	;# 
   447     009D                     	;# 
   448     009E                     	;# 
   449     010C                     	;# 
   450     010D                     	;# 
   451     010E                     	;# 
   452     010F                     	;# 
   453     0110                     	;# 
   454     0111                     	;# 
   455     0112                     	;# 
   456     0113                     	;# 
   457     0114                     	;# 
   458     0115                     	;# 
   459     0116                     	;# 
   460     0117                     	;# 
   461     0118                     	;# 
   462     0119                     	;# 
   463     011A                     	;# 
   464     011B                     	;# 
   465     011D                     	;# 
   466     018C                     	;# 
   467     018D                     	;# 
   468     018F                     	;# 
   469     0190                     	;# 
   470     0191                     	;# 
   471     0191                     	;# 
   472     0192                     	;# 
   473     0193                     	;# 
   474     0193                     	;# 
   475     0193                     	;# 
   476     0194                     	;# 
   477     0195                     	;# 
   478     0196                     	;# 
   479     0199                     	;# 
   480     019A                     	;# 
   481     019B                     	;# 
   482     019B                     	;# 
   483     019B                     	;# 
   484     019B                     	;# 
   485     019C                     	;# 
   486     019C                     	;# 
   487     019D                     	;# 
   488     019E                     	;# 
   489     019F                     	;# 
   490     020D                     	;# 
   491     0210                     	;# 
   492     0211                     	;# 
   493     0212                     	;# 
   494     0213                     	;# 
   495     0214                     	;# 
   496     0215                     	;# 
   497     0215                     	;# 
   498     0216                     	;# 
   499     0217                     	;# 
   500     0291                     	;# 
   501     0291                     	;# 
   502     0292                     	;# 
   503     0293                     	;# 
   504     0294                     	;# 
   505     0295                     	;# 
   506     0295                     	;# 
   507     0296                     	;# 
   508     0298                     	;# 
   509     0298                     	;# 
   510     0299                     	;# 
   511     029A                     	;# 
   512     029B                     	;# 
   513     029C                     	;# 
   514     029C                     	;# 
   515     029D                     	;# 
   516     029E                     	;# 
   517     029F                     	;# 
   518     0311                     	;# 
   519     0311                     	;# 
   520     0312                     	;# 
   521     0313                     	;# 
   522     0314                     	;# 
   523     0315                     	;# 
   524     0315                     	;# 
   525     0316                     	;# 
   526     0318                     	;# 
   527     0318                     	;# 
   528     0319                     	;# 
   529     031A                     	;# 
   530     031C                     	;# 
   531     031C                     	;# 
   532     031D                     	;# 
   533     031E                     	;# 
   534     0394                     	;# 
   535     0395                     	;# 
   536     0396                     	;# 
   537     0415                     	;# 
   538     0416                     	;# 
   539     0417                     	;# 
   540     041C                     	;# 
   541     041D                     	;# 
   542     041E                     	;# 
   543     0791                     	;# 
   544     0792                     	;# 
   545     0793                     	;# 
   546     0794                     	;# 
   547     0795                     	;# 
   548     0798                     	;# 
   549     0799                     	;# 
   550     079A                     	;# 
   551     07A0                     	;# 
   552     07A1                     	;# 
   553     07A2                     	;# 
   554     07A3                     	;# 
   555     07A4                     	;# 
   556     07A5                     	;# 
   557     07A6                     	;# 
   558     07A7                     	;# 
   559     07A8                     	;# 
   560     07A9                     	;# 
   561     07AA                     	;# 
   562     07AB                     	;# 
   563     0FE4                     	;# 
   564     0FE5                     	;# 
   565     0FE6                     	;# 
   566     0FE7                     	;# 
   567     0FE8                     	;# 
   568     0FE9                     	;# 
   569     0FEA                     	;# 
   570     0FEB                     	;# 
   571     0FED                     	;# 
   572     0FEE                     	;# 
   573     0FEF                     	;# 
   574     0000                     	;# 
   575     0001                     	;# 
   576     0002                     	;# 
   577     0003                     	;# 
   578     0004                     	;# 
   579     0005                     	;# 
   580     0006                     	;# 
   581     0007                     	;# 
   582     0008                     	;# 
   583     0009                     	;# 
   584     000A                     	;# 
   585     000B                     	;# 
   586     000C                     	;# 
   587     000D                     	;# 
   588     000E                     	;# 
   589     000F                     	;# 
   590     0010                     	;# 
   591     0011                     	;# 
   592     0012                     	;# 
   593     0013                     	;# 
   594     0015                     	;# 
   595     0016                     	;# 
   596     0016                     	;# 
   597     0017                     	;# 
   598     0018                     	;# 
   599     0019                     	;# 
   600     001A                     	;# 
   601     001B                     	;# 
   602     001C                     	;# 
   603     001E                     	;# 
   604     001F                     	;# 
   605     008C                     	;# 
   606     008D                     	;# 
   607     008E                     	;# 
   608     008F                     	;# 
   609     0090                     	;# 
   610     0091                     	;# 
   611     0092                     	;# 
   612     0093                     	;# 
   613     0095                     	;# 
   614     0096                     	;# 
   615     0097                     	;# 
   616     0098                     	;# 
   617     0099                     	;# 
   618     009A                     	;# 
   619     009B                     	;# 
   620     009B                     	;# 
   621     009C                     	;# 
   622     009D                     	;# 
   623     009E                     	;# 
   624     010C                     	;# 
   625     010D                     	;# 
   626     010E                     	;# 
   627     010F                     	;# 
   628     0110                     	;# 
   629     0111                     	;# 
   630     0112                     	;# 
   631     0113                     	;# 
   632     0114                     	;# 
   633     0115                     	;# 
   634     0116                     	;# 
   635     0117                     	;# 
   636     0118                     	;# 
   637     0119                     	;# 
   638     011A                     	;# 
   639     011B                     	;# 
   640     011D                     	;# 
   641     018C                     	;# 
   642     018D                     	;# 
   643     018F                     	;# 
   644     0190                     	;# 
   645     0191                     	;# 
   646     0191                     	;# 
   647     0192                     	;# 
   648     0193                     	;# 
   649     0193                     	;# 
   650     0193                     	;# 
   651     0194                     	;# 
   652     0195                     	;# 
   653     0196                     	;# 
   654     0199                     	;# 
   655     019A                     	;# 
   656     019B                     	;# 
   657     019B                     	;# 
   658     019B                     	;# 
   659     019B                     	;# 
   660     019C                     	;# 
   661     019C                     	;# 
   662     019D                     	;# 
   663     019E                     	;# 
   664     019F                     	;# 
   665     020D                     	;# 
   666     0210                     	;# 
   667     0211                     	;# 
   668     0212                     	;# 
   669     0213                     	;# 
   670     0214                     	;# 
   671     0215                     	;# 
   672     0215                     	;# 
   673     0216                     	;# 
   674     0217                     	;# 
   675     0291                     	;# 
   676     0291                     	;# 
   677     0292                     	;# 
   678     0293                     	;# 
   679     0294                     	;# 
   680     0295                     	;# 
   681     0295                     	;# 
   682     0296                     	;# 
   683     0298                     	;# 
   684     0298                     	;# 
   685     0299                     	;# 
   686     029A                     	;# 
   687     029B                     	;# 
   688     029C                     	;# 
   689     029C                     	;# 
   690     029D                     	;# 
   691     029E                     	;# 
   692     029F                     	;# 
   693     0311                     	;# 
   694     0311                     	;# 
   695     0312                     	;# 
   696     0313                     	;# 
   697     0314                     	;# 
   698     0315                     	;# 
   699     0315                     	;# 
   700     0316                     	;# 
   701     0318                     	;# 
   702     0318                     	;# 
   703     0319                     	;# 
   704     031A                     	;# 
   705     031C                     	;# 
   706     031C                     	;# 
   707     031D                     	;# 
   708     031E                     	;# 
   709     0394                     	;# 
   710     0395                     	;# 
   711     0396                     	;# 
   712     0415                     	;# 
   713     0416                     	;# 
   714     0417                     	;# 
   715     041C                     	;# 
   716     041D                     	;# 
   717     041E                     	;# 
   718     0791                     	;# 
   719     0792                     	;# 
   720     0793                     	;# 
   721     0794                     	;# 
   722     0795                     	;# 
   723     0798                     	;# 
   724     0799                     	;# 
   725     079A                     	;# 
   726     07A0                     	;# 
   727     07A1                     	;# 
   728     07A2                     	;# 
   729     07A3                     	;# 
   730     07A4                     	;# 
   731     07A5                     	;# 
   732     07A6                     	;# 
   733     07A7                     	;# 
   734     07A8                     	;# 
   735     07A9                     	;# 
   736     07AA                     	;# 
   737     07AB                     	;# 
   738     0FE4                     	;# 
   739     0FE5                     	;# 
   740     0FE6                     	;# 
   741     0FE7                     	;# 
   742     0FE8                     	;# 
   743     0FE9                     	;# 
   744     0FEA                     	;# 
   745     0FEB                     	;# 
   746     0FED                     	;# 
   747     0FEE                     	;# 
   748     0FEF                     	;# 
   749     000C                     _PORTAbits	set	12
   750     008C                     _TRISAbits	set	140
   751     008F                     _TRISDbits	set	143
   752     010F                     _LATDbits	set	271
   753     018C                     _ANSELAbits	set	396
   754                           
   755                           	psect	cinit
   756     07FD                     start_initialization:	
   757                           ; #config settings
   758                           
   759     07FD                     __initialization:
   760     07FD                     end_of_initialization:	
   761                           ;End of C runtime variable initialization code
   762                           
   763     07FD                     __end_of__initialization:
   764     07FD  0020               	movlb	0
   765     07FE  3187  2FCF         	ljmp	_main	;jump to C main() function
   766                           
   767                           	psect	cstackCOMMON
   768     0000                     __pcstackCOMMON:
   769     0000                     ?_init_car:
   770     0000                     ??_init_car:	
   771                           ; 1 bytes @ 0x0
   772                           
   773     0000                     ?_avanzar:	
   774                           ; 1 bytes @ 0x0
   775                           
   776     0000                     ??_avanzar:	
   777                           ; 1 bytes @ 0x0
   778                           
   779     0000                     ?_girar_izquierda:	
   780                           ; 1 bytes @ 0x0
   781                           
   782     0000                     ??_girar_izquierda:	
   783                           ; 1 bytes @ 0x0
   784                           
   785     0000                     ?_girar_derecha:	
   786                           ; 1 bytes @ 0x0
   787                           
   788     0000                     ??_girar_derecha:	
   789                           ; 1 bytes @ 0x0
   790                           
   791     0000                     ?_atras:	
   792                           ; 1 bytes @ 0x0
   793                           
   794     0000                     ??_atras:	
   795                           ; 1 bytes @ 0x0
   796                           
   797     0000                     ?_main:	
   798                           ; 1 bytes @ 0x0
   799                           
   800     0000                     ??_main:	
   801                           ; 1 bytes @ 0x0
   802                           
   803                           
   804                           	psect	maintext
   805     07CF                     __pmaintext:	
   806                           ; 1 bytes @ 0x0
   807 ;;
   808 ;;Main: autosize = 0, tempsize = 0, incstack = 0, save=0
   809 ;;
   810 ;; *************** function _main *****************
   811 ;; Defined at:
   812 ;;		line 5 in file "main.c"
   813 ;; Parameters:    Size  Location     Type
   814 ;;		None
   815 ;; Auto vars:     Size  Location     Type
   816 ;;		None
   817 ;; Return value:  Size  Location     Type
   818 ;;                  1    wreg      void 
   819 ;; Registers used:
   820 ;;		status,2, status,0, pclath, cstack
   821 ;; Tracked objects:
   822 ;;		On entry : B1F/0
   823 ;;		On exit  : 0/0
   824 ;;		Unchanged: 0/0
   825 ;; Data sizes:     COMMON   BANK0   BANK1   BANK2   BANK3   BANK4   BANK5   BANK6   BANK7   BANK8   BANK9  BANK10  BANK1
      +1  BANK12
   826 ;;      Params:         0       0       0       0       0       0       0       0       0       0       0       0       
      +0       0
   827 ;;      Locals:         0       0       0       0       0       0       0       0       0       0       0       0       
      +0       0
   828 ;;      Temps:          0       0       0       0       0       0       0       0       0       0       0       0       
      +0       0
   829 ;;      Totals:         0       0       0       0       0       0       0       0       0       0       0       0       
      +0       0
   830 ;;Total ram usage:        0 bytes
   831 ;; Hardware stack levels required when called: 1
   832 ;; This function calls:
   833 ;;		_atras
   834 ;;		_avanzar
   835 ;;		_girar_derecha
   836 ;;		_girar_izquierda
   837 ;;		_init_car
   838 ;; This function is called by:
   839 ;;		Startup code after reset
   840 ;; This function uses a non-reentrant model
   841 ;;
   842                           
   843     07CF                     _main:	
   844                           ;psect for function _main
   845                           
   846     07CF                     l668:	
   847                           ;incstack = 0
   848                           ; Regs used in _main: [status,2+status,0+pclath+cstack]
   849                           
   850                           
   851                           ;main.c: 6:     init_car();
   852     07CF  3187  27BD  3187   	fcall	_init_car
   853     07D2                     l670:
   854                           
   855                           ;main.c: 8:         if(PORTAbits.RA1 == 1){
   856     07D2  0020               	movlb	0	; select bank0
   857     07D3  1C8C               	btfss	12,1	;volatile
   858     07D4  2FD6               	goto	u11
   859     07D5  2FD7               	goto	u10
   860     07D6                     u11:
   861     07D6  2FDA               	goto	l674
   862     07D7                     u10:
   863     07D7                     l672:
   864                           
   865                           ;main.c: 9:             avanzar();
   866     07D7  3187  27AB  3187   	fcall	_avanzar
   867     07DA                     l674:
   868                           
   869                           ;main.c: 11:         if(PORTAbits.RA0 == 1){
   870     07DA  0020               	movlb	0	; select bank0
   871     07DB  1C0C               	btfss	12,0	;volatile
   872     07DC  2FDE               	goto	u21
   873     07DD  2FDF               	goto	u20
   874     07DE                     u21:
   875     07DE  2FE2               	goto	l678
   876     07DF                     u20:
   877     07DF                     l676:
   878                           
   879                           ;main.c: 12:             girar_izquierda();
   880     07DF  3187  27B7  3187   	fcall	_girar_izquierda
   881     07E2                     l678:
   882                           
   883                           ;main.c: 14:         if(PORTAbits.RA2 == 1){
   884     07E2  0020               	movlb	0	; select bank0
   885     07E3  1D0C               	btfss	12,2	;volatile
   886     07E4  2FE6               	goto	u31
   887     07E5  2FE7               	goto	u30
   888     07E6                     u31:
   889     07E6  2FEA               	goto	l682
   890     07E7                     u30:
   891     07E7                     l680:
   892                           
   893                           ;main.c: 15:             girar_derecha();
   894     07E7  3187  27B1  3187   	fcall	_girar_derecha
   895     07EA                     l682:
   896                           
   897                           ;main.c: 17:         if(PORTAbits.RA0 == 0 && PORTAbits.RA1 == 0 && PORTAbits.RA2 == 0){
   898     07EA  0020               	movlb	0	; select bank0
   899     07EB  180C               	btfsc	12,0	;volatile
   900     07EC  2FEE               	goto	u41
   901     07ED  2FEF               	goto	u40
   902     07EE                     u41:
   903     07EE  2FD2               	goto	l670
   904     07EF                     u40:
   905     07EF                     l684:
   906     07EF  188C               	btfsc	12,1	;volatile
   907     07F0  2FF2               	goto	u51
   908     07F1  2FF3               	goto	u50
   909     07F2                     u51:
   910     07F2  2FD2               	goto	l670
   911     07F3                     u50:
   912     07F3                     l686:
   913     07F3  190C               	btfsc	12,2	;volatile
   914     07F4  2FF6               	goto	u61
   915     07F5  2FF7               	goto	u60
   916     07F6                     u61:
   917     07F6  2FD2               	goto	l670
   918     07F7                     u60:
   919     07F7                     l688:
   920                           
   921                           ;main.c: 18:             atras();
   922     07F7  3187  27A5  3187   	fcall	_atras
   923     07FA  2FD2               	goto	l670
   924     07FB  3180  2802         	ljmp	start
   925     07FD                     __end_of_main:
   926                           
   927                           	psect	text1
   928     07BD                     __ptext1:	
   929 ;; *************** function _init_car *****************
   930 ;; Defined at:
   931 ;;		line 4 in file "carFollow.c"
   932 ;; Parameters:    Size  Location     Type
   933 ;;		None
   934 ;; Auto vars:     Size  Location     Type
   935 ;;		None
   936 ;; Return value:  Size  Location     Type
   937 ;;                  1    wreg      void 
   938 ;; Registers used:
   939 ;;		None
   940 ;; Tracked objects:
   941 ;;		On entry : 0/0
   942 ;;		On exit  : 0/0
   943 ;;		Unchanged: 0/0
   944 ;; Data sizes:     COMMON   BANK0   BANK1   BANK2   BANK3   BANK4   BANK5   BANK6   BANK7   BANK8   BANK9  BANK10  BANK1
      +1  BANK12
   945 ;;      Params:         0       0       0       0       0       0       0       0       0       0       0       0       
      +0       0
   946 ;;      Locals:         0       0       0       0       0       0       0       0       0       0       0       0       
      +0       0
   947 ;;      Temps:          0       0       0       0       0       0       0       0       0       0       0       0       
      +0       0
   948 ;;      Totals:         0       0       0       0       0       0       0       0       0       0       0       0       
      +0       0
   949 ;;Total ram usage:        0 bytes
   950 ;; Hardware stack levels used: 1
   951 ;; This function calls:
   952 ;;		Nothing
   953 ;; This function is called by:
   954 ;;		_main
   955 ;; This function uses a non-reentrant model
   956 ;;
   957                           
   958     07BD                     _init_car:	
   959                           ;psect for function _init_car
   960                           
   961     07BD                     l658:	
   962                           ;incstack = 0
   963                           ; Regs used in _init_car: []
   964                           
   965                           
   966                           ;carFollow.c: 5:     TRISDbits.TRISD0 = 0;
   967     07BD  0021               	movlb	1	; select bank1
   968     07BE  100F               	bcf	15,0	;volatile
   969                           
   970                           ;carFollow.c: 6:     TRISDbits.TRISD1 = 0;
   971     07BF  108F               	bcf	15,1	;volatile
   972                           
   973                           ;carFollow.c: 7:     TRISDbits.TRISD2 = 0;
   974     07C0  110F               	bcf	15,2	;volatile
   975                           
   976                           ;carFollow.c: 8:     TRISDbits.TRISD3 = 0;
   977     07C1  118F               	bcf	15,3	;volatile
   978                           
   979                           ;carFollow.c: 10:     TRISAbits.TRISA0 = 1;
   980     07C2  140C               	bsf	12,0	;volatile
   981                           
   982                           ;carFollow.c: 11:     TRISAbits.TRISA1 = 1;
   983     07C3  148C               	bsf	12,1	;volatile
   984                           
   985                           ;carFollow.c: 12:     TRISAbits.TRISA2 = 1;
   986     07C4  150C               	bsf	12,2	;volatile
   987                           
   988                           ;carFollow.c: 14:     ANSELAbits.ANSA0 = 0;
   989     07C5  0023               	movlb	3	; select bank3
   990     07C6  100C               	bcf	12,0	;volatile
   991                           
   992                           ;carFollow.c: 15:     ANSELAbits.ANSA1 = 0;
   993     07C7  108C               	bcf	12,1	;volatile
   994                           
   995                           ;carFollow.c: 16:     ANSELAbits.ANSA2 = 0;
   996     07C8  110C               	bcf	12,2	;volatile
   997                           
   998                           ;carFollow.c: 18:     LATDbits.LATD0 = 0;
   999     07C9  0022               	movlb	2	; select bank2
  1000     07CA  100F               	bcf	15,0	;volatile
  1001                           
  1002                           ;carFollow.c: 19:     LATDbits.LATD1 = 0;
  1003     07CB  108F               	bcf	15,1	;volatile
  1004                           
  1005                           ;carFollow.c: 20:     LATDbits.LATD2 = 0;
  1006     07CC  110F               	bcf	15,2	;volatile
  1007                           
  1008                           ;carFollow.c: 21:     LATDbits.LATD3 = 0;
  1009     07CD  118F               	bcf	15,3	;volatile
  1010     07CE                     l35:
  1011     07CE  0008               	return
  1012     07CF                     __end_of_init_car:
  1013                           
  1014                           	psect	text2
  1015     07B7                     __ptext2:	
  1016 ;; *************** function _girar_izquierda *****************
  1017 ;; Defined at:
  1018 ;;		line 30 in file "carFollow.c"
  1019 ;; Parameters:    Size  Location     Type
  1020 ;;		None
  1021 ;; Auto vars:     Size  Location     Type
  1022 ;;		None
  1023 ;; Return value:  Size  Location     Type
  1024 ;;                  1    wreg      void 
  1025 ;; Registers used:
  1026 ;;		None
  1027 ;; Tracked objects:
  1028 ;;		On entry : 0/0
  1029 ;;		On exit  : 0/0
  1030 ;;		Unchanged: 0/0
  1031 ;; Data sizes:     COMMON   BANK0   BANK1   BANK2   BANK3   BANK4   BANK5   BANK6   BANK7   BANK8   BANK9  BANK10  BANK1
      +1  BANK12
  1032 ;;      Params:         0       0       0       0       0       0       0       0       0       0       0       0       
      +0       0
  1033 ;;      Locals:         0       0       0       0       0       0       0       0       0       0       0       0       
      +0       0
  1034 ;;      Temps:          0       0       0       0       0       0       0       0       0       0       0       0       
      +0       0
  1035 ;;      Totals:         0       0       0       0       0       0       0       0       0       0       0       0       
      +0       0
  1036 ;;Total ram usage:        0 bytes
  1037 ;; Hardware stack levels used: 1
  1038 ;; This function calls:
  1039 ;;		Nothing
  1040 ;; This function is called by:
  1041 ;;		_main
  1042 ;; This function uses a non-reentrant model
  1043 ;;
  1044                           
  1045     07B7                     _girar_izquierda:	
  1046                           ;psect for function _girar_izquierda
  1047                           
  1048     07B7                     l662:	
  1049                           ;incstack = 0
  1050                           ; Regs used in _girar_izquierda: []
  1051                           
  1052                           
  1053                           ;carFollow.c: 31:     LATDbits.LATD0 = 0;
  1054     07B7  0022               	movlb	2	; select bank2
  1055     07B8  100F               	bcf	15,0	;volatile
  1056                           
  1057                           ;carFollow.c: 32:     LATDbits.LATD1 = 0;
  1058     07B9  108F               	bcf	15,1	;volatile
  1059                           
  1060                           ;carFollow.c: 33:     LATDbits.LATD2 = 1;
  1061     07BA  150F               	bsf	15,2	;volatile
  1062                           
  1063                           ;carFollow.c: 34:     LATDbits.LATD3 = 0;
  1064     07BB  118F               	bcf	15,3	;volatile
  1065     07BC                     l41:
  1066     07BC  0008               	return
  1067     07BD                     __end_of_girar_izquierda:
  1068                           
  1069                           	psect	text3
  1070     07B1                     __ptext3:	
  1071 ;; *************** function _girar_derecha *****************
  1072 ;; Defined at:
  1073 ;;		line 24 in file "carFollow.c"
  1074 ;; Parameters:    Size  Location     Type
  1075 ;;		None
  1076 ;; Auto vars:     Size  Location     Type
  1077 ;;		None
  1078 ;; Return value:  Size  Location     Type
  1079 ;;                  1    wreg      void 
  1080 ;; Registers used:
  1081 ;;		None
  1082 ;; Tracked objects:
  1083 ;;		On entry : 0/0
  1084 ;;		On exit  : 0/0
  1085 ;;		Unchanged: 0/0
  1086 ;; Data sizes:     COMMON   BANK0   BANK1   BANK2   BANK3   BANK4   BANK5   BANK6   BANK7   BANK8   BANK9  BANK10  BANK1
      +1  BANK12
  1087 ;;      Params:         0       0       0       0       0       0       0       0       0       0       0       0       
      +0       0
  1088 ;;      Locals:         0       0       0       0       0       0       0       0       0       0       0       0       
      +0       0
  1089 ;;      Temps:          0       0       0       0       0       0       0       0       0       0       0       0       
      +0       0
  1090 ;;      Totals:         0       0       0       0       0       0       0       0       0       0       0       0       
      +0       0
  1091 ;;Total ram usage:        0 bytes
  1092 ;; Hardware stack levels used: 1
  1093 ;; This function calls:
  1094 ;;		Nothing
  1095 ;; This function is called by:
  1096 ;;		_main
  1097 ;; This function uses a non-reentrant model
  1098 ;;
  1099                           
  1100     07B1                     _girar_derecha:	
  1101                           ;psect for function _girar_derecha
  1102                           
  1103     07B1                     l664:	
  1104                           ;incstack = 0
  1105                           ; Regs used in _girar_derecha: []
  1106                           
  1107                           
  1108                           ;carFollow.c: 25:     LATDbits.LATD0 = 0;
  1109     07B1  0022               	movlb	2	; select bank2
  1110     07B2  100F               	bcf	15,0	;volatile
  1111                           
  1112                           ;carFollow.c: 26:     LATDbits.LATD1 = 1;
  1113     07B3  148F               	bsf	15,1	;volatile
  1114                           
  1115                           ;carFollow.c: 27:     LATDbits.LATD2 = 0;
  1116     07B4  110F               	bcf	15,2	;volatile
  1117                           
  1118                           ;carFollow.c: 28:     LATDbits.LATD3 = 0;
  1119     07B5  118F               	bcf	15,3	;volatile
  1120     07B6                     l38:
  1121     07B6  0008               	return
  1122     07B7                     __end_of_girar_derecha:
  1123                           
  1124                           	psect	text4
  1125     07AB                     __ptext4:	
  1126 ;; *************** function _avanzar *****************
  1127 ;; Defined at:
  1128 ;;		line 36 in file "carFollow.c"
  1129 ;; Parameters:    Size  Location     Type
  1130 ;;		None
  1131 ;; Auto vars:     Size  Location     Type
  1132 ;;		None
  1133 ;; Return value:  Size  Location     Type
  1134 ;;                  1    wreg      void 
  1135 ;; Registers used:
  1136 ;;		None
  1137 ;; Tracked objects:
  1138 ;;		On entry : 0/0
  1139 ;;		On exit  : 0/0
  1140 ;;		Unchanged: 0/0
  1141 ;; Data sizes:     COMMON   BANK0   BANK1   BANK2   BANK3   BANK4   BANK5   BANK6   BANK7   BANK8   BANK9  BANK10  BANK1
      +1  BANK12
  1142 ;;      Params:         0       0       0       0       0       0       0       0       0       0       0       0       
      +0       0
  1143 ;;      Locals:         0       0       0       0       0       0       0       0       0       0       0       0       
      +0       0
  1144 ;;      Temps:          0       0       0       0       0       0       0       0       0       0       0       0       
      +0       0
  1145 ;;      Totals:         0       0       0       0       0       0       0       0       0       0       0       0       
      +0       0
  1146 ;;Total ram usage:        0 bytes
  1147 ;; Hardware stack levels used: 1
  1148 ;; This function calls:
  1149 ;;		Nothing
  1150 ;; This function is called by:
  1151 ;;		_main
  1152 ;; This function uses a non-reentrant model
  1153 ;;
  1154                           
  1155     07AB                     _avanzar:	
  1156                           ;psect for function _avanzar
  1157                           
  1158     07AB                     l660:	
  1159                           ;incstack = 0
  1160                           ; Regs used in _avanzar: []
  1161                           
  1162                           
  1163                           ;carFollow.c: 37:     LATDbits.LATD0 = 0;
  1164     07AB  0022               	movlb	2	; select bank2
  1165     07AC  100F               	bcf	15,0	;volatile
  1166                           
  1167                           ;carFollow.c: 38:     LATDbits.LATD1 = 1;
  1168     07AD  148F               	bsf	15,1	;volatile
  1169                           
  1170                           ;carFollow.c: 39:     LATDbits.LATD2 = 1;
  1171     07AE  150F               	bsf	15,2	;volatile
  1172                           
  1173                           ;carFollow.c: 40:     LATDbits.LATD3 = 0;
  1174     07AF  118F               	bcf	15,3	;volatile
  1175     07B0                     l44:
  1176     07B0  0008               	return
  1177     07B1                     __end_of_avanzar:
  1178                           
  1179                           	psect	text5
  1180     07A5                     __ptext5:	
  1181 ;; *************** function _atras *****************
  1182 ;; Defined at:
  1183 ;;		line 42 in file "carFollow.c"
  1184 ;; Parameters:    Size  Location     Type
  1185 ;;		None
  1186 ;; Auto vars:     Size  Location     Type
  1187 ;;		None
  1188 ;; Return value:  Size  Location     Type
  1189 ;;                  1    wreg      void 
  1190 ;; Registers used:
  1191 ;;		None
  1192 ;; Tracked objects:
  1193 ;;		On entry : 0/0
  1194 ;;		On exit  : 0/0
  1195 ;;		Unchanged: 0/0
  1196 ;; Data sizes:     COMMON   BANK0   BANK1   BANK2   BANK3   BANK4   BANK5   BANK6   BANK7   BANK8   BANK9  BANK10  BANK1
      +1  BANK12
  1197 ;;      Params:         0       0       0       0       0       0       0       0       0       0       0       0       
      +0       0
  1198 ;;      Locals:         0       0       0       0       0       0       0       0       0       0       0       0       
      +0       0
  1199 ;;      Temps:          0       0       0       0       0       0       0       0       0       0       0       0       
      +0       0
  1200 ;;      Totals:         0       0       0       0       0       0       0       0       0       0       0       0       
      +0       0
  1201 ;;Total ram usage:        0 bytes
  1202 ;; Hardware stack levels used: 1
  1203 ;; This function calls:
  1204 ;;		Nothing
  1205 ;; This function is called by:
  1206 ;;		_main
  1207 ;; This function uses a non-reentrant model
  1208 ;;
  1209                           
  1210     07A5                     _atras:	
  1211                           ;psect for function _atras
  1212                           
  1213     07A5                     l666:	
  1214                           ;incstack = 0
  1215                           ; Regs used in _atras: []
  1216                           
  1217                           
  1218                           ;carFollow.c: 43:     LATDbits.LATD0 = 1;
  1219     07A5  0022               	movlb	2	; select bank2
  1220     07A6  140F               	bsf	15,0	;volatile
  1221                           
  1222                           ;carFollow.c: 44:     LATDbits.LATD1 = 0;
  1223     07A7  108F               	bcf	15,1	;volatile
  1224                           
  1225                           ;carFollow.c: 45:     LATDbits.LATD2 = 0;
  1226     07A8  110F               	bcf	15,2	;volatile
  1227                           
  1228                           ;carFollow.c: 46:     LATDbits.LATD3 = 1;
  1229     07A9  158F               	bsf	15,3	;volatile
  1230     07AA                     l47:
  1231     07AA  0008               	return
  1232     07AB                     __end_of_atras:
  1233     007E                     btemp	set	126	;btemp
  1234     007E                     wtemp0	set	126
  1235                           
  1236                           	psect	config
  1237                           
  1238                           ;Config register CONFIG1 @ 0x8007
  1239                           ;	Oscillator Selection
  1240                           ;	FOSC = HS, HS Oscillator, High-speed crystal/resonator connected between OSC1 and OSC2
      +                           pins
  1241                           ;	Watchdog Timer Enable
  1242                           ;	WDTE = OFF, WDT disabled
  1243                           ;	Power-up Timer Enable
  1244                           ;	PWRTE = OFF, PWRT disabled
  1245                           ;	MCLR Pin Function Select
  1246                           ;	MCLRE = ON, MCLR/VPP pin function is MCLR
  1247                           ;	Flash Program Memory Code Protection
  1248                           ;	CP = OFF, Program memory code protection is disabled
  1249                           ;	Data Memory Code Protection
  1250                           ;	CPD = OFF, Data memory code protection is disabled
  1251                           ;	Brown-out Reset Enable
  1252                           ;	BOREN = ON, Brown-out Reset enabled
  1253                           ;	Clock Out Enable
  1254                           ;	CLKOUTEN = OFF, CLKOUT function is disabled. I/O or oscillator function on the CLKOUT 
      +                          pin
  1255                           ;	Internal/External Switchover
  1256                           ;	IESO = ON, Internal/External Switchover mode is enabled
  1257                           ;	Fail-Safe Clock Monitor Enable
  1258                           ;	FCMEN = ON, Fail-Safe Clock Monitor is enabled
  1259     8007                     	org	32775
  1260     8007  3FE2               	dw	16354
  1261                           
  1262                           ;Config register CONFIG2 @ 0x8008
  1263                           ;	Flash Memory Self-Write Protection
  1264                           ;	WRT = OFF, Write protection off
  1265                           ;	Voltage Regulator Capacitor Enable
  1266                           ;	VCAPEN = OFF, All VCAP pin functionality is disabled
  1267                           ;	PLL Enable
  1268                           ;	PLLEN = OFF, 4x PLL disabled
  1269                           ;	Stack Overflow/Underflow Reset Enable
  1270                           ;	STVREN = ON, Stack Overflow or Underflow will cause a Reset
  1271                           ;	Brown-out Reset Voltage Selection
  1272                           ;	BORV = LO, Brown-out Reset Voltage (Vbor), low trip point selected.
  1273                           ;	Low-Voltage Programming Enable
  1274                           ;	LVP = ON, Low-voltage programming enabled
  1275     8008                     	org	32776
  1276     8008  3EFF               	dw	16127

Data Sizes:
    Strings     0
    Constant    0
    Data        0
    BSS         0
    Persistent  32
    Stack       0

Auto Spaces:
    Space          Size  Autos    Used
    COMMON           14      0       0
    BANK0            80      0       0
    BANK1            80      0       0
    BANK2            80      0       0
    BANK3            80      0       0
    BANK4            80      0       0
    BANK5            80      0       0
    BANK6            80      0       0
    BANK7            80      0       0
    BANK8            80      0       0
    BANK9            80      0       0
    BANK10           80      0       0
    BANK11           80      0       0
    BANK12           48      0       0

Pointer List with Targets:

    None.

Critical Paths under _main in COMMON

    None.

Critical Paths under _main in BANK0

    None.

Critical Paths under _main in BANK1

    None.

Critical Paths under _main in BANK2

    None.

Critical Paths under _main in BANK3

    None.

Critical Paths under _main in BANK4

    None.

Critical Paths under _main in BANK5

    None.

Critical Paths under _main in BANK6

    None.

Critical Paths under _main in BANK7

    None.

Critical Paths under _main in BANK8

    None.

Critical Paths under _main in BANK9

    None.

Critical Paths under _main in BANK10

    None.

Critical Paths under _main in BANK11

    None.

Critical Paths under _main in BANK12

    None.

Call Graph Tables:

 ---------------------------------------------------------------------------------
 (Depth) Function   	        Calls       Base Space   Used Autos Params    Refs
 ---------------------------------------------------------------------------------
 (0) _main                                                 0     0      0       0
                              _atras
                            _avanzar
                      _girar_derecha
                    _girar_izquierda
                           _init_car
 ---------------------------------------------------------------------------------
 (1) _init_car                                             0     0      0       0
 ---------------------------------------------------------------------------------
 (1) _girar_izquierda                                      0     0      0       0
 ---------------------------------------------------------------------------------
 (1) _girar_derecha                                        0     0      0       0
 ---------------------------------------------------------------------------------
 (1) _avanzar                                              0     0      0       0
 ---------------------------------------------------------------------------------
 (1) _atras                                                0     0      0       0
 ---------------------------------------------------------------------------------
 Estimated maximum stack depth 1
 ---------------------------------------------------------------------------------

 Call Graph Graphs:

 _main (ROOT)
   _atras
   _avanzar
   _girar_derecha
   _girar_izquierda
   _init_car

 Address spaces:
Name               Size   Autos  Total    Cost      Usage
BIGRAM             3F0      0       0       0        0.0%
EEDATA             100      0       0       0        0.0%
NULL                 0      0       0       0        0.0%
CODE                 0      0       0       0        0.0%
BITCOMMON            E      0       0       1        0.0%
BITSFR0              0      0       0       1        0.0%
SFR0                 0      0       0       1        0.0%
COMMON               E      0       0       2        0.0%
BITSFR1              0      0       0       2        0.0%
SFR1                 0      0       0       2        0.0%
BITSFR2              0      0       0       3        0.0%
SFR2                 0      0       0       3        0.0%
STACK                0      0       0       3        0.0%
BITBANK0            50      0       0       4        0.0%
BITSFR3              0      0       0       4        0.0%
SFR3                 0      0       0       4        0.0%
BANK0               50      0       0       5        0.0%
BITSFR4              0      0       0       5        0.0%
SFR4                 0      0       0       5        0.0%
BITBANK1            50      0       0       6        0.0%
BITSFR5              0      0       0       6        0.0%
SFR5                 0      0       0       6        0.0%
BANK1               50      0       0       7        0.0%
BITSFR6              0      0       0       7        0.0%
SFR6                 0      0       0       7        0.0%
BITBANK2            50      0       0       8        0.0%
BITSFR7              0      0       0       8        0.0%
SFR7                 0      0       0       8        0.0%
BANK2               50      0       0       9        0.0%
BITSFR8              0      0       0       9        0.0%
SFR8                 0      0       0       9        0.0%
BITBANK3            50      0       0      10        0.0%
BITSFR9              0      0       0      10        0.0%
SFR9                 0      0       0      10        0.0%
BANK3               50      0       0      11        0.0%
BITSFR10             0      0       0      11        0.0%
SFR10                0      0       0      11        0.0%
BITBANK4            50      0       0      12        0.0%
BITSFR11             0      0       0      12        0.0%
SFR11                0      0       0      12        0.0%
BANK4               50      0       0      13        0.0%
BITSFR12             0      0       0      13        0.0%
SFR12                0      0       0      13        0.0%
BITBANK5            50      0       0      14        0.0%
BITSFR13             0      0       0      14        0.0%
SFR13                0      0       0      14        0.0%
BANK5               50      0       0      15        0.0%
BITSFR14             0      0       0      15        0.0%
SFR14                0      0       0      15        0.0%
BITBANK6            50      0       0      16        0.0%
BITSFR15             0      0       0      16        0.0%
SFR15                0      0       0      16        0.0%
BANK6               50      0       0      17        0.0%
BITSFR16             0      0       0      17        0.0%
SFR16                0      0       0      17        0.0%
BITBANK7            50      0       0      18        0.0%
BITSFR17             0      0       0      18        0.0%
SFR17                0      0       0      18        0.0%
BANK7               50      0       0      19        0.0%
BITSFR18             0      0       0      19        0.0%
SFR18                0      0       0      19        0.0%
BITSFR19             0      0       0      20        0.0%
SFR19                0      0       0      20        0.0%
ABS                  0      0       0      20        0.0%
BITBANK8            50      0       0      21        0.0%
BITSFR20             0      0       0      21        0.0%
SFR20                0      0       0      21        0.0%
BANK8               50      0       0      22        0.0%
BITSFR21             0      0       0      22        0.0%
SFR21                0      0       0      22        0.0%
BITBANK9            50      0       0      23        0.0%
BITSFR22             0      0       0      23        0.0%
SFR22                0      0       0      23        0.0%
BANK9               50      0       0      24        0.0%
BITSFR23             0      0       0      24        0.0%
SFR23                0      0       0      24        0.0%
BITBANK10           50      0       0      25        0.0%
BITSFR24             0      0       0      25        0.0%
SFR24                0      0       0      25        0.0%
BANK10              50      0       0      26        0.0%
BITSFR25             0      0       0      26        0.0%
SFR25                0      0       0      26        0.0%
BITBANK11           50      0       0      27        0.0%
BITSFR26             0      0       0      27        0.0%
SFR26                0      0       0      27        0.0%
BANK11              50      0       0      28        0.0%
BITSFR27             0      0       0      28        0.0%
SFR27                0      0       0      28        0.0%
BITBANK12           30      0       0      29        0.0%
BITSFR28             0      0       0      29        0.0%
SFR28                0      0       0      29        0.0%
BANK12              30      0       0      30        0.0%
BITSFR29             0      0       0      30        0.0%
SFR29                0      0       0      30        0.0%
BITSFR30             0      0       0      31        0.0%
SFR30                0      0       0      31        0.0%
DATA                 0      0       0      31        0.0%
BITSFR31             0      0       0      32        0.0%
SFR31                0      0       0      32        0.0%


Microchip Technology PIC Macro Assembler V2.41 build 20230208172133 
Symbol Table                                                                                   Tue Aug 29 11:36:36 2023

      ??_girar_izquierda 0000                       l41 07BC                       l35 07CE  
                     l44 07B0                       l38 07B6                       l47 07AA  
                     u10 07D7                       u11 07D6                       u20 07DF  
                     u21 07DE                       u30 07E7                       u31 07E6  
                     u40 07EF                       u41 07EE                       u50 07F3  
                     u51 07F2                       u60 07F7                       u61 07F6  
                    l660 07AB                      l662 07B7                      l670 07D2  
                    l664 07B1                      l680 07E7                      l672 07D7  
                    l666 07A5                      l658 07BD                      l682 07EA  
                    l674 07DA                      l684 07EF                      l676 07DF  
                    l668 07CF                      l686 07F3                      l678 07E2  
                    l688 07F7            _girar_derecha 07B1                     _main 07CF  
                   btemp 007E                     start 0002                    ?_main 0000  
        __end_of_avanzar 07B1                    _atras 07A5           ?_girar_derecha 0000  
                  wtemp0 007E          __initialization 07FD             __end_of_main 07FD  
                 ??_main 0000                   ?_atras 0000         __end_of_init_car 07CF  
              ??_avanzar 0000          ??_girar_derecha 0000  __end_of__initialization 07FD  
        _girar_izquierda 07B7           __pcstackCOMMON 0000            __end_of_atras 07AB  
                ??_atras 0000               __pmaintext 07CF  __end_of_girar_izquierda 07BD  
              ?_init_car 0000                  __ptext1 07BD                  __ptext2 07B7  
                __ptext3 07B1                  __ptext4 07AB                  __ptext5 07A5  
                _avanzar 07AB     end_of_initialization 07FD               ??_init_car 0000  
              _PORTAbits 000C                _TRISAbits 008C                _TRISDbits 008F  
       ?_girar_izquierda 0000      start_initialization 07FD    __end_of_girar_derecha 07B7  
              ___latbits 0003                 ?_avanzar 0000                 _LATDbits 010F  
             _ANSELAbits 018C                 _init_car 07BD  
